2023-11-30 18:33:37|[background-preinit]|INFO |org.hibernate.validator.internal.util.Version-HV000001: Hibernate Validator 8.0.1.Final
2023-11-30 18:33:37|[main]|INFO |com.harshi_solution.inventorymate.InventoryAndBillingApplication-Starting InventoryAndBillingApplication using Java 17.0.8.1 with PID 3472 (C:\Users\Asus\Downloads\InventoryAndBilling\InventoryAndBilling\target\classes started by Asus in C:\Users\Asus\Downloads\InventoryAndBilling\InventoryAndBilling)
2023-11-30 18:33:37|[main]|INFO |com.harshi_solution.inventorymate.InventoryAndBillingApplication-No active profile set, falling back to 1 default profile: "default"
2023-11-30 18:33:40|[main]|INFO |org.springframework.data.repository.config.RepositoryConfigurationDelegate-Bootstrapping Spring Data JPA repositories in DEFAULT mode.
2023-11-30 18:33:40|[main]|INFO |org.springframework.data.repository.config.RepositoryConfigurationDelegate-Finished Spring Data repository scanning in 194 ms. Found 12 JPA repository interfaces.
2023-11-30 18:33:41|[main]|INFO |org.springframework.boot.web.embedded.tomcat.TomcatWebServer-Tomcat initialized with port(s): 8087 (http)
2023-11-30 18:33:41|[main]|INFO |org.apache.coyote.http11.Http11NioProtocol-Initializing ProtocolHandler ["http-nio-8087"]
2023-11-30 18:33:41|[main]|INFO |org.apache.catalina.core.StandardService-Starting service [Tomcat]
2023-11-30 18:33:41|[main]|INFO |org.apache.catalina.core.StandardEngine-Starting Servlet engine: [Apache Tomcat/10.1.12]
2023-11-30 18:33:42|[main]|INFO |org.apache.catalina.core.ContainerBase.[Tomcat].[localhost].[/inventorybilling]-Initializing Spring embedded WebApplicationContext
2023-11-30 18:33:42|[main]|INFO |org.springframework.boot.web.servlet.context.ServletWebServerApplicationContext-Root WebApplicationContext: initialization completed in 4395 ms
2023-11-30 18:33:42|[main]|INFO |org.hibernate.jpa.internal.util.LogHelper-HHH000204: Processing PersistenceUnitInfo [name: default]
2023-11-30 18:33:42|[main]|INFO |org.hibernate.Version-HHH000412: Hibernate ORM core version 6.2.7.Final
2023-11-30 18:33:42|[main]|INFO |org.hibernate.cfg.Environment-HHH000406: Using bytecode reflection optimizer
2023-11-30 18:33:43|[main]|INFO |org.hibernate.bytecode.internal.BytecodeProviderInitiator-HHH000021: Bytecode provider name : bytebuddy
2023-11-30 18:33:43|[main]|INFO |org.springframework.orm.jpa.persistenceunit.SpringPersistenceUnitInfo-No LoadTimeWeaver setup: ignoring JPA class transformer
2023-11-30 18:33:43|[main]|INFO |com.zaxxer.hikari.HikariDataSource-HikariPool-1 - Starting...
2023-11-30 18:33:43|[main]|INFO |com.zaxxer.hikari.pool.HikariPool-HikariPool-1 - Added connection com.mysql.cj.jdbc.ConnectionImpl@28b5662d
2023-11-30 18:33:44|[main]|INFO |com.zaxxer.hikari.HikariDataSource-HikariPool-1 - Start completed.
2023-11-30 18:33:44|[main]|INFO |org.hibernate.bytecode.internal.BytecodeProviderInitiator-HHH000021: Bytecode provider name : bytebuddy
2023-11-30 18:33:45|[main]|INFO |org.hibernate.engine.transaction.jta.platform.internal.JtaPlatformInitiator-HHH000490: Using JtaPlatform implementation: [org.hibernate.engine.transaction.jta.platform.internal.NoJtaPlatform]
2023-11-30 18:33:46|[main]|INFO |org.springframework.orm.jpa.LocalContainerEntityManagerFactoryBean-Initialized JPA EntityManagerFactory for persistence unit 'default'
2023-11-30 18:33:46|[main]|INFO |org.springframework.data.jpa.repository.query.QueryEnhancerFactory-Hibernate is in classpath; If applicable, HQL parser will be used.
2023-11-30 18:33:48|[main]|WARN |org.springframework.boot.autoconfigure.orm.jpa.JpaBaseConfiguration$JpaWebConfiguration-spring.jpa.open-in-view is enabled by default. Therefore, database queries may be performed during view rendering. Explicitly configure spring.jpa.open-in-view to disable this warning
2023-11-30 18:33:48|[main]|INFO |org.springframework.boot.autoconfigure.web.servlet.WelcomePageHandlerMapping-Adding welcome page template: index
2023-11-30 18:33:49|[main]|INFO |org.apache.coyote.http11.Http11NioProtocol-Starting ProtocolHandler ["http-nio-8087"]
2023-11-30 18:33:49|[main]|INFO |org.springframework.boot.web.embedded.tomcat.TomcatWebServer-Tomcat started on port(s): 8087 (http) with context path '/inventorybilling'
2023-11-30 18:33:49|[main]|INFO |com.harshi_solution.inventorymate.InventoryAndBillingApplication-Started InventoryAndBillingApplication in 12.041 seconds (process running for 12.87)
2023-11-30 18:33:53|[http-nio-8087-exec-1]|INFO |org.apache.catalina.core.ContainerBase.[Tomcat].[localhost].[/inventorybilling]-Initializing Spring DispatcherServlet 'dispatcherServlet'
2023-11-30 18:33:53|[http-nio-8087-exec-1]|INFO |org.springframework.web.servlet.DispatcherServlet-Initializing Servlet 'dispatcherServlet'
2023-11-30 18:33:53|[http-nio-8087-exec-1]|INFO |org.springframework.web.servlet.DispatcherServlet-Completed initialization in 1 ms
2023-11-30 18:33:57|[http-nio-8087-exec-8]|INFO |com.harshi_solution.inventorymate.controllers.UserController-Displaying the login page
2023-11-30 18:34:02|[http-nio-8087-exec-6]|INFO |com.harshi_solution.inventorymate.controllers.UserController-Attempting login for email: ayush11006@gmail.com
2023-11-30 18:34:02|[http-nio-8087-exec-6]|INFO |com.harshi_solution.inventorymate.controllers.UserController-Login successful for email: AYUSH11006@GMAIL.COM
2023-11-30 18:34:05|[http-nio-8087-exec-7]|INFO |com.harshi_solution.inventorymate.controllers.OrderController-Entering showBookOrder
2023-11-30 18:34:17|[http-nio-8087-exec-5]|INFO |com.harshi_solution.inventorymate.controllers.OrderController-Saving selected representative with ID: 1
2023-11-30 18:34:25|[http-nio-8087-exec-9]|INFO |com.harshi_solution.inventorymate.controllers.DashboardController-Redirecting to landing.html
2023-11-30 18:35:04|[http-nio-8087-exec-1]|INFO |com.harshi_solution.inventorymate.controllers.OrderController-Entering showBookOrder
2023-11-30 18:36:17|[http-nio-8087-exec-4]|INFO |com.harshi_solution.inventorymate.controllers.DashboardController-Redirecting to landing.html
2023-11-30 18:36:19|[http-nio-8087-exec-8]|INFO |com.harshi_solution.inventorymate.controllers.ProductController-Displaying the list of available products
2023-11-30 18:36:22|[http-nio-8087-exec-6]|INFO |com.harshi_solution.inventorymate.controllers.DashboardController-Redirecting to landing.html
2023-11-30 18:36:23|[http-nio-8087-exec-7]|INFO |com.harshi_solution.inventorymate.controllers.OrderController-Displaying order list
2023-11-30 18:36:29|[http-nio-8087-exec-5]|INFO |com.harshi_solution.inventorymate.controllers.DashboardController-Redirecting to landing.html
2023-11-30 18:37:41|[http-nio-8087-exec-1]|INFO |com.harshi_solution.inventorymate.controllers.OrderController-Entering showBookOrder
2023-11-30 18:37:44|[http-nio-8087-exec-3]|INFO |com.harshi_solution.inventorymate.controllers.OrderController-Saving selected representative with ID: 9
2023-11-30 18:37:48|[http-nio-8087-exec-2]|INFO |com.harshi_solution.inventorymate.controllers.OrderController-Saving selected party with ID: 11 for order with ID: 40
2023-11-30 18:37:57|[http-nio-8087-exec-4]|INFO |com.harshi_solution.inventorymate.controllers.OrderController-Calculating total quantities for selected product with ID: 3 in order with ID: 40
2023-11-30 18:38:11|[http-nio-8087-exec-8]|INFO |com.harshi_solution.inventorymate.controllers.OrderController-Saving order line items for product with ID: 3 in order with ID: 40
2023-11-30 18:38:31|[http-nio-8087-exec-7]|INFO |com.harshi_solution.inventorymate.controllers.OrderController-Saving selected transport with ID: 3 for order with ID: 40
2023-11-30 18:38:34|[http-nio-8087-exec-5]|INFO |com.harshi_solution.inventorymate.controllers.OrderController-Displaying order list
2023-11-30 18:38:36|[http-nio-8087-exec-9]|INFO |com.harshi_solution.inventorymate.controllers.OrderController-Displaying order details for order with ID: 1
2023-11-30 18:38:38|[http-nio-8087-exec-10]|INFO |com.harshi_solution.inventorymate.util.PdfGenerator-Inside generateFullOrderDetails() on OrderDetailsPdfGenerator
2023-11-30 18:38:39|[http-nio-8087-exec-10]|ERROR|org.apache.catalina.core.ContainerBase.[Tomcat].[localhost].[/inventorybilling].[dispatcherServlet]-Servlet.service() for servlet [dispatcherServlet] in context with path [/inventorybilling] threw exception [Request processing failed: java.lang.NullPointerException: Cannot invoke "java.lang.Integer.toString()" because the return value of "com.harshi_solution.inventorymate.entities.Order.getTotalOrderQuantity()" is null] with root cause
java.lang.NullPointerException: Cannot invoke "java.lang.Integer.toString()" because the return value of "com.harshi_solution.inventorymate.entities.Order.getTotalOrderQuantity()" is null
	at com.harshi_solution.inventorymate.util.PdfGenerator.generateOrderDetailsTable(PdfGenerator.java:124)
	at com.harshi_solution.inventorymate.util.PdfGenerator.generateFullOrderDetails(PdfGenerator.java:39)
	at com.harshi_solution.inventorymate.controllers.OrderController.generateAndSaveOrderDetails(OrderController.java:591)
	at java.base/jdk.internal.reflect.NativeMethodAccessorImpl.invoke0(Native Method)
	at java.base/jdk.internal.reflect.NativeMethodAccessorImpl.invoke(NativeMethodAccessorImpl.java:77)
	at java.base/jdk.internal.reflect.DelegatingMethodAccessorImpl.invoke(DelegatingMethodAccessorImpl.java:43)
	at java.base/java.lang.reflect.Method.invoke(Method.java:568)
	at org.springframework.web.method.support.InvocableHandlerMethod.doInvoke(InvocableHandlerMethod.java:205)
	at org.springframework.web.method.support.InvocableHandlerMethod.invokeForRequest(InvocableHandlerMethod.java:150)
	at org.springframework.web.servlet.mvc.method.annotation.ServletInvocableHandlerMethod.invokeAndHandle(ServletInvocableHandlerMethod.java:118)
	at org.springframework.web.servlet.mvc.method.annotation.RequestMappingHandlerAdapter.invokeHandlerMethod(RequestMappingHandlerAdapter.java:884)
	at org.springframework.web.servlet.mvc.method.annotation.RequestMappingHandlerAdapter.handleInternal(RequestMappingHandlerAdapter.java:797)
	at org.springframework.web.servlet.mvc.method.AbstractHandlerMethodAdapter.handle(AbstractHandlerMethodAdapter.java:87)
	at org.springframework.web.servlet.DispatcherServlet.doDispatch(DispatcherServlet.java:1081)
	at org.springframework.web.servlet.DispatcherServlet.doService(DispatcherServlet.java:974)
	at org.springframework.web.servlet.FrameworkServlet.processRequest(FrameworkServlet.java:1011)
	at org.springframework.web.servlet.FrameworkServlet.doGet(FrameworkServlet.java:903)
	at jakarta.servlet.http.HttpServlet.service(HttpServlet.java:564)
	at org.springframework.web.servlet.FrameworkServlet.service(FrameworkServlet.java:885)
	at jakarta.servlet.http.HttpServlet.service(HttpServlet.java:658)
	at org.apache.catalina.core.ApplicationFilterChain.internalDoFilter(ApplicationFilterChain.java:205)
	at org.apache.catalina.core.ApplicationFilterChain.doFilter(ApplicationFilterChain.java:149)
	at org.apache.tomcat.websocket.server.WsFilter.doFilter(WsFilter.java:51)
	at org.apache.catalina.core.ApplicationFilterChain.internalDoFilter(ApplicationFilterChain.java:174)
	at org.apache.catalina.core.ApplicationFilterChain.doFilter(ApplicationFilterChain.java:149)
	at org.springframework.web.filter.RequestContextFilter.doFilterInternal(RequestContextFilter.java:100)
	at org.springframework.web.filter.OncePerRequestFilter.doFilter(OncePerRequestFilter.java:116)
	at org.apache.catalina.core.ApplicationFilterChain.internalDoFilter(ApplicationFilterChain.java:174)
	at org.apache.catalina.core.ApplicationFilterChain.doFilter(ApplicationFilterChain.java:149)
	at org.springframework.web.filter.FormContentFilter.doFilterInternal(FormContentFilter.java:93)
	at org.springframework.web.filter.OncePerRequestFilter.doFilter(OncePerRequestFilter.java:116)
	at org.apache.catalina.core.ApplicationFilterChain.internalDoFilter(ApplicationFilterChain.java:174)
	at org.apache.catalina.core.ApplicationFilterChain.doFilter(ApplicationFilterChain.java:149)
	at org.springframework.web.filter.CharacterEncodingFilter.doFilterInternal(CharacterEncodingFilter.java:201)
	at org.springframework.web.filter.OncePerRequestFilter.doFilter(OncePerRequestFilter.java:116)
	at org.apache.catalina.core.ApplicationFilterChain.internalDoFilter(ApplicationFilterChain.java:174)
	at org.apache.catalina.core.ApplicationFilterChain.doFilter(ApplicationFilterChain.java:149)
	at org.apache.catalina.core.StandardWrapperValve.invoke(StandardWrapperValve.java:166)
	at org.apache.catalina.core.StandardContextValve.invoke(StandardContextValve.java:90)
	at org.apache.catalina.authenticator.AuthenticatorBase.invoke(AuthenticatorBase.java:482)
	at org.apache.catalina.core.StandardHostValve.invoke(StandardHostValve.java:115)
	at org.apache.catalina.valves.ErrorReportValve.invoke(ErrorReportValve.java:93)
	at org.apache.catalina.core.StandardEngineValve.invoke(StandardEngineValve.java:74)
	at org.apache.catalina.connector.CoyoteAdapter.service(CoyoteAdapter.java:341)
	at org.apache.coyote.http11.Http11Processor.service(Http11Processor.java:391)
	at org.apache.coyote.AbstractProcessorLight.process(AbstractProcessorLight.java:63)
	at org.apache.coyote.AbstractProtocol$ConnectionHandler.process(AbstractProtocol.java:894)
	at org.apache.tomcat.util.net.NioEndpoint$SocketProcessor.doRun(NioEndpoint.java:1740)
	at org.apache.tomcat.util.net.SocketProcessorBase.run(SocketProcessorBase.java:52)
	at org.apache.tomcat.util.threads.ThreadPoolExecutor.runWorker(ThreadPoolExecutor.java:1191)
	at org.apache.tomcat.util.threads.ThreadPoolExecutor$Worker.run(ThreadPoolExecutor.java:659)
	at org.apache.tomcat.util.threads.TaskThread$WrappingRunnable.run(TaskThread.java:61)
	at java.base/java.lang.Thread.run(Thread.java:833)
2023-11-30 18:38:39|[http-nio-8087-exec-10]|ERROR|org.apache.catalina.core.ContainerBase.[Tomcat].[localhost].[/inventorybilling].[dispatcherServlet]-Servlet.service() for servlet [dispatcherServlet] threw exception
java.lang.NullPointerException: Cannot invoke "org.springframework.web.context.request.RequestAttributes.getAttribute(String, int)" because "requestAttributes" is null
	at org.springframework.boot.web.servlet.error.DefaultErrorAttributes.getAttribute(DefaultErrorAttributes.java:227)
	at org.springframework.boot.web.servlet.error.DefaultErrorAttributes.getError(DefaultErrorAttributes.java:215)
	at com.harshi_solution.inventorymate.controllers.CustomErrorController.handleError(CustomErrorController.java:24)
	at java.base/jdk.internal.reflect.NativeMethodAccessorImpl.invoke0(Native Method)
	at java.base/jdk.internal.reflect.NativeMethodAccessorImpl.invoke(NativeMethodAccessorImpl.java:77)
	at java.base/jdk.internal.reflect.DelegatingMethodAccessorImpl.invoke(DelegatingMethodAccessorImpl.java:43)
	at java.base/java.lang.reflect.Method.invoke(Method.java:568)
	at org.springframework.web.method.support.InvocableHandlerMethod.doInvoke(InvocableHandlerMethod.java:205)
	at org.springframework.web.method.support.InvocableHandlerMethod.invokeForRequest(InvocableHandlerMethod.java:150)
	at org.springframework.web.servlet.mvc.method.annotation.ServletInvocableHandlerMethod.invokeAndHandle(ServletInvocableHandlerMethod.java:118)
	at org.springframework.web.servlet.mvc.method.annotation.RequestMappingHandlerAdapter.invokeHandlerMethod(RequestMappingHandlerAdapter.java:884)
	at org.springframework.web.servlet.mvc.method.annotation.RequestMappingHandlerAdapter.handleInternal(RequestMappingHandlerAdapter.java:797)
	at org.springframework.web.servlet.mvc.method.AbstractHandlerMethodAdapter.handle(AbstractHandlerMethodAdapter.java:87)
	at org.springframework.web.servlet.DispatcherServlet.doDispatch(DispatcherServlet.java:1081)
	at org.springframework.web.servlet.DispatcherServlet.doService(DispatcherServlet.java:974)
	at org.springframework.web.servlet.FrameworkServlet.processRequest(FrameworkServlet.java:1011)
	at org.springframework.web.servlet.FrameworkServlet.doGet(FrameworkServlet.java:903)
	at jakarta.servlet.http.HttpServlet.service(HttpServlet.java:564)
	at org.springframework.web.servlet.FrameworkServlet.service(FrameworkServlet.java:885)
	at jakarta.servlet.http.HttpServlet.service(HttpServlet.java:658)
	at org.apache.catalina.core.ApplicationFilterChain.internalDoFilter(ApplicationFilterChain.java:205)
	at org.apache.catalina.core.ApplicationFilterChain.doFilter(ApplicationFilterChain.java:149)
	at org.springframework.web.filter.RequestContextFilter.doFilterInternal(RequestContextFilter.java:100)
	at org.springframework.web.filter.OncePerRequestFilter.doFilter(OncePerRequestFilter.java:116)
	at org.apache.catalina.core.ApplicationFilterChain.internalDoFilter(ApplicationFilterChain.java:174)
	at org.apache.catalina.core.ApplicationFilterChain.doFilter(ApplicationFilterChain.java:149)
	at org.springframework.web.filter.OncePerRequestFilter.doFilter(OncePerRequestFilter.java:101)
	at org.apache.catalina.core.ApplicationFilterChain.internalDoFilter(ApplicationFilterChain.java:174)
	at org.apache.catalina.core.ApplicationFilterChain.doFilter(ApplicationFilterChain.java:149)
	at org.springframework.web.filter.OncePerRequestFilter.doFilter(OncePerRequestFilter.java:101)
	at org.apache.catalina.core.ApplicationFilterChain.internalDoFilter(ApplicationFilterChain.java:174)
	at org.apache.catalina.core.ApplicationFilterChain.doFilter(ApplicationFilterChain.java:149)
	at org.apache.catalina.core.ApplicationDispatcher.invoke(ApplicationDispatcher.java:642)
	at org.apache.catalina.core.ApplicationDispatcher.processRequest(ApplicationDispatcher.java:410)
	at org.apache.catalina.core.ApplicationDispatcher.doForward(ApplicationDispatcher.java:340)
	at org.apache.catalina.core.ApplicationDispatcher.forward(ApplicationDispatcher.java:277)
	at org.apache.catalina.core.StandardHostValve.custom(StandardHostValve.java:359)
	at org.apache.catalina.core.StandardHostValve.status(StandardHostValve.java:222)
	at org.apache.catalina.core.StandardHostValve.throwable(StandardHostValve.java:305)
	at org.apache.catalina.core.StandardHostValve.invoke(StandardHostValve.java:149)
	at org.apache.catalina.valves.ErrorReportValve.invoke(ErrorReportValve.java:93)
	at org.apache.catalina.core.StandardEngineValve.invoke(StandardEngineValve.java:74)
	at org.apache.catalina.connector.CoyoteAdapter.service(CoyoteAdapter.java:341)
	at org.apache.coyote.http11.Http11Processor.service(Http11Processor.java:391)
	at org.apache.coyote.AbstractProcessorLight.process(AbstractProcessorLight.java:63)
	at org.apache.coyote.AbstractProtocol$ConnectionHandler.process(AbstractProtocol.java:894)
	at org.apache.tomcat.util.net.NioEndpoint$SocketProcessor.doRun(NioEndpoint.java:1740)
	at org.apache.tomcat.util.net.SocketProcessorBase.run(SocketProcessorBase.java:52)
	at org.apache.tomcat.util.threads.ThreadPoolExecutor.runWorker(ThreadPoolExecutor.java:1191)
	at org.apache.tomcat.util.threads.ThreadPoolExecutor$Worker.run(ThreadPoolExecutor.java:659)
	at org.apache.tomcat.util.threads.TaskThread$WrappingRunnable.run(TaskThread.java:61)
	at java.base/java.lang.Thread.run(Thread.java:833)
2023-11-30 18:38:39|[http-nio-8087-exec-10]|ERROR|org.apache.catalina.core.ContainerBase.[Tomcat].[localhost]-Exception Processing ErrorPage[errorCode=0, location=/error]
jakarta.servlet.ServletException: Request processing failed: java.lang.NullPointerException: Cannot invoke "org.springframework.web.context.request.RequestAttributes.getAttribute(String, int)" because "requestAttributes" is null
	at org.springframework.web.servlet.FrameworkServlet.processRequest(FrameworkServlet.java:1019)
	at org.springframework.web.servlet.FrameworkServlet.doGet(FrameworkServlet.java:903)
	at jakarta.servlet.http.HttpServlet.service(HttpServlet.java:564)
	at org.springframework.web.servlet.FrameworkServlet.service(FrameworkServlet.java:885)
	at jakarta.servlet.http.HttpServlet.service(HttpServlet.java:658)
	at org.apache.catalina.core.ApplicationFilterChain.internalDoFilter(ApplicationFilterChain.java:205)
	at org.apache.catalina.core.ApplicationFilterChain.doFilter(ApplicationFilterChain.java:149)
	at org.springframework.web.filter.RequestContextFilter.doFilterInternal(RequestContextFilter.java:100)
	at org.springframework.web.filter.OncePerRequestFilter.doFilter(OncePerRequestFilter.java:116)
	at org.apache.catalina.core.ApplicationFilterChain.internalDoFilter(ApplicationFilterChain.java:174)
	at org.apache.catalina.core.ApplicationFilterChain.doFilter(ApplicationFilterChain.java:149)
	at org.springframework.web.filter.OncePerRequestFilter.doFilter(OncePerRequestFilter.java:101)
	at org.apache.catalina.core.ApplicationFilterChain.internalDoFilter(ApplicationFilterChain.java:174)
	at org.apache.catalina.core.ApplicationFilterChain.doFilter(ApplicationFilterChain.java:149)
	at org.springframework.web.filter.OncePerRequestFilter.doFilter(OncePerRequestFilter.java:101)
	at org.apache.catalina.core.ApplicationFilterChain.internalDoFilter(ApplicationFilterChain.java:174)
	at org.apache.catalina.core.ApplicationFilterChain.doFilter(ApplicationFilterChain.java:149)
	at org.apache.catalina.core.ApplicationDispatcher.invoke(ApplicationDispatcher.java:642)
	at org.apache.catalina.core.ApplicationDispatcher.processRequest(ApplicationDispatcher.java:410)
	at org.apache.catalina.core.ApplicationDispatcher.doForward(ApplicationDispatcher.java:340)
	at org.apache.catalina.core.ApplicationDispatcher.forward(ApplicationDispatcher.java:277)
	at org.apache.catalina.core.StandardHostValve.custom(StandardHostValve.java:359)
	at org.apache.catalina.core.StandardHostValve.status(StandardHostValve.java:222)
	at org.apache.catalina.core.StandardHostValve.throwable(StandardHostValve.java:305)
	at org.apache.catalina.core.StandardHostValve.invoke(StandardHostValve.java:149)
	at org.apache.catalina.valves.ErrorReportValve.invoke(ErrorReportValve.java:93)
	at org.apache.catalina.core.StandardEngineValve.invoke(StandardEngineValve.java:74)
	at org.apache.catalina.connector.CoyoteAdapter.service(CoyoteAdapter.java:341)
	at org.apache.coyote.http11.Http11Processor.service(Http11Processor.java:391)
	at org.apache.coyote.AbstractProcessorLight.process(AbstractProcessorLight.java:63)
	at org.apache.coyote.AbstractProtocol$ConnectionHandler.process(AbstractProtocol.java:894)
	at org.apache.tomcat.util.net.NioEndpoint$SocketProcessor.doRun(NioEndpoint.java:1740)
	at org.apache.tomcat.util.net.SocketProcessorBase.run(SocketProcessorBase.java:52)
	at org.apache.tomcat.util.threads.ThreadPoolExecutor.runWorker(ThreadPoolExecutor.java:1191)
	at org.apache.tomcat.util.threads.ThreadPoolExecutor$Worker.run(ThreadPoolExecutor.java:659)
	at org.apache.tomcat.util.threads.TaskThread$WrappingRunnable.run(TaskThread.java:61)
	at java.base/java.lang.Thread.run(Thread.java:833)
Caused by: java.lang.NullPointerException: Cannot invoke "org.springframework.web.context.request.RequestAttributes.getAttribute(String, int)" because "requestAttributes" is null
	at org.springframework.boot.web.servlet.error.DefaultErrorAttributes.getAttribute(DefaultErrorAttributes.java:227)
	at org.springframework.boot.web.servlet.error.DefaultErrorAttributes.getError(DefaultErrorAttributes.java:215)
	at com.harshi_solution.inventorymate.controllers.CustomErrorController.handleError(CustomErrorController.java:24)
	at java.base/jdk.internal.reflect.NativeMethodAccessorImpl.invoke0(Native Method)
	at java.base/jdk.internal.reflect.NativeMethodAccessorImpl.invoke(NativeMethodAccessorImpl.java:77)
	at java.base/jdk.internal.reflect.DelegatingMethodAccessorImpl.invoke(DelegatingMethodAccessorImpl.java:43)
	at java.base/java.lang.reflect.Method.invoke(Method.java:568)
	at org.springframework.web.method.support.InvocableHandlerMethod.doInvoke(InvocableHandlerMethod.java:205)
	at org.springframework.web.method.support.InvocableHandlerMethod.invokeForRequest(InvocableHandlerMethod.java:150)
	at org.springframework.web.servlet.mvc.method.annotation.ServletInvocableHandlerMethod.invokeAndHandle(ServletInvocableHandlerMethod.java:118)
	at org.springframework.web.servlet.mvc.method.annotation.RequestMappingHandlerAdapter.invokeHandlerMethod(RequestMappingHandlerAdapter.java:884)
	at org.springframework.web.servlet.mvc.method.annotation.RequestMappingHandlerAdapter.handleInternal(RequestMappingHandlerAdapter.java:797)
	at org.springframework.web.servlet.mvc.method.AbstractHandlerMethodAdapter.handle(AbstractHandlerMethodAdapter.java:87)
	at org.springframework.web.servlet.DispatcherServlet.doDispatch(DispatcherServlet.java:1081)
	at org.springframework.web.servlet.DispatcherServlet.doService(DispatcherServlet.java:974)
	at org.springframework.web.servlet.FrameworkServlet.processRequest(FrameworkServlet.java:1011)
	... 36 common frames omitted
2023-11-30 18:38:44|[http-nio-8087-exec-3]|INFO |com.harshi_solution.inventorymate.controllers.OrderController-Displaying order list
2023-11-30 18:38:48|[http-nio-8087-exec-2]|INFO |com.harshi_solution.inventorymate.controllers.DashboardController-Redirecting to landing.html
2023-11-30 18:38:50|[http-nio-8087-exec-4]|INFO |com.harshi_solution.inventorymate.controllers.OrderController-Displaying order list
2023-11-30 18:38:54|[http-nio-8087-exec-8]|INFO |com.harshi_solution.inventorymate.controllers.OrderController-Displaying order details for order with ID: 40
2023-11-30 18:38:56|[http-nio-8087-exec-6]|INFO |com.harshi_solution.inventorymate.util.PdfGenerator-Inside generateFullOrderDetails() on OrderDetailsPdfGenerator
2023-11-30 18:41:55|[http-nio-8087-exec-6]|INFO |com.harshi_solution.inventorymate.controllers.PaymentController-Displaying payment details for payment with ID: 5
2023-11-30 18:42:26|[http-nio-8087-exec-7]|INFO |com.harshi_solution.inventorymate.controllers.OrderController-Displaying order details for order with ID: 40
2023-11-30 18:43:04|[http-nio-8087-exec-3]|INFO |com.harshi_solution.inventorymate.controllers.OrderController-Displaying order details for order with ID: 40
2023-11-30 18:43:31|[http-nio-8087-exec-2]|INFO |com.harshi_solution.inventorymate.controllers.OrderController-Displaying order list
2023-11-30 18:43:35|[http-nio-8087-exec-4]|INFO |com.harshi_solution.inventorymate.controllers.DashboardController-Redirecting to landing.html
2023-11-30 18:43:37|[http-nio-8087-exec-8]|INFO |com.harshi_solution.inventorymate.controllers.DashboardController-Inside getTotalOutstanding() on DashboardController
2023-11-30 18:43:38|[http-nio-8087-exec-6]|INFO |com.harshi_solution.inventorymate.controllers.DashboardController-Redirecting to landing.html
2023-11-30 18:43:40|[http-nio-8087-exec-7]|INFO |com.harshi_solution.inventorymate.controllers.ProductController-Displaying the list of available products
2023-11-30 18:43:43|[http-nio-8087-exec-5]|INFO |com.harshi_solution.inventorymate.controllers.DashboardController-Redirecting to landing.html
2023-11-30 18:43:45|[http-nio-8087-exec-9]|INFO |com.harshi_solution.inventorymate.controllers.WarehouseController-Inside showWarehouseList() on WarehouseController
2023-11-30 18:43:46|[http-nio-8087-exec-10]|INFO |com.harshi_solution.inventorymate.controllers.WarehouseController-Viewing warehouse details for Warehouse ID: 17
2023-11-30 18:43:48|[http-nio-8087-exec-1]|INFO |com.harshi_solution.inventorymate.controllers.DashboardController-Redirecting to landing.html
2023-11-30 18:43:50|[http-nio-8087-exec-3]|INFO |com.harshi_solution.inventorymate.controllers.RepsController-Displaying the list of representatives
2023-11-30 18:43:51|[http-nio-8087-exec-2]|INFO |com.harshi_solution.inventorymate.controllers.RepsController-Displaying representative details for representative with ID: 1
2023-11-30 18:43:53|[http-nio-8087-exec-4]|INFO |com.harshi_solution.inventorymate.controllers.OrderController-Displaying order details for order with ID: 37
2023-11-30 18:43:59|[http-nio-8087-exec-8]|INFO |com.harshi_solution.inventorymate.controllers.DashboardController-Redirecting to landing.html
2023-11-30 18:53:54|[http-nio-8087-exec-5]|INFO |com.harshi_solution.inventorymate.controllers.RepsController-Displaying the list of representatives
2023-11-30 18:53:56|[http-nio-8087-exec-9]|INFO |com.harshi_solution.inventorymate.controllers.RepsController-Displaying representative details for representative with ID: 11
2023-11-30 18:53:57|[http-nio-8087-exec-10]|INFO |com.harshi_solution.inventorymate.controllers.OrderController-Displaying order details for order with ID: 29
2023-11-30 18:54:06|[http-nio-8087-exec-1]|INFO |com.harshi_solution.inventorymate.controllers.OrderController-Displaying order list
2023-11-30 18:54:10|[http-nio-8087-exec-3]|INFO |com.harshi_solution.inventorymate.controllers.DashboardController-Redirecting to landing.html
2023-11-30 18:54:12|[http-nio-8087-exec-2]|INFO |com.harshi_solution.inventorymate.controllers.RepsController-Displaying the list of representatives
2023-11-30 18:54:14|[http-nio-8087-exec-4]|INFO |com.harshi_solution.inventorymate.controllers.RepsController-Displaying representative details for representative with ID: 13
2023-11-30 18:54:17|[http-nio-8087-exec-8]|INFO |com.harshi_solution.inventorymate.controllers.RepsController-Displaying the list of representatives
2023-11-30 18:54:20|[http-nio-8087-exec-6]|INFO |com.harshi_solution.inventorymate.controllers.RepsController-Displaying representative details for representative with ID: 1
2023-11-30 18:54:22|[http-nio-8087-exec-7]|INFO |com.harshi_solution.inventorymate.controllers.OrderController-Displaying order details for order with ID: 6
2023-11-30 18:54:27|[http-nio-8087-exec-5]|INFO |com.harshi_solution.inventorymate.controllers.OrderController-Displaying order list
2023-11-30 18:54:31|[http-nio-8087-exec-9]|INFO |com.harshi_solution.inventorymate.controllers.DashboardController-Redirecting to landing.html
2023-11-30 18:54:34|[http-nio-8087-exec-10]|INFO |com.harshi_solution.inventorymate.controllers.RepsController-Displaying the list of representatives
2023-11-30 18:54:39|[http-nio-8087-exec-1]|INFO |com.harshi_solution.inventorymate.controllers.RepsController-Displaying representative details for representative with ID: 1
2023-11-30 18:54:45|[http-nio-8087-exec-3]|INFO |com.harshi_solution.inventorymate.controllers.OrderController-Displaying order details for order with ID: 2
2023-11-30 18:57:06|[http-nio-8087-exec-8]|INFO |com.harshi_solution.inventorymate.controllers.DashboardController-Redirecting to landing.html
2023-11-30 18:57:08|[http-nio-8087-exec-6]|INFO |com.harshi_solution.inventorymate.controllers.RepsController-Displaying the list of representatives
2023-11-30 18:57:10|[http-nio-8087-exec-7]|INFO |com.harshi_solution.inventorymate.controllers.RepsController-Displaying representative details for representative with ID: 1
2023-11-30 18:57:15|[http-nio-8087-exec-5]|INFO |com.harshi_solution.inventorymate.controllers.OrderController-Displaying order details for order with ID: 2
2023-11-30 18:57:19|[http-nio-8087-exec-9]|INFO |com.harshi_solution.inventorymate.controllers.DashboardController-Redirecting to landing.html
2023-11-30 18:57:21|[http-nio-8087-exec-10]|INFO |com.harshi_solution.inventorymate.controllers.RepsController-Displaying the list of representatives
2023-11-30 18:57:23|[http-nio-8087-exec-1]|INFO |com.harshi_solution.inventorymate.controllers.RepsController-Displaying representative details for representative with ID: 1
2023-11-30 19:08:46|[http-nio-8087-exec-4]|INFO |com.harshi_solution.inventorymate.controllers.DashboardController-Redirecting to landing.html
2023-11-30 19:08:48|[http-nio-8087-exec-8]|INFO |com.harshi_solution.inventorymate.controllers.OrderController-Entering showBookOrder
2023-11-30 19:08:51|[http-nio-8087-exec-6]|INFO |com.harshi_solution.inventorymate.controllers.OrderController-Saving selected representative with ID: 1
2023-11-30 19:08:54|[http-nio-8087-exec-7]|INFO |com.harshi_solution.inventorymate.controllers.DashboardController-Redirecting to landing.html
