2023-10-08 19:16:23|[main]|INFO |com.harshi.InventoryAndBilling.InventoryAndBillingApplication-Starting InventoryAndBillingApplication using Java 17.0.8.1 with PID 10580 (C:\Users\Asus\Downloads\InventoryAndBilling\InventoryAndBilling\target\classes started by Asus in C:\Users\Asus\Downloads\InventoryAndBilling\InventoryAndBilling)
2023-10-08 19:16:23|[main]|INFO |com.harshi.InventoryAndBilling.InventoryAndBillingApplication-No active profile set, falling back to 1 default profile: "default"
2023-10-08 19:16:24|[main]|INFO |org.springframework.data.repository.config.RepositoryConfigurationDelegate-Bootstrapping Spring Data JPA repositories in DEFAULT mode.
2023-10-08 19:16:24|[main]|INFO |org.springframework.data.repository.config.RepositoryConfigurationDelegate-Finished Spring Data repository scanning in 114 ms. Found 6 JPA repository interfaces.
2023-10-08 19:16:25|[main]|INFO |org.springframework.boot.web.embedded.tomcat.TomcatWebServer-Tomcat initialized with port(s): 8087 (http)
2023-10-08 19:16:25|[main]|INFO |org.apache.coyote.http11.Http11NioProtocol-Initializing ProtocolHandler ["http-nio-8087"]
2023-10-08 19:16:25|[main]|INFO |org.apache.catalina.core.StandardService-Starting service [Tomcat]
2023-10-08 19:16:25|[main]|INFO |org.apache.catalina.core.StandardEngine-Starting Servlet engine: [Apache Tomcat/10.1.12]
2023-10-08 19:16:25|[main]|INFO |org.apache.catalina.core.ContainerBase.[Tomcat].[localhost].[/inventorybilling]-Initializing Spring embedded WebApplicationContext
2023-10-08 19:16:25|[main]|INFO |org.springframework.boot.web.servlet.context.ServletWebServerApplicationContext-Root WebApplicationContext: initialization completed in 2118 ms
2023-10-08 19:16:25|[main]|INFO |org.hibernate.jpa.internal.util.LogHelper-HHH000204: Processing PersistenceUnitInfo [name: default]
2023-10-08 19:16:25|[main]|INFO |org.hibernate.Version-HHH000412: Hibernate ORM core version 6.2.7.Final
2023-10-08 19:16:25|[main]|INFO |org.hibernate.cfg.Environment-HHH000406: Using bytecode reflection optimizer
2023-10-08 19:16:25|[main]|INFO |org.hibernate.bytecode.internal.BytecodeProviderInitiator-HHH000021: Bytecode provider name : bytebuddy
2023-10-08 19:16:26|[main]|INFO |org.springframework.orm.jpa.persistenceunit.SpringPersistenceUnitInfo-No LoadTimeWeaver setup: ignoring JPA class transformer
2023-10-08 19:16:26|[main]|INFO |com.zaxxer.hikari.HikariDataSource-HikariPool-1 - Starting...
2023-10-08 19:16:26|[main]|INFO |com.zaxxer.hikari.pool.HikariPool-HikariPool-1 - Added connection com.mysql.cj.jdbc.ConnectionImpl@5f7cd50e
2023-10-08 19:16:26|[main]|INFO |com.zaxxer.hikari.HikariDataSource-HikariPool-1 - Start completed.
2023-10-08 19:16:26|[main]|INFO |org.hibernate.bytecode.internal.BytecodeProviderInitiator-HHH000021: Bytecode provider name : bytebuddy
2023-10-08 19:16:27|[main]|INFO |org.hibernate.engine.transaction.jta.platform.internal.JtaPlatformInitiator-HHH000490: Using JtaPlatform implementation: [org.hibernate.engine.transaction.jta.platform.internal.NoJtaPlatform]
2023-10-08 19:16:27|[main]|INFO |org.springframework.orm.jpa.LocalContainerEntityManagerFactoryBean-Initialized JPA EntityManagerFactory for persistence unit 'default'
2023-10-08 19:16:28|[main]|INFO |org.springframework.data.jpa.repository.query.QueryEnhancerFactory-Hibernate is in classpath; If applicable, HQL parser will be used.
2023-10-08 19:16:28|[main]|WARN |org.springframework.boot.autoconfigure.orm.jpa.JpaBaseConfiguration$JpaWebConfiguration-spring.jpa.open-in-view is enabled by default. Therefore, database queries may be performed during view rendering. Explicitly configure spring.jpa.open-in-view to disable this warning
2023-10-08 19:16:29|[main]|INFO |org.springframework.boot.autoconfigure.web.servlet.WelcomePageHandlerMapping-Adding welcome page template: index
2023-10-08 19:16:29|[main]|INFO |org.apache.coyote.http11.Http11NioProtocol-Starting ProtocolHandler ["http-nio-8087"]
2023-10-08 19:16:29|[main]|INFO |org.springframework.boot.web.embedded.tomcat.TomcatWebServer-Tomcat started on port(s): 8087 (http) with context path '/inventorybilling'
2023-10-08 19:16:29|[main]|INFO |com.harshi.InventoryAndBilling.InventoryAndBillingApplication-Started InventoryAndBillingApplication in 6.661 seconds (process running for 7.598)
2023-10-08 19:17:03|[http-nio-8087-exec-2]|INFO |org.apache.catalina.core.ContainerBase.[Tomcat].[localhost].[/inventorybilling]-Initializing Spring DispatcherServlet 'dispatcherServlet'
2023-10-08 19:17:03|[http-nio-8087-exec-2]|INFO |org.springframework.web.servlet.DispatcherServlet-Initializing Servlet 'dispatcherServlet'
2023-10-08 19:17:03|[http-nio-8087-exec-2]|INFO |org.springframework.web.servlet.DispatcherServlet-Completed initialization in 17 ms
2023-10-08 19:17:09|[http-nio-8087-exec-3]|INFO |com.harshi.InventoryAndBilling.controllers.UserController-Inside to showLoginPage() on UserController
2023-10-08 19:17:19|[http-nio-8087-exec-4]|INFO |com.harshi.InventoryAndBilling.controllers.UserController-Inside showLoginPage() with email - ayush11006on UserController
2023-10-08 19:17:19|[http-nio-8087-exec-4]|INFO |com.harshi.InventoryAndBilling.controllers.UserController-Redirecting landing.html
2023-10-08 19:17:31|[http-nio-8087-exec-5]|INFO |com.harshi.InventoryAndBilling.controllers.WarehouseController-Inside showWarehouseList() on WarehouseController
2023-10-08 19:17:40|[http-nio-8087-exec-6]|INFO |com.harshi.InventoryAndBilling.controllers.DashboardController-Redirecting landing.html
2023-10-08 19:17:41|[http-nio-8087-exec-7]|INFO |com.harshi.InventoryAndBilling.controllers.ProductController-Inside showAvailableProducts() on DashboardController
2023-10-08 20:14:45|[main]|INFO |com.harshi.InventoryAndBilling.InventoryAndBillingApplication-Starting InventoryAndBillingApplication using Java 17.0.8.1 with PID 6380 (C:\Users\Asus\Downloads\InventoryAndBilling\InventoryAndBilling\target\classes started by Asus in C:\Users\Asus\Downloads\InventoryAndBilling\InventoryAndBilling)
2023-10-08 20:14:45|[main]|INFO |com.harshi.InventoryAndBilling.InventoryAndBillingApplication-No active profile set, falling back to 1 default profile: "default"
2023-10-08 20:14:46|[main]|INFO |org.springframework.data.repository.config.RepositoryConfigurationDelegate-Bootstrapping Spring Data JPA repositories in DEFAULT mode.
2023-10-08 20:14:46|[main]|INFO |org.springframework.data.repository.config.RepositoryConfigurationDelegate-Finished Spring Data repository scanning in 73 ms. Found 6 JPA repository interfaces.
2023-10-08 20:14:46|[main]|INFO |org.springframework.boot.web.embedded.tomcat.TomcatWebServer-Tomcat initialized with port(s): 8087 (http)
2023-10-08 20:14:46|[main]|INFO |org.apache.coyote.http11.Http11NioProtocol-Initializing ProtocolHandler ["http-nio-8087"]
2023-10-08 20:14:46|[main]|INFO |org.apache.catalina.core.StandardService-Starting service [Tomcat]
2023-10-08 20:14:46|[main]|INFO |org.apache.catalina.core.StandardEngine-Starting Servlet engine: [Apache Tomcat/10.1.12]
2023-10-08 20:14:47|[main]|INFO |org.apache.catalina.core.ContainerBase.[Tomcat].[localhost].[/inventorybilling]-Initializing Spring embedded WebApplicationContext
2023-10-08 20:14:47|[main]|INFO |org.springframework.boot.web.servlet.context.ServletWebServerApplicationContext-Root WebApplicationContext: initialization completed in 1744 ms
2023-10-08 20:14:47|[main]|INFO |org.hibernate.jpa.internal.util.LogHelper-HHH000204: Processing PersistenceUnitInfo [name: default]
2023-10-08 20:14:47|[main]|INFO |org.hibernate.Version-HHH000412: Hibernate ORM core version 6.2.7.Final
2023-10-08 20:14:47|[main]|INFO |org.hibernate.cfg.Environment-HHH000406: Using bytecode reflection optimizer
2023-10-08 20:14:47|[main]|INFO |org.hibernate.bytecode.internal.BytecodeProviderInitiator-HHH000021: Bytecode provider name : bytebuddy
2023-10-08 20:14:47|[main]|INFO |org.springframework.orm.jpa.persistenceunit.SpringPersistenceUnitInfo-No LoadTimeWeaver setup: ignoring JPA class transformer
2023-10-08 20:14:47|[main]|INFO |com.zaxxer.hikari.HikariDataSource-HikariPool-1 - Starting...
2023-10-08 20:14:47|[main]|INFO |com.zaxxer.hikari.pool.HikariPool-HikariPool-1 - Added connection com.mysql.cj.jdbc.ConnectionImpl@5f7cd50e
2023-10-08 20:14:47|[main]|INFO |com.zaxxer.hikari.HikariDataSource-HikariPool-1 - Start completed.
2023-10-08 20:14:48|[main]|INFO |org.hibernate.bytecode.internal.BytecodeProviderInitiator-HHH000021: Bytecode provider name : bytebuddy
2023-10-08 20:14:49|[main]|INFO |org.hibernate.engine.transaction.jta.platform.internal.JtaPlatformInitiator-HHH000490: Using JtaPlatform implementation: [org.hibernate.engine.transaction.jta.platform.internal.NoJtaPlatform]
2023-10-08 20:14:49|[main]|INFO |org.springframework.orm.jpa.LocalContainerEntityManagerFactoryBean-Initialized JPA EntityManagerFactory for persistence unit 'default'
2023-10-08 20:14:49|[main]|INFO |org.springframework.data.jpa.repository.query.QueryEnhancerFactory-Hibernate is in classpath; If applicable, HQL parser will be used.
2023-10-08 20:14:50|[main]|WARN |org.springframework.boot.autoconfigure.orm.jpa.JpaBaseConfiguration$JpaWebConfiguration-spring.jpa.open-in-view is enabled by default. Therefore, database queries may be performed during view rendering. Explicitly configure spring.jpa.open-in-view to disable this warning
2023-10-08 20:14:50|[main]|INFO |org.springframework.boot.autoconfigure.web.servlet.WelcomePageHandlerMapping-Adding welcome page template: index
2023-10-08 20:14:50|[main]|INFO |org.apache.coyote.http11.Http11NioProtocol-Starting ProtocolHandler ["http-nio-8087"]
2023-10-08 20:14:50|[main]|INFO |org.springframework.boot.web.embedded.tomcat.TomcatWebServer-Tomcat started on port(s): 8087 (http) with context path '/inventorybilling'
2023-10-08 20:14:50|[main]|INFO |com.harshi.InventoryAndBilling.InventoryAndBillingApplication-Started InventoryAndBillingApplication in 5.708 seconds (process running for 6.382)
2023-10-08 20:15:28|[http-nio-8087-exec-1]|INFO |org.apache.catalina.core.ContainerBase.[Tomcat].[localhost].[/inventorybilling]-Initializing Spring DispatcherServlet 'dispatcherServlet'
2023-10-08 20:15:28|[http-nio-8087-exec-1]|INFO |org.springframework.web.servlet.DispatcherServlet-Initializing Servlet 'dispatcherServlet'
2023-10-08 20:15:28|[http-nio-8087-exec-1]|INFO |org.springframework.web.servlet.DispatcherServlet-Completed initialization in 0 ms
2023-10-08 20:16:10|[http-nio-8087-exec-4]|INFO |com.harshi.InventoryAndBilling.controllers.UserController-Inside to showLoginPage() on UserController
2023-10-08 20:16:19|[http-nio-8087-exec-5]|INFO |com.harshi.InventoryAndBilling.controllers.UserController-Inside showLoginPage() with email - ayush11006on UserController
2023-10-08 20:16:19|[http-nio-8087-exec-5]|INFO |com.harshi.InventoryAndBilling.controllers.UserController-Redirecting landing.html
2023-10-08 20:16:37|[http-nio-8087-exec-7]|INFO |com.harshi.InventoryAndBilling.controllers.DashboardController-Inside getTotalOutstanding() on DashboardController
2023-10-08 20:16:41|[http-nio-8087-exec-8]|INFO |com.harshi.InventoryAndBilling.controllers.DashboardController-Redirecting landing.html
2023-10-08 20:18:01|[http-nio-8087-exec-1]|INFO |com.harshi.InventoryAndBilling.controllers.ProductController-Inside showAvailableProducts() on DashboardController
2023-10-08 20:19:00|[http-nio-8087-exec-3]|INFO |com.harshi.InventoryAndBilling.controllers.ProductController-Inside showAvailableProducts() on DashboardController
2023-10-08 20:19:25|[http-nio-8087-exec-6]|INFO |com.harshi.InventoryAndBilling.controllers.ProductController-Inside showAvailableProducts() on DashboardController
2023-10-08 20:19:36|[http-nio-8087-exec-8]|INFO |com.harshi.InventoryAndBilling.controllers.ProductController-Inside showAvailableProducts() on DashboardController
2023-10-08 20:19:39|[http-nio-8087-exec-9]|INFO |com.harshi.InventoryAndBilling.controllers.ProductController-Inside showAddProducts() on DashboardController
2023-10-08 20:21:40|[http-nio-8087-exec-7]|INFO |com.harshi.InventoryAndBilling.controllers.ProductController-Inside showAvailableProducts() on DashboardController
2023-10-08 20:21:42|[http-nio-8087-exec-8]|INFO |com.harshi.InventoryAndBilling.controllers.ProductController-Inside showAddProducts() on DashboardController
2023-10-08 20:21:46|[http-nio-8087-exec-9]|INFO |com.harshi.InventoryAndBilling.controllers.DashboardController-Redirecting landing.html
2023-10-08 20:21:48|[http-nio-8087-exec-10]|INFO |com.harshi.InventoryAndBilling.controllers.WarehouseController-Inside showWarehouseList() on WarehouseController
2023-10-08 20:21:50|[http-nio-8087-exec-1]|INFO |com.harshi.InventoryAndBilling.controllers.WarehouseController-Inside showAddWarehouse() on WarehouseController
2023-10-08 20:23:04|[http-nio-8087-exec-10]|INFO |com.harshi.InventoryAndBilling.controllers.DashboardController-Redirecting landing.html
2023-10-08 20:23:49|[http-nio-8087-exec-5]|INFO |com.harshi.InventoryAndBilling.controllers.DashboardController-Redirecting landing.html
2023-10-08 20:25:41|[main]|INFO |com.harshi.InventoryAndBilling.InventoryAndBillingApplication-Starting InventoryAndBillingApplication using Java 17.0.8.1 with PID 8216 (C:\Users\Asus\Downloads\InventoryAndBilling\InventoryAndBilling\target\classes started by Asus in C:\Users\Asus\Downloads\InventoryAndBilling\InventoryAndBilling)
2023-10-08 20:25:41|[main]|INFO |com.harshi.InventoryAndBilling.InventoryAndBillingApplication-No active profile set, falling back to 1 default profile: "default"
2023-10-08 20:25:42|[main]|INFO |org.springframework.data.repository.config.RepositoryConfigurationDelegate-Bootstrapping Spring Data JPA repositories in DEFAULT mode.
2023-10-08 20:25:42|[main]|INFO |org.springframework.data.repository.config.RepositoryConfigurationDelegate-Finished Spring Data repository scanning in 68 ms. Found 6 JPA repository interfaces.
2023-10-08 20:25:43|[main]|INFO |org.springframework.boot.web.embedded.tomcat.TomcatWebServer-Tomcat initialized with port(s): 8087 (http)
2023-10-08 20:25:43|[main]|INFO |org.apache.coyote.http11.Http11NioProtocol-Initializing ProtocolHandler ["http-nio-8087"]
2023-10-08 20:25:43|[main]|INFO |org.apache.catalina.core.StandardService-Starting service [Tomcat]
2023-10-08 20:25:43|[main]|INFO |org.apache.catalina.core.StandardEngine-Starting Servlet engine: [Apache Tomcat/10.1.12]
2023-10-08 20:25:43|[main]|INFO |org.apache.catalina.core.ContainerBase.[Tomcat].[localhost].[/inventorybilling]-Initializing Spring embedded WebApplicationContext
2023-10-08 20:25:43|[main]|INFO |org.springframework.boot.web.servlet.context.ServletWebServerApplicationContext-Root WebApplicationContext: initialization completed in 1513 ms
2023-10-08 20:25:43|[main]|INFO |org.hibernate.jpa.internal.util.LogHelper-HHH000204: Processing PersistenceUnitInfo [name: default]
2023-10-08 20:25:43|[main]|INFO |org.hibernate.Version-HHH000412: Hibernate ORM core version 6.2.7.Final
2023-10-08 20:25:43|[main]|INFO |org.hibernate.cfg.Environment-HHH000406: Using bytecode reflection optimizer
2023-10-08 20:25:44|[main]|INFO |org.hibernate.bytecode.internal.BytecodeProviderInitiator-HHH000021: Bytecode provider name : bytebuddy
2023-10-08 20:25:44|[main]|INFO |org.springframework.orm.jpa.persistenceunit.SpringPersistenceUnitInfo-No LoadTimeWeaver setup: ignoring JPA class transformer
2023-10-08 20:25:44|[main]|INFO |com.zaxxer.hikari.HikariDataSource-HikariPool-1 - Starting...
2023-10-08 20:25:44|[main]|INFO |com.zaxxer.hikari.pool.HikariPool-HikariPool-1 - Added connection com.mysql.cj.jdbc.ConnectionImpl@5f7cd50e
2023-10-08 20:25:44|[main]|INFO |com.zaxxer.hikari.HikariDataSource-HikariPool-1 - Start completed.
2023-10-08 20:25:44|[main]|INFO |org.hibernate.bytecode.internal.BytecodeProviderInitiator-HHH000021: Bytecode provider name : bytebuddy
2023-10-08 20:25:45|[main]|INFO |org.hibernate.engine.transaction.jta.platform.internal.JtaPlatformInitiator-HHH000490: Using JtaPlatform implementation: [org.hibernate.engine.transaction.jta.platform.internal.NoJtaPlatform]
2023-10-08 20:25:45|[main]|INFO |org.springframework.orm.jpa.LocalContainerEntityManagerFactoryBean-Initialized JPA EntityManagerFactory for persistence unit 'default'
2023-10-08 20:25:46|[main]|INFO |org.springframework.data.jpa.repository.query.QueryEnhancerFactory-Hibernate is in classpath; If applicable, HQL parser will be used.
2023-10-08 20:25:46|[main]|WARN |org.springframework.boot.autoconfigure.orm.jpa.JpaBaseConfiguration$JpaWebConfiguration-spring.jpa.open-in-view is enabled by default. Therefore, database queries may be performed during view rendering. Explicitly configure spring.jpa.open-in-view to disable this warning
2023-10-08 20:25:46|[main]|INFO |org.springframework.boot.autoconfigure.web.servlet.WelcomePageHandlerMapping-Adding welcome page template: index
2023-10-08 20:25:47|[main]|INFO |org.apache.coyote.http11.Http11NioProtocol-Starting ProtocolHandler ["http-nio-8087"]
2023-10-08 20:25:47|[main]|INFO |org.springframework.boot.web.embedded.tomcat.TomcatWebServer-Tomcat started on port(s): 8087 (http) with context path '/inventorybilling'
2023-10-08 20:25:47|[main]|INFO |com.harshi.InventoryAndBilling.InventoryAndBillingApplication-Started InventoryAndBillingApplication in 5.717 seconds (process running for 6.53)
2023-10-08 20:25:49|[http-nio-8087-exec-1]|INFO |org.apache.catalina.core.ContainerBase.[Tomcat].[localhost].[/inventorybilling]-Initializing Spring DispatcherServlet 'dispatcherServlet'
2023-10-08 20:25:49|[http-nio-8087-exec-1]|INFO |org.springframework.web.servlet.DispatcherServlet-Initializing Servlet 'dispatcherServlet'
2023-10-08 20:25:49|[http-nio-8087-exec-1]|INFO |org.springframework.web.servlet.DispatcherServlet-Completed initialization in 4 ms
2023-10-08 20:35:29|[main]|INFO |com.harshi.InventoryAndBilling.InventoryAndBillingApplication-Starting InventoryAndBillingApplication using Java 17.0.8.1 with PID 14988 (C:\Users\Asus\Downloads\InventoryAndBilling\InventoryAndBilling\target\classes started by Asus in C:\Users\Asus\Downloads\InventoryAndBilling\InventoryAndBilling)
2023-10-08 20:35:29|[main]|INFO |com.harshi.InventoryAndBilling.InventoryAndBillingApplication-No active profile set, falling back to 1 default profile: "default"
2023-10-08 20:35:30|[main]|INFO |org.springframework.data.repository.config.RepositoryConfigurationDelegate-Bootstrapping Spring Data JPA repositories in DEFAULT mode.
2023-10-08 20:35:30|[main]|INFO |org.springframework.data.repository.config.RepositoryConfigurationDelegate-Finished Spring Data repository scanning in 75 ms. Found 6 JPA repository interfaces.
2023-10-08 20:35:31|[main]|INFO |org.springframework.boot.web.embedded.tomcat.TomcatWebServer-Tomcat initialized with port(s): 8087 (http)
2023-10-08 20:35:31|[main]|INFO |org.apache.coyote.http11.Http11NioProtocol-Initializing ProtocolHandler ["http-nio-8087"]
2023-10-08 20:35:31|[main]|INFO |org.apache.catalina.core.StandardService-Starting service [Tomcat]
2023-10-08 20:35:31|[main]|INFO |org.apache.catalina.core.StandardEngine-Starting Servlet engine: [Apache Tomcat/10.1.12]
2023-10-08 20:35:31|[main]|INFO |org.apache.catalina.core.ContainerBase.[Tomcat].[localhost].[/inventorybilling]-Initializing Spring embedded WebApplicationContext
2023-10-08 20:35:31|[main]|INFO |org.springframework.boot.web.servlet.context.ServletWebServerApplicationContext-Root WebApplicationContext: initialization completed in 1494 ms
2023-10-08 20:35:31|[main]|INFO |org.hibernate.jpa.internal.util.LogHelper-HHH000204: Processing PersistenceUnitInfo [name: default]
2023-10-08 20:35:31|[main]|INFO |org.hibernate.Version-HHH000412: Hibernate ORM core version 6.2.7.Final
2023-10-08 20:35:31|[main]|INFO |org.hibernate.cfg.Environment-HHH000406: Using bytecode reflection optimizer
2023-10-08 20:35:31|[main]|INFO |org.hibernate.bytecode.internal.BytecodeProviderInitiator-HHH000021: Bytecode provider name : bytebuddy
2023-10-08 20:35:32|[main]|INFO |org.springframework.orm.jpa.persistenceunit.SpringPersistenceUnitInfo-No LoadTimeWeaver setup: ignoring JPA class transformer
2023-10-08 20:35:32|[main]|INFO |com.zaxxer.hikari.HikariDataSource-HikariPool-1 - Starting...
2023-10-08 20:35:32|[main]|INFO |com.zaxxer.hikari.pool.HikariPool-HikariPool-1 - Added connection com.mysql.cj.jdbc.ConnectionImpl@5f7cd50e
2023-10-08 20:35:32|[main]|INFO |com.zaxxer.hikari.HikariDataSource-HikariPool-1 - Start completed.
2023-10-08 20:35:32|[main]|INFO |org.hibernate.bytecode.internal.BytecodeProviderInitiator-HHH000021: Bytecode provider name : bytebuddy
2023-10-08 20:35:33|[main]|INFO |org.hibernate.engine.transaction.jta.platform.internal.JtaPlatformInitiator-HHH000490: Using JtaPlatform implementation: [org.hibernate.engine.transaction.jta.platform.internal.NoJtaPlatform]
2023-10-08 20:35:33|[main]|INFO |org.springframework.orm.jpa.LocalContainerEntityManagerFactoryBean-Initialized JPA EntityManagerFactory for persistence unit 'default'
2023-10-08 20:35:33|[main]|INFO |org.springframework.data.jpa.repository.query.QueryEnhancerFactory-Hibernate is in classpath; If applicable, HQL parser will be used.
2023-10-08 20:35:34|[main]|WARN |org.springframework.boot.autoconfigure.orm.jpa.JpaBaseConfiguration$JpaWebConfiguration-spring.jpa.open-in-view is enabled by default. Therefore, database queries may be performed during view rendering. Explicitly configure spring.jpa.open-in-view to disable this warning
2023-10-08 20:35:34|[main]|INFO |org.springframework.boot.autoconfigure.web.servlet.WelcomePageHandlerMapping-Adding welcome page template: index
2023-10-08 20:35:34|[main]|INFO |org.apache.coyote.http11.Http11NioProtocol-Starting ProtocolHandler ["http-nio-8087"]
2023-10-08 20:35:34|[main]|INFO |org.springframework.boot.web.embedded.tomcat.TomcatWebServer-Tomcat started on port(s): 8087 (http) with context path '/inventorybilling'
2023-10-08 20:35:34|[main]|INFO |com.harshi.InventoryAndBilling.InventoryAndBillingApplication-Started InventoryAndBillingApplication in 5.036 seconds (process running for 5.724)
2023-10-08 20:35:57|[http-nio-8087-exec-1]|INFO |org.apache.catalina.core.ContainerBase.[Tomcat].[localhost].[/inventorybilling]-Initializing Spring DispatcherServlet 'dispatcherServlet'
2023-10-08 20:35:57|[http-nio-8087-exec-1]|INFO |org.springframework.web.servlet.DispatcherServlet-Initializing Servlet 'dispatcherServlet'
2023-10-08 20:35:57|[http-nio-8087-exec-1]|INFO |org.springframework.web.servlet.DispatcherServlet-Completed initialization in 0 ms
2023-10-08 20:52:12|[http-nio-8087-exec-4]|INFO |com.harshi.InventoryAndBilling.controllers.UserController-Inside to showLoginPage() on UserController
2023-10-08 20:52:21|[http-nio-8087-exec-5]|INFO |com.harshi.InventoryAndBilling.controllers.UserController-Inside showLoginPage() with email - ayush11006on UserController
2023-10-08 20:52:21|[http-nio-8087-exec-5]|INFO |com.harshi.InventoryAndBilling.controllers.UserController-Redirecting landing.html
2023-10-08 21:01:48|[http-nio-8087-exec-8]|INFO |com.harshi.InventoryAndBilling.controllers.ProductController-Inside showAvailableProducts() on DashboardController
2023-10-08 21:20:58|[http-nio-8087-exec-1]|INFO |com.harshi.InventoryAndBilling.controllers.DashboardController-Redirecting landing.html
2023-10-08 21:25:38|[main]|INFO |com.harshi.InventoryAndBilling.InventoryAndBillingApplication-Starting InventoryAndBillingApplication using Java 17.0.8.1 with PID 11976 (C:\Users\Asus\Downloads\InventoryAndBilling\InventoryAndBilling\target\classes started by Asus in C:\Users\Asus\Downloads\InventoryAndBilling\InventoryAndBilling)
2023-10-08 21:25:38|[main]|INFO |com.harshi.InventoryAndBilling.InventoryAndBillingApplication-No active profile set, falling back to 1 default profile: "default"
2023-10-08 21:25:39|[main]|INFO |org.springframework.data.repository.config.RepositoryConfigurationDelegate-Bootstrapping Spring Data JPA repositories in DEFAULT mode.
2023-10-08 21:25:39|[main]|INFO |org.springframework.data.repository.config.RepositoryConfigurationDelegate-Finished Spring Data repository scanning in 108 ms. Found 6 JPA repository interfaces.
2023-10-08 21:25:40|[main]|INFO |org.springframework.boot.web.embedded.tomcat.TomcatWebServer-Tomcat initialized with port(s): 8087 (http)
2023-10-08 21:25:40|[main]|INFO |org.apache.coyote.http11.Http11NioProtocol-Initializing ProtocolHandler ["http-nio-8087"]
2023-10-08 21:25:40|[main]|INFO |org.apache.catalina.core.StandardService-Starting service [Tomcat]
2023-10-08 21:25:40|[main]|INFO |org.apache.catalina.core.StandardEngine-Starting Servlet engine: [Apache Tomcat/10.1.12]
2023-10-08 21:25:40|[main]|INFO |org.apache.catalina.core.ContainerBase.[Tomcat].[localhost].[/inventorybilling]-Initializing Spring embedded WebApplicationContext
2023-10-08 21:25:40|[main]|INFO |org.springframework.boot.web.servlet.context.ServletWebServerApplicationContext-Root WebApplicationContext: initialization completed in 2060 ms
2023-10-08 21:25:41|[main]|INFO |org.hibernate.jpa.internal.util.LogHelper-HHH000204: Processing PersistenceUnitInfo [name: default]
2023-10-08 21:25:41|[main]|INFO |org.hibernate.Version-HHH000412: Hibernate ORM core version 6.2.7.Final
2023-10-08 21:25:41|[main]|INFO |org.hibernate.cfg.Environment-HHH000406: Using bytecode reflection optimizer
2023-10-08 21:25:41|[main]|INFO |org.hibernate.bytecode.internal.BytecodeProviderInitiator-HHH000021: Bytecode provider name : bytebuddy
2023-10-08 21:25:41|[main]|INFO |org.springframework.orm.jpa.persistenceunit.SpringPersistenceUnitInfo-No LoadTimeWeaver setup: ignoring JPA class transformer
2023-10-08 21:25:41|[main]|INFO |com.zaxxer.hikari.HikariDataSource-HikariPool-1 - Starting...
2023-10-08 21:25:42|[main]|INFO |com.zaxxer.hikari.pool.HikariPool-HikariPool-1 - Added connection com.mysql.cj.jdbc.ConnectionImpl@4d825dbe
2023-10-08 21:25:42|[main]|INFO |com.zaxxer.hikari.HikariDataSource-HikariPool-1 - Start completed.
2023-10-08 21:25:42|[main]|INFO |org.hibernate.bytecode.internal.BytecodeProviderInitiator-HHH000021: Bytecode provider name : bytebuddy
2023-10-08 21:25:43|[main]|INFO |org.hibernate.engine.transaction.jta.platform.internal.JtaPlatformInitiator-HHH000490: Using JtaPlatform implementation: [org.hibernate.engine.transaction.jta.platform.internal.NoJtaPlatform]
2023-10-08 21:25:43|[main]|INFO |org.springframework.orm.jpa.LocalContainerEntityManagerFactoryBean-Initialized JPA EntityManagerFactory for persistence unit 'default'
2023-10-08 21:25:44|[main]|INFO |org.springframework.data.jpa.repository.query.QueryEnhancerFactory-Hibernate is in classpath; If applicable, HQL parser will be used.
2023-10-08 21:25:44|[main]|WARN |org.springframework.boot.autoconfigure.orm.jpa.JpaBaseConfiguration$JpaWebConfiguration-spring.jpa.open-in-view is enabled by default. Therefore, database queries may be performed during view rendering. Explicitly configure spring.jpa.open-in-view to disable this warning
2023-10-08 21:25:45|[main]|INFO |org.springframework.boot.autoconfigure.web.servlet.WelcomePageHandlerMapping-Adding welcome page template: index
2023-10-08 21:25:45|[main]|INFO |org.apache.coyote.http11.Http11NioProtocol-Starting ProtocolHandler ["http-nio-8087"]
2023-10-08 21:25:45|[main]|WARN |org.springframework.boot.web.servlet.context.AnnotationConfigServletWebServerApplicationContext-Exception encountered during context initialization - cancelling refresh attempt: org.springframework.context.ApplicationContextException: Failed to start bean 'webServerStartStop'
2023-10-08 21:25:45|[main]|INFO |org.springframework.orm.jpa.LocalContainerEntityManagerFactoryBean-Closing JPA EntityManagerFactory for persistence unit 'default'
2023-10-08 21:25:45|[main]|INFO |com.zaxxer.hikari.HikariDataSource-HikariPool-1 - Shutdown initiated...
2023-10-08 21:25:45|[main]|INFO |com.zaxxer.hikari.HikariDataSource-HikariPool-1 - Shutdown completed.
2023-10-08 21:25:45|[main]|INFO |org.apache.coyote.http11.Http11NioProtocol-Pausing ProtocolHandler ["http-nio-8087"]
2023-10-08 21:25:45|[main]|INFO |org.apache.catalina.core.StandardService-Stopping service [Tomcat]
2023-10-08 21:25:45|[main]|INFO |org.apache.coyote.http11.Http11NioProtocol-Stopping ProtocolHandler ["http-nio-8087"]
2023-10-08 21:25:45|[main]|INFO |org.apache.coyote.http11.Http11NioProtocol-Destroying ProtocolHandler ["http-nio-8087"]
2023-10-08 21:25:45|[main]|INFO |org.springframework.boot.autoconfigure.logging.ConditionEvaluationReportLogger-

Error starting ApplicationContext. To display the condition evaluation report re-run your application with 'debug' enabled.
2023-10-08 21:25:45|[main]|ERROR|org.springframework.boot.diagnostics.LoggingFailureAnalysisReporter-

***************************
APPLICATION FAILED TO START
***************************

Description:

Web server failed to start. Port 8087 was already in use.

Action:

Identify and stop the process that's listening on port 8087 or configure this application to listen on another port.

2023-10-08 21:26:12|[http-nio-8087-exec-4]|INFO |com.harshi.InventoryAndBilling.controllers.ProductController-Inside showAvailableProducts() on DashboardController
2023-10-08 21:27:26|[http-nio-8087-exec-7]|INFO |com.harshi.InventoryAndBilling.controllers.UserController-Inside to showLoginPage() on UserController
2023-10-08 21:27:33|[http-nio-8087-exec-8]|INFO |com.harshi.InventoryAndBilling.controllers.UserController-Inside showLoginPage() with email - ayush11006on UserController
2023-10-08 21:27:33|[http-nio-8087-exec-8]|INFO |com.harshi.InventoryAndBilling.controllers.UserController-Redirecting landing.html
2023-10-08 21:27:35|[http-nio-8087-exec-10]|INFO |com.harshi.InventoryAndBilling.controllers.ProductController-Inside showAvailableProducts() on DashboardController
2023-10-08 21:27:43|[http-nio-8087-exec-1]|INFO |com.harshi.InventoryAndBilling.controllers.DashboardController-Redirecting landing.html
2023-10-08 21:27:45|[http-nio-8087-exec-2]|INFO |com.harshi.InventoryAndBilling.controllers.WarehouseController-Inside showWarehouseList() on WarehouseController
2023-10-08 21:27:49|[http-nio-8087-exec-4]|INFO |com.harshi.InventoryAndBilling.controllers.DashboardController-Redirecting landing.html
2023-10-08 21:28:39|[http-nio-8087-exec-6]|INFO |com.harshi.InventoryAndBilling.controllers.ProductController-Inside showAvailableProducts() on DashboardController
2023-10-08 21:28:47|[http-nio-8087-exec-7]|INFO |com.harshi.InventoryAndBilling.controllers.DashboardController-Redirecting landing.html
2023-10-08 21:28:56|[http-nio-8087-exec-8]|INFO |com.harshi.InventoryAndBilling.controllers.ProductController-Inside showAvailableProducts() on DashboardController
2023-10-08 21:30:33|[http-nio-8087-exec-1]|INFO |com.harshi.InventoryAndBilling.controllers.DashboardController-Redirecting landing.html
2023-10-08 21:30:55|[http-nio-8087-exec-2]|INFO |com.harshi.InventoryAndBilling.controllers.ProductController-Inside showAvailableProducts() on DashboardController
2023-10-08 21:45:10|[http-nio-8087-exec-5]|INFO |com.harshi.InventoryAndBilling.controllers.ProductController-Inside showAvailableProducts() on DashboardController
2023-10-08 21:47:00|[http-nio-8087-exec-8]|INFO |com.harshi.InventoryAndBilling.controllers.DashboardController-Redirecting landing.html
2023-10-08 21:47:13|[http-nio-8087-exec-10]|INFO |com.harshi.InventoryAndBilling.controllers.DashboardController-Redirecting landing.html
2023-10-08 21:47:24|[http-nio-8087-exec-9]|INFO |com.harshi.InventoryAndBilling.controllers.WarehouseController-Inside showWarehouseList() on WarehouseController
2023-10-08 21:48:02|[http-nio-8087-exec-3]|INFO |com.harshi.InventoryAndBilling.controllers.DashboardController-Redirecting landing.html
2023-10-08 21:48:05|[http-nio-8087-exec-4]|INFO |com.harshi.InventoryAndBilling.controllers.WarehouseController-Inside showWarehouseList() on WarehouseController
