2023-11-21 19:38:54|[background-preinit]|INFO |org.hibernate.validator.internal.util.Version-HV000001: Hibernate Validator 8.0.1.Final
2023-11-21 19:38:54|[main]|INFO |com.harshi_solution.inventorymate.InventoryAndBillingApplication-Starting InventoryAndBillingApplication using Java 17.0.8.1 with PID 30232 (C:\Users\Asus\Downloads\InventoryAndBilling\InventoryAndBilling\target\classes started by Asus in C:\Users\Asus\Downloads\InventoryAndBilling\InventoryAndBilling)
2023-11-21 19:38:54|[main]|INFO |com.harshi_solution.inventorymate.InventoryAndBillingApplication-No active profile set, falling back to 1 default profile: "default"
2023-11-21 19:38:55|[main]|INFO |org.springframework.data.repository.config.RepositoryConfigurationDelegate-Bootstrapping Spring Data JPA repositories in DEFAULT mode.
2023-11-21 19:38:55|[main]|INFO |org.springframework.data.repository.config.RepositoryConfigurationDelegate-Finished Spring Data repository scanning in 121 ms. Found 12 JPA repository interfaces.
2023-11-21 19:38:56|[main]|INFO |org.springframework.boot.web.embedded.tomcat.TomcatWebServer-Tomcat initialized with port(s): 8087 (http)
2023-11-21 19:38:56|[main]|INFO |org.apache.coyote.http11.Http11NioProtocol-Initializing ProtocolHandler ["http-nio-8087"]
2023-11-21 19:38:56|[main]|INFO |org.apache.catalina.core.StandardService-Starting service [Tomcat]
2023-11-21 19:38:56|[main]|INFO |org.apache.catalina.core.StandardEngine-Starting Servlet engine: [Apache Tomcat/10.1.12]
2023-11-21 19:38:56|[main]|INFO |org.apache.catalina.core.ContainerBase.[Tomcat].[localhost].[/inventorybilling]-Initializing Spring embedded WebApplicationContext
2023-11-21 19:38:56|[main]|INFO |org.springframework.boot.web.servlet.context.ServletWebServerApplicationContext-Root WebApplicationContext: initialization completed in 2132 ms
2023-11-21 19:38:57|[main]|INFO |org.hibernate.jpa.internal.util.LogHelper-HHH000204: Processing PersistenceUnitInfo [name: default]
2023-11-21 19:38:57|[main]|INFO |org.hibernate.Version-HHH000412: Hibernate ORM core version 6.2.7.Final
2023-11-21 19:38:57|[main]|INFO |org.hibernate.cfg.Environment-HHH000406: Using bytecode reflection optimizer
2023-11-21 19:38:57|[main]|INFO |org.hibernate.bytecode.internal.BytecodeProviderInitiator-HHH000021: Bytecode provider name : bytebuddy
2023-11-21 19:38:57|[main]|INFO |org.springframework.orm.jpa.persistenceunit.SpringPersistenceUnitInfo-No LoadTimeWeaver setup: ignoring JPA class transformer
2023-11-21 19:38:57|[main]|INFO |com.zaxxer.hikari.HikariDataSource-HikariPool-1 - Starting...
2023-11-21 19:38:57|[main]|INFO |com.zaxxer.hikari.pool.HikariPool-HikariPool-1 - Added connection com.mysql.cj.jdbc.ConnectionImpl@f9a5e3f
2023-11-21 19:38:57|[main]|INFO |com.zaxxer.hikari.HikariDataSource-HikariPool-1 - Start completed.
2023-11-21 19:38:58|[main]|INFO |org.hibernate.bytecode.internal.BytecodeProviderInitiator-HHH000021: Bytecode provider name : bytebuddy
2023-11-21 19:38:59|[main]|INFO |org.hibernate.engine.transaction.jta.platform.internal.JtaPlatformInitiator-HHH000490: Using JtaPlatform implementation: [org.hibernate.engine.transaction.jta.platform.internal.NoJtaPlatform]
2023-11-21 19:38:59|[main]|INFO |org.springframework.orm.jpa.LocalContainerEntityManagerFactoryBean-Initialized JPA EntityManagerFactory for persistence unit 'default'
2023-11-21 19:38:59|[main]|INFO |org.springframework.data.jpa.repository.query.QueryEnhancerFactory-Hibernate is in classpath; If applicable, HQL parser will be used.
2023-11-21 19:39:00|[main]|WARN |org.springframework.boot.autoconfigure.orm.jpa.JpaBaseConfiguration$JpaWebConfiguration-spring.jpa.open-in-view is enabled by default. Therefore, database queries may be performed during view rendering. Explicitly configure spring.jpa.open-in-view to disable this warning
2023-11-21 19:39:00|[main]|INFO |org.springframework.boot.autoconfigure.web.servlet.WelcomePageHandlerMapping-Adding welcome page template: index
2023-11-21 19:39:00|[main]|INFO |org.apache.coyote.http11.Http11NioProtocol-Starting ProtocolHandler ["http-nio-8087"]
2023-11-21 19:39:00|[main]|INFO |org.springframework.boot.web.embedded.tomcat.TomcatWebServer-Tomcat started on port(s): 8087 (http) with context path '/inventorybilling'
2023-11-21 19:39:00|[main]|INFO |com.harshi_solution.inventorymate.InventoryAndBillingApplication-Started InventoryAndBillingApplication in 6.553 seconds (process running for 7.135)
2023-11-21 19:51:47|[http-nio-8087-exec-1]|INFO |org.apache.catalina.core.ContainerBase.[Tomcat].[localhost].[/inventorybilling]-Initializing Spring DispatcherServlet 'dispatcherServlet'
2023-11-21 19:51:47|[http-nio-8087-exec-1]|INFO |org.springframework.web.servlet.DispatcherServlet-Initializing Servlet 'dispatcherServlet'
2023-11-21 19:51:47|[http-nio-8087-exec-1]|INFO |org.springframework.web.servlet.DispatcherServlet-Completed initialization in 2 ms
2023-11-21 19:51:47|[http-nio-8087-exec-1]|INFO |com.harshi_solution.inventorymate.controllers.OrderController-Displaying order list
2023-11-21 19:51:49|[http-nio-8087-exec-2]|INFO |com.harshi_solution.inventorymate.controllers.DashboardController-Redirecting to landing.html
2023-11-21 19:51:51|[http-nio-8087-exec-5]|INFO |com.harshi_solution.inventorymate.controllers.OrderController-Displaying order list
2023-11-21 19:51:55|[http-nio-8087-exec-3]|INFO |com.harshi_solution.inventorymate.controllers.DashboardController-Redirecting to landing.html
2023-11-21 19:51:57|[http-nio-8087-exec-7]|INFO |com.harshi_solution.inventorymate.controllers.ProductController-Displaying the list of available products
2023-11-21 19:52:01|[http-nio-8087-exec-4]|INFO |com.harshi_solution.inventorymate.controllers.DashboardController-Redirecting to landing.html
2023-11-21 19:52:03|[http-nio-8087-exec-6]|INFO |com.harshi_solution.inventorymate.controllers.WarehouseController-Inside showWarehouseList() on WarehouseController
2023-11-21 19:52:09|[http-nio-8087-exec-9]|INFO |com.harshi_solution.inventorymate.controllers.DashboardController-Redirecting to landing.html
2023-11-21 19:54:44|[http-nio-8087-exec-1]|INFO |com.harshi_solution.inventorymate.controllers.WarehouseController-Inside showWarehouseList() on WarehouseController
2023-11-21 19:54:48|[http-nio-8087-exec-3]|INFO |com.harshi_solution.inventorymate.controllers.DashboardController-Redirecting to landing.html
2023-11-21 19:58:19|[http-nio-8087-exec-6]|INFO |com.harshi_solution.inventorymate.controllers.WarehouseController-Inside showWarehouseList() on WarehouseController
2023-11-21 19:58:22|[http-nio-8087-exec-9]|INFO |com.harshi_solution.inventorymate.controllers.DashboardController-Redirecting to landing.html
2023-11-21 19:58:24|[http-nio-8087-exec-1]|INFO |com.harshi_solution.inventorymate.controllers.RepsController-Displaying the list of representatives
2023-11-21 19:58:26|[http-nio-8087-exec-2]|INFO |com.harshi_solution.inventorymate.controllers.DashboardController-Redirecting to landing.html
2023-11-21 19:58:27|[http-nio-8087-exec-5]|INFO |com.harshi_solution.inventorymate.controllers.RepsController-Displaying the list of representatives
2023-11-21 19:58:29|[http-nio-8087-exec-3]|INFO |com.harshi_solution.inventorymate.controllers.DashboardController-Redirecting to landing.html
2023-11-21 19:58:31|[http-nio-8087-exec-4]|INFO |com.harshi_solution.inventorymate.controllers.RepsController-Displaying the list of representatives
2023-11-21 19:58:33|[http-nio-8087-exec-9]|INFO |com.harshi_solution.inventorymate.controllers.DashboardController-Redirecting to landing.html
2023-11-21 19:58:35|[http-nio-8087-exec-10]|INFO |com.harshi_solution.inventorymate.controllers.TransportController-Displaying the list of transports
2023-11-21 19:58:40|[http-nio-8087-exec-8]|INFO |com.harshi_solution.inventorymate.controllers.DashboardController-Redirecting to landing.html
2023-11-21 20:05:13|[http-nio-8087-exec-5]|INFO |com.harshi_solution.inventorymate.controllers.OrderController-Entering showBookOrder
2023-11-21 20:05:17|[http-nio-8087-exec-3]|INFO |com.harshi_solution.inventorymate.controllers.DashboardController-Redirecting to landing.html
2023-11-21 20:05:19|[http-nio-8087-exec-4]|INFO |com.harshi_solution.inventorymate.controllers.OrderController-Displaying order list
2023-11-21 20:05:21|[http-nio-8087-exec-7]|INFO |com.harshi_solution.inventorymate.controllers.OrderController-Displaying order details for order with ID: 1
2023-11-21 20:05:22|[http-nio-8087-exec-6]|INFO |com.harshi_solution.inventorymate.controllers.DashboardController-Redirecting to landing.html
2023-11-21 20:05:26|[http-nio-8087-exec-9]|INFO |com.harshi_solution.inventorymate.controllers.DashboardController-Inside getTotalOutstanding() on DashboardController
2023-11-21 20:05:29|[http-nio-8087-exec-10]|INFO |com.harshi_solution.inventorymate.controllers.DashboardController-Redirecting to landing.html
2023-11-21 20:05:30|[http-nio-8087-exec-8]|INFO |com.harshi_solution.inventorymate.controllers.ProductController-Displaying the list of available products
2023-11-21 20:05:32|[http-nio-8087-exec-2]|INFO |com.harshi_solution.inventorymate.controllers.ProductController-Displaying product details for product with ID: 1
2023-11-21 20:05:36|[http-nio-8087-exec-1]|INFO |com.harshi_solution.inventorymate.controllers.DashboardController-Redirecting to landing.html
2023-11-21 20:05:40|[http-nio-8087-exec-5]|INFO |com.harshi_solution.inventorymate.controllers.WarehouseController-Inside showWarehouseList() on WarehouseController
2023-11-21 20:05:45|[http-nio-8087-exec-3]|INFO |com.harshi_solution.inventorymate.controllers.DashboardController-Redirecting to landing.html
2023-11-21 20:05:46|[http-nio-8087-exec-4]|INFO |com.harshi_solution.inventorymate.controllers.RepsController-Displaying the list of representatives
2023-11-21 20:05:48|[http-nio-8087-exec-7]|INFO |com.harshi_solution.inventorymate.controllers.DashboardController-Redirecting to landing.html
2023-11-21 20:05:49|[http-nio-8087-exec-6]|INFO |com.harshi_solution.inventorymate.controllers.PartyController-Displaying the party list
2023-11-21 20:05:51|[http-nio-8087-exec-9]|INFO |com.harshi_solution.inventorymate.controllers.DashboardController-Redirecting to landing.html
2023-11-21 20:05:53|[http-nio-8087-exec-10]|INFO |com.harshi_solution.inventorymate.controllers.TransportController-Displaying the list of transports
2023-11-21 20:05:54|[http-nio-8087-exec-8]|INFO |com.harshi_solution.inventorymate.controllers.TransportController-Displaying transport details for transport with ID: 1
2023-11-21 20:05:56|[http-nio-8087-exec-2]|INFO |com.harshi_solution.inventorymate.controllers.DashboardController-Redirecting to landing.html
2023-11-21 20:05:57|[http-nio-8087-exec-1]|INFO |com.harshi_solution.inventorymate.controllers.PartyController-Displaying the party list
2023-11-21 20:05:59|[http-nio-8087-exec-5]|INFO |com.harshi_solution.inventorymate.controllers.PartyController-Displaying party details for party with ID: 1
2023-11-21 20:06:55|[http-nio-8087-exec-4]|INFO |com.harshi_solution.inventorymate.controllers.OrderController-Displaying order details for order with ID: 1
2023-11-21 20:07:00|[http-nio-8087-exec-7]|INFO |com.harshi_solution.inventorymate.controllers.DashboardController-Redirecting to landing.html
