2023-10-09 22:18:41|[main]|INFO |com.harshi.InventoryAndBilling.InventoryAndBillingApplication-Starting InventoryAndBillingApplication using Java 17.0.8.1 with PID 11356 (D:\InventoryAndBilling\InventoryAndBilling\target\classes started by Harshikesh in D:\InventoryAndBilling\InventoryAndBilling)
2023-10-09 22:18:41|[main]|INFO |com.harshi.InventoryAndBilling.InventoryAndBillingApplication-No active profile set, falling back to 1 default profile: "default"
2023-10-09 22:18:42|[main]|INFO |org.springframework.data.repository.config.RepositoryConfigurationDelegate-Bootstrapping Spring Data JPA repositories in DEFAULT mode.
2023-10-09 22:18:42|[main]|INFO |org.springframework.data.repository.config.RepositoryConfigurationDelegate-Finished Spring Data repository scanning in 130 ms. Found 8 JPA repository interfaces.
2023-10-09 22:18:43|[main]|INFO |org.springframework.boot.web.embedded.tomcat.TomcatWebServer-Tomcat initialized with port(s): 8087 (http)
2023-10-09 22:18:43|[main]|INFO |org.apache.coyote.http11.Http11NioProtocol-Initializing ProtocolHandler ["http-nio-8087"]
2023-10-09 22:18:43|[main]|INFO |org.apache.catalina.core.StandardService-Starting service [Tomcat]
2023-10-09 22:18:43|[main]|INFO |org.apache.catalina.core.StandardEngine-Starting Servlet engine: [Apache Tomcat/10.1.12]
2023-10-09 22:18:43|[main]|INFO |org.apache.catalina.core.ContainerBase.[Tomcat].[localhost].[/inventorybilling]-Initializing Spring embedded WebApplicationContext
2023-10-09 22:18:43|[main]|INFO |org.springframework.boot.web.servlet.context.ServletWebServerApplicationContext-Root WebApplicationContext: initialization completed in 2200 ms
2023-10-09 22:18:43|[main]|INFO |org.hibernate.jpa.internal.util.LogHelper-HHH000204: Processing PersistenceUnitInfo [name: default]
2023-10-09 22:18:43|[main]|INFO |org.hibernate.Version-HHH000412: Hibernate ORM core version 6.2.7.Final
2023-10-09 22:18:43|[main]|INFO |org.hibernate.cfg.Environment-HHH000406: Using bytecode reflection optimizer
2023-10-09 22:18:44|[main]|INFO |org.hibernate.bytecode.internal.BytecodeProviderInitiator-HHH000021: Bytecode provider name : bytebuddy
2023-10-09 22:18:44|[main]|INFO |org.springframework.orm.jpa.persistenceunit.SpringPersistenceUnitInfo-No LoadTimeWeaver setup: ignoring JPA class transformer
2023-10-09 22:18:44|[main]|INFO |com.zaxxer.hikari.HikariDataSource-HikariPool-1 - Starting...
2023-10-09 22:18:45|[main]|ERROR|com.zaxxer.hikari.pool.HikariPool-HikariPool-1 - Exception during pool initialization.
com.mysql.cj.jdbc.exceptions.CommunicationsException: Communications link failure

The last packet sent successfully to the server was 0 milliseconds ago. The driver has not received any packets from the server.
	at com.mysql.cj.jdbc.exceptions.SQLError.createCommunicationsException(SQLError.java:175)
	at com.mysql.cj.jdbc.exceptions.SQLExceptionsMapping.translateException(SQLExceptionsMapping.java:64)
	at com.mysql.cj.jdbc.ConnectionImpl.createNewIO(ConnectionImpl.java:825)
	at com.mysql.cj.jdbc.ConnectionImpl.<init>(ConnectionImpl.java:446)
	at com.mysql.cj.jdbc.ConnectionImpl.getInstance(ConnectionImpl.java:239)
	at com.mysql.cj.jdbc.NonRegisteringDriver.connect(NonRegisteringDriver.java:188)
	at com.zaxxer.hikari.util.DriverDataSource.getConnection(DriverDataSource.java:138)
	at com.zaxxer.hikari.pool.PoolBase.newConnection(PoolBase.java:359)
	at com.zaxxer.hikari.pool.PoolBase.newPoolEntry(PoolBase.java:201)
	at com.zaxxer.hikari.pool.HikariPool.createPoolEntry(HikariPool.java:470)
	at com.zaxxer.hikari.pool.HikariPool.checkFailFast(HikariPool.java:561)
	at com.zaxxer.hikari.pool.HikariPool.<init>(HikariPool.java:100)
	at com.zaxxer.hikari.HikariDataSource.getConnection(HikariDataSource.java:112)
	at org.hibernate.engine.jdbc.connections.internal.DatasourceConnectionProviderImpl.getConnection(DatasourceConnectionProviderImpl.java:122)
	at org.hibernate.engine.jdbc.env.internal.JdbcEnvironmentInitiator$ConnectionProviderJdbcConnectionAccess.obtainConnection(JdbcEnvironmentInitiator.java:316)
	at org.hibernate.engine.jdbc.env.internal.JdbcEnvironmentInitiator.initiateService(JdbcEnvironmentInitiator.java:152)
	at org.hibernate.engine.jdbc.env.internal.JdbcEnvironmentInitiator.initiateService(JdbcEnvironmentInitiator.java:34)
	at org.hibernate.boot.registry.internal.StandardServiceRegistryImpl.initiateService(StandardServiceRegistryImpl.java:119)
	at org.hibernate.service.internal.AbstractServiceRegistryImpl.createService(AbstractServiceRegistryImpl.java:264)
	at org.hibernate.service.internal.AbstractServiceRegistryImpl.initializeService(AbstractServiceRegistryImpl.java:239)
	at org.hibernate.service.internal.AbstractServiceRegistryImpl.getService(AbstractServiceRegistryImpl.java:216)
	at org.hibernate.boot.model.relational.Database.<init>(Database.java:45)
	at org.hibernate.boot.internal.InFlightMetadataCollectorImpl.getDatabase(InFlightMetadataCollectorImpl.java:230)
	at org.hibernate.boot.internal.InFlightMetadataCollectorImpl.<init>(InFlightMetadataCollectorImpl.java:198)
	at org.hibernate.boot.model.process.spi.MetadataBuildingProcess.complete(MetadataBuildingProcess.java:166)
	at org.hibernate.jpa.boot.internal.EntityManagerFactoryBuilderImpl.metadata(EntityManagerFactoryBuilderImpl.java:1380)
	at org.hibernate.jpa.boot.internal.EntityManagerFactoryBuilderImpl.build(EntityManagerFactoryBuilderImpl.java:1451)
	at org.springframework.orm.jpa.vendor.SpringHibernateJpaPersistenceProvider.createContainerEntityManagerFactory(SpringHibernateJpaPersistenceProvider.java:75)
	at org.springframework.orm.jpa.LocalContainerEntityManagerFactoryBean.createNativeEntityManagerFactory(LocalContainerEntityManagerFactoryBean.java:376)
	at org.springframework.orm.jpa.AbstractEntityManagerFactoryBean.buildNativeEntityManagerFactory(AbstractEntityManagerFactoryBean.java:409)
	at org.springframework.orm.jpa.AbstractEntityManagerFactoryBean.afterPropertiesSet(AbstractEntityManagerFactoryBean.java:396)
	at org.springframework.orm.jpa.LocalContainerEntityManagerFactoryBean.afterPropertiesSet(LocalContainerEntityManagerFactoryBean.java:352)
	at org.springframework.beans.factory.support.AbstractAutowireCapableBeanFactory.invokeInitMethods(AbstractAutowireCapableBeanFactory.java:1817)
	at org.springframework.beans.factory.support.AbstractAutowireCapableBeanFactory.initializeBean(AbstractAutowireCapableBeanFactory.java:1766)
	at org.springframework.beans.factory.support.AbstractAutowireCapableBeanFactory.doCreateBean(AbstractAutowireCapableBeanFactory.java:598)
	at org.springframework.beans.factory.support.AbstractAutowireCapableBeanFactory.createBean(AbstractAutowireCapableBeanFactory.java:520)
	at org.springframework.beans.factory.support.AbstractBeanFactory.lambda$doGetBean$0(AbstractBeanFactory.java:326)
	at org.springframework.beans.factory.support.DefaultSingletonBeanRegistry.getSingleton(DefaultSingletonBeanRegistry.java:234)
	at org.springframework.beans.factory.support.AbstractBeanFactory.doGetBean(AbstractBeanFactory.java:324)
	at org.springframework.beans.factory.support.AbstractBeanFactory.getBean(AbstractBeanFactory.java:200)
	at org.springframework.context.support.AbstractApplicationContext.getBean(AbstractApplicationContext.java:1155)
	at org.springframework.context.support.AbstractApplicationContext.finishBeanFactoryInitialization(AbstractApplicationContext.java:932)
	at org.springframework.context.support.AbstractApplicationContext.refresh(AbstractApplicationContext.java:608)
	at org.springframework.boot.web.servlet.context.ServletWebServerApplicationContext.refresh(ServletWebServerApplicationContext.java:146)
	at org.springframework.boot.SpringApplication.refresh(SpringApplication.java:734)
	at org.springframework.boot.SpringApplication.refreshContext(SpringApplication.java:436)
	at org.springframework.boot.SpringApplication.run(SpringApplication.java:312)
	at org.springframework.boot.SpringApplication.run(SpringApplication.java:1306)
	at org.springframework.boot.SpringApplication.run(SpringApplication.java:1295)
	at com.harshi.InventoryAndBilling.InventoryAndBillingApplication.main(InventoryAndBillingApplication.java:10)
Caused by: com.mysql.cj.exceptions.CJCommunicationsException: Communications link failure

The last packet sent successfully to the server was 0 milliseconds ago. The driver has not received any packets from the server.
	at java.base/jdk.internal.reflect.NativeConstructorAccessorImpl.newInstance0(Native Method)
	at java.base/jdk.internal.reflect.NativeConstructorAccessorImpl.newInstance(NativeConstructorAccessorImpl.java:77)
	at java.base/jdk.internal.reflect.DelegatingConstructorAccessorImpl.newInstance(DelegatingConstructorAccessorImpl.java:45)
	at java.base/java.lang.reflect.Constructor.newInstanceWithCaller(Constructor.java:499)
	at java.base/java.lang.reflect.Constructor.newInstance(Constructor.java:480)
	at com.mysql.cj.exceptions.ExceptionFactory.createException(ExceptionFactory.java:62)
	at com.mysql.cj.exceptions.ExceptionFactory.createException(ExceptionFactory.java:105)
	at com.mysql.cj.exceptions.ExceptionFactory.createException(ExceptionFactory.java:150)
	at com.mysql.cj.exceptions.ExceptionFactory.createCommunicationsException(ExceptionFactory.java:166)
	at com.mysql.cj.protocol.a.NativeSocketConnection.connect(NativeSocketConnection.java:89)
	at com.mysql.cj.NativeSession.connect(NativeSession.java:121)
	at com.mysql.cj.jdbc.ConnectionImpl.connectOneTryOnly(ConnectionImpl.java:945)
	at com.mysql.cj.jdbc.ConnectionImpl.createNewIO(ConnectionImpl.java:815)
	... 47 common frames omitted
Caused by: java.net.ConnectException: Connection refused: no further information
	at java.base/sun.nio.ch.Net.pollConnect(Native Method)
	at java.base/sun.nio.ch.Net.pollConnectNow(Net.java:672)
	at java.base/sun.nio.ch.NioSocketImpl.timedFinishConnect(NioSocketImpl.java:547)
	at java.base/sun.nio.ch.NioSocketImpl.connect(NioSocketImpl.java:602)
	at java.base/java.net.SocksSocketImpl.connect(SocksSocketImpl.java:327)
	at java.base/java.net.Socket.connect(Socket.java:633)
	at com.mysql.cj.protocol.StandardSocketFactory.connect(StandardSocketFactory.java:153)
	at com.mysql.cj.protocol.a.NativeSocketConnection.connect(NativeSocketConnection.java:63)
	... 50 common frames omitted
2023-10-09 22:18:45|[main]|WARN |org.hibernate.engine.jdbc.env.internal.JdbcEnvironmentInitiator-HHH000342: Could not obtain connection to query metadata
com.mysql.cj.jdbc.exceptions.CommunicationsException: Communications link failure

The last packet sent successfully to the server was 0 milliseconds ago. The driver has not received any packets from the server.
	at com.mysql.cj.jdbc.exceptions.SQLError.createCommunicationsException(SQLError.java:175)
	at com.mysql.cj.jdbc.exceptions.SQLExceptionsMapping.translateException(SQLExceptionsMapping.java:64)
	at com.mysql.cj.jdbc.ConnectionImpl.createNewIO(ConnectionImpl.java:825)
	at com.mysql.cj.jdbc.ConnectionImpl.<init>(ConnectionImpl.java:446)
	at com.mysql.cj.jdbc.ConnectionImpl.getInstance(ConnectionImpl.java:239)
	at com.mysql.cj.jdbc.NonRegisteringDriver.connect(NonRegisteringDriver.java:188)
	at com.zaxxer.hikari.util.DriverDataSource.getConnection(DriverDataSource.java:138)
	at com.zaxxer.hikari.pool.PoolBase.newConnection(PoolBase.java:359)
	at com.zaxxer.hikari.pool.PoolBase.newPoolEntry(PoolBase.java:201)
	at com.zaxxer.hikari.pool.HikariPool.createPoolEntry(HikariPool.java:470)
	at com.zaxxer.hikari.pool.HikariPool.checkFailFast(HikariPool.java:561)
	at com.zaxxer.hikari.pool.HikariPool.<init>(HikariPool.java:100)
	at com.zaxxer.hikari.HikariDataSource.getConnection(HikariDataSource.java:112)
	at org.hibernate.engine.jdbc.connections.internal.DatasourceConnectionProviderImpl.getConnection(DatasourceConnectionProviderImpl.java:122)
	at org.hibernate.engine.jdbc.env.internal.JdbcEnvironmentInitiator$ConnectionProviderJdbcConnectionAccess.obtainConnection(JdbcEnvironmentInitiator.java:316)
	at org.hibernate.engine.jdbc.env.internal.JdbcEnvironmentInitiator.initiateService(JdbcEnvironmentInitiator.java:152)
	at org.hibernate.engine.jdbc.env.internal.JdbcEnvironmentInitiator.initiateService(JdbcEnvironmentInitiator.java:34)
	at org.hibernate.boot.registry.internal.StandardServiceRegistryImpl.initiateService(StandardServiceRegistryImpl.java:119)
	at org.hibernate.service.internal.AbstractServiceRegistryImpl.createService(AbstractServiceRegistryImpl.java:264)
	at org.hibernate.service.internal.AbstractServiceRegistryImpl.initializeService(AbstractServiceRegistryImpl.java:239)
	at org.hibernate.service.internal.AbstractServiceRegistryImpl.getService(AbstractServiceRegistryImpl.java:216)
	at org.hibernate.boot.model.relational.Database.<init>(Database.java:45)
	at org.hibernate.boot.internal.InFlightMetadataCollectorImpl.getDatabase(InFlightMetadataCollectorImpl.java:230)
	at org.hibernate.boot.internal.InFlightMetadataCollectorImpl.<init>(InFlightMetadataCollectorImpl.java:198)
	at org.hibernate.boot.model.process.spi.MetadataBuildingProcess.complete(MetadataBuildingProcess.java:166)
	at org.hibernate.jpa.boot.internal.EntityManagerFactoryBuilderImpl.metadata(EntityManagerFactoryBuilderImpl.java:1380)
	at org.hibernate.jpa.boot.internal.EntityManagerFactoryBuilderImpl.build(EntityManagerFactoryBuilderImpl.java:1451)
	at org.springframework.orm.jpa.vendor.SpringHibernateJpaPersistenceProvider.createContainerEntityManagerFactory(SpringHibernateJpaPersistenceProvider.java:75)
	at org.springframework.orm.jpa.LocalContainerEntityManagerFactoryBean.createNativeEntityManagerFactory(LocalContainerEntityManagerFactoryBean.java:376)
	at org.springframework.orm.jpa.AbstractEntityManagerFactoryBean.buildNativeEntityManagerFactory(AbstractEntityManagerFactoryBean.java:409)
	at org.springframework.orm.jpa.AbstractEntityManagerFactoryBean.afterPropertiesSet(AbstractEntityManagerFactoryBean.java:396)
	at org.springframework.orm.jpa.LocalContainerEntityManagerFactoryBean.afterPropertiesSet(LocalContainerEntityManagerFactoryBean.java:352)
	at org.springframework.beans.factory.support.AbstractAutowireCapableBeanFactory.invokeInitMethods(AbstractAutowireCapableBeanFactory.java:1817)
	at org.springframework.beans.factory.support.AbstractAutowireCapableBeanFactory.initializeBean(AbstractAutowireCapableBeanFactory.java:1766)
	at org.springframework.beans.factory.support.AbstractAutowireCapableBeanFactory.doCreateBean(AbstractAutowireCapableBeanFactory.java:598)
	at org.springframework.beans.factory.support.AbstractAutowireCapableBeanFactory.createBean(AbstractAutowireCapableBeanFactory.java:520)
	at org.springframework.beans.factory.support.AbstractBeanFactory.lambda$doGetBean$0(AbstractBeanFactory.java:326)
	at org.springframework.beans.factory.support.DefaultSingletonBeanRegistry.getSingleton(DefaultSingletonBeanRegistry.java:234)
	at org.springframework.beans.factory.support.AbstractBeanFactory.doGetBean(AbstractBeanFactory.java:324)
	at org.springframework.beans.factory.support.AbstractBeanFactory.getBean(AbstractBeanFactory.java:200)
	at org.springframework.context.support.AbstractApplicationContext.getBean(AbstractApplicationContext.java:1155)
	at org.springframework.context.support.AbstractApplicationContext.finishBeanFactoryInitialization(AbstractApplicationContext.java:932)
	at org.springframework.context.support.AbstractApplicationContext.refresh(AbstractApplicationContext.java:608)
	at org.springframework.boot.web.servlet.context.ServletWebServerApplicationContext.refresh(ServletWebServerApplicationContext.java:146)
	at org.springframework.boot.SpringApplication.refresh(SpringApplication.java:734)
	at org.springframework.boot.SpringApplication.refreshContext(SpringApplication.java:436)
	at org.springframework.boot.SpringApplication.run(SpringApplication.java:312)
	at org.springframework.boot.SpringApplication.run(SpringApplication.java:1306)
	at org.springframework.boot.SpringApplication.run(SpringApplication.java:1295)
	at com.harshi.InventoryAndBilling.InventoryAndBillingApplication.main(InventoryAndBillingApplication.java:10)
Caused by: com.mysql.cj.exceptions.CJCommunicationsException: Communications link failure

The last packet sent successfully to the server was 0 milliseconds ago. The driver has not received any packets from the server.
	at java.base/jdk.internal.reflect.NativeConstructorAccessorImpl.newInstance0(Native Method)
	at java.base/jdk.internal.reflect.NativeConstructorAccessorImpl.newInstance(NativeConstructorAccessorImpl.java:77)
	at java.base/jdk.internal.reflect.DelegatingConstructorAccessorImpl.newInstance(DelegatingConstructorAccessorImpl.java:45)
	at java.base/java.lang.reflect.Constructor.newInstanceWithCaller(Constructor.java:499)
	at java.base/java.lang.reflect.Constructor.newInstance(Constructor.java:480)
	at com.mysql.cj.exceptions.ExceptionFactory.createException(ExceptionFactory.java:62)
	at com.mysql.cj.exceptions.ExceptionFactory.createException(ExceptionFactory.java:105)
	at com.mysql.cj.exceptions.ExceptionFactory.createException(ExceptionFactory.java:150)
	at com.mysql.cj.exceptions.ExceptionFactory.createCommunicationsException(ExceptionFactory.java:166)
	at com.mysql.cj.protocol.a.NativeSocketConnection.connect(NativeSocketConnection.java:89)
	at com.mysql.cj.NativeSession.connect(NativeSession.java:121)
	at com.mysql.cj.jdbc.ConnectionImpl.connectOneTryOnly(ConnectionImpl.java:945)
	at com.mysql.cj.jdbc.ConnectionImpl.createNewIO(ConnectionImpl.java:815)
	... 47 common frames omitted
Caused by: java.net.ConnectException: Connection refused: no further information
	at java.base/sun.nio.ch.Net.pollConnect(Native Method)
	at java.base/sun.nio.ch.Net.pollConnectNow(Net.java:672)
	at java.base/sun.nio.ch.NioSocketImpl.timedFinishConnect(NioSocketImpl.java:547)
	at java.base/sun.nio.ch.NioSocketImpl.connect(NioSocketImpl.java:602)
	at java.base/java.net.SocksSocketImpl.connect(SocksSocketImpl.java:327)
	at java.base/java.net.Socket.connect(Socket.java:633)
	at com.mysql.cj.protocol.StandardSocketFactory.connect(StandardSocketFactory.java:153)
	at com.mysql.cj.protocol.a.NativeSocketConnection.connect(NativeSocketConnection.java:63)
	... 50 common frames omitted
2023-10-09 22:18:45|[main]|ERROR|org.springframework.orm.jpa.LocalContainerEntityManagerFactoryBean-Failed to initialize JPA EntityManagerFactory: Unable to create requested service [org.hibernate.engine.jdbc.env.spi.JdbcEnvironment] due to: Unable to determine Dialect without JDBC metadata (please set 'javax.persistence.jdbc.url', 'hibernate.connection.url', or 'hibernate.dialect')
2023-10-09 22:18:45|[main]|WARN |org.springframework.boot.web.servlet.context.AnnotationConfigServletWebServerApplicationContext-Exception encountered during context initialization - cancelling refresh attempt: org.springframework.beans.factory.BeanCreationException: Error creating bean with name 'entityManagerFactory' defined in class path resource [org/springframework/boot/autoconfigure/orm/jpa/HibernateJpaConfiguration.class]: Unable to create requested service [org.hibernate.engine.jdbc.env.spi.JdbcEnvironment] due to: Unable to determine Dialect without JDBC metadata (please set 'javax.persistence.jdbc.url', 'hibernate.connection.url', or 'hibernate.dialect')
2023-10-09 22:18:45|[main]|INFO |org.apache.catalina.core.StandardService-Stopping service [Tomcat]
2023-10-09 22:18:45|[main]|INFO |org.springframework.boot.autoconfigure.logging.ConditionEvaluationReportLogger-

Error starting ApplicationContext. To display the condition evaluation report re-run your application with 'debug' enabled.
2023-10-09 22:18:45|[main]|ERROR|org.springframework.boot.SpringApplication-Application run failed
org.springframework.beans.factory.BeanCreationException: Error creating bean with name 'entityManagerFactory' defined in class path resource [org/springframework/boot/autoconfigure/orm/jpa/HibernateJpaConfiguration.class]: Unable to create requested service [org.hibernate.engine.jdbc.env.spi.JdbcEnvironment] due to: Unable to determine Dialect without JDBC metadata (please set 'javax.persistence.jdbc.url', 'hibernate.connection.url', or 'hibernate.dialect')
	at org.springframework.beans.factory.support.AbstractAutowireCapableBeanFactory.initializeBean(AbstractAutowireCapableBeanFactory.java:1770)
	at org.springframework.beans.factory.support.AbstractAutowireCapableBeanFactory.doCreateBean(AbstractAutowireCapableBeanFactory.java:598)
	at org.springframework.beans.factory.support.AbstractAutowireCapableBeanFactory.createBean(AbstractAutowireCapableBeanFactory.java:520)
	at org.springframework.beans.factory.support.AbstractBeanFactory.lambda$doGetBean$0(AbstractBeanFactory.java:326)
	at org.springframework.beans.factory.support.DefaultSingletonBeanRegistry.getSingleton(DefaultSingletonBeanRegistry.java:234)
	at org.springframework.beans.factory.support.AbstractBeanFactory.doGetBean(AbstractBeanFactory.java:324)
	at org.springframework.beans.factory.support.AbstractBeanFactory.getBean(AbstractBeanFactory.java:200)
	at org.springframework.context.support.AbstractApplicationContext.getBean(AbstractApplicationContext.java:1155)
	at org.springframework.context.support.AbstractApplicationContext.finishBeanFactoryInitialization(AbstractApplicationContext.java:932)
	at org.springframework.context.support.AbstractApplicationContext.refresh(AbstractApplicationContext.java:608)
	at org.springframework.boot.web.servlet.context.ServletWebServerApplicationContext.refresh(ServletWebServerApplicationContext.java:146)
	at org.springframework.boot.SpringApplication.refresh(SpringApplication.java:734)
	at org.springframework.boot.SpringApplication.refreshContext(SpringApplication.java:436)
	at org.springframework.boot.SpringApplication.run(SpringApplication.java:312)
	at org.springframework.boot.SpringApplication.run(SpringApplication.java:1306)
	at org.springframework.boot.SpringApplication.run(SpringApplication.java:1295)
	at com.harshi.InventoryAndBilling.InventoryAndBillingApplication.main(InventoryAndBillingApplication.java:10)
Caused by: org.hibernate.service.spi.ServiceException: Unable to create requested service [org.hibernate.engine.jdbc.env.spi.JdbcEnvironment] due to: Unable to determine Dialect without JDBC metadata (please set 'javax.persistence.jdbc.url', 'hibernate.connection.url', or 'hibernate.dialect')
	at org.hibernate.service.internal.AbstractServiceRegistryImpl.createService(AbstractServiceRegistryImpl.java:277)
	at org.hibernate.service.internal.AbstractServiceRegistryImpl.initializeService(AbstractServiceRegistryImpl.java:239)
	at org.hibernate.service.internal.AbstractServiceRegistryImpl.getService(AbstractServiceRegistryImpl.java:216)
	at org.hibernate.boot.model.relational.Database.<init>(Database.java:45)
	at org.hibernate.boot.internal.InFlightMetadataCollectorImpl.getDatabase(InFlightMetadataCollectorImpl.java:230)
	at org.hibernate.boot.internal.InFlightMetadataCollectorImpl.<init>(InFlightMetadataCollectorImpl.java:198)
	at org.hibernate.boot.model.process.spi.MetadataBuildingProcess.complete(MetadataBuildingProcess.java:166)
	at org.hibernate.jpa.boot.internal.EntityManagerFactoryBuilderImpl.metadata(EntityManagerFactoryBuilderImpl.java:1380)
	at org.hibernate.jpa.boot.internal.EntityManagerFactoryBuilderImpl.build(EntityManagerFactoryBuilderImpl.java:1451)
	at org.springframework.orm.jpa.vendor.SpringHibernateJpaPersistenceProvider.createContainerEntityManagerFactory(SpringHibernateJpaPersistenceProvider.java:75)
	at org.springframework.orm.jpa.LocalContainerEntityManagerFactoryBean.createNativeEntityManagerFactory(LocalContainerEntityManagerFactoryBean.java:376)
	at org.springframework.orm.jpa.AbstractEntityManagerFactoryBean.buildNativeEntityManagerFactory(AbstractEntityManagerFactoryBean.java:409)
	at org.springframework.orm.jpa.AbstractEntityManagerFactoryBean.afterPropertiesSet(AbstractEntityManagerFactoryBean.java:396)
	at org.springframework.orm.jpa.LocalContainerEntityManagerFactoryBean.afterPropertiesSet(LocalContainerEntityManagerFactoryBean.java:352)
	at org.springframework.beans.factory.support.AbstractAutowireCapableBeanFactory.invokeInitMethods(AbstractAutowireCapableBeanFactory.java:1817)
	at org.springframework.beans.factory.support.AbstractAutowireCapableBeanFactory.initializeBean(AbstractAutowireCapableBeanFactory.java:1766)
	... 16 common frames omitted
Caused by: org.hibernate.HibernateException: Unable to determine Dialect without JDBC metadata (please set 'javax.persistence.jdbc.url', 'hibernate.connection.url', or 'hibernate.dialect')
	at org.hibernate.engine.jdbc.dialect.internal.DialectFactoryImpl.determineDialect(DialectFactoryImpl.java:188)
	at org.hibernate.engine.jdbc.dialect.internal.DialectFactoryImpl.buildDialect(DialectFactoryImpl.java:87)
	at org.hibernate.engine.jdbc.env.internal.JdbcEnvironmentInitiator.initiateService(JdbcEnvironmentInitiator.java:274)
	at org.hibernate.engine.jdbc.env.internal.JdbcEnvironmentInitiator.initiateService(JdbcEnvironmentInitiator.java:34)
	at org.hibernate.boot.registry.internal.StandardServiceRegistryImpl.initiateService(StandardServiceRegistryImpl.java:119)
	at org.hibernate.service.internal.AbstractServiceRegistryImpl.createService(AbstractServiceRegistryImpl.java:264)
	... 31 common frames omitted
2023-10-09 22:19:49|[main]|INFO |com.harshi.InventoryAndBilling.InventoryAndBillingApplication-Starting InventoryAndBillingApplication using Java 17.0.8.1 with PID 15060 (D:\InventoryAndBilling\InventoryAndBilling\target\classes started by Harshikesh in D:\InventoryAndBilling\InventoryAndBilling)
2023-10-09 22:19:49|[main]|INFO |com.harshi.InventoryAndBilling.InventoryAndBillingApplication-No active profile set, falling back to 1 default profile: "default"
2023-10-09 22:19:50|[main]|INFO |org.springframework.data.repository.config.RepositoryConfigurationDelegate-Bootstrapping Spring Data JPA repositories in DEFAULT mode.
2023-10-09 22:19:50|[main]|INFO |org.springframework.data.repository.config.RepositoryConfigurationDelegate-Finished Spring Data repository scanning in 108 ms. Found 8 JPA repository interfaces.
2023-10-09 22:19:51|[main]|INFO |org.springframework.boot.web.embedded.tomcat.TomcatWebServer-Tomcat initialized with port(s): 8087 (http)
2023-10-09 22:19:51|[main]|INFO |org.apache.coyote.http11.Http11NioProtocol-Initializing ProtocolHandler ["http-nio-8087"]
2023-10-09 22:19:51|[main]|INFO |org.apache.catalina.core.StandardService-Starting service [Tomcat]
2023-10-09 22:19:51|[main]|INFO |org.apache.catalina.core.StandardEngine-Starting Servlet engine: [Apache Tomcat/10.1.12]
2023-10-09 22:19:51|[main]|INFO |org.apache.catalina.core.ContainerBase.[Tomcat].[localhost].[/inventorybilling]-Initializing Spring embedded WebApplicationContext
2023-10-09 22:19:51|[main]|INFO |org.springframework.boot.web.servlet.context.ServletWebServerApplicationContext-Root WebApplicationContext: initialization completed in 1697 ms
2023-10-09 22:19:51|[main]|INFO |org.hibernate.jpa.internal.util.LogHelper-HHH000204: Processing PersistenceUnitInfo [name: default]
2023-10-09 22:19:52|[main]|INFO |org.hibernate.Version-HHH000412: Hibernate ORM core version 6.2.7.Final
2023-10-09 22:19:52|[main]|INFO |org.hibernate.cfg.Environment-HHH000406: Using bytecode reflection optimizer
2023-10-09 22:19:52|[main]|INFO |org.hibernate.bytecode.internal.BytecodeProviderInitiator-HHH000021: Bytecode provider name : bytebuddy
2023-10-09 22:19:52|[main]|INFO |org.springframework.orm.jpa.persistenceunit.SpringPersistenceUnitInfo-No LoadTimeWeaver setup: ignoring JPA class transformer
2023-10-09 22:19:52|[main]|INFO |com.zaxxer.hikari.HikariDataSource-HikariPool-1 - Starting...
2023-10-09 22:19:53|[main]|ERROR|com.zaxxer.hikari.pool.HikariPool-HikariPool-1 - Exception during pool initialization.
com.mysql.cj.jdbc.exceptions.CommunicationsException: Communications link failure

The last packet sent successfully to the server was 0 milliseconds ago. The driver has not received any packets from the server.
	at com.mysql.cj.jdbc.exceptions.SQLError.createCommunicationsException(SQLError.java:175)
	at com.mysql.cj.jdbc.exceptions.SQLExceptionsMapping.translateException(SQLExceptionsMapping.java:64)
	at com.mysql.cj.jdbc.ConnectionImpl.createNewIO(ConnectionImpl.java:825)
	at com.mysql.cj.jdbc.ConnectionImpl.<init>(ConnectionImpl.java:446)
	at com.mysql.cj.jdbc.ConnectionImpl.getInstance(ConnectionImpl.java:239)
	at com.mysql.cj.jdbc.NonRegisteringDriver.connect(NonRegisteringDriver.java:188)
	at com.zaxxer.hikari.util.DriverDataSource.getConnection(DriverDataSource.java:138)
	at com.zaxxer.hikari.pool.PoolBase.newConnection(PoolBase.java:359)
	at com.zaxxer.hikari.pool.PoolBase.newPoolEntry(PoolBase.java:201)
	at com.zaxxer.hikari.pool.HikariPool.createPoolEntry(HikariPool.java:470)
	at com.zaxxer.hikari.pool.HikariPool.checkFailFast(HikariPool.java:561)
	at com.zaxxer.hikari.pool.HikariPool.<init>(HikariPool.java:100)
	at com.zaxxer.hikari.HikariDataSource.getConnection(HikariDataSource.java:112)
	at org.hibernate.engine.jdbc.connections.internal.DatasourceConnectionProviderImpl.getConnection(DatasourceConnectionProviderImpl.java:122)
	at org.hibernate.engine.jdbc.env.internal.JdbcEnvironmentInitiator$ConnectionProviderJdbcConnectionAccess.obtainConnection(JdbcEnvironmentInitiator.java:316)
	at org.hibernate.engine.jdbc.env.internal.JdbcEnvironmentInitiator.initiateService(JdbcEnvironmentInitiator.java:152)
	at org.hibernate.engine.jdbc.env.internal.JdbcEnvironmentInitiator.initiateService(JdbcEnvironmentInitiator.java:34)
	at org.hibernate.boot.registry.internal.StandardServiceRegistryImpl.initiateService(StandardServiceRegistryImpl.java:119)
	at org.hibernate.service.internal.AbstractServiceRegistryImpl.createService(AbstractServiceRegistryImpl.java:264)
	at org.hibernate.service.internal.AbstractServiceRegistryImpl.initializeService(AbstractServiceRegistryImpl.java:239)
	at org.hibernate.service.internal.AbstractServiceRegistryImpl.getService(AbstractServiceRegistryImpl.java:216)
	at org.hibernate.boot.model.relational.Database.<init>(Database.java:45)
	at org.hibernate.boot.internal.InFlightMetadataCollectorImpl.getDatabase(InFlightMetadataCollectorImpl.java:230)
	at org.hibernate.boot.internal.InFlightMetadataCollectorImpl.<init>(InFlightMetadataCollectorImpl.java:198)
	at org.hibernate.boot.model.process.spi.MetadataBuildingProcess.complete(MetadataBuildingProcess.java:166)
	at org.hibernate.jpa.boot.internal.EntityManagerFactoryBuilderImpl.metadata(EntityManagerFactoryBuilderImpl.java:1380)
	at org.hibernate.jpa.boot.internal.EntityManagerFactoryBuilderImpl.build(EntityManagerFactoryBuilderImpl.java:1451)
	at org.springframework.orm.jpa.vendor.SpringHibernateJpaPersistenceProvider.createContainerEntityManagerFactory(SpringHibernateJpaPersistenceProvider.java:75)
	at org.springframework.orm.jpa.LocalContainerEntityManagerFactoryBean.createNativeEntityManagerFactory(LocalContainerEntityManagerFactoryBean.java:376)
	at org.springframework.orm.jpa.AbstractEntityManagerFactoryBean.buildNativeEntityManagerFactory(AbstractEntityManagerFactoryBean.java:409)
	at org.springframework.orm.jpa.AbstractEntityManagerFactoryBean.afterPropertiesSet(AbstractEntityManagerFactoryBean.java:396)
	at org.springframework.orm.jpa.LocalContainerEntityManagerFactoryBean.afterPropertiesSet(LocalContainerEntityManagerFactoryBean.java:352)
	at org.springframework.beans.factory.support.AbstractAutowireCapableBeanFactory.invokeInitMethods(AbstractAutowireCapableBeanFactory.java:1817)
	at org.springframework.beans.factory.support.AbstractAutowireCapableBeanFactory.initializeBean(AbstractAutowireCapableBeanFactory.java:1766)
	at org.springframework.beans.factory.support.AbstractAutowireCapableBeanFactory.doCreateBean(AbstractAutowireCapableBeanFactory.java:598)
	at org.springframework.beans.factory.support.AbstractAutowireCapableBeanFactory.createBean(AbstractAutowireCapableBeanFactory.java:520)
	at org.springframework.beans.factory.support.AbstractBeanFactory.lambda$doGetBean$0(AbstractBeanFactory.java:326)
	at org.springframework.beans.factory.support.DefaultSingletonBeanRegistry.getSingleton(DefaultSingletonBeanRegistry.java:234)
	at org.springframework.beans.factory.support.AbstractBeanFactory.doGetBean(AbstractBeanFactory.java:324)
	at org.springframework.beans.factory.support.AbstractBeanFactory.getBean(AbstractBeanFactory.java:200)
	at org.springframework.context.support.AbstractApplicationContext.getBean(AbstractApplicationContext.java:1155)
	at org.springframework.context.support.AbstractApplicationContext.finishBeanFactoryInitialization(AbstractApplicationContext.java:932)
	at org.springframework.context.support.AbstractApplicationContext.refresh(AbstractApplicationContext.java:608)
	at org.springframework.boot.web.servlet.context.ServletWebServerApplicationContext.refresh(ServletWebServerApplicationContext.java:146)
	at org.springframework.boot.SpringApplication.refresh(SpringApplication.java:734)
	at org.springframework.boot.SpringApplication.refreshContext(SpringApplication.java:436)
	at org.springframework.boot.SpringApplication.run(SpringApplication.java:312)
	at org.springframework.boot.SpringApplication.run(SpringApplication.java:1306)
	at org.springframework.boot.SpringApplication.run(SpringApplication.java:1295)
	at com.harshi.InventoryAndBilling.InventoryAndBillingApplication.main(InventoryAndBillingApplication.java:10)
Caused by: com.mysql.cj.exceptions.CJCommunicationsException: Communications link failure

The last packet sent successfully to the server was 0 milliseconds ago. The driver has not received any packets from the server.
	at java.base/jdk.internal.reflect.NativeConstructorAccessorImpl.newInstance0(Native Method)
	at java.base/jdk.internal.reflect.NativeConstructorAccessorImpl.newInstance(NativeConstructorAccessorImpl.java:77)
	at java.base/jdk.internal.reflect.DelegatingConstructorAccessorImpl.newInstance(DelegatingConstructorAccessorImpl.java:45)
	at java.base/java.lang.reflect.Constructor.newInstanceWithCaller(Constructor.java:499)
	at java.base/java.lang.reflect.Constructor.newInstance(Constructor.java:480)
	at com.mysql.cj.exceptions.ExceptionFactory.createException(ExceptionFactory.java:62)
	at com.mysql.cj.exceptions.ExceptionFactory.createException(ExceptionFactory.java:105)
	at com.mysql.cj.exceptions.ExceptionFactory.createException(ExceptionFactory.java:150)
	at com.mysql.cj.exceptions.ExceptionFactory.createCommunicationsException(ExceptionFactory.java:166)
	at com.mysql.cj.protocol.a.NativeSocketConnection.connect(NativeSocketConnection.java:89)
	at com.mysql.cj.NativeSession.connect(NativeSession.java:121)
	at com.mysql.cj.jdbc.ConnectionImpl.connectOneTryOnly(ConnectionImpl.java:945)
	at com.mysql.cj.jdbc.ConnectionImpl.createNewIO(ConnectionImpl.java:815)
	... 47 common frames omitted
Caused by: java.net.ConnectException: Connection refused: no further information
	at java.base/sun.nio.ch.Net.pollConnect(Native Method)
	at java.base/sun.nio.ch.Net.pollConnectNow(Net.java:672)
	at java.base/sun.nio.ch.NioSocketImpl.timedFinishConnect(NioSocketImpl.java:547)
	at java.base/sun.nio.ch.NioSocketImpl.connect(NioSocketImpl.java:602)
	at java.base/java.net.SocksSocketImpl.connect(SocksSocketImpl.java:327)
	at java.base/java.net.Socket.connect(Socket.java:633)
	at com.mysql.cj.protocol.StandardSocketFactory.connect(StandardSocketFactory.java:153)
	at com.mysql.cj.protocol.a.NativeSocketConnection.connect(NativeSocketConnection.java:63)
	... 50 common frames omitted
2023-10-09 22:19:53|[main]|WARN |org.hibernate.engine.jdbc.env.internal.JdbcEnvironmentInitiator-HHH000342: Could not obtain connection to query metadata
com.mysql.cj.jdbc.exceptions.CommunicationsException: Communications link failure

The last packet sent successfully to the server was 0 milliseconds ago. The driver has not received any packets from the server.
	at com.mysql.cj.jdbc.exceptions.SQLError.createCommunicationsException(SQLError.java:175)
	at com.mysql.cj.jdbc.exceptions.SQLExceptionsMapping.translateException(SQLExceptionsMapping.java:64)
	at com.mysql.cj.jdbc.ConnectionImpl.createNewIO(ConnectionImpl.java:825)
	at com.mysql.cj.jdbc.ConnectionImpl.<init>(ConnectionImpl.java:446)
	at com.mysql.cj.jdbc.ConnectionImpl.getInstance(ConnectionImpl.java:239)
	at com.mysql.cj.jdbc.NonRegisteringDriver.connect(NonRegisteringDriver.java:188)
	at com.zaxxer.hikari.util.DriverDataSource.getConnection(DriverDataSource.java:138)
	at com.zaxxer.hikari.pool.PoolBase.newConnection(PoolBase.java:359)
	at com.zaxxer.hikari.pool.PoolBase.newPoolEntry(PoolBase.java:201)
	at com.zaxxer.hikari.pool.HikariPool.createPoolEntry(HikariPool.java:470)
	at com.zaxxer.hikari.pool.HikariPool.checkFailFast(HikariPool.java:561)
	at com.zaxxer.hikari.pool.HikariPool.<init>(HikariPool.java:100)
	at com.zaxxer.hikari.HikariDataSource.getConnection(HikariDataSource.java:112)
	at org.hibernate.engine.jdbc.connections.internal.DatasourceConnectionProviderImpl.getConnection(DatasourceConnectionProviderImpl.java:122)
	at org.hibernate.engine.jdbc.env.internal.JdbcEnvironmentInitiator$ConnectionProviderJdbcConnectionAccess.obtainConnection(JdbcEnvironmentInitiator.java:316)
	at org.hibernate.engine.jdbc.env.internal.JdbcEnvironmentInitiator.initiateService(JdbcEnvironmentInitiator.java:152)
	at org.hibernate.engine.jdbc.env.internal.JdbcEnvironmentInitiator.initiateService(JdbcEnvironmentInitiator.java:34)
	at org.hibernate.boot.registry.internal.StandardServiceRegistryImpl.initiateService(StandardServiceRegistryImpl.java:119)
	at org.hibernate.service.internal.AbstractServiceRegistryImpl.createService(AbstractServiceRegistryImpl.java:264)
	at org.hibernate.service.internal.AbstractServiceRegistryImpl.initializeService(AbstractServiceRegistryImpl.java:239)
	at org.hibernate.service.internal.AbstractServiceRegistryImpl.getService(AbstractServiceRegistryImpl.java:216)
	at org.hibernate.boot.model.relational.Database.<init>(Database.java:45)
	at org.hibernate.boot.internal.InFlightMetadataCollectorImpl.getDatabase(InFlightMetadataCollectorImpl.java:230)
	at org.hibernate.boot.internal.InFlightMetadataCollectorImpl.<init>(InFlightMetadataCollectorImpl.java:198)
	at org.hibernate.boot.model.process.spi.MetadataBuildingProcess.complete(MetadataBuildingProcess.java:166)
	at org.hibernate.jpa.boot.internal.EntityManagerFactoryBuilderImpl.metadata(EntityManagerFactoryBuilderImpl.java:1380)
	at org.hibernate.jpa.boot.internal.EntityManagerFactoryBuilderImpl.build(EntityManagerFactoryBuilderImpl.java:1451)
	at org.springframework.orm.jpa.vendor.SpringHibernateJpaPersistenceProvider.createContainerEntityManagerFactory(SpringHibernateJpaPersistenceProvider.java:75)
	at org.springframework.orm.jpa.LocalContainerEntityManagerFactoryBean.createNativeEntityManagerFactory(LocalContainerEntityManagerFactoryBean.java:376)
	at org.springframework.orm.jpa.AbstractEntityManagerFactoryBean.buildNativeEntityManagerFactory(AbstractEntityManagerFactoryBean.java:409)
	at org.springframework.orm.jpa.AbstractEntityManagerFactoryBean.afterPropertiesSet(AbstractEntityManagerFactoryBean.java:396)
	at org.springframework.orm.jpa.LocalContainerEntityManagerFactoryBean.afterPropertiesSet(LocalContainerEntityManagerFactoryBean.java:352)
	at org.springframework.beans.factory.support.AbstractAutowireCapableBeanFactory.invokeInitMethods(AbstractAutowireCapableBeanFactory.java:1817)
	at org.springframework.beans.factory.support.AbstractAutowireCapableBeanFactory.initializeBean(AbstractAutowireCapableBeanFactory.java:1766)
	at org.springframework.beans.factory.support.AbstractAutowireCapableBeanFactory.doCreateBean(AbstractAutowireCapableBeanFactory.java:598)
	at org.springframework.beans.factory.support.AbstractAutowireCapableBeanFactory.createBean(AbstractAutowireCapableBeanFactory.java:520)
	at org.springframework.beans.factory.support.AbstractBeanFactory.lambda$doGetBean$0(AbstractBeanFactory.java:326)
	at org.springframework.beans.factory.support.DefaultSingletonBeanRegistry.getSingleton(DefaultSingletonBeanRegistry.java:234)
	at org.springframework.beans.factory.support.AbstractBeanFactory.doGetBean(AbstractBeanFactory.java:324)
	at org.springframework.beans.factory.support.AbstractBeanFactory.getBean(AbstractBeanFactory.java:200)
	at org.springframework.context.support.AbstractApplicationContext.getBean(AbstractApplicationContext.java:1155)
	at org.springframework.context.support.AbstractApplicationContext.finishBeanFactoryInitialization(AbstractApplicationContext.java:932)
	at org.springframework.context.support.AbstractApplicationContext.refresh(AbstractApplicationContext.java:608)
	at org.springframework.boot.web.servlet.context.ServletWebServerApplicationContext.refresh(ServletWebServerApplicationContext.java:146)
	at org.springframework.boot.SpringApplication.refresh(SpringApplication.java:734)
	at org.springframework.boot.SpringApplication.refreshContext(SpringApplication.java:436)
	at org.springframework.boot.SpringApplication.run(SpringApplication.java:312)
	at org.springframework.boot.SpringApplication.run(SpringApplication.java:1306)
	at org.springframework.boot.SpringApplication.run(SpringApplication.java:1295)
	at com.harshi.InventoryAndBilling.InventoryAndBillingApplication.main(InventoryAndBillingApplication.java:10)
Caused by: com.mysql.cj.exceptions.CJCommunicationsException: Communications link failure

The last packet sent successfully to the server was 0 milliseconds ago. The driver has not received any packets from the server.
	at java.base/jdk.internal.reflect.NativeConstructorAccessorImpl.newInstance0(Native Method)
	at java.base/jdk.internal.reflect.NativeConstructorAccessorImpl.newInstance(NativeConstructorAccessorImpl.java:77)
	at java.base/jdk.internal.reflect.DelegatingConstructorAccessorImpl.newInstance(DelegatingConstructorAccessorImpl.java:45)
	at java.base/java.lang.reflect.Constructor.newInstanceWithCaller(Constructor.java:499)
	at java.base/java.lang.reflect.Constructor.newInstance(Constructor.java:480)
	at com.mysql.cj.exceptions.ExceptionFactory.createException(ExceptionFactory.java:62)
	at com.mysql.cj.exceptions.ExceptionFactory.createException(ExceptionFactory.java:105)
	at com.mysql.cj.exceptions.ExceptionFactory.createException(ExceptionFactory.java:150)
	at com.mysql.cj.exceptions.ExceptionFactory.createCommunicationsException(ExceptionFactory.java:166)
	at com.mysql.cj.protocol.a.NativeSocketConnection.connect(NativeSocketConnection.java:89)
	at com.mysql.cj.NativeSession.connect(NativeSession.java:121)
	at com.mysql.cj.jdbc.ConnectionImpl.connectOneTryOnly(ConnectionImpl.java:945)
	at com.mysql.cj.jdbc.ConnectionImpl.createNewIO(ConnectionImpl.java:815)
	... 47 common frames omitted
Caused by: java.net.ConnectException: Connection refused: no further information
	at java.base/sun.nio.ch.Net.pollConnect(Native Method)
	at java.base/sun.nio.ch.Net.pollConnectNow(Net.java:672)
	at java.base/sun.nio.ch.NioSocketImpl.timedFinishConnect(NioSocketImpl.java:547)
	at java.base/sun.nio.ch.NioSocketImpl.connect(NioSocketImpl.java:602)
	at java.base/java.net.SocksSocketImpl.connect(SocksSocketImpl.java:327)
	at java.base/java.net.Socket.connect(Socket.java:633)
	at com.mysql.cj.protocol.StandardSocketFactory.connect(StandardSocketFactory.java:153)
	at com.mysql.cj.protocol.a.NativeSocketConnection.connect(NativeSocketConnection.java:63)
	... 50 common frames omitted
2023-10-09 22:19:53|[main]|ERROR|org.springframework.orm.jpa.LocalContainerEntityManagerFactoryBean-Failed to initialize JPA EntityManagerFactory: Unable to create requested service [org.hibernate.engine.jdbc.env.spi.JdbcEnvironment] due to: Unable to determine Dialect without JDBC metadata (please set 'javax.persistence.jdbc.url', 'hibernate.connection.url', or 'hibernate.dialect')
2023-10-09 22:19:53|[main]|WARN |org.springframework.boot.web.servlet.context.AnnotationConfigServletWebServerApplicationContext-Exception encountered during context initialization - cancelling refresh attempt: org.springframework.beans.factory.BeanCreationException: Error creating bean with name 'entityManagerFactory' defined in class path resource [org/springframework/boot/autoconfigure/orm/jpa/HibernateJpaConfiguration.class]: Unable to create requested service [org.hibernate.engine.jdbc.env.spi.JdbcEnvironment] due to: Unable to determine Dialect without JDBC metadata (please set 'javax.persistence.jdbc.url', 'hibernate.connection.url', or 'hibernate.dialect')
2023-10-09 22:19:53|[main]|INFO |org.apache.catalina.core.StandardService-Stopping service [Tomcat]
2023-10-09 22:19:53|[main]|INFO |org.springframework.boot.autoconfigure.logging.ConditionEvaluationReportLogger-

Error starting ApplicationContext. To display the condition evaluation report re-run your application with 'debug' enabled.
2023-10-09 22:19:53|[main]|ERROR|org.springframework.boot.SpringApplication-Application run failed
org.springframework.beans.factory.BeanCreationException: Error creating bean with name 'entityManagerFactory' defined in class path resource [org/springframework/boot/autoconfigure/orm/jpa/HibernateJpaConfiguration.class]: Unable to create requested service [org.hibernate.engine.jdbc.env.spi.JdbcEnvironment] due to: Unable to determine Dialect without JDBC metadata (please set 'javax.persistence.jdbc.url', 'hibernate.connection.url', or 'hibernate.dialect')
	at org.springframework.beans.factory.support.AbstractAutowireCapableBeanFactory.initializeBean(AbstractAutowireCapableBeanFactory.java:1770)
	at org.springframework.beans.factory.support.AbstractAutowireCapableBeanFactory.doCreateBean(AbstractAutowireCapableBeanFactory.java:598)
	at org.springframework.beans.factory.support.AbstractAutowireCapableBeanFactory.createBean(AbstractAutowireCapableBeanFactory.java:520)
	at org.springframework.beans.factory.support.AbstractBeanFactory.lambda$doGetBean$0(AbstractBeanFactory.java:326)
	at org.springframework.beans.factory.support.DefaultSingletonBeanRegistry.getSingleton(DefaultSingletonBeanRegistry.java:234)
	at org.springframework.beans.factory.support.AbstractBeanFactory.doGetBean(AbstractBeanFactory.java:324)
	at org.springframework.beans.factory.support.AbstractBeanFactory.getBean(AbstractBeanFactory.java:200)
	at org.springframework.context.support.AbstractApplicationContext.getBean(AbstractApplicationContext.java:1155)
	at org.springframework.context.support.AbstractApplicationContext.finishBeanFactoryInitialization(AbstractApplicationContext.java:932)
	at org.springframework.context.support.AbstractApplicationContext.refresh(AbstractApplicationContext.java:608)
	at org.springframework.boot.web.servlet.context.ServletWebServerApplicationContext.refresh(ServletWebServerApplicationContext.java:146)
	at org.springframework.boot.SpringApplication.refresh(SpringApplication.java:734)
	at org.springframework.boot.SpringApplication.refreshContext(SpringApplication.java:436)
	at org.springframework.boot.SpringApplication.run(SpringApplication.java:312)
	at org.springframework.boot.SpringApplication.run(SpringApplication.java:1306)
	at org.springframework.boot.SpringApplication.run(SpringApplication.java:1295)
	at com.harshi.InventoryAndBilling.InventoryAndBillingApplication.main(InventoryAndBillingApplication.java:10)
Caused by: org.hibernate.service.spi.ServiceException: Unable to create requested service [org.hibernate.engine.jdbc.env.spi.JdbcEnvironment] due to: Unable to determine Dialect without JDBC metadata (please set 'javax.persistence.jdbc.url', 'hibernate.connection.url', or 'hibernate.dialect')
	at org.hibernate.service.internal.AbstractServiceRegistryImpl.createService(AbstractServiceRegistryImpl.java:277)
	at org.hibernate.service.internal.AbstractServiceRegistryImpl.initializeService(AbstractServiceRegistryImpl.java:239)
	at org.hibernate.service.internal.AbstractServiceRegistryImpl.getService(AbstractServiceRegistryImpl.java:216)
	at org.hibernate.boot.model.relational.Database.<init>(Database.java:45)
	at org.hibernate.boot.internal.InFlightMetadataCollectorImpl.getDatabase(InFlightMetadataCollectorImpl.java:230)
	at org.hibernate.boot.internal.InFlightMetadataCollectorImpl.<init>(InFlightMetadataCollectorImpl.java:198)
	at org.hibernate.boot.model.process.spi.MetadataBuildingProcess.complete(MetadataBuildingProcess.java:166)
	at org.hibernate.jpa.boot.internal.EntityManagerFactoryBuilderImpl.metadata(EntityManagerFactoryBuilderImpl.java:1380)
	at org.hibernate.jpa.boot.internal.EntityManagerFactoryBuilderImpl.build(EntityManagerFactoryBuilderImpl.java:1451)
	at org.springframework.orm.jpa.vendor.SpringHibernateJpaPersistenceProvider.createContainerEntityManagerFactory(SpringHibernateJpaPersistenceProvider.java:75)
	at org.springframework.orm.jpa.LocalContainerEntityManagerFactoryBean.createNativeEntityManagerFactory(LocalContainerEntityManagerFactoryBean.java:376)
	at org.springframework.orm.jpa.AbstractEntityManagerFactoryBean.buildNativeEntityManagerFactory(AbstractEntityManagerFactoryBean.java:409)
	at org.springframework.orm.jpa.AbstractEntityManagerFactoryBean.afterPropertiesSet(AbstractEntityManagerFactoryBean.java:396)
	at org.springframework.orm.jpa.LocalContainerEntityManagerFactoryBean.afterPropertiesSet(LocalContainerEntityManagerFactoryBean.java:352)
	at org.springframework.beans.factory.support.AbstractAutowireCapableBeanFactory.invokeInitMethods(AbstractAutowireCapableBeanFactory.java:1817)
	at org.springframework.beans.factory.support.AbstractAutowireCapableBeanFactory.initializeBean(AbstractAutowireCapableBeanFactory.java:1766)
	... 16 common frames omitted
Caused by: org.hibernate.HibernateException: Unable to determine Dialect without JDBC metadata (please set 'javax.persistence.jdbc.url', 'hibernate.connection.url', or 'hibernate.dialect')
	at org.hibernate.engine.jdbc.dialect.internal.DialectFactoryImpl.determineDialect(DialectFactoryImpl.java:188)
	at org.hibernate.engine.jdbc.dialect.internal.DialectFactoryImpl.buildDialect(DialectFactoryImpl.java:87)
	at org.hibernate.engine.jdbc.env.internal.JdbcEnvironmentInitiator.initiateService(JdbcEnvironmentInitiator.java:274)
	at org.hibernate.engine.jdbc.env.internal.JdbcEnvironmentInitiator.initiateService(JdbcEnvironmentInitiator.java:34)
	at org.hibernate.boot.registry.internal.StandardServiceRegistryImpl.initiateService(StandardServiceRegistryImpl.java:119)
	at org.hibernate.service.internal.AbstractServiceRegistryImpl.createService(AbstractServiceRegistryImpl.java:264)
	... 31 common frames omitted
2023-10-09 22:20:43|[main]|INFO |com.harshi.InventoryAndBilling.InventoryAndBillingApplication-Starting InventoryAndBillingApplication using Java 17.0.8.1 with PID 18928 (D:\InventoryAndBilling\InventoryAndBilling\target\classes started by Harshikesh in D:\InventoryAndBilling\InventoryAndBilling)
2023-10-09 22:20:43|[main]|INFO |com.harshi.InventoryAndBilling.InventoryAndBillingApplication-No active profile set, falling back to 1 default profile: "default"
2023-10-09 22:20:44|[main]|INFO |org.springframework.data.repository.config.RepositoryConfigurationDelegate-Bootstrapping Spring Data JPA repositories in DEFAULT mode.
2023-10-09 22:20:44|[main]|INFO |org.springframework.data.repository.config.RepositoryConfigurationDelegate-Finished Spring Data repository scanning in 109 ms. Found 8 JPA repository interfaces.
2023-10-09 22:20:45|[main]|INFO |org.springframework.boot.web.embedded.tomcat.TomcatWebServer-Tomcat initialized with port(s): 8087 (http)
2023-10-09 22:20:45|[main]|INFO |org.apache.coyote.http11.Http11NioProtocol-Initializing ProtocolHandler ["http-nio-8087"]
2023-10-09 22:20:45|[main]|INFO |org.apache.catalina.core.StandardService-Starting service [Tomcat]
2023-10-09 22:20:45|[main]|INFO |org.apache.catalina.core.StandardEngine-Starting Servlet engine: [Apache Tomcat/10.1.12]
2023-10-09 22:20:45|[main]|INFO |org.apache.catalina.core.ContainerBase.[Tomcat].[localhost].[/inventorybilling]-Initializing Spring embedded WebApplicationContext
2023-10-09 22:20:45|[main]|INFO |org.springframework.boot.web.servlet.context.ServletWebServerApplicationContext-Root WebApplicationContext: initialization completed in 2027 ms
2023-10-09 22:20:45|[main]|INFO |org.hibernate.jpa.internal.util.LogHelper-HHH000204: Processing PersistenceUnitInfo [name: default]
2023-10-09 22:20:45|[main]|INFO |org.hibernate.Version-HHH000412: Hibernate ORM core version 6.2.7.Final
2023-10-09 22:20:45|[main]|INFO |org.hibernate.cfg.Environment-HHH000406: Using bytecode reflection optimizer
2023-10-09 22:20:45|[main]|INFO |org.hibernate.bytecode.internal.BytecodeProviderInitiator-HHH000021: Bytecode provider name : bytebuddy
2023-10-09 22:20:46|[main]|INFO |org.springframework.orm.jpa.persistenceunit.SpringPersistenceUnitInfo-No LoadTimeWeaver setup: ignoring JPA class transformer
2023-10-09 22:20:46|[main]|INFO |com.zaxxer.hikari.HikariDataSource-HikariPool-1 - Starting...
2023-10-09 22:20:46|[main]|INFO |com.zaxxer.hikari.pool.HikariPool-HikariPool-1 - Added connection com.mysql.cj.jdbc.ConnectionImpl@2e93108a
2023-10-09 22:20:46|[main]|INFO |com.zaxxer.hikari.HikariDataSource-HikariPool-1 - Start completed.
2023-10-09 22:20:47|[main]|INFO |org.hibernate.bytecode.internal.BytecodeProviderInitiator-HHH000021: Bytecode provider name : bytebuddy
2023-10-09 22:20:48|[main]|INFO |org.hibernate.engine.transaction.jta.platform.internal.JtaPlatformInitiator-HHH000490: Using JtaPlatform implementation: [org.hibernate.engine.transaction.jta.platform.internal.NoJtaPlatform]
2023-10-09 22:20:49|[main]|INFO |org.springframework.orm.jpa.LocalContainerEntityManagerFactoryBean-Initialized JPA EntityManagerFactory for persistence unit 'default'
2023-10-09 22:20:49|[main]|INFO |org.springframework.data.jpa.repository.query.QueryEnhancerFactory-Hibernate is in classpath; If applicable, HQL parser will be used.
2023-10-09 22:20:50|[main]|WARN |org.springframework.boot.autoconfigure.orm.jpa.JpaBaseConfiguration$JpaWebConfiguration-spring.jpa.open-in-view is enabled by default. Therefore, database queries may be performed during view rendering. Explicitly configure spring.jpa.open-in-view to disable this warning
2023-10-09 22:20:50|[main]|INFO |org.springframework.boot.autoconfigure.web.servlet.WelcomePageHandlerMapping-Adding welcome page template: index
2023-10-09 22:20:51|[main]|INFO |org.apache.coyote.http11.Http11NioProtocol-Starting ProtocolHandler ["http-nio-8087"]
2023-10-09 22:20:51|[main]|INFO |org.springframework.boot.web.embedded.tomcat.TomcatWebServer-Tomcat started on port(s): 8087 (http) with context path '/inventorybilling'
2023-10-09 22:20:51|[main]|INFO |com.harshi.InventoryAndBilling.InventoryAndBillingApplication-Started InventoryAndBillingApplication in 8.634 seconds (process running for 10.158)
2023-10-09 22:21:03|[http-nio-8087-exec-2]|INFO |org.apache.catalina.core.ContainerBase.[Tomcat].[localhost].[/inventorybilling]-Initializing Spring DispatcherServlet 'dispatcherServlet'
2023-10-09 22:21:03|[http-nio-8087-exec-2]|INFO |org.springframework.web.servlet.DispatcherServlet-Initializing Servlet 'dispatcherServlet'
2023-10-09 22:21:03|[http-nio-8087-exec-2]|INFO |org.springframework.web.servlet.DispatcherServlet-Completed initialization in 8 ms
2023-10-09 22:28:02|[http-nio-8087-exec-5]|INFO |com.harshi.InventoryAndBilling.controllers.UserController-Inside to showLoginPage() on UserController
2023-10-09 22:28:05|[http-nio-8087-exec-6]|INFO |com.harshi.InventoryAndBilling.controllers.UserController-Inside showLoginPage() with email - harshibabu604@gmail.comon UserController
2023-10-09 22:28:06|[http-nio-8087-exec-6]|INFO |com.harshi.InventoryAndBilling.controllers.UserController-Redirecting landing.html
2023-10-09 23:01:22|[HikariPool-1 housekeeper]|WARN |com.zaxxer.hikari.pool.HikariPool-HikariPool-1 - Thread starvation or clock leap detected (housekeeper delta=16m34s970ms59s700ns).
2023-10-09 23:11:04|[RMI TCP Connection(45)-127.0.0.1]|INFO |org.springframework.boot.admin.SpringApplicationAdminMXBeanRegistrar$SpringApplicationAdmin-Application shutdown requested.
2023-10-09 23:11:04|[RMI TCP Connection(45)-127.0.0.1]|INFO |org.apache.coyote.http11.Http11NioProtocol-Pausing ProtocolHandler ["http-nio-8087"]
2023-10-09 23:11:04|[RMI TCP Connection(45)-127.0.0.1]|INFO |org.apache.catalina.core.StandardService-Stopping service [Tomcat]
2023-10-09 23:11:04|[RMI TCP Connection(45)-127.0.0.1]|INFO |org.apache.catalina.core.ContainerBase.[Tomcat].[localhost].[/inventorybilling]-Destroying Spring FrameworkServlet 'dispatcherServlet'
2023-10-09 23:11:04|[RMI TCP Connection(45)-127.0.0.1]|INFO |org.apache.coyote.http11.Http11NioProtocol-Stopping ProtocolHandler ["http-nio-8087"]
2023-10-09 23:11:04|[RMI TCP Connection(45)-127.0.0.1]|INFO |org.apache.coyote.http11.Http11NioProtocol-Destroying ProtocolHandler ["http-nio-8087"]
2023-10-09 23:11:04|[RMI TCP Connection(45)-127.0.0.1]|INFO |org.springframework.orm.jpa.LocalContainerEntityManagerFactoryBean-Closing JPA EntityManagerFactory for persistence unit 'default'
2023-10-09 23:11:04|[RMI TCP Connection(45)-127.0.0.1]|INFO |com.zaxxer.hikari.HikariDataSource-HikariPool-1 - Shutdown initiated...
2023-10-09 23:11:04|[RMI TCP Connection(45)-127.0.0.1]|INFO |com.zaxxer.hikari.HikariDataSource-HikariPool-1 - Shutdown completed.
2023-10-09 23:40:00|[main]|INFO |com.harshi.InventoryAndBilling.InventoryAndBillingApplication-Starting InventoryAndBillingApplication using Java 17.0.8.1 with PID 10304 (D:\InventoryAndBilling\InventoryAndBilling\target\classes started by Harshikesh in D:\InventoryAndBilling\InventoryAndBilling)
2023-10-09 23:40:00|[main]|INFO |com.harshi.InventoryAndBilling.InventoryAndBillingApplication-No active profile set, falling back to 1 default profile: "default"
2023-10-09 23:40:01|[main]|INFO |org.springframework.data.repository.config.RepositoryConfigurationDelegate-Bootstrapping Spring Data JPA repositories in DEFAULT mode.
2023-10-09 23:40:01|[main]|INFO |org.springframework.data.repository.config.RepositoryConfigurationDelegate-Finished Spring Data repository scanning in 111 ms. Found 8 JPA repository interfaces.
2023-10-09 23:40:02|[main]|INFO |org.springframework.boot.web.embedded.tomcat.TomcatWebServer-Tomcat initialized with port(s): 8087 (http)
2023-10-09 23:40:02|[main]|INFO |org.apache.coyote.http11.Http11NioProtocol-Initializing ProtocolHandler ["http-nio-8087"]
2023-10-09 23:40:02|[main]|INFO |org.apache.catalina.core.StandardService-Starting service [Tomcat]
2023-10-09 23:40:02|[main]|INFO |org.apache.catalina.core.StandardEngine-Starting Servlet engine: [Apache Tomcat/10.1.12]
2023-10-09 23:40:02|[main]|INFO |org.apache.catalina.core.ContainerBase.[Tomcat].[localhost].[/inventorybilling]-Initializing Spring embedded WebApplicationContext
2023-10-09 23:40:02|[main]|INFO |org.springframework.boot.web.servlet.context.ServletWebServerApplicationContext-Root WebApplicationContext: initialization completed in 1764 ms
2023-10-09 23:40:02|[main]|INFO |org.hibernate.jpa.internal.util.LogHelper-HHH000204: Processing PersistenceUnitInfo [name: default]
2023-10-09 23:40:02|[main]|INFO |org.hibernate.Version-HHH000412: Hibernate ORM core version 6.2.7.Final
2023-10-09 23:40:02|[main]|INFO |org.hibernate.cfg.Environment-HHH000406: Using bytecode reflection optimizer
2023-10-09 23:40:03|[main]|INFO |org.hibernate.bytecode.internal.BytecodeProviderInitiator-HHH000021: Bytecode provider name : bytebuddy
2023-10-09 23:40:03|[main]|INFO |org.springframework.orm.jpa.persistenceunit.SpringPersistenceUnitInfo-No LoadTimeWeaver setup: ignoring JPA class transformer
2023-10-09 23:40:03|[main]|INFO |com.zaxxer.hikari.HikariDataSource-HikariPool-1 - Starting...
2023-10-09 23:40:03|[main]|INFO |com.zaxxer.hikari.pool.HikariPool-HikariPool-1 - Added connection com.mysql.cj.jdbc.ConnectionImpl@5a7a6d34
2023-10-09 23:40:03|[main]|INFO |com.zaxxer.hikari.HikariDataSource-HikariPool-1 - Start completed.
2023-10-09 23:40:04|[main]|INFO |org.hibernate.bytecode.internal.BytecodeProviderInitiator-HHH000021: Bytecode provider name : bytebuddy
2023-10-09 23:40:05|[main]|INFO |org.hibernate.engine.transaction.jta.platform.internal.JtaPlatformInitiator-HHH000490: Using JtaPlatform implementation: [org.hibernate.engine.transaction.jta.platform.internal.NoJtaPlatform]
2023-10-09 23:40:05|[main]|INFO |org.springframework.orm.jpa.LocalContainerEntityManagerFactoryBean-Initialized JPA EntityManagerFactory for persistence unit 'default'
2023-10-09 23:40:06|[main]|INFO |org.springframework.data.jpa.repository.query.QueryEnhancerFactory-Hibernate is in classpath; If applicable, HQL parser will be used.
2023-10-09 23:40:07|[main]|WARN |org.springframework.boot.autoconfigure.orm.jpa.JpaBaseConfiguration$JpaWebConfiguration-spring.jpa.open-in-view is enabled by default. Therefore, database queries may be performed during view rendering. Explicitly configure spring.jpa.open-in-view to disable this warning
2023-10-09 23:40:07|[main]|INFO |org.springframework.boot.autoconfigure.web.servlet.WelcomePageHandlerMapping-Adding welcome page template: index
2023-10-09 23:40:07|[main]|INFO |org.apache.coyote.http11.Http11NioProtocol-Starting ProtocolHandler ["http-nio-8087"]
2023-10-09 23:40:07|[main]|INFO |org.springframework.boot.web.embedded.tomcat.TomcatWebServer-Tomcat started on port(s): 8087 (http) with context path '/inventorybilling'
2023-10-09 23:40:07|[main]|INFO |com.harshi.InventoryAndBilling.InventoryAndBillingApplication-Started InventoryAndBillingApplication in 7.689 seconds (process running for 8.951)
2023-10-09 23:40:43|[http-nio-8087-exec-1]|INFO |org.apache.catalina.core.ContainerBase.[Tomcat].[localhost].[/inventorybilling]-Initializing Spring DispatcherServlet 'dispatcherServlet'
2023-10-09 23:40:43|[http-nio-8087-exec-1]|INFO |org.springframework.web.servlet.DispatcherServlet-Initializing Servlet 'dispatcherServlet'
2023-10-09 23:40:43|[http-nio-8087-exec-1]|INFO |org.springframework.web.servlet.DispatcherServlet-Completed initialization in 0 ms
2023-10-09 23:40:47|[http-nio-8087-exec-3]|INFO |com.harshi.InventoryAndBilling.controllers.UserController-Inside to showLoginPage() on UserController
2023-10-09 23:40:49|[http-nio-8087-exec-4]|INFO |com.harshi.InventoryAndBilling.controllers.UserController-Inside showLoginPage() with email - harshibabu604@gmail.comon UserController
2023-10-09 23:40:49|[http-nio-8087-exec-4]|INFO |com.harshi.InventoryAndBilling.controllers.UserController-Redirecting landing.html
2023-10-09 23:41:13|[http-nio-8087-exec-10]|WARN |org.springframework.web.servlet.mvc.support.DefaultHandlerExceptionResolver-Resolved [org.springframework.web.bind.MissingServletRequestParameterException: Required request parameter 'orderId' for method parameter type Long is not present]
2023-10-09 23:45:14|[RMI TCP Connection(12)-127.0.0.1]|INFO |org.springframework.boot.admin.SpringApplicationAdminMXBeanRegistrar$SpringApplicationAdmin-Application shutdown requested.
2023-10-09 23:45:14|[RMI TCP Connection(12)-127.0.0.1]|INFO |org.apache.coyote.http11.Http11NioProtocol-Pausing ProtocolHandler ["http-nio-8087"]
2023-10-09 23:45:14|[RMI TCP Connection(12)-127.0.0.1]|INFO |org.apache.catalina.core.StandardService-Stopping service [Tomcat]
2023-10-09 23:45:14|[RMI TCP Connection(12)-127.0.0.1]|INFO |org.apache.catalina.core.ContainerBase.[Tomcat].[localhost].[/inventorybilling]-Destroying Spring FrameworkServlet 'dispatcherServlet'
2023-10-09 23:45:14|[RMI TCP Connection(12)-127.0.0.1]|INFO |org.apache.coyote.http11.Http11NioProtocol-Stopping ProtocolHandler ["http-nio-8087"]
2023-10-09 23:45:14|[RMI TCP Connection(12)-127.0.0.1]|INFO |org.apache.coyote.http11.Http11NioProtocol-Destroying ProtocolHandler ["http-nio-8087"]
2023-10-09 23:45:14|[RMI TCP Connection(12)-127.0.0.1]|INFO |org.springframework.orm.jpa.LocalContainerEntityManagerFactoryBean-Closing JPA EntityManagerFactory for persistence unit 'default'
2023-10-09 23:45:14|[RMI TCP Connection(12)-127.0.0.1]|INFO |com.zaxxer.hikari.HikariDataSource-HikariPool-1 - Shutdown initiated...
2023-10-09 23:45:14|[RMI TCP Connection(12)-127.0.0.1]|INFO |com.zaxxer.hikari.HikariDataSource-HikariPool-1 - Shutdown completed.
2023-10-09 23:45:17|[main]|INFO |com.harshi.InventoryAndBilling.InventoryAndBillingApplication-Starting InventoryAndBillingApplication using Java 17.0.8.1 with PID 10540 (D:\InventoryAndBilling\InventoryAndBilling\target\classes started by Harshikesh in D:\InventoryAndBilling\InventoryAndBilling)
2023-10-09 23:45:17|[main]|INFO |com.harshi.InventoryAndBilling.InventoryAndBillingApplication-No active profile set, falling back to 1 default profile: "default"
2023-10-09 23:45:18|[main]|INFO |org.springframework.data.repository.config.RepositoryConfigurationDelegate-Bootstrapping Spring Data JPA repositories in DEFAULT mode.
2023-10-09 23:45:18|[main]|INFO |org.springframework.data.repository.config.RepositoryConfigurationDelegate-Finished Spring Data repository scanning in 95 ms. Found 8 JPA repository interfaces.
2023-10-09 23:45:19|[main]|INFO |org.springframework.boot.web.embedded.tomcat.TomcatWebServer-Tomcat initialized with port(s): 8087 (http)
2023-10-09 23:45:19|[main]|INFO |org.apache.coyote.http11.Http11NioProtocol-Initializing ProtocolHandler ["http-nio-8087"]
2023-10-09 23:45:19|[main]|INFO |org.apache.catalina.core.StandardService-Starting service [Tomcat]
2023-10-09 23:45:19|[main]|INFO |org.apache.catalina.core.StandardEngine-Starting Servlet engine: [Apache Tomcat/10.1.12]
2023-10-09 23:45:19|[main]|INFO |org.apache.catalina.core.ContainerBase.[Tomcat].[localhost].[/inventorybilling]-Initializing Spring embedded WebApplicationContext
2023-10-09 23:45:19|[main]|INFO |org.springframework.boot.web.servlet.context.ServletWebServerApplicationContext-Root WebApplicationContext: initialization completed in 1885 ms
2023-10-09 23:45:20|[main]|INFO |org.hibernate.jpa.internal.util.LogHelper-HHH000204: Processing PersistenceUnitInfo [name: default]
2023-10-09 23:45:20|[main]|INFO |org.hibernate.Version-HHH000412: Hibernate ORM core version 6.2.7.Final
2023-10-09 23:45:20|[main]|INFO |org.hibernate.cfg.Environment-HHH000406: Using bytecode reflection optimizer
2023-10-09 23:45:20|[main]|INFO |org.hibernate.bytecode.internal.BytecodeProviderInitiator-HHH000021: Bytecode provider name : bytebuddy
2023-10-09 23:45:20|[main]|INFO |org.springframework.orm.jpa.persistenceunit.SpringPersistenceUnitInfo-No LoadTimeWeaver setup: ignoring JPA class transformer
2023-10-09 23:45:20|[main]|INFO |com.zaxxer.hikari.HikariDataSource-HikariPool-1 - Starting...
2023-10-09 23:45:21|[main]|INFO |com.zaxxer.hikari.pool.HikariPool-HikariPool-1 - Added connection com.mysql.cj.jdbc.ConnectionImpl@7b1c501d
2023-10-09 23:45:21|[main]|INFO |com.zaxxer.hikari.HikariDataSource-HikariPool-1 - Start completed.
2023-10-09 23:45:21|[main]|INFO |org.hibernate.bytecode.internal.BytecodeProviderInitiator-HHH000021: Bytecode provider name : bytebuddy
2023-10-09 23:45:23|[main]|INFO |org.hibernate.engine.transaction.jta.platform.internal.JtaPlatformInitiator-HHH000490: Using JtaPlatform implementation: [org.hibernate.engine.transaction.jta.platform.internal.NoJtaPlatform]
2023-10-09 23:45:23|[main]|INFO |org.springframework.orm.jpa.LocalContainerEntityManagerFactoryBean-Initialized JPA EntityManagerFactory for persistence unit 'default'
2023-10-09 23:45:23|[main]|INFO |org.springframework.data.jpa.repository.query.QueryEnhancerFactory-Hibernate is in classpath; If applicable, HQL parser will be used.
2023-10-09 23:45:25|[main]|WARN |org.springframework.boot.autoconfigure.orm.jpa.JpaBaseConfiguration$JpaWebConfiguration-spring.jpa.open-in-view is enabled by default. Therefore, database queries may be performed during view rendering. Explicitly configure spring.jpa.open-in-view to disable this warning
2023-10-09 23:45:25|[main]|INFO |org.springframework.boot.autoconfigure.web.servlet.WelcomePageHandlerMapping-Adding welcome page template: index
2023-10-09 23:45:25|[main]|INFO |org.apache.coyote.http11.Http11NioProtocol-Starting ProtocolHandler ["http-nio-8087"]
2023-10-09 23:45:25|[main]|INFO |org.springframework.boot.web.embedded.tomcat.TomcatWebServer-Tomcat started on port(s): 8087 (http) with context path '/inventorybilling'
2023-10-09 23:45:25|[main]|INFO |com.harshi.InventoryAndBilling.InventoryAndBillingApplication-Started InventoryAndBillingApplication in 8.554 seconds (process running for 9.949)
2023-10-09 23:45:49|[http-nio-8087-exec-1]|INFO |org.apache.catalina.core.ContainerBase.[Tomcat].[localhost].[/inventorybilling]-Initializing Spring DispatcherServlet 'dispatcherServlet'
2023-10-09 23:45:49|[http-nio-8087-exec-1]|INFO |org.springframework.web.servlet.DispatcherServlet-Initializing Servlet 'dispatcherServlet'
2023-10-09 23:45:49|[http-nio-8087-exec-1]|INFO |org.springframework.web.servlet.DispatcherServlet-Completed initialization in 5 ms
2023-10-09 23:45:59|[http-nio-8087-exec-2]|INFO |com.harshi.InventoryAndBilling.controllers.UserController-Inside to showLoginPage() on UserController
2023-10-09 23:46:01|[http-nio-8087-exec-3]|INFO |com.harshi.InventoryAndBilling.controllers.UserController-Inside showLoginPage() with email - harshibabu604@gmail.comon UserController
2023-10-09 23:46:01|[http-nio-8087-exec-3]|INFO |com.harshi.InventoryAndBilling.controllers.UserController-Redirecting landing.html
2023-10-09 23:51:17|[RMI TCP Connection(10)-127.0.0.1]|INFO |org.springframework.boot.admin.SpringApplicationAdminMXBeanRegistrar$SpringApplicationAdmin-Application shutdown requested.
2023-10-09 23:51:17|[RMI TCP Connection(10)-127.0.0.1]|INFO |org.apache.coyote.http11.Http11NioProtocol-Pausing ProtocolHandler ["http-nio-8087"]
2023-10-09 23:51:17|[RMI TCP Connection(10)-127.0.0.1]|INFO |org.apache.catalina.core.StandardService-Stopping service [Tomcat]
2023-10-09 23:51:17|[RMI TCP Connection(10)-127.0.0.1]|INFO |org.apache.catalina.core.ContainerBase.[Tomcat].[localhost].[/inventorybilling]-Destroying Spring FrameworkServlet 'dispatcherServlet'
2023-10-09 23:51:17|[RMI TCP Connection(10)-127.0.0.1]|INFO |org.apache.coyote.http11.Http11NioProtocol-Stopping ProtocolHandler ["http-nio-8087"]
2023-10-09 23:51:17|[RMI TCP Connection(10)-127.0.0.1]|INFO |org.springframework.orm.jpa.LocalContainerEntityManagerFactoryBean-Closing JPA EntityManagerFactory for persistence unit 'default'
2023-10-09 23:51:17|[RMI TCP Connection(10)-127.0.0.1]|INFO |com.zaxxer.hikari.HikariDataSource-HikariPool-1 - Shutdown initiated...
2023-10-09 23:51:17|[RMI TCP Connection(10)-127.0.0.1]|INFO |com.zaxxer.hikari.HikariDataSource-HikariPool-1 - Shutdown completed.
2023-10-09 23:51:20|[main]|INFO |com.harshi.InventoryAndBilling.InventoryAndBillingApplication-Starting InventoryAndBillingApplication using Java 17.0.8.1 with PID 20284 (D:\InventoryAndBilling\InventoryAndBilling\target\classes started by Harshikesh in D:\InventoryAndBilling\InventoryAndBilling)
2023-10-09 23:51:20|[main]|INFO |com.harshi.InventoryAndBilling.InventoryAndBillingApplication-No active profile set, falling back to 1 default profile: "default"
2023-10-09 23:51:20|[main]|INFO |org.springframework.data.repository.config.RepositoryConfigurationDelegate-Bootstrapping Spring Data JPA repositories in DEFAULT mode.
2023-10-09 23:51:21|[main]|INFO |org.springframework.data.repository.config.RepositoryConfigurationDelegate-Finished Spring Data repository scanning in 115 ms. Found 8 JPA repository interfaces.
2023-10-09 23:51:21|[main]|INFO |org.springframework.boot.web.embedded.tomcat.TomcatWebServer-Tomcat initialized with port(s): 8087 (http)
2023-10-09 23:51:21|[main]|INFO |org.apache.coyote.http11.Http11NioProtocol-Initializing ProtocolHandler ["http-nio-8087"]
2023-10-09 23:51:21|[main]|INFO |org.apache.catalina.core.StandardService-Starting service [Tomcat]
2023-10-09 23:51:21|[main]|INFO |org.apache.catalina.core.StandardEngine-Starting Servlet engine: [Apache Tomcat/10.1.12]
2023-10-09 23:51:22|[main]|INFO |org.apache.catalina.core.ContainerBase.[Tomcat].[localhost].[/inventorybilling]-Initializing Spring embedded WebApplicationContext
2023-10-09 23:51:22|[main]|INFO |org.springframework.boot.web.servlet.context.ServletWebServerApplicationContext-Root WebApplicationContext: initialization completed in 1850 ms
2023-10-09 23:51:22|[main]|INFO |org.hibernate.jpa.internal.util.LogHelper-HHH000204: Processing PersistenceUnitInfo [name: default]
2023-10-09 23:51:22|[main]|INFO |org.hibernate.Version-HHH000412: Hibernate ORM core version 6.2.7.Final
2023-10-09 23:51:22|[main]|INFO |org.hibernate.cfg.Environment-HHH000406: Using bytecode reflection optimizer
2023-10-09 23:51:22|[main]|INFO |org.hibernate.bytecode.internal.BytecodeProviderInitiator-HHH000021: Bytecode provider name : bytebuddy
2023-10-09 23:51:22|[main]|INFO |org.springframework.orm.jpa.persistenceunit.SpringPersistenceUnitInfo-No LoadTimeWeaver setup: ignoring JPA class transformer
2023-10-09 23:51:22|[main]|INFO |com.zaxxer.hikari.HikariDataSource-HikariPool-1 - Starting...
2023-10-09 23:51:23|[main]|INFO |com.zaxxer.hikari.pool.HikariPool-HikariPool-1 - Added connection com.mysql.cj.jdbc.ConnectionImpl@fe08eaf
2023-10-09 23:51:23|[main]|INFO |com.zaxxer.hikari.HikariDataSource-HikariPool-1 - Start completed.
2023-10-09 23:51:23|[main]|INFO |org.hibernate.bytecode.internal.BytecodeProviderInitiator-HHH000021: Bytecode provider name : bytebuddy
2023-10-09 23:51:24|[main]|INFO |org.hibernate.engine.transaction.jta.platform.internal.JtaPlatformInitiator-HHH000490: Using JtaPlatform implementation: [org.hibernate.engine.transaction.jta.platform.internal.NoJtaPlatform]
2023-10-09 23:51:25|[main]|INFO |org.springframework.orm.jpa.LocalContainerEntityManagerFactoryBean-Initialized JPA EntityManagerFactory for persistence unit 'default'
2023-10-09 23:51:25|[main]|INFO |org.springframework.data.jpa.repository.query.QueryEnhancerFactory-Hibernate is in classpath; If applicable, HQL parser will be used.
2023-10-09 23:51:26|[main]|WARN |org.springframework.boot.autoconfigure.orm.jpa.JpaBaseConfiguration$JpaWebConfiguration-spring.jpa.open-in-view is enabled by default. Therefore, database queries may be performed during view rendering. Explicitly configure spring.jpa.open-in-view to disable this warning
2023-10-09 23:51:26|[main]|INFO |org.springframework.boot.autoconfigure.web.servlet.WelcomePageHandlerMapping-Adding welcome page template: index
2023-10-09 23:51:27|[main]|INFO |org.apache.coyote.http11.Http11NioProtocol-Starting ProtocolHandler ["http-nio-8087"]
2023-10-09 23:51:27|[main]|INFO |org.springframework.boot.web.embedded.tomcat.TomcatWebServer-Tomcat started on port(s): 8087 (http) with context path '/inventorybilling'
2023-10-09 23:51:27|[main]|INFO |com.harshi.InventoryAndBilling.InventoryAndBillingApplication-Started InventoryAndBillingApplication in 7.502 seconds (process running for 8.663)
2023-10-09 23:51:38|[http-nio-8087-exec-1]|INFO |org.apache.catalina.core.ContainerBase.[Tomcat].[localhost].[/inventorybilling]-Initializing Spring DispatcherServlet 'dispatcherServlet'
2023-10-09 23:51:38|[http-nio-8087-exec-1]|INFO |org.springframework.web.servlet.DispatcherServlet-Initializing Servlet 'dispatcherServlet'
2023-10-09 23:51:38|[http-nio-8087-exec-1]|INFO |org.springframework.web.servlet.DispatcherServlet-Completed initialization in 2 ms
2023-10-09 23:51:41|[http-nio-8087-exec-3]|INFO |com.harshi.InventoryAndBilling.controllers.UserController-Inside to showLoginPage() on UserController
2023-10-09 23:52:00|[http-nio-8087-exec-5]|INFO |com.harshi.InventoryAndBilling.controllers.UserController-Inside showLoginPage() with email - harshibabu604@gmail.comon UserController
2023-10-09 23:52:00|[http-nio-8087-exec-5]|INFO |com.harshi.InventoryAndBilling.controllers.UserController-Redirecting landing.html
