2023-11-23 18:13:00|[background-preinit]|INFO |org.hibernate.validator.internal.util.Version-HV000001: Hibernate Validator 8.0.1.Final
2023-11-23 18:13:01|[main]|INFO |com.harshi_solution.inventorymate.InventoryAndBillingApplication-Starting InventoryAndBillingApplication using Java 17.0.8.1 with PID 15244 (C:\Users\Asus\Downloads\InventoryAndBilling\InventoryAndBilling\target\classes started by Asus in C:\Users\Asus\Downloads\InventoryAndBilling\InventoryAndBilling)
2023-11-23 18:13:01|[main]|INFO |com.harshi_solution.inventorymate.InventoryAndBillingApplication-No active profile set, falling back to 1 default profile: "default"
2023-11-23 18:13:02|[main]|INFO |org.springframework.data.repository.config.RepositoryConfigurationDelegate-Bootstrapping Spring Data JPA repositories in DEFAULT mode.
2023-11-23 18:13:02|[main]|INFO |org.springframework.data.repository.config.RepositoryConfigurationDelegate-Finished Spring Data repository scanning in 163 ms. Found 12 JPA repository interfaces.
2023-11-23 18:13:03|[main]|INFO |org.springframework.boot.web.embedded.tomcat.TomcatWebServer-Tomcat initialized with port(s): 8087 (http)
2023-11-23 18:13:03|[main]|INFO |org.apache.coyote.http11.Http11NioProtocol-Initializing ProtocolHandler ["http-nio-8087"]
2023-11-23 18:13:03|[main]|INFO |org.apache.catalina.core.StandardService-Starting service [Tomcat]
2023-11-23 18:13:03|[main]|INFO |org.apache.catalina.core.StandardEngine-Starting Servlet engine: [Apache Tomcat/10.1.12]
2023-11-23 18:13:03|[main]|INFO |org.apache.catalina.core.ContainerBase.[Tomcat].[localhost].[/inventorybilling]-Initializing Spring embedded WebApplicationContext
2023-11-23 18:13:03|[main]|INFO |org.springframework.boot.web.servlet.context.ServletWebServerApplicationContext-Root WebApplicationContext: initialization completed in 2767 ms
2023-11-23 18:13:04|[main]|INFO |org.hibernate.jpa.internal.util.LogHelper-HHH000204: Processing PersistenceUnitInfo [name: default]
2023-11-23 18:13:04|[main]|INFO |org.hibernate.Version-HHH000412: Hibernate ORM core version 6.2.7.Final
2023-11-23 18:13:04|[main]|INFO |org.hibernate.cfg.Environment-HHH000406: Using bytecode reflection optimizer
2023-11-23 18:13:04|[main]|INFO |org.hibernate.bytecode.internal.BytecodeProviderInitiator-HHH000021: Bytecode provider name : bytebuddy
2023-11-23 18:13:04|[main]|INFO |org.springframework.orm.jpa.persistenceunit.SpringPersistenceUnitInfo-No LoadTimeWeaver setup: ignoring JPA class transformer
2023-11-23 18:13:04|[main]|INFO |com.zaxxer.hikari.HikariDataSource-HikariPool-1 - Starting...
2023-11-23 18:13:05|[main]|INFO |com.zaxxer.hikari.pool.HikariPool-HikariPool-1 - Added connection com.mysql.cj.jdbc.ConnectionImpl@35e75f7a
2023-11-23 18:13:05|[main]|INFO |com.zaxxer.hikari.HikariDataSource-HikariPool-1 - Start completed.
2023-11-23 18:13:05|[main]|INFO |org.hibernate.bytecode.internal.BytecodeProviderInitiator-HHH000021: Bytecode provider name : bytebuddy
2023-11-23 18:13:06|[main]|INFO |org.hibernate.engine.transaction.jta.platform.internal.JtaPlatformInitiator-HHH000490: Using JtaPlatform implementation: [org.hibernate.engine.transaction.jta.platform.internal.NoJtaPlatform]
2023-11-23 18:13:07|[main]|INFO |org.springframework.orm.jpa.LocalContainerEntityManagerFactoryBean-Initialized JPA EntityManagerFactory for persistence unit 'default'
2023-11-23 18:13:07|[main]|INFO |org.springframework.data.jpa.repository.query.QueryEnhancerFactory-Hibernate is in classpath; If applicable, HQL parser will be used.
2023-11-23 18:13:08|[main]|WARN |org.springframework.boot.autoconfigure.orm.jpa.JpaBaseConfiguration$JpaWebConfiguration-spring.jpa.open-in-view is enabled by default. Therefore, database queries may be performed during view rendering. Explicitly configure spring.jpa.open-in-view to disable this warning
2023-11-23 18:13:09|[main]|INFO |org.springframework.boot.autoconfigure.web.servlet.WelcomePageHandlerMapping-Adding welcome page template: index
2023-11-23 18:13:09|[main]|INFO |org.apache.coyote.http11.Http11NioProtocol-Starting ProtocolHandler ["http-nio-8087"]
2023-11-23 18:13:09|[main]|INFO |org.springframework.boot.web.embedded.tomcat.TomcatWebServer-Tomcat started on port(s): 8087 (http) with context path '/inventorybilling'
2023-11-23 18:13:09|[main]|INFO |com.harshi_solution.inventorymate.InventoryAndBillingApplication-Started InventoryAndBillingApplication in 9.047 seconds (process running for 10.156)
2023-11-23 18:13:22|[http-nio-8087-exec-1]|INFO |org.apache.catalina.core.ContainerBase.[Tomcat].[localhost].[/inventorybilling]-Initializing Spring DispatcherServlet 'dispatcherServlet'
2023-11-23 18:13:22|[http-nio-8087-exec-1]|INFO |org.springframework.web.servlet.DispatcherServlet-Initializing Servlet 'dispatcherServlet'
2023-11-23 18:13:22|[http-nio-8087-exec-1]|INFO |org.springframework.web.servlet.DispatcherServlet-Completed initialization in 11 ms
2023-11-23 18:13:30|[http-nio-8087-exec-5]|INFO |com.harshi_solution.inventorymate.controllers.UserController-Displaying the login page
2023-11-23 18:13:37|[http-nio-8087-exec-6]|INFO |com.harshi_solution.inventorymate.controllers.UserController-Attempting login for email: ayush11006@gmail.com
2023-11-23 18:13:38|[http-nio-8087-exec-6]|INFO |com.harshi_solution.inventorymate.controllers.UserController-Login successful for email: AYUSH11006@GMAIL.COM
2023-11-23 18:13:44|[http-nio-8087-exec-7]|INFO |com.harshi_solution.inventorymate.controllers.DashboardController-Redirecting to landing.html
2023-11-23 18:13:45|[http-nio-8087-exec-8]|INFO |com.harshi_solution.inventorymate.controllers.DashboardController-Redirecting to landing.html
2023-11-23 18:13:47|[http-nio-8087-exec-9]|INFO |com.harshi_solution.inventorymate.controllers.DashboardController-Inside getTotalOutstanding() on DashboardController
2023-11-23 18:13:49|[http-nio-8087-exec-10]|INFO |com.harshi_solution.inventorymate.controllers.DashboardController-Redirecting to landing.html
2023-11-23 18:13:53|[http-nio-8087-exec-1]|INFO |com.harshi_solution.inventorymate.controllers.WarehouseController-Inside showWarehouseList() on WarehouseController
2023-11-23 18:13:56|[http-nio-8087-exec-3]|INFO |com.harshi_solution.inventorymate.controllers.WarehouseController-Viewing warehouse details for Warehouse ID: 2
2023-11-23 18:13:58|[http-nio-8087-exec-2]|INFO |com.harshi_solution.inventorymate.controllers.DashboardController-Redirecting to landing.html
2023-11-23 18:14:00|[http-nio-8087-exec-4]|INFO |com.harshi_solution.inventorymate.controllers.RepsController-Displaying the list of representatives
2023-11-23 18:14:01|[http-nio-8087-exec-5]|INFO |com.harshi_solution.inventorymate.controllers.RepsController-Displaying representative details for representative with ID: 2
2023-11-23 18:14:03|[http-nio-8087-exec-6]|INFO |com.harshi_solution.inventorymate.controllers.OrderController-Displaying order details for order with ID: 26
2023-11-23 18:14:06|[http-nio-8087-exec-7]|INFO |com.harshi_solution.inventorymate.controllers.DashboardController-Redirecting to landing.html
