2023-11-02 18:54:57|[background-preinit]|INFO |org.hibernate.validator.internal.util.Version-HV000001: Hibernate Validator 8.0.1.Final
2023-11-02 18:54:57|[main]|INFO |com.harshi.inventory_and_billing.InventoryAndBillingApplication-Starting InventoryAndBillingApplication using Java 17.0.8.1 with PID 9596 (C:\Users\Asus\Downloads\InventoryAndBilling\InventoryAndBilling\target\classes started by Asus in C:\Users\Asus\Downloads\InventoryAndBilling\InventoryAndBilling)
2023-11-02 18:54:57|[main]|INFO |com.harshi.inventory_and_billing.InventoryAndBillingApplication-No active profile set, falling back to 1 default profile: "default"
2023-11-02 18:54:58|[main]|INFO |org.springframework.data.repository.config.RepositoryConfigurationDelegate-Bootstrapping Spring Data JPA repositories in DEFAULT mode.
2023-11-02 18:54:58|[main]|INFO |org.springframework.data.repository.config.RepositoryConfigurationDelegate-Finished Spring Data repository scanning in 134 ms. Found 11 JPA repository interfaces.
2023-11-02 18:55:00|[main]|INFO |org.springframework.boot.web.embedded.tomcat.TomcatWebServer-Tomcat initialized with port(s): 8087 (http)
2023-11-02 18:55:00|[main]|INFO |org.apache.coyote.http11.Http11NioProtocol-Initializing ProtocolHandler ["http-nio-8087"]
2023-11-02 18:55:00|[main]|INFO |org.apache.catalina.core.StandardService-Starting service [Tomcat]
2023-11-02 18:55:00|[main]|INFO |org.apache.catalina.core.StandardEngine-Starting Servlet engine: [Apache Tomcat/10.1.12]
2023-11-02 18:55:00|[main]|INFO |org.apache.catalina.core.ContainerBase.[Tomcat].[localhost].[/inventorybilling]-Initializing Spring embedded WebApplicationContext
2023-11-02 18:55:00|[main]|INFO |org.springframework.boot.web.servlet.context.ServletWebServerApplicationContext-Root WebApplicationContext: initialization completed in 2601 ms
2023-11-02 18:55:00|[main]|INFO |org.hibernate.jpa.internal.util.LogHelper-HHH000204: Processing PersistenceUnitInfo [name: default]
2023-11-02 18:55:00|[main]|INFO |org.hibernate.Version-HHH000412: Hibernate ORM core version 6.2.7.Final
2023-11-02 18:55:00|[main]|INFO |org.hibernate.cfg.Environment-HHH000406: Using bytecode reflection optimizer
2023-11-02 18:55:00|[main]|INFO |org.hibernate.bytecode.internal.BytecodeProviderInitiator-HHH000021: Bytecode provider name : bytebuddy
2023-11-02 18:55:01|[main]|INFO |org.springframework.orm.jpa.persistenceunit.SpringPersistenceUnitInfo-No LoadTimeWeaver setup: ignoring JPA class transformer
2023-11-02 18:55:01|[main]|INFO |com.zaxxer.hikari.HikariDataSource-HikariPool-1 - Starting...
2023-11-02 18:55:01|[main]|INFO |com.zaxxer.hikari.pool.HikariPool-HikariPool-1 - Added connection com.mysql.cj.jdbc.ConnectionImpl@47f0f414
2023-11-02 18:55:01|[main]|INFO |com.zaxxer.hikari.HikariDataSource-HikariPool-1 - Start completed.
2023-11-02 18:55:02|[main]|INFO |org.hibernate.bytecode.internal.BytecodeProviderInitiator-HHH000021: Bytecode provider name : bytebuddy
2023-11-02 18:55:03|[main]|INFO |org.hibernate.engine.transaction.jta.platform.internal.JtaPlatformInitiator-HHH000490: Using JtaPlatform implementation: [org.hibernate.engine.transaction.jta.platform.internal.NoJtaPlatform]
2023-11-02 18:55:03|[main]|INFO |org.springframework.orm.jpa.LocalContainerEntityManagerFactoryBean-Initialized JPA EntityManagerFactory for persistence unit 'default'
2023-11-02 18:55:04|[main]|INFO |org.springframework.data.jpa.repository.query.QueryEnhancerFactory-Hibernate is in classpath; If applicable, HQL parser will be used.
2023-11-02 18:55:07|[main]|WARN |org.springframework.boot.autoconfigure.orm.jpa.JpaBaseConfiguration$JpaWebConfiguration-spring.jpa.open-in-view is enabled by default. Therefore, database queries may be performed during view rendering. Explicitly configure spring.jpa.open-in-view to disable this warning
2023-11-02 18:55:07|[main]|INFO |org.springframework.boot.autoconfigure.web.servlet.WelcomePageHandlerMapping-Adding welcome page template: index
2023-11-02 18:55:08|[main]|INFO |org.apache.coyote.http11.Http11NioProtocol-Starting ProtocolHandler ["http-nio-8087"]
2023-11-02 18:55:08|[main]|INFO |org.springframework.boot.web.embedded.tomcat.TomcatWebServer-Tomcat started on port(s): 8087 (http) with context path '/inventorybilling'
2023-11-02 18:55:08|[main]|INFO |com.harshi.inventory_and_billing.InventoryAndBillingApplication-Started InventoryAndBillingApplication in 11.392 seconds (process running for 12.249)
2023-11-02 18:57:51|[http-nio-8087-exec-1]|INFO |org.apache.catalina.core.ContainerBase.[Tomcat].[localhost].[/inventorybilling]-Initializing Spring DispatcherServlet 'dispatcherServlet'
2023-11-02 18:57:51|[http-nio-8087-exec-1]|INFO |org.springframework.web.servlet.DispatcherServlet-Initializing Servlet 'dispatcherServlet'
2023-11-02 18:57:51|[http-nio-8087-exec-1]|INFO |org.springframework.web.servlet.DispatcherServlet-Completed initialization in 16 ms
2023-11-02 18:57:54|[http-nio-8087-exec-3]|INFO |com.harshi.inventory_and_billing.controllers.UserController-Displaying the login page
2023-11-02 18:58:00|[http-nio-8087-exec-4]|INFO |com.harshi.inventory_and_billing.controllers.UserController-Attempting login for email: ayush11006@gmail.com
2023-11-02 18:58:01|[http-nio-8087-exec-4]|INFO |com.harshi.inventory_and_billing.controllers.UserController-Login successful for email: AYUSH11006@GMAIL.COM
2023-11-02 18:58:03|[http-nio-8087-exec-5]|INFO |com.harshi.inventory_and_billing.controllers.WarehouseController-Inside showWarehouseList() on WarehouseController
2023-11-02 18:58:05|[http-nio-8087-exec-6]|INFO |com.harshi.inventory_and_billing.controllers.WarehouseController-Viewing warehouse details for Warehouse ID: 1
2023-11-02 18:58:15|[http-nio-8087-exec-7]|INFO |com.harshi.inventory_and_billing.controllers.DashboardController-Redirecting to landing.html
2023-11-02 19:00:55|[http-nio-8087-exec-10]|INFO |com.harshi.inventory_and_billing.controllers.PartyController-Displaying the party list
2023-11-02 19:00:57|[http-nio-8087-exec-1]|INFO |com.harshi.inventory_and_billing.controllers.PartyController-Displaying party details for party with ID: 1
2023-11-02 19:05:58|[http-nio-8087-exec-4]|INFO |com.harshi.inventory_and_billing.controllers.DashboardController-Redirecting to landing.html
2023-11-02 19:06:00|[http-nio-8087-exec-5]|INFO |com.harshi.inventory_and_billing.controllers.OrderController-Entering showBookOrder
2023-11-02 19:06:03|[http-nio-8087-exec-6]|INFO |com.harshi.inventory_and_billing.controllers.RepsController-Displaying the add representatives form
2023-11-02 19:06:05|[http-nio-8087-exec-7]|INFO |com.harshi.inventory_and_billing.controllers.DashboardController-Redirecting to landing.html
2023-11-02 19:06:07|[http-nio-8087-exec-8]|INFO |com.harshi.inventory_and_billing.controllers.OrderController-Displaying order list
2023-11-02 19:06:11|[http-nio-8087-exec-9]|INFO |com.harshi.inventory_and_billing.controllers.OrderController-Entering showBookOrder
2023-11-02 19:06:13|[http-nio-8087-exec-10]|INFO |com.harshi.inventory_and_billing.controllers.DashboardController-Redirecting to landing.html
2023-11-02 19:06:15|[http-nio-8087-exec-1]|INFO |com.harshi.inventory_and_billing.controllers.ProductController-Displaying the list of available products
2023-11-02 19:06:18|[http-nio-8087-exec-2]|INFO |com.harshi.inventory_and_billing.controllers.ProductController-Displaying the add products form
2023-11-02 19:11:09|[http-nio-8087-exec-5]|INFO |com.harshi.inventory_and_billing.controllers.DashboardController-Redirecting to landing.html
2023-11-02 19:11:12|[http-nio-8087-exec-6]|INFO |com.harshi.inventory_and_billing.controllers.PartyController-Displaying the party list
2023-11-02 19:11:14|[http-nio-8087-exec-7]|INFO |com.harshi.inventory_and_billing.controllers.PartyController-Displaying the add party form
2023-11-02 19:12:06|[http-nio-8087-exec-8]|INFO |com.harshi.inventory_and_billing.controllers.DashboardController-Redirecting to landing.html
2023-11-02 19:13:01|[http-nio-8087-exec-10]|INFO |com.harshi.inventory_and_billing.controllers.ProductController-Displaying the list of available products
2023-11-02 19:13:04|[http-nio-8087-exec-1]|INFO |com.harshi.inventory_and_billing.controllers.ProductController-Displaying the add products form
2023-11-02 19:13:46|[http-nio-8087-exec-2]|INFO |com.harshi.inventory_and_billing.controllers.ProductController-Displaying the add products form
2023-11-02 19:14:56|[http-nio-8087-exec-5]|INFO |com.harshi.inventory_and_billing.controllers.ProductController-Displaying the add products form
2023-11-02 19:15:06|[http-nio-8087-exec-6]|INFO |com.harshi.inventory_and_billing.controllers.DashboardController-Redirecting to landing.html
2023-11-02 19:15:08|[http-nio-8087-exec-7]|INFO |com.harshi.inventory_and_billing.controllers.ProductController-Displaying the list of available products
2023-11-02 19:15:14|[http-nio-8087-exec-8]|INFO |com.harshi.inventory_and_billing.controllers.DashboardController-Redirecting to landing.html
2023-11-02 19:15:15|[http-nio-8087-exec-9]|INFO |com.harshi.inventory_and_billing.controllers.RepsController-Displaying the list of representatives
2023-11-02 19:15:18|[http-nio-8087-exec-10]|INFO |com.harshi.inventory_and_billing.controllers.DashboardController-Redirecting to landing.html
2023-11-02 19:15:19|[http-nio-8087-exec-1]|INFO |com.harshi.inventory_and_billing.controllers.PartyController-Displaying the party list
2023-11-02 19:15:24|[http-nio-8087-exec-2]|INFO |com.harshi.inventory_and_billing.controllers.PartyController-Displaying the add party form
2023-11-02 19:15:34|[http-nio-8087-exec-3]|INFO |com.harshi.inventory_and_billing.controllers.DashboardController-Redirecting to landing.html
2023-11-02 19:15:37|[http-nio-8087-exec-4]|INFO |com.harshi.inventory_and_billing.controllers.ProductController-Displaying the list of available products
2023-11-02 19:15:40|[http-nio-8087-exec-5]|INFO |com.harshi.inventory_and_billing.controllers.ProductController-Displaying the add products form
2023-11-02 19:16:32|[http-nio-8087-exec-7]|INFO |com.harshi.inventory_and_billing.controllers.ProductController-Displaying the add products form
2023-11-02 19:16:52|[http-nio-8087-exec-8]|INFO |com.harshi.inventory_and_billing.controllers.DashboardController-Redirecting to landing.html
2023-11-02 19:16:53|[http-nio-8087-exec-9]|INFO |com.harshi.inventory_and_billing.controllers.PartyController-Displaying the party list
2023-11-02 19:16:55|[http-nio-8087-exec-10]|INFO |com.harshi.inventory_and_billing.controllers.PartyController-Displaying the add party form
2023-11-02 19:17:24|[http-nio-8087-exec-1]|INFO |com.harshi.inventory_and_billing.controllers.DashboardController-Redirecting to landing.html
2023-11-02 19:17:26|[http-nio-8087-exec-2]|INFO |com.harshi.inventory_and_billing.controllers.ProductController-Displaying the list of available products
2023-11-02 19:17:28|[http-nio-8087-exec-3]|INFO |com.harshi.inventory_and_billing.controllers.ProductController-Displaying the add products form
2023-11-02 19:18:12|[http-nio-8087-exec-5]|INFO |com.harshi.inventory_and_billing.controllers.ProductController-Displaying the add products form
2023-11-02 19:18:48|[http-nio-8087-exec-6]|INFO |com.harshi.inventory_and_billing.controllers.ProductController-Displaying the add products form
2023-11-02 19:18:52|[http-nio-8087-exec-7]|INFO |com.harshi.inventory_and_billing.controllers.ProductController-Displaying the add products form
2023-11-02 19:18:53|[http-nio-8087-exec-8]|INFO |com.harshi.inventory_and_billing.controllers.ProductController-Displaying the add products form
2023-11-02 19:19:04|[http-nio-8087-exec-9]|INFO |com.harshi.inventory_and_billing.controllers.DashboardController-Redirecting to landing.html
2023-11-02 19:19:06|[http-nio-8087-exec-10]|INFO |com.harshi.inventory_and_billing.controllers.TransportController-Displaying the list of transports
2023-11-02 19:19:11|[http-nio-8087-exec-1]|INFO |com.harshi.inventory_and_billing.controllers.TransportController-Displaying the add transport form
2023-11-02 19:19:15|[http-nio-8087-exec-3]|INFO |com.harshi.inventory_and_billing.controllers.TransportController-Displaying the list of transports
2023-11-02 19:21:32|[http-nio-8087-exec-6]|INFO |com.harshi.inventory_and_billing.controllers.ProductController-Displaying the add products form
2023-11-02 19:21:46|[http-nio-8087-exec-7]|INFO |com.harshi.inventory_and_billing.controllers.DashboardController-Redirecting to landing.html
2023-11-02 19:21:50|[http-nio-8087-exec-8]|INFO |com.harshi.inventory_and_billing.controllers.DashboardController-Redirecting to landing.html
2023-11-02 19:21:58|[http-nio-8087-exec-9]|INFO |com.harshi.inventory_and_billing.controllers.ProductController-Displaying the list of available products
2023-11-02 19:22:01|[http-nio-8087-exec-10]|INFO |com.harshi.inventory_and_billing.controllers.ProductController-Displaying the add products form
2023-11-02 19:22:26|[http-nio-8087-exec-1]|INFO |com.harshi.inventory_and_billing.controllers.ProductController-Displaying the list of available products
2023-11-02 19:22:29|[http-nio-8087-exec-3]|INFO |com.harshi.inventory_and_billing.controllers.ProductController-Displaying the add products form
2023-11-02 19:23:12|[http-nio-8087-exec-5]|INFO |com.harshi.inventory_and_billing.controllers.ProductController-Displaying the add products form
2023-11-02 19:24:49|[http-nio-8087-exec-7]|INFO |com.harshi.inventory_and_billing.controllers.ProductController-Displaying the add products form
2023-11-02 19:26:29|[http-nio-8087-exec-10]|INFO |com.harshi.inventory_and_billing.controllers.ProductController-Displaying the add products form
2023-11-02 19:26:39|[http-nio-8087-exec-1]|INFO |com.harshi.inventory_and_billing.controllers.ProductController-Displaying the add products form
2023-11-02 19:26:47|[http-nio-8087-exec-2]|INFO |com.harshi.inventory_and_billing.controllers.DashboardController-Redirecting to landing.html
2023-11-02 19:27:32|[http-nio-8087-exec-5]|INFO |com.harshi.inventory_and_billing.controllers.ProductController-Displaying the list of available products
2023-11-02 19:27:34|[http-nio-8087-exec-4]|INFO |com.harshi.inventory_and_billing.controllers.ProductController-Displaying the add products form
2023-11-02 19:28:08|[http-nio-8087-exec-6]|INFO |com.harshi.inventory_and_billing.controllers.ProductController-Displaying the add products form
2023-11-02 19:29:32|[http-nio-8087-exec-8]|INFO |com.harshi.inventory_and_billing.controllers.ProductController-Displaying the add products form
2023-11-02 19:31:33|[http-nio-8087-exec-2]|INFO |com.harshi.inventory_and_billing.controllers.ProductController-Displaying the add products form
2023-11-02 19:33:16|[http-nio-8087-exec-4]|INFO |com.harshi.inventory_and_billing.controllers.ProductController-Displaying the add products form
2023-11-02 19:34:14|[http-nio-8087-exec-6]|INFO |com.harshi.inventory_and_billing.controllers.ProductController-Displaying the add products form
2023-11-02 19:34:33|[http-nio-8087-exec-9]|INFO |com.harshi.inventory_and_billing.controllers.DashboardController-Redirecting to landing.html
2023-11-02 19:34:35|[http-nio-8087-exec-8]|INFO |com.harshi.inventory_and_billing.controllers.WarehouseController-Inside showWarehouseList() on WarehouseController
2023-11-02 19:35:56|[http-nio-8087-exec-2]|INFO |com.harshi.inventory_and_billing.controllers.WarehouseController-Inside showWarehouseList() on WarehouseController
2023-11-02 19:36:02|[http-nio-8087-exec-3]|INFO |com.harshi.inventory_and_billing.controllers.ProductController-Displaying the list of available products
2023-11-02 19:36:04|[http-nio-8087-exec-5]|INFO |com.harshi.inventory_and_billing.controllers.ProductController-Displaying the add products form
2023-11-02 19:36:31|[http-nio-8087-exec-4]|INFO |com.harshi.inventory_and_billing.controllers.DashboardController-Redirecting to landing.html
2023-11-02 19:36:33|[http-nio-8087-exec-6]|INFO |com.harshi.inventory_and_billing.controllers.OrderController-Displaying order list
2023-11-02 19:36:38|[http-nio-8087-exec-7]|INFO |com.harshi.inventory_and_billing.controllers.DashboardController-Redirecting to landing.html
2023-11-02 19:36:42|[http-nio-8087-exec-9]|INFO |com.harshi.inventory_and_billing.controllers.RepsController-Displaying the list of representatives
2023-11-02 19:36:44|[http-nio-8087-exec-8]|INFO |com.harshi.inventory_and_billing.controllers.RepsController-Displaying the add representatives form
2023-11-02 19:38:22|[http-nio-8087-exec-2]|INFO |com.harshi.inventory_and_billing.controllers.DashboardController-Redirecting to landing.html
2023-11-02 19:38:24|[http-nio-8087-exec-3]|INFO |com.harshi.inventory_and_billing.controllers.ProductController-Displaying the list of available products
2023-11-02 19:38:26|[http-nio-8087-exec-5]|INFO |com.harshi.inventory_and_billing.controllers.ProductController-Displaying the add products form
2023-11-02 19:39:29|[http-nio-8087-exec-7]|INFO |com.harshi.inventory_and_billing.controllers.ProductController-Displaying the add products form
2023-11-02 19:39:32|[http-nio-8087-exec-9]|INFO |com.harshi.inventory_and_billing.controllers.ProductController-Displaying the list of available products
2023-11-02 19:39:34|[http-nio-8087-exec-8]|INFO |com.harshi.inventory_and_billing.controllers.ProductController-Displaying the add products form
2023-11-02 19:39:38|[http-nio-8087-exec-1]|INFO |com.harshi.inventory_and_billing.controllers.UserController-Displaying the login page
2023-11-02 19:39:43|[http-nio-8087-exec-2]|INFO |com.harshi.inventory_and_billing.controllers.UserController-Attempting login for email: ayush11006@gmail.com
2023-11-02 19:39:43|[http-nio-8087-exec-2]|INFO |com.harshi.inventory_and_billing.controllers.UserController-Login successful for email: AYUSH11006@GMAIL.COM
2023-11-02 19:39:48|[http-nio-8087-exec-3]|INFO |com.harshi.inventory_and_billing.controllers.RepsController-Displaying the list of representatives
2023-11-02 19:39:51|[http-nio-8087-exec-5]|INFO |com.harshi.inventory_and_billing.controllers.DashboardController-Redirecting to landing.html
2023-11-02 19:40:02|[http-nio-8087-exec-4]|INFO |com.harshi.inventory_and_billing.controllers.ProductController-Displaying the list of available products
2023-11-02 19:40:04|[http-nio-8087-exec-6]|INFO |com.harshi.inventory_and_billing.controllers.ProductController-Displaying the add products form
2023-11-02 19:41:29|[http-nio-8087-exec-8]|INFO |com.harshi.inventory_and_billing.controllers.ProductController-Displaying the add products form
2023-11-02 19:43:07|[http-nio-8087-exec-2]|INFO |com.harshi.inventory_and_billing.controllers.DashboardController-Redirecting to landing.html
2023-11-02 19:50:08|[http-nio-8087-exec-4]|INFO |com.harshi.inventory_and_billing.controllers.RepsController-Displaying the list of representatives
2023-11-02 19:50:10|[http-nio-8087-exec-6]|INFO |com.harshi.inventory_and_billing.controllers.RepsController-Displaying representative details for representative with ID: 1
2023-11-02 19:55:12|[http-nio-8087-exec-8]|INFO |com.harshi.inventory_and_billing.controllers.RepsController-Displaying representative details for representative with ID: 1
2023-11-02 19:55:48|[http-nio-8087-exec-1]|INFO |com.harshi.inventory_and_billing.controllers.RepsController-Displaying representative details for representative with ID: 1
2023-11-02 19:55:56|[http-nio-8087-exec-10]|INFO |com.harshi.inventory_and_billing.controllers.DashboardController-Redirecting to landing.html
2023-11-02 19:55:59|[http-nio-8087-exec-2]|INFO |com.harshi.inventory_and_billing.controllers.PartyController-Displaying the party list
2023-11-02 19:56:04|[http-nio-8087-exec-3]|INFO |com.harshi.inventory_and_billing.controllers.DashboardController-Redirecting to landing.html
2023-11-02 19:56:35|[http-nio-8087-exec-4]|INFO |com.harshi.inventory_and_billing.controllers.RepsController-Displaying the list of representatives
2023-11-02 19:56:48|[http-nio-8087-exec-6]|INFO |com.harshi.inventory_and_billing.controllers.RepsController-Displaying the add representatives form
2023-11-02 19:56:50|[http-nio-8087-exec-7]|INFO |com.harshi.inventory_and_billing.controllers.DashboardController-Redirecting to landing.html
2023-11-02 20:02:35|[http-nio-8087-exec-1]|INFO |com.harshi.inventory_and_billing.controllers.OrderController-Displaying order list
2023-11-02 20:05:20|[http-nio-8087-exec-3]|INFO |com.harshi.inventory_and_billing.controllers.OrderController-Displaying order details for order with ID: 15
2023-11-02 20:06:55|[http-nio-8087-exec-6]|INFO |com.harshi.inventory_and_billing.controllers.OrderController-Displaying order details for order with ID: 15
=======
2023-11-02 01:10:32|[background-preinit]|INFO |org.hibernate.validator.internal.util.Version-HV000001: Hibernate Validator 8.0.1.Final
2023-11-02 01:10:32|[main]|INFO |com.harshi.inventory_and_billing.InventoryAndBillingApplication-Starting InventoryAndBillingApplication using Java 17.0.8.1 with PID 8912 (D:\InventoryAndBilling\InventoryAndBilling\target\classes started by Harshikesh in D:\InventoryAndBilling\InventoryAndBilling)
2023-11-02 01:10:32|[main]|INFO |com.harshi.inventory_and_billing.InventoryAndBillingApplication-No active profile set, falling back to 1 default profile: "default"
2023-11-02 01:10:32|[main]|INFO |org.springframework.data.repository.config.RepositoryConfigurationDelegate-Bootstrapping Spring Data JPA repositories in DEFAULT mode.
2023-11-02 01:10:33|[main]|INFO |org.springframework.data.repository.config.RepositoryConfigurationDelegate-Finished Spring Data repository scanning in 54 ms. Found 12 JPA repository interfaces.
2023-11-02 01:10:33|[main]|INFO |org.springframework.boot.web.embedded.tomcat.TomcatWebServer-Tomcat initialized with port(s): 8087 (http)
2023-11-02 01:10:33|[main]|INFO |org.apache.coyote.http11.Http11NioProtocol-Initializing ProtocolHandler ["http-nio-8087"]
2023-11-02 01:10:33|[main]|INFO |org.apache.catalina.core.StandardService-Starting service [Tomcat]
2023-11-02 01:10:33|[main]|INFO |org.apache.catalina.core.StandardEngine-Starting Servlet engine: [Apache Tomcat/10.1.12]
2023-11-02 01:10:33|[main]|INFO |org.apache.catalina.core.ContainerBase.[Tomcat].[localhost].[/inventorybilling]-Initializing Spring embedded WebApplicationContext
2023-11-02 01:10:33|[main]|INFO |org.springframework.boot.web.servlet.context.ServletWebServerApplicationContext-Root WebApplicationContext: initialization completed in 1011 ms
2023-11-02 01:10:33|[main]|INFO |org.hibernate.jpa.internal.util.LogHelper-HHH000204: Processing PersistenceUnitInfo [name: default]
2023-11-02 01:10:33|[main]|INFO |org.hibernate.Version-HHH000412: Hibernate ORM core version 6.2.7.Final
2023-11-02 01:10:33|[main]|INFO |org.hibernate.cfg.Environment-HHH000406: Using bytecode reflection optimizer
2023-11-02 01:10:33|[main]|INFO |org.hibernate.bytecode.internal.BytecodeProviderInitiator-HHH000021: Bytecode provider name : bytebuddy
2023-11-02 01:10:33|[main]|INFO |org.springframework.orm.jpa.persistenceunit.SpringPersistenceUnitInfo-No LoadTimeWeaver setup: ignoring JPA class transformer
2023-11-02 01:10:33|[main]|INFO |com.zaxxer.hikari.HikariDataSource-HikariPool-1 - Starting...
2023-11-02 01:10:34|[main]|INFO |com.zaxxer.hikari.pool.HikariPool-HikariPool-1 - Added connection com.mysql.cj.jdbc.ConnectionImpl@4b7ab7ab
2023-11-02 01:10:34|[main]|INFO |com.zaxxer.hikari.HikariDataSource-HikariPool-1 - Start completed.
2023-11-02 01:10:34|[main]|INFO |org.hibernate.bytecode.internal.BytecodeProviderInitiator-HHH000021: Bytecode provider name : bytebuddy
2023-11-02 01:10:35|[main]|INFO |org.hibernate.engine.transaction.jta.platform.internal.JtaPlatformInitiator-HHH000490: Using JtaPlatform implementation: [org.hibernate.engine.transaction.jta.platform.internal.NoJtaPlatform]
2023-11-02 01:10:35|[main]|INFO |org.springframework.orm.jpa.LocalContainerEntityManagerFactoryBean-Initialized JPA EntityManagerFactory for persistence unit 'default'
2023-11-02 01:10:35|[main]|INFO |org.springframework.data.jpa.repository.query.QueryEnhancerFactory-Hibernate is in classpath; If applicable, HQL parser will be used.
2023-11-02 01:10:36|[main]|WARN |org.springframework.boot.autoconfigure.orm.jpa.JpaBaseConfiguration$JpaWebConfiguration-spring.jpa.open-in-view is enabled by default. Therefore, database queries may be performed during view rendering. Explicitly configure spring.jpa.open-in-view to disable this warning
2023-11-02 01:10:36|[main]|INFO |org.springframework.boot.autoconfigure.web.servlet.WelcomePageHandlerMapping-Adding welcome page template: index
2023-11-02 01:10:36|[main]|INFO |org.apache.coyote.http11.Http11NioProtocol-Starting ProtocolHandler ["http-nio-8087"]
2023-11-02 01:10:36|[main]|INFO |org.springframework.boot.web.embedded.tomcat.TomcatWebServer-Tomcat started on port(s): 8087 (http) with context path '/inventorybilling'
2023-11-02 01:10:36|[main]|INFO |com.harshi.inventory_and_billing.InventoryAndBillingApplication-Started InventoryAndBillingApplication in 4.113 seconds (process running for 5.095)
2023-11-02 01:28:59|[RMI TCP Connection(28)-127.0.0.1]|INFO |org.springframework.boot.admin.SpringApplicationAdminMXBeanRegistrar$SpringApplicationAdmin-Application shutdown requested.
2023-11-02 01:28:59|[RMI TCP Connection(28)-127.0.0.1]|INFO |org.apache.coyote.http11.Http11NioProtocol-Pausing ProtocolHandler ["http-nio-8087"]
2023-11-02 01:28:59|[RMI TCP Connection(28)-127.0.0.1]|INFO |org.apache.catalina.core.StandardService-Stopping service [Tomcat]
2023-11-02 01:28:59|[RMI TCP Connection(28)-127.0.0.1]|INFO |org.apache.coyote.http11.Http11NioProtocol-Stopping ProtocolHandler ["http-nio-8087"]
2023-11-02 01:28:59|[RMI TCP Connection(28)-127.0.0.1]|INFO |org.springframework.orm.jpa.LocalContainerEntityManagerFactoryBean-Closing JPA EntityManagerFactory for persistence unit 'default'
2023-11-02 01:28:59|[RMI TCP Connection(28)-127.0.0.1]|INFO |com.zaxxer.hikari.HikariDataSource-HikariPool-1 - Shutdown initiated...
2023-11-02 01:28:59|[RMI TCP Connection(28)-127.0.0.1]|INFO |com.zaxxer.hikari.HikariDataSource-HikariPool-1 - Shutdown completed.
