2023-10-20 00:00:40|[http-nio-8087-exec-9]|INFO |com.harshi.InventoryAndBilling.controllers.UserController-Displaying the login page
2023-10-20 00:00:45|[http-nio-8087-exec-10]|INFO |com.harshi.InventoryAndBilling.controllers.UserController-Attempting login for email: ayush11006
2023-10-20 00:00:45|[http-nio-8087-exec-10]|INFO |com.harshi.InventoryAndBilling.controllers.UserController-Login successful for email: ayush11006
2023-10-20 00:00:53|[http-nio-8087-exec-1]|INFO |com.harshi.InventoryAndBilling.controllers.OrderController-Entering showBookOrder
2023-10-20 00:00:55|[http-nio-8087-exec-2]|INFO |com.harshi.InventoryAndBilling.controllers.OrderController-Saving selected representative with ID: 1
2023-10-20 00:00:55|[http-nio-8087-exec-3]|INFO |com.harshi.InventoryAndBilling.controllers.OrderController-Saving selected representative with ID: 1
2023-10-20 00:00:58|[http-nio-8087-exec-4]|INFO |com.harshi.InventoryAndBilling.controllers.PartyController-Displaying the add party form
2023-10-20 00:04:13|[http-nio-8087-exec-7]|INFO |com.harshi.InventoryAndBilling.controllers.OrderController-Saving selected party with ID: 1 for order with ID: 5
2023-10-20 00:04:16|[http-nio-8087-exec-8]|WARN |org.springframework.web.servlet.mvc.support.DefaultHandlerExceptionResolver-Resolved [org.springframework.web.bind.MissingServletRequestParameterException: Required request parameter 'selectedParty' for method parameter type Long is not present]
2023-10-20 00:04:27|[http-nio-8087-exec-9]|WARN |org.springframework.web.servlet.mvc.support.DefaultHandlerExceptionResolver-Resolved [org.springframework.web.bind.MissingServletRequestParameterException: Required request parameter 'selectedParty' for method parameter type Long is not present]
2023-10-20 00:04:34|[http-nio-8087-exec-10]|INFO |com.harshi.InventoryAndBilling.controllers.OrderController-Saving selected party with ID: 1 for order with ID: 5
2023-10-20 00:07:15|[http-nio-8087-exec-3]|INFO |com.harshi.InventoryAndBilling.controllers.ProductController-Displaying the list of available products
2023-10-20 00:07:20|[http-nio-8087-exec-4]|INFO |com.harshi.InventoryAndBilling.controllers.OrderController-Displaying order list
2023-10-20 00:07:22|[http-nio-8087-exec-5]|INFO |com.harshi.InventoryAndBilling.controllers.DashboardController-Redirecting to landing.html
2023-10-20 00:07:25|[http-nio-8087-exec-6]|INFO |com.harshi.InventoryAndBilling.controllers.OrderController-Displaying order list
2023-10-20 00:07:27|[http-nio-8087-exec-7]|INFO |com.harshi.InventoryAndBilling.controllers.OrderController-Displaying order details for order with ID: 1
2023-10-20 00:07:40|[http-nio-8087-exec-9]|WARN |org.springframework.web.servlet.mvc.support.DefaultHandlerExceptionResolver-Resolved [org.springframework.web.method.annotation.MethodArgumentTypeMismatchException: Failed to convert value of type 'java.lang.String' to required type 'java.lang.Long'; For input string: "${order.orderId}"]
2023-10-20 00:08:26|[http-nio-8087-exec-1]|INFO |com.harshi.InventoryAndBilling.controllers.OrderController-Displaying order details for order with ID: 4
2023-10-20 00:08:31|[http-nio-8087-exec-3]|WARN |org.springframework.web.servlet.mvc.support.DefaultHandlerExceptionResolver-Resolved [org.springframework.web.method.annotation.MethodArgumentTypeMismatchException: Failed to convert value of type 'java.lang.String' to required type 'java.lang.Long'; For input string: "${order.orderId}"]
2023-10-20 00:09:01|[http-nio-8087-exec-4]|INFO |com.harshi.InventoryAndBilling.controllers.OrderController-Displaying order list
2023-10-20 00:09:05|[http-nio-8087-exec-5]|INFO |com.harshi.InventoryAndBilling.controllers.OrderController-Displaying order details for order with ID: 2
2023-10-20 00:11:24|[http-nio-8087-exec-9]|INFO |com.harshi.InventoryAndBilling.controllers.TransportController-Displaying the list of transports
2023-10-20 00:20:32|[http-nio-8087-exec-2]|INFO |com.harshi.InventoryAndBilling.controllers.OrderController-Displaying order list
2023-10-20 00:20:34|[http-nio-8087-exec-3]|INFO |com.harshi.InventoryAndBilling.controllers.OrderController-Displaying order details for order with ID: 1
2023-10-20 00:20:43|[http-nio-8087-exec-5]|WARN |org.springframework.web.servlet.mvc.support.DefaultHandlerExceptionResolver-Resolved [org.springframework.web.method.annotation.MethodArgumentTypeMismatchException: Failed to convert value of type 'java.lang.String' to required type 'java.lang.Long'; For input string: "${order.orderId}"]
2023-10-20 00:28:01|[http-nio-8087-exec-7]|INFO |com.harshi.InventoryAndBilling.controllers.WarehouseController-Inside showWarehouseList() on WarehouseController
2023-10-20 00:28:03|[http-nio-8087-exec-8]|INFO |com.harshi.InventoryAndBilling.controllers.WarehouseController-Inside showAddWarehouse() on WarehouseController
2023-10-20 00:28:05|[http-nio-8087-exec-9]|INFO |com.harshi.InventoryAndBilling.controllers.WarehouseController-Inside showWarehouseList() on WarehouseController
2023-10-20 00:28:06|[http-nio-8087-exec-10]|INFO |com.harshi.InventoryAndBilling.controllers.WarehouseController-Viewing warehouse details for Warehouse ID: 5
2023-10-20 00:28:08|[http-nio-8087-exec-1]|INFO |com.harshi.InventoryAndBilling.controllers.WarehouseController-Editing warehouse quantities for Warehouse ID: 5
2023-10-20 00:28:10|[http-nio-8087-exec-2]|INFO |com.harshi.InventoryAndBilling.controllers.WarehouseController-Viewing warehouse details for Warehouse ID: 5
2023-10-20 00:28:12|[http-nio-8087-exec-4]|INFO |com.harshi.InventoryAndBilling.controllers.DashboardController-Redirecting to landing.html
2023-10-20 16:44:34|[main]|INFO |com.harshi.InventoryAndBilling.InventoryAndBillingApplication-Starting InventoryAndBillingApplication using Java 17.0.8.1 with PID 3912 (C:\Users\Asus\Downloads\InventoryAndBilling\InventoryAndBilling\target\classes started by Asus in C:\Users\Asus\Downloads\InventoryAndBilling\InventoryAndBilling)
2023-10-20 16:44:34|[main]|INFO |com.harshi.InventoryAndBilling.InventoryAndBillingApplication-No active profile set, falling back to 1 default profile: "default"
2023-10-20 16:44:35|[main]|INFO |org.springframework.data.repository.config.RepositoryConfigurationDelegate-Bootstrapping Spring Data JPA repositories in DEFAULT mode.
2023-10-20 16:44:35|[main]|INFO |org.springframework.data.repository.config.RepositoryConfigurationDelegate-Finished Spring Data repository scanning in 113 ms. Found 10 JPA repository interfaces.
2023-10-20 16:44:36|[main]|INFO |org.springframework.boot.web.embedded.tomcat.TomcatWebServer-Tomcat initialized with port(s): 8087 (http)
2023-10-20 16:44:36|[main]|INFO |org.apache.coyote.http11.Http11NioProtocol-Initializing ProtocolHandler ["http-nio-8087"]
2023-10-20 16:44:36|[main]|INFO |org.apache.catalina.core.StandardService-Starting service [Tomcat]
2023-10-20 16:44:36|[main]|INFO |org.apache.catalina.core.StandardEngine-Starting Servlet engine: [Apache Tomcat/10.1.12]
2023-10-20 16:44:36|[main]|INFO |org.apache.catalina.core.ContainerBase.[Tomcat].[localhost].[/inventorybilling]-Initializing Spring embedded WebApplicationContext
2023-10-20 16:44:36|[main]|INFO |org.springframework.boot.web.servlet.context.ServletWebServerApplicationContext-Root WebApplicationContext: initialization completed in 1985 ms
2023-10-20 16:44:37|[main]|INFO |org.hibernate.jpa.internal.util.LogHelper-HHH000204: Processing PersistenceUnitInfo [name: default]
2023-10-20 16:44:37|[main]|INFO |org.hibernate.Version-HHH000412: Hibernate ORM core version 6.2.7.Final
2023-10-20 16:44:37|[main]|INFO |org.hibernate.cfg.Environment-HHH000406: Using bytecode reflection optimizer
2023-10-20 16:44:37|[main]|INFO |org.hibernate.bytecode.internal.BytecodeProviderInitiator-HHH000021: Bytecode provider name : bytebuddy
2023-10-20 16:44:37|[main]|INFO |org.springframework.orm.jpa.persistenceunit.SpringPersistenceUnitInfo-No LoadTimeWeaver setup: ignoring JPA class transformer
2023-10-20 16:44:37|[main]|INFO |com.zaxxer.hikari.HikariDataSource-HikariPool-1 - Starting...
2023-10-20 16:44:38|[main]|INFO |com.zaxxer.hikari.pool.HikariPool-HikariPool-1 - Added connection com.mysql.cj.jdbc.ConnectionImpl@f9a5e3f
2023-10-20 16:44:38|[main]|INFO |com.zaxxer.hikari.HikariDataSource-HikariPool-1 - Start completed.
2023-10-20 16:44:38|[main]|INFO |org.hibernate.bytecode.internal.BytecodeProviderInitiator-HHH000021: Bytecode provider name : bytebuddy
2023-10-20 16:44:39|[main]|INFO |org.hibernate.engine.transaction.jta.platform.internal.JtaPlatformInitiator-HHH000490: Using JtaPlatform implementation: [org.hibernate.engine.transaction.jta.platform.internal.NoJtaPlatform]
2023-10-20 16:44:40|[main]|INFO |org.springframework.orm.jpa.LocalContainerEntityManagerFactoryBean-Initialized JPA EntityManagerFactory for persistence unit 'default'
2023-10-20 16:44:40|[main]|INFO |org.springframework.data.jpa.repository.query.QueryEnhancerFactory-Hibernate is in classpath; If applicable, HQL parser will be used.
2023-10-20 16:44:41|[main]|WARN |org.springframework.boot.autoconfigure.orm.jpa.JpaBaseConfiguration$JpaWebConfiguration-spring.jpa.open-in-view is enabled by default. Therefore, database queries may be performed during view rendering. Explicitly configure spring.jpa.open-in-view to disable this warning
2023-10-20 16:44:41|[main]|INFO |org.springframework.boot.autoconfigure.web.servlet.WelcomePageHandlerMapping-Adding welcome page template: index
2023-10-20 16:44:41|[main]|INFO |org.apache.coyote.http11.Http11NioProtocol-Starting ProtocolHandler ["http-nio-8087"]
2023-10-20 16:44:41|[main]|INFO |org.springframework.boot.web.embedded.tomcat.TomcatWebServer-Tomcat started on port(s): 8087 (http) with context path '/inventorybilling'
2023-10-20 16:44:41|[main]|INFO |com.harshi.InventoryAndBilling.InventoryAndBillingApplication-Started InventoryAndBillingApplication in 7.592 seconds (process running for 8.405)
2023-10-20 16:44:43|[http-nio-8087-exec-1]|INFO |org.apache.catalina.core.ContainerBase.[Tomcat].[localhost].[/inventorybilling]-Initializing Spring DispatcherServlet 'dispatcherServlet'
2023-10-20 16:44:43|[http-nio-8087-exec-1]|INFO |org.springframework.web.servlet.DispatcherServlet-Initializing Servlet 'dispatcherServlet'
2023-10-20 16:44:43|[http-nio-8087-exec-1]|INFO |org.springframework.web.servlet.DispatcherServlet-Completed initialization in 0 ms
2023-10-20 16:44:46|[http-nio-8087-exec-3]|INFO |com.harshi.InventoryAndBilling.controllers.UserController-Displaying the login page
2023-10-20 16:44:53|[http-nio-8087-exec-4]|INFO |com.harshi.InventoryAndBilling.controllers.UserController-Attempting login for email: ayush11006
2023-10-20 16:44:53|[http-nio-8087-exec-4]|INFO |com.harshi.InventoryAndBilling.controllers.UserController-Login successful for email: ayush11006
2023-10-20 16:45:00|[http-nio-8087-exec-5]|INFO |com.harshi.InventoryAndBilling.controllers.DashboardController-Inside getTotalOutstanding() on DashboardController
2023-10-20 16:45:02|[http-nio-8087-exec-6]|INFO |com.harshi.InventoryAndBilling.controllers.DashboardController-Redirecting to landing.html
2023-10-20 16:45:03|[http-nio-8087-exec-7]|INFO |com.harshi.InventoryAndBilling.controllers.ProductController-Displaying the list of available products
2023-10-20 16:45:05|[http-nio-8087-exec-8]|INFO |com.harshi.InventoryAndBilling.controllers.DashboardController-Redirecting to landing.html
2023-10-20 16:45:08|[http-nio-8087-exec-9]|INFO |com.harshi.InventoryAndBilling.controllers.PartyController-Displaying the party list
2023-10-20 16:45:16|[http-nio-8087-exec-10]|INFO |com.harshi.InventoryAndBilling.controllers.WarehouseController-Inside showWarehouseList() on WarehouseController
2023-10-20 16:45:18|[http-nio-8087-exec-1]|INFO |com.harshi.InventoryAndBilling.controllers.WarehouseController-Inside showAddWarehouse() on WarehouseController
2023-10-20 16:45:21|[http-nio-8087-exec-2]|INFO |com.harshi.InventoryAndBilling.controllers.WarehouseController-Inside showWarehouseList() on WarehouseController
