2023-11-08 23:43:49|[background-preinit]|INFO |org.hibernate.validator.internal.util.Version-HV000001: Hibernate Validator 8.0.1.Final
2023-11-08 23:43:49|[main]|INFO |com.harshi_solution.inventorymate.InventoryAndBillingApplication-Starting InventoryAndBillingApplication using Java 17.0.8.1 with PID 7560 (D:\InventoryAndBilling\InventoryAndBilling\target\classes started by Harshikesh in D:\InventoryAndBilling\InventoryAndBilling)
2023-11-08 23:43:49|[main]|INFO |com.harshi_solution.inventorymate.InventoryAndBillingApplication-No active profile set, falling back to 1 default profile: "default"
2023-11-08 23:43:50|[main]|INFO |org.springframework.data.repository.config.RepositoryConfigurationDelegate-Bootstrapping Spring Data JPA repositories in DEFAULT mode.
2023-11-08 23:43:50|[main]|INFO |org.springframework.data.repository.config.RepositoryConfigurationDelegate-Finished Spring Data repository scanning in 108 ms. Found 12 JPA repository interfaces.
2023-11-08 23:43:51|[main]|INFO |org.springframework.boot.web.embedded.tomcat.TomcatWebServer-Tomcat initialized with port(s): 8087 (http)
2023-11-08 23:43:51|[main]|INFO |org.apache.coyote.http11.Http11NioProtocol-Initializing ProtocolHandler ["http-nio-8087"]
2023-11-08 23:43:51|[main]|INFO |org.apache.catalina.core.StandardService-Starting service [Tomcat]
2023-11-08 23:43:51|[main]|INFO |org.apache.catalina.core.StandardEngine-Starting Servlet engine: [Apache Tomcat/10.1.12]
2023-11-08 23:43:51|[main]|INFO |org.apache.catalina.core.ContainerBase.[Tomcat].[localhost].[/inventorybilling]-Initializing Spring embedded WebApplicationContext
2023-11-08 23:43:51|[main]|INFO |org.springframework.boot.web.servlet.context.ServletWebServerApplicationContext-Root WebApplicationContext: initialization completed in 2003 ms
2023-11-08 23:43:51|[main]|INFO |org.hibernate.jpa.internal.util.LogHelper-HHH000204: Processing PersistenceUnitInfo [name: default]
2023-11-08 23:43:51|[main]|INFO |org.hibernate.Version-HHH000412: Hibernate ORM core version 6.2.7.Final
2023-11-08 23:43:51|[main]|INFO |org.hibernate.cfg.Environment-HHH000406: Using bytecode reflection optimizer
2023-11-08 23:43:52|[main]|INFO |org.hibernate.bytecode.internal.BytecodeProviderInitiator-HHH000021: Bytecode provider name : bytebuddy
2023-11-08 23:43:52|[main]|INFO |org.springframework.orm.jpa.persistenceunit.SpringPersistenceUnitInfo-No LoadTimeWeaver setup: ignoring JPA class transformer
2023-11-08 23:43:52|[main]|INFO |com.zaxxer.hikari.HikariDataSource-HikariPool-1 - Starting...
2023-11-08 23:43:52|[main]|INFO |com.zaxxer.hikari.pool.HikariPool-HikariPool-1 - Added connection com.mysql.cj.jdbc.ConnectionImpl@49e0b123
2023-11-08 23:43:52|[main]|INFO |com.zaxxer.hikari.HikariDataSource-HikariPool-1 - Start completed.
2023-11-08 23:43:53|[main]|INFO |org.hibernate.bytecode.internal.BytecodeProviderInitiator-HHH000021: Bytecode provider name : bytebuddy
2023-11-08 23:43:54|[main]|INFO |org.hibernate.engine.transaction.jta.platform.internal.JtaPlatformInitiator-HHH000490: Using JtaPlatform implementation: [org.hibernate.engine.transaction.jta.platform.internal.NoJtaPlatform]
2023-11-08 23:43:55|[main]|INFO |org.springframework.orm.jpa.LocalContainerEntityManagerFactoryBean-Initialized JPA EntityManagerFactory for persistence unit 'default'
2023-11-08 23:43:55|[main]|INFO |org.springframework.data.jpa.repository.query.QueryEnhancerFactory-Hibernate is in classpath; If applicable, HQL parser will be used.
2023-11-08 23:43:56|[main]|WARN |org.springframework.boot.autoconfigure.orm.jpa.JpaBaseConfiguration$JpaWebConfiguration-spring.jpa.open-in-view is enabled by default. Therefore, database queries may be performed during view rendering. Explicitly configure spring.jpa.open-in-view to disable this warning
2023-11-08 23:43:56|[main]|INFO |org.springframework.boot.autoconfigure.web.servlet.WelcomePageHandlerMapping-Adding welcome page template: index
2023-11-08 23:43:57|[main]|INFO |org.apache.coyote.http11.Http11NioProtocol-Starting ProtocolHandler ["http-nio-8087"]
2023-11-08 23:43:57|[main]|INFO |org.springframework.boot.web.embedded.tomcat.TomcatWebServer-Tomcat started on port(s): 8087 (http) with context path '/inventorybilling'
2023-11-08 23:43:57|[main]|INFO |com.harshi_solution.inventorymate.InventoryAndBillingApplication-Started InventoryAndBillingApplication in 8.08 seconds (process running for 9.294)
2023-11-08 23:44:53|[http-nio-8087-exec-1]|INFO |org.apache.catalina.core.ContainerBase.[Tomcat].[localhost].[/inventorybilling]-Initializing Spring DispatcherServlet 'dispatcherServlet'
2023-11-08 23:44:53|[http-nio-8087-exec-1]|INFO |org.springframework.web.servlet.DispatcherServlet-Initializing Servlet 'dispatcherServlet'
2023-11-08 23:44:53|[http-nio-8087-exec-1]|INFO |org.springframework.web.servlet.DispatcherServlet-Completed initialization in 2 ms
2023-11-08 23:48:59|[http-nio-8087-exec-9]|INFO |com.harshi_solution.inventorymate.controllers.UserController-Displaying the login page
2023-11-08 23:49:11|[http-nio-8087-exec-1]|INFO |com.harshi_solution.inventorymate.controllers.UserController-Displaying the login page
2023-11-08 23:49:16|[http-nio-8087-exec-2]|INFO |com.harshi_solution.inventorymate.controllers.UserController-Attempting login for email: mdhoni@gmail.com
2023-11-08 23:49:17|[http-nio-8087-exec-2]|INFO |com.harshi_solution.inventorymate.controllers.UserController-Login successful for email: MDHONI@GMAIL.COM
2023-11-08 23:50:45|[http-nio-8087-exec-4]|INFO |com.harshi_solution.inventorymate.controllers.UserController-Attempting login for email: mdhoni@gmail.com
2023-11-08 23:50:45|[http-nio-8087-exec-4]|INFO |com.harshi_solution.inventorymate.controllers.UserController-Login successful for email: MDHONI@GMAIL.COM
2023-11-08 23:53:24|[http-nio-8087-exec-10]|INFO |com.harshi_solution.inventorymate.controllers.UserController-Displaying the login page
2023-11-08 23:53:33|[http-nio-8087-exec-1]|INFO |com.harshi_solution.inventorymate.controllers.UserController-Displaying the login page
2023-11-08 23:53:34|[http-nio-8087-exec-2]|INFO |com.harshi_solution.inventorymate.controllers.UserController-Attempting login for email: mdhoni@gmail.com
2023-11-08 23:53:34|[http-nio-8087-exec-2]|INFO |com.harshi_solution.inventorymate.controllers.UserController-Login successful for email: MDHONI@GMAIL.COM
2023-11-08 23:53:36|[http-nio-8087-exec-3]|INFO |com.harshi_solution.inventorymate.controllers.OrderController-Displaying order list
2023-11-08 23:54:32|[http-nio-8087-exec-5]|INFO |com.harshi_solution.inventorymate.controllers.OrderController-Displaying order list
2023-11-08 23:56:44|[http-nio-8087-exec-7]|INFO |com.harshi_solution.inventorymate.controllers.OrderController-Displaying order list
2023-11-08 23:57:09|[http-nio-8087-exec-9]|INFO |com.harshi_solution.inventorymate.controllers.OrderController-Displaying order list
2023-11-08 23:57:42|[http-nio-8087-exec-1]|INFO |com.harshi_solution.inventorymate.controllers.OrderController-Displaying order list
