2023-10-25 19:23:52|[main]|INFO |com.harshi.InventoryAndBilling.InventoryAndBillingApplication-Starting InventoryAndBillingApplication using Java 17.0.8.1 with PID 18176 (C:\Users\Asus\Downloads\InventoryAndBilling\InventoryAndBilling\target\classes started by Asus in C:\Users\Asus\Downloads\InventoryAndBilling\InventoryAndBilling)
2023-10-25 19:23:52|[main]|INFO |com.harshi.InventoryAndBilling.InventoryAndBillingApplication-No active profile set, falling back to 1 default profile: "default"
2023-10-25 19:23:54|[main]|INFO |org.springframework.data.repository.config.RepositoryConfigurationDelegate-Bootstrapping Spring Data JPA repositories in DEFAULT mode.
2023-10-25 19:23:54|[main]|INFO |org.springframework.data.repository.config.RepositoryConfigurationDelegate-Finished Spring Data repository scanning in 149 ms. Found 10 JPA repository interfaces.
2023-10-25 19:23:55|[main]|INFO |org.springframework.boot.web.embedded.tomcat.TomcatWebServer-Tomcat initialized with port(s): 8087 (http)
2023-10-25 19:23:55|[main]|INFO |org.apache.coyote.http11.Http11NioProtocol-Initializing ProtocolHandler ["http-nio-8087"]
2023-10-25 19:23:55|[main]|INFO |org.apache.catalina.core.StandardService-Starting service [Tomcat]
2023-10-25 19:23:55|[main]|INFO |org.apache.catalina.core.StandardEngine-Starting Servlet engine: [Apache Tomcat/10.1.12]
2023-10-25 19:23:55|[main]|INFO |org.apache.catalina.core.ContainerBase.[Tomcat].[localhost].[/inventorybilling]-Initializing Spring embedded WebApplicationContext
2023-10-25 19:23:55|[main]|INFO |org.springframework.boot.web.servlet.context.ServletWebServerApplicationContext-Root WebApplicationContext: initialization completed in 2471 ms
2023-10-25 19:23:55|[main]|INFO |org.hibernate.jpa.internal.util.LogHelper-HHH000204: Processing PersistenceUnitInfo [name: default]
2023-10-25 19:23:55|[main]|INFO |org.hibernate.Version-HHH000412: Hibernate ORM core version 6.2.7.Final
2023-10-25 19:23:55|[main]|INFO |org.hibernate.cfg.Environment-HHH000406: Using bytecode reflection optimizer
2023-10-25 19:23:56|[main]|INFO |org.hibernate.bytecode.internal.BytecodeProviderInitiator-HHH000021: Bytecode provider name : bytebuddy
2023-10-25 19:23:56|[main]|INFO |org.springframework.orm.jpa.persistenceunit.SpringPersistenceUnitInfo-No LoadTimeWeaver setup: ignoring JPA class transformer
2023-10-25 19:23:56|[main]|INFO |com.zaxxer.hikari.HikariDataSource-HikariPool-1 - Starting...
2023-10-25 19:23:56|[main]|INFO |com.zaxxer.hikari.pool.HikariPool-HikariPool-1 - Added connection com.mysql.cj.jdbc.ConnectionImpl@55d1f065
2023-10-25 19:23:56|[main]|INFO |com.zaxxer.hikari.HikariDataSource-HikariPool-1 - Start completed.
2023-10-25 19:23:57|[main]|INFO |org.hibernate.bytecode.internal.BytecodeProviderInitiator-HHH000021: Bytecode provider name : bytebuddy
2023-10-25 19:23:58|[main]|INFO |org.hibernate.engine.transaction.jta.platform.internal.JtaPlatformInitiator-HHH000490: Using JtaPlatform implementation: [org.hibernate.engine.transaction.jta.platform.internal.NoJtaPlatform]
2023-10-25 19:23:58|[main]|INFO |org.springframework.orm.jpa.LocalContainerEntityManagerFactoryBean-Initialized JPA EntityManagerFactory for persistence unit 'default'
2023-10-25 19:23:58|[main]|INFO |org.springframework.data.jpa.repository.query.QueryEnhancerFactory-Hibernate is in classpath; If applicable, HQL parser will be used.
2023-10-25 19:23:59|[main]|WARN |org.springframework.boot.autoconfigure.orm.jpa.JpaBaseConfiguration$JpaWebConfiguration-spring.jpa.open-in-view is enabled by default. Therefore, database queries may be performed during view rendering. Explicitly configure spring.jpa.open-in-view to disable this warning
2023-10-25 19:23:59|[main]|INFO |org.springframework.boot.autoconfigure.web.servlet.WelcomePageHandlerMapping-Adding welcome page template: index
2023-10-25 19:24:00|[main]|INFO |org.apache.coyote.http11.Http11NioProtocol-Starting ProtocolHandler ["http-nio-8087"]
2023-10-25 19:24:00|[main]|INFO |org.springframework.boot.web.embedded.tomcat.TomcatWebServer-Tomcat started on port(s): 8087 (http) with context path '/inventorybilling'
2023-10-25 19:24:00|[main]|INFO |com.harshi.InventoryAndBilling.InventoryAndBillingApplication-Started InventoryAndBillingApplication in 8.26 seconds (process running for 9.164)
2023-10-25 19:24:13|[http-nio-8087-exec-1]|INFO |org.apache.catalina.core.ContainerBase.[Tomcat].[localhost].[/inventorybilling]-Initializing Spring DispatcherServlet 'dispatcherServlet'
2023-10-25 19:24:13|[http-nio-8087-exec-1]|INFO |org.springframework.web.servlet.DispatcherServlet-Initializing Servlet 'dispatcherServlet'
2023-10-25 19:24:13|[http-nio-8087-exec-1]|INFO |org.springframework.web.servlet.DispatcherServlet-Completed initialization in 3 ms
2023-10-25 19:24:17|[http-nio-8087-exec-3]|INFO |com.harshi.InventoryAndBilling.controllers.UserController-Displaying the login page
2023-10-25 19:24:23|[http-nio-8087-exec-4]|INFO |com.harshi.InventoryAndBilling.controllers.UserController-Attempting login for email: ayush11006
2023-10-25 19:24:23|[http-nio-8087-exec-4]|INFO |com.harshi.InventoryAndBilling.controllers.UserController-Login successful for email: ayush11006
2023-10-25 19:24:27|[http-nio-8087-exec-5]|INFO |com.harshi.InventoryAndBilling.controllers.RepsController-Displaying the list of representatives
2023-10-25 19:24:32|[http-nio-8087-exec-6]|INFO |com.harshi.InventoryAndBilling.controllers.DashboardController-Redirecting to landing.html
2023-10-25 19:24:34|[http-nio-8087-exec-7]|INFO |com.harshi.InventoryAndBilling.controllers.PartyController-Displaying the party list
2023-10-25 19:24:38|[http-nio-8087-exec-8]|INFO |com.harshi.InventoryAndBilling.controllers.OrderController-Displaying order list
2023-10-25 19:24:41|[http-nio-8087-exec-9]|INFO |com.harshi.InventoryAndBilling.controllers.OrderController-Displaying order details for order with ID: 2
2023-10-25 19:24:47|[http-nio-8087-exec-1]|WARN |org.springframework.web.servlet.mvc.support.DefaultHandlerExceptionResolver-Resolved [org.springframework.web.method.annotation.MethodArgumentTypeMismatchException: Failed to convert value of type 'java.lang.String' to required type 'java.lang.Long'; For input string: "${order.orderId}"]
2023-10-25 19:44:29|[http-nio-8087-exec-4]|INFO |com.harshi.InventoryAndBilling.controllers.OrderController-Displaying order details for order with ID: 5
2023-10-25 19:44:40|[http-nio-8087-exec-6]|WARN |org.springframework.web.servlet.mvc.support.DefaultHandlerExceptionResolver-Resolved [org.springframework.web.method.annotation.MethodArgumentTypeMismatchException: Failed to convert value of type 'java.lang.String' to required type 'java.lang.Long'; For input string: "${order.orderId}"]
2023-10-25 19:44:51|[http-nio-8087-exec-7]|WARN |org.springframework.web.servlet.mvc.support.DefaultHandlerExceptionResolver-Resolved [org.springframework.web.method.annotation.MethodArgumentTypeMismatchException: Failed to convert value of type 'java.lang.String' to required type 'java.lang.Long'; For input string: "${order.orderId}"]
2023-10-25 19:48:44|[main]|INFO |com.harshi.InventoryAndBilling.InventoryAndBillingApplication-Starting InventoryAndBillingApplication using Java 17.0.8.1 with PID 19296 (C:\Users\Asus\Downloads\InventoryAndBilling\InventoryAndBilling\target\classes started by Asus in C:\Users\Asus\Downloads\InventoryAndBilling\InventoryAndBilling)
2023-10-25 19:48:44|[main]|INFO |com.harshi.InventoryAndBilling.InventoryAndBillingApplication-No active profile set, falling back to 1 default profile: "default"
2023-10-25 19:48:45|[main]|INFO |org.springframework.data.repository.config.RepositoryConfigurationDelegate-Bootstrapping Spring Data JPA repositories in DEFAULT mode.
2023-10-25 19:48:45|[main]|INFO |org.springframework.data.repository.config.RepositoryConfigurationDelegate-Finished Spring Data repository scanning in 120 ms. Found 10 JPA repository interfaces.
2023-10-25 19:48:46|[main]|INFO |org.springframework.boot.web.embedded.tomcat.TomcatWebServer-Tomcat initialized with port(s): 8087 (http)
2023-10-25 19:48:46|[main]|INFO |org.apache.coyote.http11.Http11NioProtocol-Initializing ProtocolHandler ["http-nio-8087"]
2023-10-25 19:48:46|[main]|INFO |org.apache.catalina.core.StandardService-Starting service [Tomcat]
2023-10-25 19:48:46|[main]|INFO |org.apache.catalina.core.StandardEngine-Starting Servlet engine: [Apache Tomcat/10.1.12]
2023-10-25 19:48:46|[main]|INFO |org.apache.catalina.core.ContainerBase.[Tomcat].[localhost].[/inventorybilling]-Initializing Spring embedded WebApplicationContext
2023-10-25 19:48:46|[main]|INFO |org.springframework.boot.web.servlet.context.ServletWebServerApplicationContext-Root WebApplicationContext: initialization completed in 1861 ms
2023-10-25 19:48:46|[main]|INFO |org.hibernate.jpa.internal.util.LogHelper-HHH000204: Processing PersistenceUnitInfo [name: default]
2023-10-25 19:48:46|[main]|INFO |org.hibernate.Version-HHH000412: Hibernate ORM core version 6.2.7.Final
2023-10-25 19:48:46|[main]|INFO |org.hibernate.cfg.Environment-HHH000406: Using bytecode reflection optimizer
2023-10-25 19:48:46|[main]|INFO |org.hibernate.bytecode.internal.BytecodeProviderInitiator-HHH000021: Bytecode provider name : bytebuddy
2023-10-25 19:48:46|[main]|INFO |org.springframework.orm.jpa.persistenceunit.SpringPersistenceUnitInfo-No LoadTimeWeaver setup: ignoring JPA class transformer
2023-10-25 19:48:46|[main]|INFO |com.zaxxer.hikari.HikariDataSource-HikariPool-1 - Starting...
2023-10-25 19:48:47|[main]|INFO |com.zaxxer.hikari.pool.HikariPool-HikariPool-1 - Added connection com.mysql.cj.jdbc.ConnectionImpl@1533338c
2023-10-25 19:48:47|[main]|INFO |com.zaxxer.hikari.HikariDataSource-HikariPool-1 - Start completed.
2023-10-25 19:48:47|[main]|INFO |org.hibernate.bytecode.internal.BytecodeProviderInitiator-HHH000021: Bytecode provider name : bytebuddy
2023-10-25 19:48:48|[main]|INFO |org.hibernate.engine.transaction.jta.platform.internal.JtaPlatformInitiator-HHH000490: Using JtaPlatform implementation: [org.hibernate.engine.transaction.jta.platform.internal.NoJtaPlatform]
2023-10-25 19:48:48|[main]|INFO |org.springframework.orm.jpa.LocalContainerEntityManagerFactoryBean-Initialized JPA EntityManagerFactory for persistence unit 'default'
2023-10-25 19:48:49|[main]|INFO |org.springframework.data.jpa.repository.query.QueryEnhancerFactory-Hibernate is in classpath; If applicable, HQL parser will be used.
2023-10-25 19:48:49|[main]|WARN |org.springframework.boot.autoconfigure.orm.jpa.JpaBaseConfiguration$JpaWebConfiguration-spring.jpa.open-in-view is enabled by default. Therefore, database queries may be performed during view rendering. Explicitly configure spring.jpa.open-in-view to disable this warning
2023-10-25 19:48:50|[main]|INFO |org.springframework.boot.autoconfigure.web.servlet.WelcomePageHandlerMapping-Adding welcome page template: index
2023-10-25 19:48:50|[main]|INFO |org.apache.coyote.http11.Http11NioProtocol-Starting ProtocolHandler ["http-nio-8087"]
2023-10-25 19:48:50|[main]|INFO |org.springframework.boot.web.embedded.tomcat.TomcatWebServer-Tomcat started on port(s): 8087 (http) with context path '/inventorybilling'
2023-10-25 19:48:50|[main]|INFO |com.harshi.InventoryAndBilling.InventoryAndBillingApplication-Started InventoryAndBillingApplication in 6.296 seconds (process running for 7.101)
2023-10-25 19:49:03|[http-nio-8087-exec-1]|INFO |org.apache.catalina.core.ContainerBase.[Tomcat].[localhost].[/inventorybilling]-Initializing Spring DispatcherServlet 'dispatcherServlet'
2023-10-25 19:49:03|[http-nio-8087-exec-1]|INFO |org.springframework.web.servlet.DispatcherServlet-Initializing Servlet 'dispatcherServlet'
2023-10-25 19:49:03|[http-nio-8087-exec-1]|INFO |org.springframework.web.servlet.DispatcherServlet-Completed initialization in 1 ms
2023-10-25 19:49:11|[http-nio-8087-exec-2]|INFO |com.harshi.InventoryAndBilling.controllers.UserController-Displaying the login page
2023-10-25 19:49:18|[http-nio-8087-exec-5]|INFO |com.harshi.InventoryAndBilling.controllers.UserController-Attempting login for email: ayush11006
2023-10-25 19:49:18|[http-nio-8087-exec-5]|INFO |com.harshi.InventoryAndBilling.controllers.UserController-Login successful for email: ayush11006
2023-10-25 19:49:22|[http-nio-8087-exec-3]|INFO |com.harshi.InventoryAndBilling.controllers.OrderController-Entering showBookOrder
2023-10-25 19:49:25|[http-nio-8087-exec-4]|INFO |com.harshi.InventoryAndBilling.controllers.DashboardController-Redirecting to landing.html
2023-10-25 19:49:28|[http-nio-8087-exec-6]|INFO |com.harshi.InventoryAndBilling.controllers.OrderController-Displaying order list
2023-10-25 19:49:31|[http-nio-8087-exec-7]|INFO |com.harshi.InventoryAndBilling.controllers.OrderController-Displaying order details for order with ID: 5
2023-10-25 19:50:02|[http-nio-8087-exec-8]|INFO |com.harshi.InventoryAndBilling.controllers.OrderController-Displaying order list
2023-10-25 19:50:06|[http-nio-8087-exec-2]|INFO |com.harshi.InventoryAndBilling.controllers.OrderController-Displaying order details for order with ID: 5
2023-10-25 19:52:24|[http-nio-8087-exec-7]|WARN |org.springframework.web.servlet.mvc.support.DefaultHandlerExceptionResolver-Resolved [org.springframework.web.method.annotation.MethodArgumentTypeMismatchException: Failed to convert value of type 'java.lang.String' to required type 'java.lang.Long'; For input string: "${order.orderId}"]
2023-10-25 20:00:09|[main]|INFO |com.harshi.InventoryAndBilling.InventoryAndBillingApplication-Starting InventoryAndBillingApplication using Java 17.0.8.1 with PID 16676 (C:\Users\Asus\Downloads\InventoryAndBilling\InventoryAndBilling\target\classes started by Asus in C:\Users\Asus\Downloads\InventoryAndBilling\InventoryAndBilling)
2023-10-25 20:00:09|[main]|INFO |com.harshi.InventoryAndBilling.InventoryAndBillingApplication-No active profile set, falling back to 1 default profile: "default"
2023-10-25 20:00:10|[main]|INFO |org.springframework.data.repository.config.RepositoryConfigurationDelegate-Bootstrapping Spring Data JPA repositories in DEFAULT mode.
2023-10-25 20:00:10|[main]|INFO |org.springframework.data.repository.config.RepositoryConfigurationDelegate-Finished Spring Data repository scanning in 121 ms. Found 10 JPA repository interfaces.
2023-10-25 20:00:11|[main]|INFO |org.springframework.boot.web.embedded.tomcat.TomcatWebServer-Tomcat initialized with port(s): 8087 (http)
2023-10-25 20:00:11|[main]|INFO |org.apache.coyote.http11.Http11NioProtocol-Initializing ProtocolHandler ["http-nio-8087"]
2023-10-25 20:00:11|[main]|INFO |org.apache.catalina.core.StandardService-Starting service [Tomcat]
2023-10-25 20:00:11|[main]|INFO |org.apache.catalina.core.StandardEngine-Starting Servlet engine: [Apache Tomcat/10.1.12]
2023-10-25 20:00:11|[main]|INFO |org.apache.catalina.core.ContainerBase.[Tomcat].[localhost].[/inventorybilling]-Initializing Spring embedded WebApplicationContext
2023-10-25 20:00:11|[main]|INFO |org.springframework.boot.web.servlet.context.ServletWebServerApplicationContext-Root WebApplicationContext: initialization completed in 1965 ms
2023-10-25 20:00:11|[main]|INFO |org.hibernate.jpa.internal.util.LogHelper-HHH000204: Processing PersistenceUnitInfo [name: default]
2023-10-25 20:00:11|[main]|INFO |org.hibernate.Version-HHH000412: Hibernate ORM core version 6.2.7.Final
2023-10-25 20:00:11|[main]|INFO |org.hibernate.cfg.Environment-HHH000406: Using bytecode reflection optimizer
2023-10-25 20:00:12|[main]|INFO |org.hibernate.bytecode.internal.BytecodeProviderInitiator-HHH000021: Bytecode provider name : bytebuddy
2023-10-25 20:00:12|[main]|INFO |org.springframework.orm.jpa.persistenceunit.SpringPersistenceUnitInfo-No LoadTimeWeaver setup: ignoring JPA class transformer
2023-10-25 20:00:12|[main]|INFO |com.zaxxer.hikari.HikariDataSource-HikariPool-1 - Starting...
2023-10-25 20:00:12|[main]|INFO |com.zaxxer.hikari.pool.HikariPool-HikariPool-1 - Added connection com.mysql.cj.jdbc.ConnectionImpl@1533338c
2023-10-25 20:00:12|[main]|INFO |com.zaxxer.hikari.HikariDataSource-HikariPool-1 - Start completed.
2023-10-25 20:00:13|[main]|INFO |org.hibernate.bytecode.internal.BytecodeProviderInitiator-HHH000021: Bytecode provider name : bytebuddy
2023-10-25 20:00:13|[main]|INFO |org.hibernate.engine.transaction.jta.platform.internal.JtaPlatformInitiator-HHH000490: Using JtaPlatform implementation: [org.hibernate.engine.transaction.jta.platform.internal.NoJtaPlatform]
2023-10-25 20:00:14|[main]|INFO |org.springframework.orm.jpa.LocalContainerEntityManagerFactoryBean-Initialized JPA EntityManagerFactory for persistence unit 'default'
2023-10-25 20:00:14|[main]|INFO |org.springframework.data.jpa.repository.query.QueryEnhancerFactory-Hibernate is in classpath; If applicable, HQL parser will be used.
2023-10-25 20:00:15|[main]|WARN |org.springframework.boot.autoconfigure.orm.jpa.JpaBaseConfiguration$JpaWebConfiguration-spring.jpa.open-in-view is enabled by default. Therefore, database queries may be performed during view rendering. Explicitly configure spring.jpa.open-in-view to disable this warning
2023-10-25 20:00:15|[main]|INFO |org.springframework.boot.autoconfigure.web.servlet.WelcomePageHandlerMapping-Adding welcome page template: index
2023-10-25 20:00:15|[main]|INFO |org.apache.coyote.http11.Http11NioProtocol-Starting ProtocolHandler ["http-nio-8087"]
2023-10-25 20:00:15|[main]|INFO |org.springframework.boot.web.embedded.tomcat.TomcatWebServer-Tomcat started on port(s): 8087 (http) with context path '/inventorybilling'
2023-10-25 20:00:15|[main]|INFO |com.harshi.InventoryAndBilling.InventoryAndBillingApplication-Started InventoryAndBillingApplication in 6.392 seconds (process running for 7.142)
2023-10-25 20:00:40|[http-nio-8087-exec-1]|INFO |org.apache.catalina.core.ContainerBase.[Tomcat].[localhost].[/inventorybilling]-Initializing Spring DispatcherServlet 'dispatcherServlet'
2023-10-25 20:00:40|[http-nio-8087-exec-1]|INFO |org.springframework.web.servlet.DispatcherServlet-Initializing Servlet 'dispatcherServlet'
2023-10-25 20:00:40|[http-nio-8087-exec-1]|INFO |org.springframework.web.servlet.DispatcherServlet-Completed initialization in 7 ms
2023-10-25 20:00:40|[http-nio-8087-exec-1]|WARN |org.springframework.web.servlet.mvc.support.DefaultHandlerExceptionResolver-Resolved [org.springframework.web.method.annotation.MethodArgumentTypeMismatchException: Failed to convert value of type 'java.lang.String' to required type 'java.lang.Long'; For input string: "${order.orderId}"]
2023-10-25 20:00:53|[http-nio-8087-exec-3]|INFO |com.harshi.InventoryAndBilling.controllers.UserController-Displaying the login page
2023-10-25 20:01:03|[http-nio-8087-exec-4]|INFO |com.harshi.InventoryAndBilling.controllers.UserController-Attempting login for email: ayush11006
2023-10-25 20:01:03|[http-nio-8087-exec-4]|INFO |com.harshi.InventoryAndBilling.controllers.UserController-Login successful for email: ayush11006
2023-10-25 20:01:08|[http-nio-8087-exec-5]|INFO |com.harshi.InventoryAndBilling.controllers.OrderController-Displaying order list
2023-10-25 20:01:10|[http-nio-8087-exec-6]|INFO |com.harshi.InventoryAndBilling.controllers.OrderController-Displaying order details for order with ID: 5
2023-10-25 20:03:15|[main]|INFO |com.harshi.InventoryAndBilling.InventoryAndBillingApplication-Starting InventoryAndBillingApplication using Java 17.0.8.1 with PID 3636 (C:\Users\Asus\Downloads\InventoryAndBilling\InventoryAndBilling\target\classes started by Asus in C:\Users\Asus\Downloads\InventoryAndBilling\InventoryAndBilling)
2023-10-25 20:03:15|[main]|INFO |com.harshi.InventoryAndBilling.InventoryAndBillingApplication-No active profile set, falling back to 1 default profile: "default"
2023-10-25 20:03:16|[main]|INFO |org.springframework.data.repository.config.RepositoryConfigurationDelegate-Bootstrapping Spring Data JPA repositories in DEFAULT mode.
2023-10-25 20:03:16|[main]|INFO |org.springframework.data.repository.config.RepositoryConfigurationDelegate-Finished Spring Data repository scanning in 130 ms. Found 10 JPA repository interfaces.
2023-10-25 20:03:17|[main]|INFO |org.springframework.boot.web.embedded.tomcat.TomcatWebServer-Tomcat initialized with port(s): 8087 (http)
2023-10-25 20:03:17|[main]|INFO |org.apache.coyote.http11.Http11NioProtocol-Initializing ProtocolHandler ["http-nio-8087"]
2023-10-25 20:03:17|[main]|INFO |org.apache.catalina.core.StandardService-Starting service [Tomcat]
2023-10-25 20:03:17|[main]|INFO |org.apache.catalina.core.StandardEngine-Starting Servlet engine: [Apache Tomcat/10.1.12]
2023-10-25 20:03:17|[main]|INFO |org.apache.catalina.core.ContainerBase.[Tomcat].[localhost].[/inventorybilling]-Initializing Spring embedded WebApplicationContext
2023-10-25 20:03:17|[main]|INFO |org.springframework.boot.web.servlet.context.ServletWebServerApplicationContext-Root WebApplicationContext: initialization completed in 2264 ms
2023-10-25 20:03:17|[main]|INFO |org.hibernate.jpa.internal.util.LogHelper-HHH000204: Processing PersistenceUnitInfo [name: default]
2023-10-25 20:03:18|[main]|INFO |org.hibernate.Version-HHH000412: Hibernate ORM core version 6.2.7.Final
2023-10-25 20:03:18|[main]|INFO |org.hibernate.cfg.Environment-HHH000406: Using bytecode reflection optimizer
2023-10-25 20:03:18|[main]|INFO |org.hibernate.bytecode.internal.BytecodeProviderInitiator-HHH000021: Bytecode provider name : bytebuddy
2023-10-25 20:03:18|[main]|INFO |org.springframework.orm.jpa.persistenceunit.SpringPersistenceUnitInfo-No LoadTimeWeaver setup: ignoring JPA class transformer
2023-10-25 20:03:18|[main]|INFO |com.zaxxer.hikari.HikariDataSource-HikariPool-1 - Starting...
2023-10-25 20:03:18|[main]|INFO |com.zaxxer.hikari.pool.HikariPool-HikariPool-1 - Added connection com.mysql.cj.jdbc.ConnectionImpl@1533338c
2023-10-25 20:03:18|[main]|INFO |com.zaxxer.hikari.HikariDataSource-HikariPool-1 - Start completed.
2023-10-25 20:03:19|[main]|INFO |org.hibernate.bytecode.internal.BytecodeProviderInitiator-HHH000021: Bytecode provider name : bytebuddy
2023-10-25 20:03:20|[main]|INFO |org.hibernate.engine.transaction.jta.platform.internal.JtaPlatformInitiator-HHH000490: Using JtaPlatform implementation: [org.hibernate.engine.transaction.jta.platform.internal.NoJtaPlatform]
2023-10-25 20:03:21|[main]|INFO |org.springframework.orm.jpa.LocalContainerEntityManagerFactoryBean-Initialized JPA EntityManagerFactory for persistence unit 'default'
2023-10-25 20:03:21|[main]|INFO |org.springframework.data.jpa.repository.query.QueryEnhancerFactory-Hibernate is in classpath; If applicable, HQL parser will be used.
2023-10-25 20:03:22|[main]|WARN |org.springframework.boot.autoconfigure.orm.jpa.JpaBaseConfiguration$JpaWebConfiguration-spring.jpa.open-in-view is enabled by default. Therefore, database queries may be performed during view rendering. Explicitly configure spring.jpa.open-in-view to disable this warning
2023-10-25 20:03:22|[main]|INFO |org.springframework.boot.autoconfigure.web.servlet.WelcomePageHandlerMapping-Adding welcome page template: index
2023-10-25 20:03:23|[main]|INFO |org.apache.coyote.http11.Http11NioProtocol-Starting ProtocolHandler ["http-nio-8087"]
2023-10-25 20:03:23|[main]|INFO |org.springframework.boot.web.embedded.tomcat.TomcatWebServer-Tomcat started on port(s): 8087 (http) with context path '/inventorybilling'
2023-10-25 20:03:23|[main]|INFO |com.harshi.InventoryAndBilling.InventoryAndBillingApplication-Started InventoryAndBillingApplication in 8.721 seconds (process running for 9.541)
2023-10-25 20:03:30|[http-nio-8087-exec-1]|INFO |org.apache.catalina.core.ContainerBase.[Tomcat].[localhost].[/inventorybilling]-Initializing Spring DispatcherServlet 'dispatcherServlet'
2023-10-25 20:03:30|[http-nio-8087-exec-1]|INFO |org.springframework.web.servlet.DispatcherServlet-Initializing Servlet 'dispatcherServlet'
2023-10-25 20:03:30|[http-nio-8087-exec-1]|INFO |org.springframework.web.servlet.DispatcherServlet-Completed initialization in 0 ms
2023-10-25 20:03:32|[http-nio-8087-exec-2]|INFO |com.harshi.InventoryAndBilling.controllers.UserController-Displaying the login page
2023-10-25 20:03:44|[http-nio-8087-exec-4]|INFO |com.harshi.InventoryAndBilling.controllers.UserController-Attempting login for email: ayush11006
2023-10-25 20:03:45|[http-nio-8087-exec-4]|INFO |com.harshi.InventoryAndBilling.controllers.UserController-Login successful for email: ayush11006
2023-10-25 20:03:47|[http-nio-8087-exec-5]|INFO |com.harshi.InventoryAndBilling.controllers.OrderController-Displaying order list
2023-10-25 20:03:49|[http-nio-8087-exec-3]|INFO |com.harshi.InventoryAndBilling.controllers.OrderController-Displaying order details for order with ID: 5
2023-10-25 20:03:55|[http-nio-8087-exec-7]|INFO |com.harshi.InventoryAndBilling.controllers.OrderController-Displaying order details for order with ID: 5
2023-10-25 20:57:27|[background-preinit]|INFO |org.hibernate.validator.internal.util.Version-HV000001: Hibernate Validator 8.0.1.Final
2023-10-25 20:57:27|[main]|INFO |com.harshi.InventoryAndBilling.InventoryAndBillingApplication-Starting InventoryAndBillingApplication using Java 17.0.8.1 with PID 1476 (C:\Users\Asus\Downloads\InventoryAndBilling\InventoryAndBilling\target\classes started by Asus in C:\Users\Asus\Downloads\InventoryAndBilling\InventoryAndBilling)
2023-10-25 20:57:27|[main]|INFO |com.harshi.InventoryAndBilling.InventoryAndBillingApplication-No active profile set, falling back to 1 default profile: "default"
2023-10-25 20:57:28|[main]|INFO |org.springframework.data.repository.config.RepositoryConfigurationDelegate-Bootstrapping Spring Data JPA repositories in DEFAULT mode.
2023-10-25 20:57:28|[main]|INFO |org.springframework.data.repository.config.RepositoryConfigurationDelegate-Finished Spring Data repository scanning in 122 ms. Found 10 JPA repository interfaces.
2023-10-25 20:57:29|[main]|INFO |org.springframework.boot.web.embedded.tomcat.TomcatWebServer-Tomcat initialized with port(s): 8087 (http)
2023-10-25 20:57:29|[main]|INFO |org.apache.coyote.http11.Http11NioProtocol-Initializing ProtocolHandler ["http-nio-8087"]
2023-10-25 20:57:29|[main]|INFO |org.apache.catalina.core.StandardService-Starting service [Tomcat]
2023-10-25 20:57:29|[main]|INFO |org.apache.catalina.core.StandardEngine-Starting Servlet engine: [Apache Tomcat/10.1.12]
2023-10-25 20:57:29|[main]|INFO |org.apache.catalina.core.ContainerBase.[Tomcat].[localhost].[/inventorybilling]-Initializing Spring embedded WebApplicationContext
2023-10-25 20:57:29|[main]|INFO |org.springframework.boot.web.servlet.context.ServletWebServerApplicationContext-Root WebApplicationContext: initialization completed in 2052 ms
2023-10-25 20:57:29|[main]|INFO |org.hibernate.jpa.internal.util.LogHelper-HHH000204: Processing PersistenceUnitInfo [name: default]
2023-10-25 20:57:29|[main]|INFO |org.hibernate.Version-HHH000412: Hibernate ORM core version 6.2.7.Final
2023-10-25 20:57:29|[main]|INFO |org.hibernate.cfg.Environment-HHH000406: Using bytecode reflection optimizer
2023-10-25 20:57:30|[main]|INFO |org.hibernate.bytecode.internal.BytecodeProviderInitiator-HHH000021: Bytecode provider name : bytebuddy
2023-10-25 20:57:30|[main]|INFO |org.springframework.orm.jpa.persistenceunit.SpringPersistenceUnitInfo-No LoadTimeWeaver setup: ignoring JPA class transformer
2023-10-25 20:57:30|[main]|INFO |com.zaxxer.hikari.HikariDataSource-HikariPool-1 - Starting...
2023-10-25 20:57:30|[main]|INFO |com.zaxxer.hikari.pool.HikariPool-HikariPool-1 - Added connection com.mysql.cj.jdbc.ConnectionImpl@5b7ee56c
2023-10-25 20:57:30|[main]|INFO |com.zaxxer.hikari.HikariDataSource-HikariPool-1 - Start completed.
2023-10-25 20:57:31|[main]|INFO |org.hibernate.bytecode.internal.BytecodeProviderInitiator-HHH000021: Bytecode provider name : bytebuddy
2023-10-25 20:57:31|[main]|INFO |org.hibernate.engine.transaction.jta.platform.internal.JtaPlatformInitiator-HHH000490: Using JtaPlatform implementation: [org.hibernate.engine.transaction.jta.platform.internal.NoJtaPlatform]
2023-10-25 20:57:32|[main]|INFO |org.springframework.orm.jpa.LocalContainerEntityManagerFactoryBean-Initialized JPA EntityManagerFactory for persistence unit 'default'
2023-10-25 20:57:32|[main]|INFO |org.springframework.data.jpa.repository.query.QueryEnhancerFactory-Hibernate is in classpath; If applicable, HQL parser will be used.
2023-10-25 20:57:33|[main]|WARN |org.springframework.boot.autoconfigure.orm.jpa.JpaBaseConfiguration$JpaWebConfiguration-spring.jpa.open-in-view is enabled by default. Therefore, database queries may be performed during view rendering. Explicitly configure spring.jpa.open-in-view to disable this warning
2023-10-25 20:57:33|[main]|INFO |org.springframework.boot.autoconfigure.web.servlet.WelcomePageHandlerMapping-Adding welcome page template: index
2023-10-25 20:57:33|[main]|INFO |org.apache.coyote.http11.Http11NioProtocol-Starting ProtocolHandler ["http-nio-8087"]
2023-10-25 20:57:33|[main]|INFO |org.springframework.boot.web.embedded.tomcat.TomcatWebServer-Tomcat started on port(s): 8087 (http) with context path '/inventorybilling'
2023-10-25 20:57:33|[main]|INFO |com.harshi.InventoryAndBilling.InventoryAndBillingApplication-Started InventoryAndBillingApplication in 6.804 seconds (process running for 7.507)
2023-10-25 20:57:54|[http-nio-8087-exec-1]|INFO |org.apache.catalina.core.ContainerBase.[Tomcat].[localhost].[/inventorybilling]-Initializing Spring DispatcherServlet 'dispatcherServlet'
2023-10-25 20:57:54|[http-nio-8087-exec-1]|INFO |org.springframework.web.servlet.DispatcherServlet-Initializing Servlet 'dispatcherServlet'
2023-10-25 20:57:54|[http-nio-8087-exec-1]|INFO |org.springframework.web.servlet.DispatcherServlet-Completed initialization in 2 ms
2023-10-25 20:58:04|[http-nio-8087-exec-2]|INFO |com.harshi.InventoryAndBilling.controllers.UserController-Displaying the login page
2023-10-25 20:58:13|[http-nio-8087-exec-3]|INFO |com.harshi.InventoryAndBilling.controllers.UserController-Attempting login for email: ayush11006
2023-10-25 20:58:13|[http-nio-8087-exec-3]|INFO |com.harshi.InventoryAndBilling.controllers.UserController-Login successful for email: ayush11006
2023-10-25 20:58:17|[http-nio-8087-exec-4]|INFO |com.harshi.InventoryAndBilling.controllers.OrderController-Displaying order list
2023-10-25 20:58:28|[http-nio-8087-exec-5]|INFO |com.harshi.InventoryAndBilling.controllers.OrderController-Entering showBookOrder
2023-10-25 20:58:34|[http-nio-8087-exec-6]|INFO |com.harshi.InventoryAndBilling.controllers.OrderController-Saving selected representative with ID: 7
2023-10-25 20:58:37|[http-nio-8087-exec-7]|INFO |com.harshi.InventoryAndBilling.controllers.PartyController-Displaying the add party form
2023-10-25 20:58:53|[http-nio-8087-exec-8]|INFO |com.harshi.InventoryAndBilling.controllers.PartyController-Saving a new party
2023-10-25 20:58:59|[http-nio-8087-exec-10]|INFO |com.harshi.InventoryAndBilling.controllers.OrderController-Entering showBookOrder
2023-10-25 20:59:04|[http-nio-8087-exec-1]|INFO |com.harshi.InventoryAndBilling.controllers.OrderController-Saving selected representative with ID: 10
2023-10-25 20:59:10|[http-nio-8087-exec-2]|INFO |com.harshi.InventoryAndBilling.controllers.OrderController-Saving selected party with ID: 2 for order with ID: 7
2023-10-25 20:59:16|[http-nio-8087-exec-3]|INFO |com.harshi.InventoryAndBilling.controllers.OrderController-Calculating total quantities for selected product with ID: 4 in order with ID: 7
2023-10-25 20:59:53|[http-nio-8087-exec-4]|INFO |com.harshi.InventoryAndBilling.controllers.OrderController-Saving order line items for product with ID: 4 in order with ID: 7
2023-10-25 21:00:10|[http-nio-8087-exec-7]|INFO |com.harshi.InventoryAndBilling.controllers.OrderController-Calculating total quantities for selected product with ID: 6 in order with ID: 7
2023-10-25 21:00:23|[http-nio-8087-exec-8]|INFO |com.harshi.InventoryAndBilling.controllers.OrderController-Saving order line items for product with ID: 6 in order with ID: 7
2023-10-25 21:00:42|[http-nio-8087-exec-10]|INFO |com.harshi.InventoryAndBilling.controllers.OrderController-Saving selected transport with ID: 1 for order with ID: 7
2023-10-25 21:00:45|[http-nio-8087-exec-1]|INFO |com.harshi.InventoryAndBilling.controllers.OrderController-Displaying order list
2023-10-25 21:00:48|[http-nio-8087-exec-2]|INFO |com.harshi.InventoryAndBilling.controllers.OrderController-Displaying order details for order with ID: 7
2023-10-25 21:01:09|[http-nio-8087-exec-4]|INFO |com.harshi.InventoryAndBilling.controllers.OrderController-Displaying order details for order with ID: 7
2023-10-25 21:02:28|[http-nio-8087-exec-10]|INFO |com.harshi.InventoryAndBilling.controllers.OrderController-Displaying order list
2023-10-25 21:02:31|[http-nio-8087-exec-1]|INFO |com.harshi.InventoryAndBilling.controllers.OrderController-Displaying order details for order with ID: 7
2023-10-25 21:02:35|[http-nio-8087-exec-3]|INFO |com.harshi.InventoryAndBilling.controllers.OrderController-Displaying order details for order with ID: 7
2023-10-25 21:02:37|[http-nio-8087-exec-4]|INFO |com.harshi.InventoryAndBilling.controllers.DashboardController-Redirecting to landing.html
2023-10-25 21:02:40|[http-nio-8087-exec-5]|INFO |com.harshi.InventoryAndBilling.controllers.OrderController-Entering showBookOrder
2023-10-25 21:02:43|[http-nio-8087-exec-6]|INFO |com.harshi.InventoryAndBilling.controllers.DashboardController-Redirecting to landing.html
2023-10-25 21:02:47|[http-nio-8087-exec-7]|INFO |com.harshi.InventoryAndBilling.controllers.DashboardController-Inside getTotalOutstanding() on DashboardController
