2023-11-04 19:45:46|[background-preinit]|INFO |org.hibernate.validator.internal.util.Version-HV000001: Hibernate Validator 8.0.1.Final
2023-11-04 19:45:46|[main]|INFO |com.harshi.inventory_and_billing.InventoryAndBillingApplication-Starting InventoryAndBillingApplication using Java 17.0.8.1 with PID 27608 (C:\Users\Asus\Downloads\InventoryAndBilling\InventoryAndBilling\target\classes started by Asus in C:\Users\Asus\Downloads\InventoryAndBilling\InventoryAndBilling)
2023-11-04 19:45:46|[main]|INFO |com.harshi.inventory_and_billing.InventoryAndBillingApplication-No active profile set, falling back to 1 default profile: "default"
2023-11-04 19:45:53|[main]|INFO |org.springframework.data.repository.config.RepositoryConfigurationDelegate-Bootstrapping Spring Data JPA repositories in DEFAULT mode.
2023-11-04 19:45:54|[main]|INFO |org.springframework.data.repository.config.RepositoryConfigurationDelegate-Finished Spring Data repository scanning in 651 ms. Found 11 JPA repository interfaces.
2023-11-04 19:45:55|[main]|INFO |org.springframework.boot.web.embedded.tomcat.TomcatWebServer-Tomcat initialized with port(s): 8087 (http)
2023-11-04 19:45:55|[main]|INFO |org.apache.coyote.http11.Http11NioProtocol-Initializing ProtocolHandler ["http-nio-8087"]
2023-11-04 19:45:55|[main]|INFO |org.apache.catalina.core.StandardService-Starting service [Tomcat]
2023-11-04 19:45:55|[main]|INFO |org.apache.catalina.core.StandardEngine-Starting Servlet engine: [Apache Tomcat/10.1.12]
2023-11-04 19:45:55|[main]|INFO |org.apache.catalina.core.ContainerBase.[Tomcat].[localhost].[/inventorybilling]-Initializing Spring embedded WebApplicationContext
2023-11-04 19:45:55|[main]|INFO |org.springframework.boot.web.servlet.context.ServletWebServerApplicationContext-Root WebApplicationContext: initialization completed in 9396 ms
2023-11-04 19:45:56|[main]|INFO |org.hibernate.jpa.internal.util.LogHelper-HHH000204: Processing PersistenceUnitInfo [name: default]
2023-11-04 19:45:56|[main]|INFO |org.hibernate.Version-HHH000412: Hibernate ORM core version 6.2.7.Final
2023-11-04 19:45:56|[main]|INFO |org.hibernate.cfg.Environment-HHH000406: Using bytecode reflection optimizer
2023-11-04 19:45:56|[main]|INFO |org.hibernate.bytecode.internal.BytecodeProviderInitiator-HHH000021: Bytecode provider name : bytebuddy
2023-11-04 19:45:57|[main]|INFO |org.springframework.orm.jpa.persistenceunit.SpringPersistenceUnitInfo-No LoadTimeWeaver setup: ignoring JPA class transformer
2023-11-04 19:45:57|[main]|INFO |com.zaxxer.hikari.HikariDataSource-HikariPool-1 - Starting...
2023-11-04 19:45:58|[main]|INFO |com.zaxxer.hikari.pool.HikariPool-HikariPool-1 - Added connection com.mysql.cj.jdbc.ConnectionImpl@51b51641
2023-11-04 19:45:58|[main]|INFO |com.zaxxer.hikari.HikariDataSource-HikariPool-1 - Start completed.
2023-11-04 19:45:59|[main]|INFO |org.hibernate.bytecode.internal.BytecodeProviderInitiator-HHH000021: Bytecode provider name : bytebuddy
2023-11-04 19:46:00|[main]|INFO |org.hibernate.engine.transaction.jta.platform.internal.JtaPlatformInitiator-HHH000490: Using JtaPlatform implementation: [org.hibernate.engine.transaction.jta.platform.internal.NoJtaPlatform]
2023-11-04 19:46:01|[main]|INFO |org.springframework.orm.jpa.LocalContainerEntityManagerFactoryBean-Initialized JPA EntityManagerFactory for persistence unit 'default'
2023-11-04 19:46:01|[main]|INFO |org.springframework.data.jpa.repository.query.QueryEnhancerFactory-Hibernate is in classpath; If applicable, HQL parser will be used.
2023-11-04 19:46:03|[main]|WARN |org.springframework.boot.autoconfigure.orm.jpa.JpaBaseConfiguration$JpaWebConfiguration-spring.jpa.open-in-view is enabled by default. Therefore, database queries may be performed during view rendering. Explicitly configure spring.jpa.open-in-view to disable this warning
2023-11-04 19:46:03|[main]|INFO |org.springframework.boot.autoconfigure.web.servlet.WelcomePageHandlerMapping-Adding welcome page template: index
2023-11-04 19:46:04|[main]|INFO |org.apache.coyote.http11.Http11NioProtocol-Starting ProtocolHandler ["http-nio-8087"]
2023-11-04 19:46:04|[main]|INFO |org.springframework.boot.web.embedded.tomcat.TomcatWebServer-Tomcat started on port(s): 8087 (http) with context path '/inventorybilling'
2023-11-04 19:46:04|[main]|INFO |com.harshi.inventory_and_billing.InventoryAndBillingApplication-Started InventoryAndBillingApplication in 18.577 seconds (process running for 19.811)
2023-11-04 19:46:02|[http-nio-8087-exec-2]|INFO |org.apache.catalina.core.ContainerBase.[Tomcat].[localhost].[/inventorybilling]-Initializing Spring DispatcherServlet 'dispatcherServlet'
2023-11-04 19:46:02|[http-nio-8087-exec-2]|INFO |org.springframework.web.servlet.DispatcherServlet-Initializing Servlet 'dispatcherServlet'
2023-11-04 19:46:02|[http-nio-8087-exec-2]|INFO |org.springframework.web.servlet.DispatcherServlet-Completed initialization in 2 ms
2023-11-04 19:46:08|[http-nio-8087-exec-7]|INFO |com.harshi.inventory_and_billing.controllers.UserController-Displaying the login page
2023-11-04 19:46:18|[http-nio-8087-exec-8]|INFO |com.harshi.inventory_and_billing.controllers.UserController-Attempting login for email: ayush11006@gmail.com
2023-11-04 19:46:19|[http-nio-8087-exec-8]|INFO |com.harshi.inventory_and_billing.controllers.UserController-Login successful for email: AYUSH11006@GMAIL.COM
2023-11-04 19:46:28|[http-nio-8087-exec-10]|INFO |com.harshi.inventory_and_billing.controllers.OrderController-Displaying order list
2023-11-04 19:46:31|[http-nio-8087-exec-2]|INFO |com.harshi.inventory_and_billing.controllers.DashboardController-Redirecting to landing.html
2023-11-04 19:46:33|[http-nio-8087-exec-1]|INFO |com.harshi.inventory_and_billing.controllers.DashboardController-Inside getTotalOutstanding() on DashboardController
2023-11-04 19:46:36|[http-nio-8087-exec-5]|INFO |com.harshi.inventory_and_billing.controllers.DashboardController-Redirecting to landing.html
2023-11-04 19:46:38|[http-nio-8087-exec-3]|INFO |com.harshi.inventory_and_billing.controllers.ProductController-Displaying the list of available products
2023-11-04 19:46:40|[http-nio-8087-exec-6]|INFO |com.harshi.inventory_and_billing.controllers.DashboardController-Redirecting to landing.html
2023-11-04 19:46:45|[http-nio-8087-exec-7]|INFO |com.harshi.inventory_and_billing.controllers.RepsController-Displaying the list of representatives
2023-11-04 19:46:49|[http-nio-8087-exec-8]|INFO |com.harshi.inventory_and_billing.controllers.DashboardController-Redirecting to landing.html
2023-11-04 19:46:54|[http-nio-8087-exec-9]|INFO |com.harshi.inventory_and_billing.controllers.TransportController-Displaying the list of transports
2023-11-04 20:06:04|[background-preinit]|INFO |org.hibernate.validator.internal.util.Version-HV000001: Hibernate Validator 8.0.1.Final
2023-11-04 20:06:05|[main]|INFO |com.harshi.inventory_and_billing.InventoryAndBillingApplication-Starting InventoryAndBillingApplication using Java 17.0.8.1 with PID 18040 (C:\Users\Asus\Downloads\InventoryAndBilling\InventoryAndBilling\target\classes started by Asus in C:\Users\Asus\Downloads\InventoryAndBilling\InventoryAndBilling)
2023-11-04 20:06:05|[main]|INFO |com.harshi.inventory_and_billing.InventoryAndBillingApplication-No active profile set, falling back to 1 default profile: "default"
2023-11-04 20:06:06|[main]|INFO |org.springframework.data.repository.config.RepositoryConfigurationDelegate-Bootstrapping Spring Data JPA repositories in DEFAULT mode.
2023-11-04 20:06:06|[main]|INFO |org.springframework.data.repository.config.RepositoryConfigurationDelegate-Finished Spring Data repository scanning in 271 ms. Found 11 JPA repository interfaces.
2023-11-04 20:06:09|[main]|INFO |org.springframework.boot.web.embedded.tomcat.TomcatWebServer-Tomcat initialized with port(s): 8087 (http)
2023-11-04 20:06:09|[main]|INFO |org.apache.coyote.http11.Http11NioProtocol-Initializing ProtocolHandler ["http-nio-8087"]
2023-11-04 20:06:09|[main]|INFO |org.apache.catalina.core.StandardService-Starting service [Tomcat]
2023-11-04 20:06:09|[main]|INFO |org.apache.catalina.core.StandardEngine-Starting Servlet engine: [Apache Tomcat/10.1.12]
2023-11-04 20:06:09|[main]|INFO |org.apache.catalina.core.ContainerBase.[Tomcat].[localhost].[/inventorybilling]-Initializing Spring embedded WebApplicationContext
2023-11-04 20:06:09|[main]|INFO |org.springframework.boot.web.servlet.context.ServletWebServerApplicationContext-Root WebApplicationContext: initialization completed in 4269 ms
2023-11-04 20:06:09|[main]|INFO |org.hibernate.jpa.internal.util.LogHelper-HHH000204: Processing PersistenceUnitInfo [name: default]
2023-11-04 20:06:09|[main]|INFO |org.hibernate.Version-HHH000412: Hibernate ORM core version 6.2.7.Final
2023-11-04 20:06:09|[main]|INFO |org.hibernate.cfg.Environment-HHH000406: Using bytecode reflection optimizer
2023-11-04 20:06:10|[main]|INFO |org.hibernate.bytecode.internal.BytecodeProviderInitiator-HHH000021: Bytecode provider name : bytebuddy
2023-11-04 20:06:10|[main]|INFO |org.springframework.orm.jpa.persistenceunit.SpringPersistenceUnitInfo-No LoadTimeWeaver setup: ignoring JPA class transformer
2023-11-04 20:06:10|[main]|INFO |com.zaxxer.hikari.HikariDataSource-HikariPool-1 - Starting...
2023-11-04 20:06:11|[main]|INFO |com.zaxxer.hikari.pool.HikariPool-HikariPool-1 - Added connection com.mysql.cj.jdbc.ConnectionImpl@51b51641
2023-11-04 20:06:11|[main]|INFO |com.zaxxer.hikari.HikariDataSource-HikariPool-1 - Start completed.
2023-11-04 20:06:12|[main]|INFO |org.hibernate.bytecode.internal.BytecodeProviderInitiator-HHH000021: Bytecode provider name : bytebuddy
2023-11-04 20:06:13|[main]|INFO |org.hibernate.engine.transaction.jta.platform.internal.JtaPlatformInitiator-HHH000490: Using JtaPlatform implementation: [org.hibernate.engine.transaction.jta.platform.internal.NoJtaPlatform]
2023-11-04 20:06:13|[main]|INFO |org.springframework.orm.jpa.LocalContainerEntityManagerFactoryBean-Initialized JPA EntityManagerFactory for persistence unit 'default'
2023-11-04 20:06:14|[main]|INFO |org.springframework.data.jpa.repository.query.QueryEnhancerFactory-Hibernate is in classpath; If applicable, HQL parser will be used.
2023-11-04 20:06:14|[main]|WARN |org.springframework.boot.autoconfigure.orm.jpa.JpaBaseConfiguration$JpaWebConfiguration-spring.jpa.open-in-view is enabled by default. Therefore, database queries may be performed during view rendering. Explicitly configure spring.jpa.open-in-view to disable this warning
2023-11-04 20:06:15|[main]|INFO |org.springframework.boot.autoconfigure.web.servlet.WelcomePageHandlerMapping-Adding welcome page template: index
2023-11-04 20:06:15|[main]|INFO |org.apache.coyote.http11.Http11NioProtocol-Starting ProtocolHandler ["http-nio-8087"]
2023-11-04 20:06:15|[main]|INFO |org.springframework.boot.web.embedded.tomcat.TomcatWebServer-Tomcat started on port(s): 8087 (http) with context path '/inventorybilling'
2023-11-04 20:06:15|[main]|INFO |com.harshi.inventory_and_billing.InventoryAndBillingApplication-Started InventoryAndBillingApplication in 10.923 seconds (process running for 11.7)
2023-11-04 20:06:15|[http-nio-8087-exec-1]|INFO |org.apache.catalina.core.ContainerBase.[Tomcat].[localhost].[/inventorybilling]-Initializing Spring DispatcherServlet 'dispatcherServlet'
2023-11-04 20:06:15|[http-nio-8087-exec-1]|INFO |org.springframework.web.servlet.DispatcherServlet-Initializing Servlet 'dispatcherServlet'
2023-11-04 20:06:15|[http-nio-8087-exec-1]|INFO |org.springframework.web.servlet.DispatcherServlet-Completed initialization in 2 ms
2023-11-04 20:06:17|[http-nio-8087-exec-3]|INFO |com.harshi.inventory_and_billing.controllers.UserController-Displaying the login page
2023-11-04 20:06:24|[http-nio-8087-exec-4]|INFO |com.harshi.inventory_and_billing.controllers.UserController-Attempting login for email: ayush11006@gmail.com
2023-11-04 20:06:25|[http-nio-8087-exec-4]|INFO |com.harshi.inventory_and_billing.controllers.UserController-Login successful for email: AYUSH11006@GMAIL.COM
2023-11-04 20:06:27|[http-nio-8087-exec-5]|INFO |com.harshi.inventory_and_billing.controllers.OrderController-Entering showBookOrder
2023-11-04 20:06:29|[http-nio-8087-exec-6]|INFO |com.harshi.inventory_and_billing.controllers.OrderController-Saving selected representative with ID: 1
2023-11-04 20:06:35|[http-nio-8087-exec-8]|INFO |com.harshi.inventory_and_billing.controllers.DashboardController-Redirecting to landing.html
2023-11-04 20:06:40|[http-nio-8087-exec-7]|INFO |com.harshi.inventory_and_billing.controllers.OrderController-Displaying order list
2023-11-04 20:06:44|[http-nio-8087-exec-9]|INFO |com.harshi.inventory_and_billing.controllers.OrderController-Displaying order details for order with ID: 28
2023-11-04 20:06:47|[http-nio-8087-exec-10]|INFO |com.harshi.inventory_and_billing.controllers.OrderController-Displaying order list
2023-11-04 20:06:52|[http-nio-8087-exec-1]|INFO |com.harshi.inventory_and_billing.controllers.DashboardController-Redirecting to landing.html
2023-11-04 20:06:53|[http-nio-8087-exec-2]|INFO |com.harshi.inventory_and_billing.controllers.DashboardController-Inside getTotalOutstanding() on DashboardController
2023-11-04 20:06:55|[http-nio-8087-exec-3]|INFO |com.harshi.inventory_and_billing.controllers.DashboardController-Redirecting to landing.html
2023-11-04 20:06:56|[http-nio-8087-exec-4]|INFO |com.harshi.inventory_and_billing.controllers.ProductController-Displaying the list of available products
2023-11-04 20:06:58|[http-nio-8087-exec-5]|INFO |com.harshi.inventory_and_billing.controllers.ProductController-Displaying the add products form
2023-11-04 20:07:25|[http-nio-8087-exec-9]|INFO |com.harshi.inventory_and_billing.controllers.ProductController-Displaying the list of available products
2023-11-04 20:07:28|[http-nio-8087-exec-10]|INFO |com.harshi.inventory_and_billing.controllers.ProductController-Displaying the add products form
2023-11-04 20:08:20|[http-nio-8087-exec-2]|INFO |com.harshi.inventory_and_billing.controllers.UserController-Displaying the login page
2023-11-04 20:08:27|[http-nio-8087-exec-4]|INFO |com.harshi.inventory_and_billing.controllers.UserController-Attempting login for email: ayush11006@gmail.com
2023-11-04 20:08:27|[http-nio-8087-exec-4]|INFO |com.harshi.inventory_and_billing.controllers.UserController-Login successful for email: AYUSH11006@GMAIL.COM
2023-11-04 20:08:34|[http-nio-8087-exec-5]|INFO |com.harshi.inventory_and_billing.controllers.ProductController-Displaying the list of available products
2023-11-04 20:08:36|[http-nio-8087-exec-6]|INFO |com.harshi.inventory_and_billing.controllers.ProductController-Displaying the add products form
2023-11-04 20:08:44|[http-nio-8087-exec-8]|INFO |com.harshi.inventory_and_billing.controllers.UserController-Displaying the login page
2023-11-04 20:08:49|[http-nio-8087-exec-9]|INFO |com.harshi.inventory_and_billing.controllers.UserController-Attempting login for email: ayush11006@gmail.com
2023-11-04 20:08:49|[http-nio-8087-exec-9]|INFO |com.harshi.inventory_and_billing.controllers.UserController-Login successful for email: AYUSH11006@GMAIL.COM
2023-11-04 20:08:52|[http-nio-8087-exec-10]|INFO |com.harshi.inventory_and_billing.controllers.WarehouseController-Inside showWarehouseList() on WarehouseController
2023-11-04 20:08:53|[http-nio-8087-exec-1]|INFO |com.harshi.inventory_and_billing.controllers.WarehouseController-Viewing warehouse details for Warehouse ID: 1
2023-11-04 20:08:55|[http-nio-8087-exec-2]|INFO |com.harshi.inventory_and_billing.controllers.WarehouseController-Editing warehouse quantities for Warehouse ID: 1
2023-11-04 20:08:59|[http-nio-8087-exec-3]|INFO |com.harshi.inventory_and_billing.controllers.WarehouseController-Updated warehouse quantities for Warehouse ID: 1
2023-11-04 20:09:02|[http-nio-8087-exec-4]|INFO |com.harshi.inventory_and_billing.controllers.OrderController-Entering showBookOrder
2023-11-04 20:09:05|[http-nio-8087-exec-5]|INFO |com.harshi.inventory_and_billing.controllers.RepsController-Displaying the add representatives form
2023-11-04 20:09:07|[http-nio-8087-exec-6]|INFO |com.harshi.inventory_and_billing.controllers.RepsController-Displaying the list of representatives
2023-11-04 20:09:13|[http-nio-8087-exec-7]|INFO |com.harshi.inventory_and_billing.controllers.DashboardController-Redirecting to landing.html
2023-11-04 20:09:15|[http-nio-8087-exec-8]|INFO |com.harshi.inventory_and_billing.controllers.PartyController-Displaying the party list
2023-11-04 20:09:17|[http-nio-8087-exec-9]|INFO |com.harshi.inventory_and_billing.controllers.PartyController-Displaying the add party form
2023-11-04 20:09:20|[http-nio-8087-exec-10]|INFO |com.harshi.inventory_and_billing.controllers.PartyController-Displaying the party list
2023-11-04 20:09:21|[http-nio-8087-exec-1]|INFO |com.harshi.inventory_and_billing.controllers.PartyController-Displaying party details for party with ID: 3
2023-11-04 20:09:27|[http-nio-8087-exec-3]|INFO |com.harshi.inventory_and_billing.controllers.PartyController-Displaying the party list
2023-11-04 20:09:31|[http-nio-8087-exec-4]|INFO |com.harshi.inventory_and_billing.controllers.DashboardController-Redirecting to landing.html
2023-11-04 20:09:33|[http-nio-8087-exec-5]|INFO |com.harshi.inventory_and_billing.controllers.TransportController-Displaying the list of transports
2023-11-04 20:09:35|[http-nio-8087-exec-6]|INFO |com.harshi.inventory_and_billing.controllers.DashboardController-Redirecting to landing.html
2023-11-04 20:09:37|[http-nio-8087-exec-7]|INFO |com.harshi.inventory_and_billing.controllers.PartyController-Displaying the party list
2023-11-04 20:09:39|[http-nio-8087-exec-8]|INFO |com.harshi.inventory_and_billing.controllers.PartyController-Displaying party details for party with ID: 10
2023-11-04 20:09:41|[http-nio-8087-exec-9]|INFO |com.harshi.inventory_and_billing.controllers.OrderController-Displaying order details for order with ID: 19
2023-11-04 20:09:46|[http-nio-8087-exec-1]|INFO |com.harshi.inventory_and_billing.controllers.DashboardController-Redirecting to landing.html
2023-11-04 20:09:48|[http-nio-8087-exec-2]|INFO |com.harshi.inventory_and_billing.controllers.TransportController-Displaying the list of transports
2023-11-04 20:09:50|[http-nio-8087-exec-3]|INFO |com.harshi.inventory_and_billing.controllers.TransportController-Displaying transport details for transport with ID: 3
2023-11-04 20:09:54|[http-nio-8087-exec-4]|INFO |com.harshi.inventory_and_billing.controllers.DashboardController-Redirecting to landing.html
2023-11-04 20:09:55|[http-nio-8087-exec-5]|INFO |com.harshi.inventory_and_billing.controllers.TransportController-Displaying the list of transports
2023-11-04 20:09:57|[http-nio-8087-exec-6]|INFO |com.harshi.inventory_and_billing.controllers.TransportController-Displaying the add transport form
2023-11-04 20:10:08|[http-nio-8087-exec-7]|INFO |com.harshi.inventory_and_billing.controllers.DashboardController-Redirecting to landing.html
2023-11-04 20:10:10|[http-nio-8087-exec-8]|INFO |com.harshi.inventory_and_billing.controllers.PartyController-Displaying the party list
2023-11-04 20:10:12|[http-nio-8087-exec-9]|INFO |com.harshi.inventory_and_billing.controllers.PartyController-Displaying the add party form
2023-11-04 20:10:15|[http-nio-8087-exec-10]|INFO |com.harshi.inventory_and_billing.controllers.DashboardController-Redirecting to landing.html
2023-11-04 20:10:18|[http-nio-8087-exec-1]|INFO |com.harshi.inventory_and_billing.controllers.RepsController-Displaying the list of representatives
2023-11-04 20:10:20|[http-nio-8087-exec-2]|INFO |com.harshi.inventory_and_billing.controllers.RepsController-Displaying the add representatives form
2023-11-04 20:10:21|[http-nio-8087-exec-3]|INFO |com.harshi.inventory_and_billing.controllers.DashboardController-Redirecting to landing.html
2023-11-04 20:10:25|[http-nio-8087-exec-4]|INFO |com.harshi.inventory_and_billing.controllers.WarehouseController-Inside showWarehouseList() on WarehouseController
2023-11-04 20:10:27|[http-nio-8087-exec-5]|INFO |com.harshi.inventory_and_billing.controllers.WarehouseController-Inside showAddWarehouse() on WarehouseController
2023-11-04 20:10:39|[http-nio-8087-exec-7]|INFO |com.harshi.inventory_and_billing.controllers.DashboardController-Redirecting to landing.html
2023-11-04 20:10:40|[http-nio-8087-exec-8]|INFO |com.harshi.inventory_and_billing.controllers.ProductController-Displaying the list of available products
2023-11-04 20:10:42|[http-nio-8087-exec-9]|INFO |com.harshi.inventory_and_billing.controllers.ProductController-Displaying the add products form
2023-11-04 20:10:48|[http-nio-8087-exec-10]|INFO |com.harshi.inventory_and_billing.controllers.DashboardController-Redirecting to landing.html
2023-11-04 20:10:50|[http-nio-8087-exec-1]|INFO |com.harshi.inventory_and_billing.controllers.OrderController-Displaying order list
2023-11-04 20:10:52|[http-nio-8087-exec-2]|INFO |com.harshi.inventory_and_billing.controllers.OrderController-Displaying order details for order with ID: 17
2023-11-04 20:10:59|[http-nio-8087-exec-4]|INFO |com.harshi.inventory_and_billing.controllers.OrderController-Displaying order details for order with ID: 17
2023-11-04 20:11:03|[http-nio-8087-exec-5]|INFO |com.harshi.inventory_and_billing.controllers.OrderController-Displaying order list
2023-11-04 20:11:05|[http-nio-8087-exec-6]|INFO |com.harshi.inventory_and_billing.controllers.DashboardController-Redirecting to landing.html
2023-11-04 20:12:18|[http-nio-8087-exec-9]|INFO |com.harshi.inventory_and_billing.controllers.ProductController-Displaying the list of available products
2023-11-04 20:12:20|[http-nio-8087-exec-10]|INFO |com.harshi.inventory_and_billing.controllers.ProductController-Displaying the add products form
2023-11-04 20:12:50|[http-nio-8087-exec-1]|INFO |com.harshi.inventory_and_billing.controllers.DashboardController-Redirecting to landing.html
2023-11-04 20:12:53|[http-nio-8087-exec-2]|INFO |com.harshi.inventory_and_billing.controllers.TransportController-Displaying the list of transports
2023-11-04 20:12:56|[http-nio-8087-exec-3]|INFO |com.harshi.inventory_and_billing.controllers.TransportController-Displaying the add transport form
2023-11-04 20:13:13|[http-nio-8087-exec-4]|INFO |com.harshi.inventory_and_billing.controllers.DashboardController-Redirecting to landing.html
2023-11-04 20:13:15|[http-nio-8087-exec-5]|INFO |com.harshi.inventory_and_billing.controllers.WarehouseController-Inside showWarehouseList() on WarehouseController
2023-11-04 20:13:17|[http-nio-8087-exec-6]|INFO |com.harshi.inventory_and_billing.controllers.WarehouseController-Inside showAddWarehouse() on WarehouseController
2023-11-04 21:54:42|[background-preinit]|INFO |org.hibernate.validator.internal.util.Version-HV000001: Hibernate Validator 8.0.1.Final
2023-11-04 21:54:42|[main]|INFO |com.harshi.inventory_and_billing.InventoryAndBillingApplication-Starting InventoryAndBillingApplication using Java 17.0.8.1 with PID 17700 (C:\Users\Asus\Downloads\InventoryAndBilling\InventoryAndBilling\target\classes started by Asus in C:\Users\Asus\Downloads\InventoryAndBilling\InventoryAndBilling)
2023-11-04 21:54:42|[main]|INFO |com.harshi.inventory_and_billing.InventoryAndBillingApplication-No active profile set, falling back to 1 default profile: "default"
2023-11-04 21:54:44|[main]|INFO |org.springframework.data.repository.config.RepositoryConfigurationDelegate-Bootstrapping Spring Data JPA repositories in DEFAULT mode.
2023-11-04 21:54:44|[main]|INFO |org.springframework.data.repository.config.RepositoryConfigurationDelegate-Finished Spring Data repository scanning in 209 ms. Found 11 JPA repository interfaces.
2023-11-04 21:54:45|[main]|INFO |org.springframework.boot.web.embedded.tomcat.TomcatWebServer-Tomcat initialized with port(s): 8087 (http)
2023-11-04 21:54:45|[main]|INFO |org.apache.coyote.http11.Http11NioProtocol-Initializing ProtocolHandler ["http-nio-8087"]
2023-11-04 21:54:45|[main]|INFO |org.apache.catalina.core.StandardService-Starting service [Tomcat]
2023-11-04 21:54:45|[main]|INFO |org.apache.catalina.core.StandardEngine-Starting Servlet engine: [Apache Tomcat/10.1.12]
2023-11-04 21:54:46|[main]|INFO |org.apache.catalina.core.ContainerBase.[Tomcat].[localhost].[/inventorybilling]-Initializing Spring embedded WebApplicationContext
2023-11-04 21:54:46|[main]|INFO |org.springframework.boot.web.servlet.context.ServletWebServerApplicationContext-Root WebApplicationContext: initialization completed in 3345 ms
2023-11-04 21:54:46|[main]|INFO |org.hibernate.jpa.internal.util.LogHelper-HHH000204: Processing PersistenceUnitInfo [name: default]
2023-11-04 21:54:46|[main]|INFO |org.hibernate.Version-HHH000412: Hibernate ORM core version 6.2.7.Final
2023-11-04 21:54:46|[main]|INFO |org.hibernate.cfg.Environment-HHH000406: Using bytecode reflection optimizer
2023-11-04 21:54:46|[main]|INFO |org.hibernate.bytecode.internal.BytecodeProviderInitiator-HHH000021: Bytecode provider name : bytebuddy
2023-11-04 21:54:46|[main]|INFO |org.springframework.orm.jpa.persistenceunit.SpringPersistenceUnitInfo-No LoadTimeWeaver setup: ignoring JPA class transformer
2023-11-04 21:54:46|[main]|INFO |com.zaxxer.hikari.HikariDataSource-HikariPool-1 - Starting...
2023-11-04 21:54:47|[main]|INFO |com.zaxxer.hikari.pool.HikariPool-HikariPool-1 - Added connection com.mysql.cj.jdbc.ConnectionImpl@47f0f414
2023-11-04 21:54:47|[main]|INFO |com.zaxxer.hikari.HikariDataSource-HikariPool-1 - Start completed.
2023-11-04 21:54:47|[main]|INFO |org.hibernate.bytecode.internal.BytecodeProviderInitiator-HHH000021: Bytecode provider name : bytebuddy
2023-11-04 21:54:48|[main]|INFO |org.hibernate.engine.transaction.jta.platform.internal.JtaPlatformInitiator-HHH000490: Using JtaPlatform implementation: [org.hibernate.engine.transaction.jta.platform.internal.NoJtaPlatform]
2023-11-04 21:54:48|[main]|INFO |org.springframework.orm.jpa.LocalContainerEntityManagerFactoryBean-Initialized JPA EntityManagerFactory for persistence unit 'default'
2023-11-04 21:54:49|[main]|INFO |org.springframework.data.jpa.repository.query.QueryEnhancerFactory-Hibernate is in classpath; If applicable, HQL parser will be used.
2023-11-04 21:54:51|[main]|WARN |org.springframework.boot.autoconfigure.orm.jpa.JpaBaseConfiguration$JpaWebConfiguration-spring.jpa.open-in-view is enabled by default. Therefore, database queries may be performed during view rendering. Explicitly configure spring.jpa.open-in-view to disable this warning
2023-11-04 21:54:51|[main]|INFO |org.springframework.boot.autoconfigure.web.servlet.WelcomePageHandlerMapping-Adding welcome page template: index
2023-11-04 21:54:52|[main]|INFO |org.apache.coyote.http11.Http11NioProtocol-Starting ProtocolHandler ["http-nio-8087"]
2023-11-04 21:54:52|[main]|INFO |org.springframework.boot.web.embedded.tomcat.TomcatWebServer-Tomcat started on port(s): 8087 (http) with context path '/inventorybilling'
2023-11-04 21:54:52|[main]|INFO |com.harshi.inventory_and_billing.InventoryAndBillingApplication-Started InventoryAndBillingApplication in 10.4 seconds (process running for 11.311)
2023-11-04 21:55:36|[http-nio-8087-exec-1]|INFO |org.apache.catalina.core.ContainerBase.[Tomcat].[localhost].[/inventorybilling]-Initializing Spring DispatcherServlet 'dispatcherServlet'
2023-11-04 21:55:36|[http-nio-8087-exec-1]|INFO |org.springframework.web.servlet.DispatcherServlet-Initializing Servlet 'dispatcherServlet'
2023-11-04 21:55:36|[http-nio-8087-exec-1]|INFO |org.springframework.web.servlet.DispatcherServlet-Completed initialization in 1 ms
2023-11-04 21:55:38|[http-nio-8087-exec-2]|INFO |com.harshi.inventory_and_billing.controllers.UserController-Displaying the login page
2023-11-04 21:55:45|[http-nio-8087-exec-4]|INFO |com.harshi.inventory_and_billing.controllers.UserController-Attempting login for email: ayush11006@gmail.com
2023-11-04 21:55:46|[http-nio-8087-exec-4]|INFO |com.harshi.inventory_and_billing.controllers.UserController-Login successful for email: AYUSH11006@GMAIL.COM
2023-11-04 21:56:02|[http-nio-8087-exec-5]|INFO |com.harshi.inventory_and_billing.controllers.TransportController-Displaying the list of transports
2023-11-04 21:56:04|[http-nio-8087-exec-6]|INFO |com.harshi.inventory_and_billing.controllers.TransportController-Displaying the add transport form
2023-11-04 21:56:06|[http-nio-8087-exec-7]|INFO |com.harshi.inventory_and_billing.controllers.DashboardController-Redirecting to landing.html
2023-11-04 21:56:11|[http-nio-8087-exec-8]|INFO |com.harshi.inventory_and_billing.controllers.RepsController-Displaying the list of representatives
2023-11-04 21:56:15|[http-nio-8087-exec-9]|INFO |com.harshi.inventory_and_billing.controllers.RepsController-Displaying the add representatives form
2023-11-04 21:56:17|[http-nio-8087-exec-10]|INFO |com.harshi.inventory_and_billing.controllers.DashboardController-Redirecting to landing.html
2023-11-04 21:56:18|[http-nio-8087-exec-1]|INFO |com.harshi.inventory_and_billing.controllers.TransportController-Displaying the list of transports
2023-11-04 21:56:20|[http-nio-8087-exec-3]|INFO |com.harshi.inventory_and_billing.controllers.TransportController-Displaying the add transport form
2023-11-04 21:59:28|[http-nio-8087-exec-5]|INFO |com.harshi.inventory_and_billing.controllers.TransportController-Displaying the add transport form
2023-11-04 21:59:55|[http-nio-8087-exec-6]|INFO |com.harshi.inventory_and_billing.controllers.TransportController-Displaying the add transport form
2023-11-04 22:00:53|[http-nio-8087-exec-8]|INFO |com.harshi.inventory_and_billing.controllers.TransportController-Displaying the add transport form
2023-11-04 22:01:00|[http-nio-8087-exec-9]|INFO |com.harshi.inventory_and_billing.controllers.DashboardController-Redirecting to landing.html
2023-11-04 22:01:06|[http-nio-8087-exec-10]|INFO |com.harshi.inventory_and_billing.controllers.ProductController-Displaying the list of available products
2023-11-04 22:01:08|[http-nio-8087-exec-1]|INFO |com.harshi.inventory_and_billing.controllers.ProductController-Displaying the add products form
2023-11-04 22:01:39|[http-nio-8087-exec-3]|INFO |com.harshi.inventory_and_billing.controllers.ProductController-Displaying the add products form
2023-11-04 22:01:51|[http-nio-8087-exec-2]|INFO |com.harshi.inventory_and_billing.controllers.DashboardController-Redirecting to landing.html
2023-11-04 22:02:00|[http-nio-8087-exec-5]|INFO |com.harshi.inventory_and_billing.controllers.WarehouseController-Inside showWarehouseList() on WarehouseController
2023-11-04 22:02:02|[http-nio-8087-exec-6]|INFO |com.harshi.inventory_and_billing.controllers.WarehouseController-Inside showAddWarehouse() on WarehouseController
2023-11-04 22:06:02|[http-nio-8087-exec-9]|INFO |com.harshi.inventory_and_billing.controllers.WarehouseController-Inside showAddWarehouse() on WarehouseController
2023-11-04 22:06:36|[http-nio-8087-exec-10]|INFO |com.harshi.inventory_and_billing.controllers.WarehouseController-Inside showAddWarehouse() on WarehouseController
2023-11-04 22:06:52|[http-nio-8087-exec-1]|INFO |com.harshi.inventory_and_billing.controllers.WarehouseController-Inside showAddWarehouse() on WarehouseController
2023-11-04 22:06:53|[http-nio-8087-exec-3]|INFO |com.harshi.inventory_and_billing.controllers.WarehouseController-Inside showAddWarehouse() on WarehouseController
2023-11-04 22:07:03|[http-nio-8087-exec-4]|INFO |com.harshi.inventory_and_billing.controllers.WarehouseController-Inside showAddWarehouse() on WarehouseController
2023-11-04 22:07:29|[http-nio-8087-exec-5]|INFO |com.harshi.inventory_and_billing.controllers.WarehouseController-Inside showAddWarehouse() on WarehouseController
2023-11-04 22:07:54|[http-nio-8087-exec-6]|INFO |com.harshi.inventory_and_billing.controllers.WarehouseController-Inside showAddWarehouse() on WarehouseController
2023-11-04 22:07:55|[http-nio-8087-exec-7]|INFO |com.harshi.inventory_and_billing.controllers.WarehouseController-Inside showAddWarehouse() on WarehouseController
2023-11-04 22:07:55|[http-nio-8087-exec-8]|INFO |com.harshi.inventory_and_billing.controllers.WarehouseController-Inside showAddWarehouse() on WarehouseController
2023-11-04 22:07:56|[http-nio-8087-exec-9]|INFO |com.harshi.inventory_and_billing.controllers.WarehouseController-Inside showAddWarehouse() on WarehouseController
2023-11-04 22:08:01|[http-nio-8087-exec-10]|INFO |com.harshi.inventory_and_billing.controllers.DashboardController-Redirecting to landing.html
2023-11-04 22:08:03|[http-nio-8087-exec-1]|INFO |com.harshi.inventory_and_billing.controllers.TransportController-Displaying the list of transports
2023-11-04 22:08:06|[http-nio-8087-exec-2]|INFO |com.harshi.inventory_and_billing.controllers.TransportController-Displaying the add transport form
2023-11-04 22:08:07|[http-nio-8087-exec-4]|INFO |com.harshi.inventory_and_billing.controllers.TransportController-Displaying the list of transports
2023-11-04 22:08:10|[http-nio-8087-exec-5]|INFO |com.harshi.inventory_and_billing.controllers.TransportController-Displaying the add transport form
2023-11-04 22:08:12|[http-nio-8087-exec-6]|INFO |com.harshi.inventory_and_billing.controllers.DashboardController-Redirecting to landing.html
2023-11-04 22:16:39|[background-preinit]|INFO |org.hibernate.validator.internal.util.Version-HV000001: Hibernate Validator 8.0.1.Final
2023-11-04 22:16:39|[main]|INFO |com.harshi.inventory_and_billing.InventoryAndBillingApplication-Starting InventoryAndBillingApplication using Java 17.0.8.1 with PID 8760 (C:\Users\Asus\Downloads\InventoryAndBilling\InventoryAndBilling\target\classes started by Asus in C:\Users\Asus\Downloads\InventoryAndBilling\InventoryAndBilling)
2023-11-04 22:16:39|[main]|INFO |com.harshi.inventory_and_billing.InventoryAndBillingApplication-No active profile set, falling back to 1 default profile: "default"
2023-11-04 22:16:40|[main]|INFO |org.springframework.data.repository.config.RepositoryConfigurationDelegate-Bootstrapping Spring Data JPA repositories in DEFAULT mode.
2023-11-04 22:16:40|[main]|INFO |org.springframework.data.repository.config.RepositoryConfigurationDelegate-Finished Spring Data repository scanning in 99 ms. Found 11 JPA repository interfaces.
2023-11-04 22:16:41|[main]|INFO |org.springframework.boot.web.embedded.tomcat.TomcatWebServer-Tomcat initialized with port(s): 8087 (http)
2023-11-04 22:16:41|[main]|INFO |org.apache.coyote.http11.Http11NioProtocol-Initializing ProtocolHandler ["http-nio-8087"]
2023-11-04 22:16:41|[main]|INFO |org.apache.catalina.core.StandardService-Starting service [Tomcat]
2023-11-04 22:16:41|[main]|INFO |org.apache.catalina.core.StandardEngine-Starting Servlet engine: [Apache Tomcat/10.1.12]
2023-11-04 22:16:41|[main]|INFO |org.apache.catalina.core.ContainerBase.[Tomcat].[localhost].[/inventorybilling]-Initializing Spring embedded WebApplicationContext
2023-11-04 22:16:41|[main]|INFO |org.springframework.boot.web.servlet.context.ServletWebServerApplicationContext-Root WebApplicationContext: initialization completed in 2030 ms
2023-11-04 22:16:41|[main]|INFO |org.hibernate.jpa.internal.util.LogHelper-HHH000204: Processing PersistenceUnitInfo [name: default]
2023-11-04 22:16:41|[main]|INFO |org.hibernate.Version-HHH000412: Hibernate ORM core version 6.2.7.Final
2023-11-04 22:16:41|[main]|INFO |org.hibernate.cfg.Environment-HHH000406: Using bytecode reflection optimizer
2023-11-04 22:16:42|[main]|INFO |org.hibernate.bytecode.internal.BytecodeProviderInitiator-HHH000021: Bytecode provider name : bytebuddy
2023-11-04 22:16:42|[main]|INFO |org.springframework.orm.jpa.persistenceunit.SpringPersistenceUnitInfo-No LoadTimeWeaver setup: ignoring JPA class transformer
2023-11-04 22:16:42|[main]|INFO |com.zaxxer.hikari.HikariDataSource-HikariPool-1 - Starting...
2023-11-04 22:16:42|[main]|INFO |com.zaxxer.hikari.pool.HikariPool-HikariPool-1 - Added connection com.mysql.cj.jdbc.ConnectionImpl@29b8df5
2023-11-04 22:16:42|[main]|INFO |com.zaxxer.hikari.HikariDataSource-HikariPool-1 - Start completed.
2023-11-04 22:16:42|[main]|INFO |org.hibernate.bytecode.internal.BytecodeProviderInitiator-HHH000021: Bytecode provider name : bytebuddy
2023-11-04 22:16:43|[main]|INFO |org.hibernate.engine.transaction.jta.platform.internal.JtaPlatformInitiator-HHH000490: Using JtaPlatform implementation: [org.hibernate.engine.transaction.jta.platform.internal.NoJtaPlatform]
2023-11-04 22:16:43|[main]|INFO |org.springframework.orm.jpa.LocalContainerEntityManagerFactoryBean-Initialized JPA EntityManagerFactory for persistence unit 'default'
2023-11-04 22:16:44|[main]|INFO |org.springframework.data.jpa.repository.query.QueryEnhancerFactory-Hibernate is in classpath; If applicable, HQL parser will be used.
2023-11-04 22:16:45|[main]|WARN |org.springframework.boot.autoconfigure.orm.jpa.JpaBaseConfiguration$JpaWebConfiguration-spring.jpa.open-in-view is enabled by default. Therefore, database queries may be performed during view rendering. Explicitly configure spring.jpa.open-in-view to disable this warning
2023-11-04 22:16:45|[main]|INFO |org.springframework.boot.autoconfigure.web.servlet.WelcomePageHandlerMapping-Adding welcome page template: index
2023-11-04 22:16:45|[main]|INFO |org.apache.coyote.http11.Http11NioProtocol-Starting ProtocolHandler ["http-nio-8087"]
2023-11-04 22:16:45|[main]|INFO |org.springframework.boot.web.embedded.tomcat.TomcatWebServer-Tomcat started on port(s): 8087 (http) with context path '/inventorybilling'
2023-11-04 22:16:45|[main]|INFO |com.harshi.inventory_and_billing.InventoryAndBillingApplication-Started InventoryAndBillingApplication in 6.589 seconds (process running for 7.464)
