2023-10-11 09:31:34|[main]|INFO |com.harshi.InventoryAndBilling.InventoryAndBillingApplication-Starting InventoryAndBillingApplication using Java 17.0.8.1 with PID 3084 (C:\Users\Asus\Downloads\InventoryAndBilling\InventoryAndBilling\target\classes started by Asus in C:\Users\Asus\Downloads\InventoryAndBilling\InventoryAndBilling)
2023-10-11 09:31:34|[main]|INFO |com.harshi.InventoryAndBilling.InventoryAndBillingApplication-No active profile set, falling back to 1 default profile: "default"
2023-10-11 09:31:35|[main]|INFO |org.springframework.data.repository.config.RepositoryConfigurationDelegate-Bootstrapping Spring Data JPA repositories in DEFAULT mode.
2023-10-11 09:31:35|[main]|INFO |org.springframework.data.repository.config.RepositoryConfigurationDelegate-Finished Spring Data repository scanning in 128 ms. Found 6 JPA repository interfaces.
2023-10-11 09:31:37|[main]|INFO |org.springframework.boot.web.embedded.tomcat.TomcatWebServer-Tomcat initialized with port(s): 8087 (http)
2023-10-11 09:31:37|[main]|INFO |org.apache.coyote.http11.Http11NioProtocol-Initializing ProtocolHandler ["http-nio-8087"]
2023-10-11 09:31:37|[main]|INFO |org.apache.catalina.core.StandardService-Starting service [Tomcat]
2023-10-11 09:31:37|[main]|INFO |org.apache.catalina.core.StandardEngine-Starting Servlet engine: [Apache Tomcat/10.1.12]
2023-10-11 09:31:37|[main]|INFO |org.apache.catalina.core.ContainerBase.[Tomcat].[localhost].[/inventorybilling]-Initializing Spring embedded WebApplicationContext
2023-10-11 09:31:37|[main]|INFO |org.springframework.boot.web.servlet.context.ServletWebServerApplicationContext-Root WebApplicationContext: initialization completed in 2891 ms
2023-10-11 09:31:37|[main]|INFO |org.hibernate.jpa.internal.util.LogHelper-HHH000204: Processing PersistenceUnitInfo [name: default]
2023-10-11 09:31:37|[main]|INFO |org.hibernate.Version-HHH000412: Hibernate ORM core version 6.2.7.Final
2023-10-11 09:31:37|[main]|INFO |org.hibernate.cfg.Environment-HHH000406: Using bytecode reflection optimizer
2023-10-11 09:31:38|[main]|INFO |org.hibernate.bytecode.internal.BytecodeProviderInitiator-HHH000021: Bytecode provider name : bytebuddy
2023-10-11 09:31:38|[main]|INFO |org.springframework.orm.jpa.persistenceunit.SpringPersistenceUnitInfo-No LoadTimeWeaver setup: ignoring JPA class transformer
2023-10-11 09:31:38|[main]|INFO |com.zaxxer.hikari.HikariDataSource-HikariPool-1 - Starting...
2023-10-11 09:31:38|[main]|INFO |com.zaxxer.hikari.pool.HikariPool-HikariPool-1 - Added connection com.mysql.cj.jdbc.ConnectionImpl@47f0f414
2023-10-11 09:31:38|[main]|INFO |com.zaxxer.hikari.HikariDataSource-HikariPool-1 - Start completed.
2023-10-11 09:31:39|[main]|INFO |org.hibernate.bytecode.internal.BytecodeProviderInitiator-HHH000021: Bytecode provider name : bytebuddy
2023-10-11 09:31:40|[main]|INFO |org.hibernate.engine.transaction.jta.platform.internal.JtaPlatformInitiator-HHH000490: Using JtaPlatform implementation: [org.hibernate.engine.transaction.jta.platform.internal.NoJtaPlatform]
2023-10-11 09:31:41|[main]|INFO |org.springframework.orm.jpa.LocalContainerEntityManagerFactoryBean-Initialized JPA EntityManagerFactory for persistence unit 'default'
2023-10-11 09:31:41|[main]|INFO |org.springframework.data.jpa.repository.query.QueryEnhancerFactory-Hibernate is in classpath; If applicable, HQL parser will be used.
2023-10-11 09:31:42|[main]|WARN |org.springframework.boot.autoconfigure.orm.jpa.JpaBaseConfiguration$JpaWebConfiguration-spring.jpa.open-in-view is enabled by default. Therefore, database queries may be performed during view rendering. Explicitly configure spring.jpa.open-in-view to disable this warning
2023-10-11 09:31:42|[main]|INFO |org.springframework.boot.autoconfigure.web.servlet.WelcomePageHandlerMapping-Adding welcome page template: index
2023-10-11 09:31:43|[main]|INFO |org.apache.coyote.http11.Http11NioProtocol-Starting ProtocolHandler ["http-nio-8087"]
2023-10-11 09:31:43|[main]|INFO |org.springframework.boot.web.embedded.tomcat.TomcatWebServer-Tomcat started on port(s): 8087 (http) with context path '/inventorybilling'
2023-10-11 09:31:43|[main]|INFO |com.harshi.InventoryAndBilling.InventoryAndBillingApplication-Started InventoryAndBillingApplication in 10.1 seconds (process running for 10.988)
2023-10-11 09:32:00|[http-nio-8087-exec-1]|INFO |org.apache.catalina.core.ContainerBase.[Tomcat].[localhost].[/inventorybilling]-Initializing Spring DispatcherServlet 'dispatcherServlet'
2023-10-11 09:32:00|[http-nio-8087-exec-1]|INFO |org.springframework.web.servlet.DispatcherServlet-Initializing Servlet 'dispatcherServlet'
2023-10-11 09:32:00|[http-nio-8087-exec-1]|INFO |org.springframework.web.servlet.DispatcherServlet-Completed initialization in 6 ms
2023-10-11 09:32:07|[http-nio-8087-exec-3]|INFO |com.harshi.InventoryAndBilling.controllers.UserController-Inside to showLoginPage() on UserController
2023-10-11 09:32:14|[http-nio-8087-exec-4]|INFO |com.harshi.InventoryAndBilling.controllers.UserController-Inside showLoginPage() with email - ayush11006on UserController
2023-10-11 09:32:14|[http-nio-8087-exec-4]|INFO |com.harshi.InventoryAndBilling.controllers.UserController-Redirecting landing.html
2023-10-11 09:32:19|[http-nio-8087-exec-5]|INFO |com.harshi.InventoryAndBilling.controllers.DashboardController-Inside getTotalOutstanding() on DashboardController
2023-10-11 09:32:21|[http-nio-8087-exec-6]|INFO |com.harshi.InventoryAndBilling.controllers.DashboardController-Redirecting landing.html
2023-10-11 09:32:23|[http-nio-8087-exec-7]|INFO |com.harshi.InventoryAndBilling.controllers.ProductController-Inside showAvailableProducts() on DashboardController
2023-10-11 09:32:33|[http-nio-8087-exec-8]|INFO |com.harshi.InventoryAndBilling.controllers.UserController-Inside to showLoginPage() on UserController
2023-10-11 09:32:38|[http-nio-8087-exec-9]|INFO |com.harshi.InventoryAndBilling.controllers.UserController-Inside showLoginPage() with email - ayush11006on UserController
2023-10-11 09:32:38|[http-nio-8087-exec-9]|INFO |com.harshi.InventoryAndBilling.controllers.UserController-Redirecting landing.html
