2023-10-02 10:21:04|[main]|INFO |com.harshi.InventoryAndBilling.InventoryAndBillingApplication-Starting InventoryAndBillingApplication using Java 17.0.7 with PID 3192 (C:\Users\Admin\Downloads\codebase\InventoryAndBillingWithoutSecurity\target\classes started by Admin in C:\Users\Admin\Downloads\codebase\InventoryAndBillingWithoutSecurity)
2023-10-02 10:21:04|[main]|INFO |com.harshi.InventoryAndBilling.InventoryAndBillingApplication-No active profile set, falling back to 1 default profile: "default"
2023-10-02 10:21:06|[main]|INFO |org.springframework.data.repository.config.RepositoryConfigurationDelegate-Bootstrapping Spring Data JPA repositories in DEFAULT mode.
2023-10-02 10:21:06|[main]|INFO |org.springframework.data.repository.config.RepositoryConfigurationDelegate-Finished Spring Data repository scanning in 160 ms. Found 5 JPA repository interfaces.
2023-10-02 10:21:07|[main]|INFO |org.springframework.boot.web.embedded.tomcat.TomcatWebServer-Tomcat initialized with port(s): 8087 (http)
2023-10-02 10:21:07|[main]|INFO |org.apache.coyote.http11.Http11NioProtocol-Initializing ProtocolHandler ["http-nio-8087"]
2023-10-02 10:21:07|[main]|INFO |org.apache.catalina.core.StandardService-Starting service [Tomcat]
2023-10-02 10:21:07|[main]|INFO |org.apache.catalina.core.StandardEngine-Starting Servlet engine: [Apache Tomcat/10.1.12]
2023-10-02 10:21:08|[main]|INFO |org.apache.catalina.core.ContainerBase.[Tomcat].[localhost].[/inventorybilling]-Initializing Spring embedded WebApplicationContext
2023-10-02 10:21:08|[main]|INFO |org.springframework.boot.web.servlet.context.ServletWebServerApplicationContext-Root WebApplicationContext: initialization completed in 3105 ms
2023-10-02 10:21:08|[main]|INFO |org.hibernate.jpa.internal.util.LogHelper-HHH000204: Processing PersistenceUnitInfo [name: default]
2023-10-02 10:21:08|[main]|INFO |org.hibernate.Version-HHH000412: Hibernate ORM core version 6.2.7.Final
2023-10-02 10:21:08|[main]|INFO |org.hibernate.cfg.Environment-HHH000406: Using bytecode reflection optimizer
2023-10-02 10:21:08|[main]|INFO |org.hibernate.bytecode.internal.BytecodeProviderInitiator-HHH000021: Bytecode provider name : bytebuddy
2023-10-02 10:21:09|[main]|INFO |org.springframework.orm.jpa.persistenceunit.SpringPersistenceUnitInfo-No LoadTimeWeaver setup: ignoring JPA class transformer
2023-10-02 10:21:09|[main]|INFO |com.zaxxer.hikari.HikariDataSource-HikariPool-1 - Starting...
2023-10-02 10:21:10|[main]|INFO |com.zaxxer.hikari.pool.HikariPool-HikariPool-1 - Added connection com.mysql.cj.jdbc.ConnectionImpl@7cdc4070
2023-10-02 10:21:10|[main]|INFO |com.zaxxer.hikari.HikariDataSource-HikariPool-1 - Start completed.
2023-10-02 10:21:10|[main]|INFO |org.hibernate.bytecode.internal.BytecodeProviderInitiator-HHH000021: Bytecode provider name : bytebuddy
2023-10-02 10:21:12|[main]|INFO |org.hibernate.engine.transaction.jta.platform.internal.JtaPlatformInitiator-HHH000490: Using JtaPlatform implementation: [org.hibernate.engine.transaction.jta.platform.internal.NoJtaPlatform]
2023-10-02 10:21:12|[main]|INFO |org.springframework.orm.jpa.LocalContainerEntityManagerFactoryBean-Initialized JPA EntityManagerFactory for persistence unit 'default'
2023-10-02 10:21:13|[main]|INFO |org.springframework.data.jpa.repository.query.QueryEnhancerFactory-Hibernate is in classpath; If applicable, HQL parser will be used.
2023-10-02 10:21:14|[main]|WARN |org.springframework.boot.autoconfigure.orm.jpa.JpaBaseConfiguration$JpaWebConfiguration-spring.jpa.open-in-view is enabled by default. Therefore, database queries may be performed during view rendering. Explicitly configure spring.jpa.open-in-view to disable this warning
2023-10-02 10:21:14|[main]|INFO |org.springframework.boot.autoconfigure.web.servlet.WelcomePageHandlerMapping-Adding welcome page template: index
2023-10-02 10:21:15|[main]|INFO |org.apache.coyote.http11.Http11NioProtocol-Starting ProtocolHandler ["http-nio-8087"]
2023-10-02 10:21:15|[main]|INFO |org.springframework.boot.web.embedded.tomcat.TomcatWebServer-Tomcat started on port(s): 8087 (http) with context path '/inventorybilling'
2023-10-02 10:21:15|[main]|INFO |com.harshi.InventoryAndBilling.InventoryAndBillingApplication-Started InventoryAndBillingApplication in 11.295 seconds (process running for 14.112)
2023-10-02 10:21:50|[http-nio-8087-exec-1]|INFO |org.apache.catalina.core.ContainerBase.[Tomcat].[localhost].[/inventorybilling]-Initializing Spring DispatcherServlet 'dispatcherServlet'
2023-10-02 10:21:50|[http-nio-8087-exec-1]|INFO |org.springframework.web.servlet.DispatcherServlet-Initializing Servlet 'dispatcherServlet'
2023-10-02 10:21:50|[http-nio-8087-exec-1]|INFO |org.springframework.web.servlet.DispatcherServlet-Completed initialization in 2 ms
2023-10-02 10:21:59|[http-nio-8087-exec-3]|INFO |com.harshi.InventoryAndBilling.controllers.UserController-Inside to showLoginPage() on UserController
2023-10-02 10:22:03|[http-nio-8087-exec-6]|INFO |com.harshi.InventoryAndBilling.controllers.UserController-Inside showLoginPage() with email - harshibabu604@gmail.comon UserController
2023-10-02 10:22:03|[http-nio-8087-exec-6]|INFO |com.harshi.InventoryAndBilling.controllers.UserController-Redirecting landing.html
2023-10-02 10:22:10|[http-nio-8087-exec-8]|INFO |com.harshi.InventoryAndBilling.controllers.WarehouseController-Inside showWarehouseList() on WarehouseController
2023-10-02 10:23:38|[http-nio-8087-exec-9]|INFO |com.harshi.InventoryAndBilling.controllers.DashboardController-Redirecting landing.html
2023-10-02 10:23:39|[http-nio-8087-exec-1]|INFO |com.harshi.InventoryAndBilling.controllers.WarehouseController-Inside showWarehouseList() on WarehouseController
2023-10-02 10:24:17|[http-nio-8087-exec-4]|INFO |com.harshi.InventoryAndBilling.controllers.DashboardController-Redirecting landing.html
2023-10-02 10:24:19|[http-nio-8087-exec-3]|INFO |com.harshi.InventoryAndBilling.controllers.WarehouseController-Inside showWarehouseList() on WarehouseController
2023-10-02 10:24:26|[http-nio-8087-exec-6]|INFO |com.harshi.InventoryAndBilling.controllers.WarehouseController-Inside showAddWarehouse() on WarehouseController
2023-10-02 10:26:01|[http-nio-8087-exec-8]|INFO |com.harshi.InventoryAndBilling.controllers.WarehouseController-Inside showWarehouseList() on WarehouseController
2023-10-02 10:26:38|[http-nio-8087-exec-9]|INFO |com.harshi.InventoryAndBilling.controllers.WarehouseController-Inside showAddWarehouse() on WarehouseController
2023-10-02 10:29:36|[RMI TCP Connection(16)-127.0.0.1]|INFO |org.springframework.boot.admin.SpringApplicationAdminMXBeanRegistrar$SpringApplicationAdmin-Application shutdown requested.
2023-10-02 10:29:36|[RMI TCP Connection(16)-127.0.0.1]|INFO |org.apache.coyote.http11.Http11NioProtocol-Pausing ProtocolHandler ["http-nio-8087"]
2023-10-02 10:29:36|[RMI TCP Connection(16)-127.0.0.1]|INFO |org.apache.catalina.core.StandardService-Stopping service [Tomcat]
2023-10-02 10:29:36|[RMI TCP Connection(16)-127.0.0.1]|INFO |org.apache.catalina.core.ContainerBase.[Tomcat].[localhost].[/inventorybilling]-Destroying Spring FrameworkServlet 'dispatcherServlet'
2023-10-02 10:29:36|[RMI TCP Connection(16)-127.0.0.1]|INFO |org.apache.coyote.http11.Http11NioProtocol-Stopping ProtocolHandler ["http-nio-8087"]
2023-10-02 10:29:36|[RMI TCP Connection(16)-127.0.0.1]|INFO |org.apache.coyote.http11.Http11NioProtocol-Destroying ProtocolHandler ["http-nio-8087"]
2023-10-02 10:29:36|[RMI TCP Connection(16)-127.0.0.1]|INFO |org.springframework.orm.jpa.LocalContainerEntityManagerFactoryBean-Closing JPA EntityManagerFactory for persistence unit 'default'
2023-10-02 10:29:36|[RMI TCP Connection(16)-127.0.0.1]|INFO |com.zaxxer.hikari.HikariDataSource-HikariPool-1 - Shutdown initiated...
2023-10-02 10:29:36|[RMI TCP Connection(16)-127.0.0.1]|INFO |com.zaxxer.hikari.HikariDataSource-HikariPool-1 - Shutdown completed.
2023-10-02 10:29:41|[main]|INFO |com.harshi.InventoryAndBilling.InventoryAndBillingApplication-Starting InventoryAndBillingApplication using Java 17.0.7 with PID 2528 (C:\Users\Admin\Downloads\codebase\InventoryAndBillingWithoutSecurity\target\classes started by Admin in C:\Users\Admin\Downloads\codebase\InventoryAndBillingWithoutSecurity)
2023-10-02 10:29:41|[main]|INFO |com.harshi.InventoryAndBilling.InventoryAndBillingApplication-No active profile set, falling back to 1 default profile: "default"
2023-10-02 10:29:43|[main]|INFO |org.springframework.data.repository.config.RepositoryConfigurationDelegate-Bootstrapping Spring Data JPA repositories in DEFAULT mode.
2023-10-02 10:29:43|[main]|INFO |org.springframework.data.repository.config.RepositoryConfigurationDelegate-Finished Spring Data repository scanning in 175 ms. Found 5 JPA repository interfaces.
2023-10-02 10:29:45|[main]|INFO |org.springframework.boot.web.embedded.tomcat.TomcatWebServer-Tomcat initialized with port(s): 8087 (http)
2023-10-02 10:29:45|[main]|INFO |org.apache.coyote.http11.Http11NioProtocol-Initializing ProtocolHandler ["http-nio-8087"]
2023-10-02 10:29:45|[main]|INFO |org.apache.catalina.core.StandardService-Starting service [Tomcat]
2023-10-02 10:29:45|[main]|INFO |org.apache.catalina.core.StandardEngine-Starting Servlet engine: [Apache Tomcat/10.1.12]
2023-10-02 10:29:45|[main]|INFO |org.apache.catalina.core.ContainerBase.[Tomcat].[localhost].[/inventorybilling]-Initializing Spring embedded WebApplicationContext
2023-10-02 10:29:45|[main]|INFO |org.springframework.boot.web.servlet.context.ServletWebServerApplicationContext-Root WebApplicationContext: initialization completed in 3547 ms
2023-10-02 10:29:45|[main]|INFO |org.hibernate.jpa.internal.util.LogHelper-HHH000204: Processing PersistenceUnitInfo [name: default]
2023-10-02 10:29:45|[main]|INFO |org.hibernate.Version-HHH000412: Hibernate ORM core version 6.2.7.Final
2023-10-02 10:29:45|[main]|INFO |org.hibernate.cfg.Environment-HHH000406: Using bytecode reflection optimizer
2023-10-02 10:29:46|[main]|INFO |org.hibernate.bytecode.internal.BytecodeProviderInitiator-HHH000021: Bytecode provider name : bytebuddy
2023-10-02 10:29:46|[main]|INFO |org.springframework.orm.jpa.persistenceunit.SpringPersistenceUnitInfo-No LoadTimeWeaver setup: ignoring JPA class transformer
2023-10-02 10:29:46|[main]|INFO |com.zaxxer.hikari.HikariDataSource-HikariPool-1 - Starting...
2023-10-02 10:29:47|[main]|INFO |com.zaxxer.hikari.pool.HikariPool-HikariPool-1 - Added connection com.mysql.cj.jdbc.ConnectionImpl@7c8f047a
2023-10-02 10:29:47|[main]|INFO |com.zaxxer.hikari.HikariDataSource-HikariPool-1 - Start completed.
2023-10-02 10:29:48|[main]|INFO |org.hibernate.bytecode.internal.BytecodeProviderInitiator-HHH000021: Bytecode provider name : bytebuddy
2023-10-02 10:29:49|[main]|INFO |org.hibernate.engine.transaction.jta.platform.internal.JtaPlatformInitiator-HHH000490: Using JtaPlatform implementation: [org.hibernate.engine.transaction.jta.platform.internal.NoJtaPlatform]
2023-10-02 10:29:50|[main]|INFO |org.springframework.orm.jpa.LocalContainerEntityManagerFactoryBean-Initialized JPA EntityManagerFactory for persistence unit 'default'
2023-10-02 10:29:50|[main]|INFO |org.springframework.data.jpa.repository.query.QueryEnhancerFactory-Hibernate is in classpath; If applicable, HQL parser will be used.
2023-10-02 10:29:51|[main]|WARN |org.springframework.boot.autoconfigure.orm.jpa.JpaBaseConfiguration$JpaWebConfiguration-spring.jpa.open-in-view is enabled by default. Therefore, database queries may be performed during view rendering. Explicitly configure spring.jpa.open-in-view to disable this warning
2023-10-02 10:29:52|[main]|INFO |org.springframework.boot.autoconfigure.web.servlet.WelcomePageHandlerMapping-Adding welcome page template: index
2023-10-02 10:29:52|[main]|INFO |org.apache.coyote.http11.Http11NioProtocol-Starting ProtocolHandler ["http-nio-8087"]
2023-10-02 10:29:52|[main]|INFO |org.springframework.boot.web.embedded.tomcat.TomcatWebServer-Tomcat started on port(s): 8087 (http) with context path '/inventorybilling'
2023-10-02 10:29:52|[main]|INFO |com.harshi.InventoryAndBilling.InventoryAndBillingApplication-Started InventoryAndBillingApplication in 12.135 seconds (process running for 13.875)
2023-10-02 10:29:57|[http-nio-8087-exec-1]|INFO |org.apache.catalina.core.ContainerBase.[Tomcat].[localhost].[/inventorybilling]-Initializing Spring DispatcherServlet 'dispatcherServlet'
2023-10-02 10:29:57|[http-nio-8087-exec-1]|INFO |org.springframework.web.servlet.DispatcherServlet-Initializing Servlet 'dispatcherServlet'
2023-10-02 10:29:57|[http-nio-8087-exec-1]|INFO |org.springframework.web.servlet.DispatcherServlet-Completed initialization in 2 ms
2023-10-02 10:29:57|[http-nio-8087-exec-1]|INFO |com.harshi.InventoryAndBilling.controllers.WarehouseController-Inside showAddWarehouse() on WarehouseController
2023-10-02 10:30:27|[http-nio-8087-exec-4]|INFO |com.harshi.InventoryAndBilling.controllers.DashboardController-Redirecting landing.html
2023-10-02 10:30:36|[http-nio-8087-exec-6]|INFO |com.harshi.InventoryAndBilling.controllers.WarehouseController-Inside showWarehouseList() on WarehouseController
2023-10-02 10:30:38|[http-nio-8087-exec-7]|INFO |com.harshi.InventoryAndBilling.controllers.DashboardController-Redirecting landing.html
2023-10-02 10:30:39|[http-nio-8087-exec-8]|INFO |com.harshi.InventoryAndBilling.controllers.DashboardController-Inside showAvailableProducts() on DashboardController
2023-10-02 10:54:46|[RMI TCP Connection(32)-127.0.0.1]|INFO |org.springframework.boot.admin.SpringApplicationAdminMXBeanRegistrar$SpringApplicationAdmin-Application shutdown requested.
2023-10-02 10:54:46|[RMI TCP Connection(32)-127.0.0.1]|INFO |org.apache.coyote.http11.Http11NioProtocol-Pausing ProtocolHandler ["http-nio-8087"]
2023-10-02 10:54:46|[RMI TCP Connection(32)-127.0.0.1]|INFO |org.apache.catalina.core.StandardService-Stopping service [Tomcat]
2023-10-02 10:54:46|[RMI TCP Connection(32)-127.0.0.1]|INFO |org.apache.catalina.core.ContainerBase.[Tomcat].[localhost].[/inventorybilling]-Destroying Spring FrameworkServlet 'dispatcherServlet'
2023-10-02 10:54:46|[RMI TCP Connection(32)-127.0.0.1]|INFO |org.apache.coyote.http11.Http11NioProtocol-Stopping ProtocolHandler ["http-nio-8087"]
2023-10-02 10:54:46|[RMI TCP Connection(32)-127.0.0.1]|INFO |org.apache.coyote.http11.Http11NioProtocol-Destroying ProtocolHandler ["http-nio-8087"]
2023-10-02 10:54:46|[RMI TCP Connection(32)-127.0.0.1]|INFO |org.springframework.orm.jpa.LocalContainerEntityManagerFactoryBean-Closing JPA EntityManagerFactory for persistence unit 'default'
2023-10-02 10:54:47|[RMI TCP Connection(32)-127.0.0.1]|INFO |com.zaxxer.hikari.HikariDataSource-HikariPool-1 - Shutdown initiated...
2023-10-02 10:54:47|[RMI TCP Connection(32)-127.0.0.1]|INFO |com.zaxxer.hikari.HikariDataSource-HikariPool-1 - Shutdown completed.
2023-10-02 10:54:51|[main]|INFO |com.harshi.InventoryAndBilling.InventoryAndBillingApplication-Starting InventoryAndBillingApplication using Java 17.0.7 with PID 10108 (C:\Users\Admin\Downloads\codebase\InventoryAndBillingWithoutSecurity\target\classes started by Admin in C:\Users\Admin\Downloads\codebase\InventoryAndBillingWithoutSecurity)
2023-10-02 10:54:51|[main]|INFO |com.harshi.InventoryAndBilling.InventoryAndBillingApplication-No active profile set, falling back to 1 default profile: "default"
2023-10-02 10:54:52|[main]|INFO |org.springframework.data.repository.config.RepositoryConfigurationDelegate-Bootstrapping Spring Data JPA repositories in DEFAULT mode.
2023-10-02 10:54:52|[main]|INFO |org.springframework.data.repository.config.RepositoryConfigurationDelegate-Finished Spring Data repository scanning in 117 ms. Found 5 JPA repository interfaces.
2023-10-02 10:54:53|[main]|INFO |org.springframework.boot.web.embedded.tomcat.TomcatWebServer-Tomcat initialized with port(s): 8087 (http)
2023-10-02 10:54:53|[main]|INFO |org.apache.coyote.http11.Http11NioProtocol-Initializing ProtocolHandler ["http-nio-8087"]
2023-10-02 10:54:53|[main]|INFO |org.apache.catalina.core.StandardService-Starting service [Tomcat]
2023-10-02 10:54:53|[main]|INFO |org.apache.catalina.core.StandardEngine-Starting Servlet engine: [Apache Tomcat/10.1.12]
2023-10-02 10:54:53|[main]|INFO |org.apache.catalina.core.ContainerBase.[Tomcat].[localhost].[/inventorybilling]-Initializing Spring embedded WebApplicationContext
2023-10-02 10:54:53|[main]|INFO |org.springframework.boot.web.servlet.context.ServletWebServerApplicationContext-Root WebApplicationContext: initialization completed in 2374 ms
2023-10-02 10:54:54|[main]|INFO |org.hibernate.jpa.internal.util.LogHelper-HHH000204: Processing PersistenceUnitInfo [name: default]
2023-10-02 10:54:54|[main]|INFO |org.hibernate.Version-HHH000412: Hibernate ORM core version 6.2.7.Final
2023-10-02 10:54:54|[main]|INFO |org.hibernate.cfg.Environment-HHH000406: Using bytecode reflection optimizer
2023-10-02 10:54:54|[main]|INFO |org.hibernate.bytecode.internal.BytecodeProviderInitiator-HHH000021: Bytecode provider name : bytebuddy
2023-10-02 10:54:54|[main]|INFO |org.springframework.orm.jpa.persistenceunit.SpringPersistenceUnitInfo-No LoadTimeWeaver setup: ignoring JPA class transformer
2023-10-02 10:54:55|[main]|INFO |com.zaxxer.hikari.HikariDataSource-HikariPool-1 - Starting...
2023-10-02 10:54:55|[main]|INFO |com.zaxxer.hikari.pool.HikariPool-HikariPool-1 - Added connection com.mysql.cj.jdbc.ConnectionImpl@121cf6f4
2023-10-02 10:54:55|[main]|INFO |com.zaxxer.hikari.HikariDataSource-HikariPool-1 - Start completed.
2023-10-02 10:54:56|[main]|INFO |org.hibernate.bytecode.internal.BytecodeProviderInitiator-HHH000021: Bytecode provider name : bytebuddy
2023-10-02 10:54:57|[main]|INFO |org.hibernate.engine.transaction.jta.platform.internal.JtaPlatformInitiator-HHH000490: Using JtaPlatform implementation: [org.hibernate.engine.transaction.jta.platform.internal.NoJtaPlatform]
2023-10-02 10:54:58|[main]|INFO |org.springframework.orm.jpa.LocalContainerEntityManagerFactoryBean-Initialized JPA EntityManagerFactory for persistence unit 'default'
2023-10-02 10:54:58|[main]|INFO |org.springframework.data.jpa.repository.query.QueryEnhancerFactory-Hibernate is in classpath; If applicable, HQL parser will be used.
2023-10-02 10:54:59|[main]|WARN |org.springframework.boot.autoconfigure.orm.jpa.JpaBaseConfiguration$JpaWebConfiguration-spring.jpa.open-in-view is enabled by default. Therefore, database queries may be performed during view rendering. Explicitly configure spring.jpa.open-in-view to disable this warning
2023-10-02 10:55:00|[main]|INFO |org.springframework.boot.autoconfigure.web.servlet.WelcomePageHandlerMapping-Adding welcome page template: index
2023-10-02 10:55:00|[main]|INFO |org.apache.coyote.http11.Http11NioProtocol-Starting ProtocolHandler ["http-nio-8087"]
2023-10-02 10:55:00|[main]|INFO |org.springframework.boot.web.embedded.tomcat.TomcatWebServer-Tomcat started on port(s): 8087 (http) with context path '/inventorybilling'
2023-10-02 10:55:00|[main]|INFO |com.harshi.InventoryAndBilling.InventoryAndBillingApplication-Started InventoryAndBillingApplication in 9.872 seconds (process running for 11.635)
2023-10-02 10:56:41|[http-nio-8087-exec-1]|INFO |org.apache.catalina.core.ContainerBase.[Tomcat].[localhost].[/inventorybilling]-Initializing Spring DispatcherServlet 'dispatcherServlet'
2023-10-02 10:56:41|[http-nio-8087-exec-1]|INFO |org.springframework.web.servlet.DispatcherServlet-Initializing Servlet 'dispatcherServlet'
2023-10-02 10:56:41|[http-nio-8087-exec-1]|INFO |org.springframework.web.servlet.DispatcherServlet-Completed initialization in 3 ms
2023-10-02 10:56:43|[http-nio-8087-exec-2]|INFO |com.harshi.InventoryAndBilling.controllers.UserController-Inside to showLoginPage() on UserController
2023-10-02 10:56:45|[http-nio-8087-exec-4]|INFO |com.harshi.InventoryAndBilling.controllers.UserController-Inside showLoginPage() with email - harshibabu604@gmail.comon UserController
2023-10-02 10:56:45|[http-nio-8087-exec-4]|INFO |com.harshi.InventoryAndBilling.controllers.UserController-Redirecting landing.html
2023-10-02 10:57:28|[http-nio-8087-exec-6]|INFO |com.harshi.InventoryAndBilling.controllers.DashboardController-Inside getTotalOutstanding() on DashboardController
2023-10-02 10:57:30|[http-nio-8087-exec-8]|INFO |com.harshi.InventoryAndBilling.controllers.DashboardController-Redirecting landing.html
2023-10-02 10:57:31|[http-nio-8087-exec-9]|INFO |com.harshi.InventoryAndBilling.controllers.DashboardController-Inside showAvailableProducts() on DashboardController
2023-10-02 10:58:12|[http-nio-8087-exec-3]|INFO |com.harshi.InventoryAndBilling.controllers.DashboardController-Inside showAvailableProducts() on DashboardController
2023-10-02 10:58:17|[http-nio-8087-exec-6]|INFO |com.harshi.InventoryAndBilling.controllers.DashboardController-Redirecting landing.html
2023-10-02 10:59:12|[http-nio-8087-exec-8]|INFO |com.harshi.InventoryAndBilling.controllers.DashboardController-Inside showAvailableProducts() on DashboardController
2023-10-02 10:59:15|[http-nio-8087-exec-10]|INFO |com.harshi.InventoryAndBilling.controllers.DashboardController-Redirecting landing.html
2023-10-02 10:59:16|[http-nio-8087-exec-1]|INFO |com.harshi.InventoryAndBilling.controllers.WarehouseController-Inside showWarehouseList() on WarehouseController
2023-10-02 10:59:19|[http-nio-8087-exec-2]|INFO |com.harshi.InventoryAndBilling.controllers.WarehouseController-Inside showAddWarehouse() on WarehouseController
2023-10-02 10:59:21|[http-nio-8087-exec-3]|INFO |com.harshi.InventoryAndBilling.controllers.DashboardController-Redirecting landing.html
2023-10-02 10:59:22|[http-nio-8087-exec-4]|INFO |com.harshi.InventoryAndBilling.controllers.WarehouseController-Inside showWarehouseList() on WarehouseController
2023-10-02 10:59:24|[http-nio-8087-exec-5]|INFO |com.harshi.InventoryAndBilling.controllers.DashboardController-Redirecting landing.html
2023-10-02 10:59:25|[http-nio-8087-exec-7]|INFO |com.harshi.InventoryAndBilling.controllers.DashboardController-Inside showAvailableProducts() on DashboardController
2023-10-02 10:59:54|[http-nio-8087-exec-9]|INFO |com.harshi.InventoryAndBilling.controllers.DashboardController-Inside showAddProducts() on DashboardController
2023-10-02 11:00:04|[http-nio-8087-exec-1]|INFO |com.harshi.InventoryAndBilling.controllers.DashboardController-Redirecting landing.html
2023-10-02 11:00:07|[http-nio-8087-exec-2]|INFO |com.harshi.InventoryAndBilling.controllers.DashboardController-Inside showAvailableProducts() on DashboardController
2023-10-02 11:02:17|[http-nio-8087-exec-6]|INFO |com.harshi.InventoryAndBilling.controllers.DashboardController-Redirecting landing.html
2023-10-02 11:02:21|[RMI TCP Connection(16)-127.0.0.1]|INFO |org.springframework.boot.admin.SpringApplicationAdminMXBeanRegistrar$SpringApplicationAdmin-Application shutdown requested.
2023-10-02 11:02:21|[RMI TCP Connection(16)-127.0.0.1]|INFO |org.apache.coyote.http11.Http11NioProtocol-Pausing ProtocolHandler ["http-nio-8087"]
2023-10-02 11:02:21|[RMI TCP Connection(16)-127.0.0.1]|INFO |org.apache.catalina.core.StandardService-Stopping service [Tomcat]
2023-10-02 11:02:21|[RMI TCP Connection(16)-127.0.0.1]|INFO |org.apache.catalina.core.ContainerBase.[Tomcat].[localhost].[/inventorybilling]-Destroying Spring FrameworkServlet 'dispatcherServlet'
2023-10-02 11:02:21|[RMI TCP Connection(16)-127.0.0.1]|INFO |org.apache.coyote.http11.Http11NioProtocol-Stopping ProtocolHandler ["http-nio-8087"]
2023-10-02 11:02:21|[RMI TCP Connection(16)-127.0.0.1]|INFO |org.springframework.orm.jpa.LocalContainerEntityManagerFactoryBean-Closing JPA EntityManagerFactory for persistence unit 'default'
2023-10-02 11:02:21|[RMI TCP Connection(16)-127.0.0.1]|INFO |com.zaxxer.hikari.HikariDataSource-HikariPool-1 - Shutdown initiated...
2023-10-02 11:02:21|[RMI TCP Connection(16)-127.0.0.1]|INFO |com.zaxxer.hikari.HikariDataSource-HikariPool-1 - Shutdown completed.
2023-10-02 11:10:30|[main]|INFO |com.harshi.InventoryAndBilling.InventoryAndBillingApplication-Starting InventoryAndBillingApplication using Java 17.0.7 with PID 5356 (C:\Users\Admin\Downloads\codebase\InventoryAndBillingWithoutSecurity\target\classes started by Admin in C:\Users\Admin\Downloads\codebase\InventoryAndBillingWithoutSecurity)
2023-10-02 11:10:30|[main]|INFO |com.harshi.InventoryAndBilling.InventoryAndBillingApplication-No active profile set, falling back to 1 default profile: "default"
2023-10-02 11:10:31|[main]|INFO |org.springframework.data.repository.config.RepositoryConfigurationDelegate-Bootstrapping Spring Data JPA repositories in DEFAULT mode.
2023-10-02 11:10:31|[main]|INFO |org.springframework.data.repository.config.RepositoryConfigurationDelegate-Finished Spring Data repository scanning in 116 ms. Found 5 JPA repository interfaces.
2023-10-02 11:10:32|[main]|INFO |org.springframework.boot.web.embedded.tomcat.TomcatWebServer-Tomcat initialized with port(s): 8087 (http)
2023-10-02 11:10:32|[main]|INFO |org.apache.coyote.http11.Http11NioProtocol-Initializing ProtocolHandler ["http-nio-8087"]
2023-10-02 11:10:32|[main]|INFO |org.apache.catalina.core.StandardService-Starting service [Tomcat]
2023-10-02 11:10:32|[main]|INFO |org.apache.catalina.core.StandardEngine-Starting Servlet engine: [Apache Tomcat/10.1.12]
2023-10-02 11:10:32|[main]|INFO |org.apache.catalina.core.ContainerBase.[Tomcat].[localhost].[/inventorybilling]-Initializing Spring embedded WebApplicationContext
2023-10-02 11:10:32|[main]|INFO |org.springframework.boot.web.servlet.context.ServletWebServerApplicationContext-Root WebApplicationContext: initialization completed in 2373 ms
2023-10-02 11:10:33|[main]|INFO |org.hibernate.jpa.internal.util.LogHelper-HHH000204: Processing PersistenceUnitInfo [name: default]
2023-10-02 11:10:33|[main]|INFO |org.hibernate.Version-HHH000412: Hibernate ORM core version 6.2.7.Final
2023-10-02 11:10:33|[main]|INFO |org.hibernate.cfg.Environment-HHH000406: Using bytecode reflection optimizer
2023-10-02 11:10:33|[main]|INFO |org.hibernate.bytecode.internal.BytecodeProviderInitiator-HHH000021: Bytecode provider name : bytebuddy
2023-10-02 11:10:33|[main]|INFO |org.springframework.orm.jpa.persistenceunit.SpringPersistenceUnitInfo-No LoadTimeWeaver setup: ignoring JPA class transformer
2023-10-02 11:10:33|[main]|INFO |com.zaxxer.hikari.HikariDataSource-HikariPool-1 - Starting...
2023-10-02 11:10:34|[main]|INFO |com.zaxxer.hikari.pool.HikariPool-HikariPool-1 - Added connection com.mysql.cj.jdbc.ConnectionImpl@4387d2f4
2023-10-02 11:10:34|[main]|INFO |com.zaxxer.hikari.HikariDataSource-HikariPool-1 - Start completed.
2023-10-02 11:10:35|[main]|INFO |org.hibernate.bytecode.internal.BytecodeProviderInitiator-HHH000021: Bytecode provider name : bytebuddy
2023-10-02 11:10:36|[main]|INFO |org.hibernate.engine.transaction.jta.platform.internal.JtaPlatformInitiator-HHH000490: Using JtaPlatform implementation: [org.hibernate.engine.transaction.jta.platform.internal.NoJtaPlatform]
2023-10-02 11:10:37|[main]|INFO |org.springframework.orm.jpa.LocalContainerEntityManagerFactoryBean-Initialized JPA EntityManagerFactory for persistence unit 'default'
2023-10-02 11:10:37|[main]|INFO |org.springframework.data.jpa.repository.query.QueryEnhancerFactory-Hibernate is in classpath; If applicable, HQL parser will be used.
2023-10-02 11:10:38|[main]|WARN |org.springframework.boot.autoconfigure.orm.jpa.JpaBaseConfiguration$JpaWebConfiguration-spring.jpa.open-in-view is enabled by default. Therefore, database queries may be performed during view rendering. Explicitly configure spring.jpa.open-in-view to disable this warning
2023-10-02 11:10:39|[main]|INFO |org.springframework.boot.autoconfigure.web.servlet.WelcomePageHandlerMapping-Adding welcome page template: index
2023-10-02 11:10:39|[main]|INFO |org.apache.coyote.http11.Http11NioProtocol-Starting ProtocolHandler ["http-nio-8087"]
2023-10-02 11:10:39|[main]|INFO |org.springframework.boot.web.embedded.tomcat.TomcatWebServer-Tomcat started on port(s): 8087 (http) with context path '/inventorybilling'
2023-10-02 11:10:39|[main]|INFO |com.harshi.InventoryAndBilling.InventoryAndBillingApplication-Started InventoryAndBillingApplication in 9.92 seconds (process running for 11.638)
2023-10-02 11:10:47|[http-nio-8087-exec-1]|INFO |org.apache.catalina.core.ContainerBase.[Tomcat].[localhost].[/inventorybilling]-Initializing Spring DispatcherServlet 'dispatcherServlet'
2023-10-02 11:10:47|[http-nio-8087-exec-1]|INFO |org.springframework.web.servlet.DispatcherServlet-Initializing Servlet 'dispatcherServlet'
2023-10-02 11:10:47|[http-nio-8087-exec-1]|INFO |org.springframework.web.servlet.DispatcherServlet-Completed initialization in 2 ms
2023-10-02 11:10:47|[http-nio-8087-exec-1]|INFO |com.harshi.InventoryAndBilling.controllers.DashboardController-Redirecting landing.html
2023-10-02 11:10:51|[http-nio-8087-exec-2]|INFO |com.harshi.InventoryAndBilling.controllers.DashboardController-Inside showAvailableProducts() on DashboardController
2023-10-02 11:12:13|[RMI TCP Connection(10)-127.0.0.1]|INFO |org.springframework.boot.admin.SpringApplicationAdminMXBeanRegistrar$SpringApplicationAdmin-Application shutdown requested.
2023-10-02 11:12:13|[RMI TCP Connection(10)-127.0.0.1]|INFO |org.apache.coyote.http11.Http11NioProtocol-Pausing ProtocolHandler ["http-nio-8087"]
2023-10-02 11:12:13|[RMI TCP Connection(10)-127.0.0.1]|INFO |org.apache.catalina.core.StandardService-Stopping service [Tomcat]
2023-10-02 11:12:13|[RMI TCP Connection(10)-127.0.0.1]|INFO |org.apache.catalina.core.ContainerBase.[Tomcat].[localhost].[/inventorybilling]-Destroying Spring FrameworkServlet 'dispatcherServlet'
2023-10-02 11:12:13|[RMI TCP Connection(10)-127.0.0.1]|INFO |org.apache.coyote.http11.Http11NioProtocol-Stopping ProtocolHandler ["http-nio-8087"]
2023-10-02 11:12:13|[RMI TCP Connection(10)-127.0.0.1]|INFO |org.springframework.orm.jpa.LocalContainerEntityManagerFactoryBean-Closing JPA EntityManagerFactory for persistence unit 'default'
2023-10-02 11:12:13|[RMI TCP Connection(10)-127.0.0.1]|INFO |com.zaxxer.hikari.HikariDataSource-HikariPool-1 - Shutdown initiated...
2023-10-02 11:12:13|[RMI TCP Connection(10)-127.0.0.1]|INFO |com.zaxxer.hikari.HikariDataSource-HikariPool-1 - Shutdown completed.
2023-10-02 11:12:17|[main]|INFO |com.harshi.InventoryAndBilling.InventoryAndBillingApplication-Starting InventoryAndBillingApplication using Java 17.0.7 with PID 2824 (C:\Users\Admin\Downloads\codebase\InventoryAndBillingWithoutSecurity\target\classes started by Admin in C:\Users\Admin\Downloads\codebase\InventoryAndBillingWithoutSecurity)
2023-10-02 11:12:17|[main]|INFO |com.harshi.InventoryAndBilling.InventoryAndBillingApplication-No active profile set, falling back to 1 default profile: "default"
2023-10-02 11:12:18|[main]|INFO |org.springframework.data.repository.config.RepositoryConfigurationDelegate-Bootstrapping Spring Data JPA repositories in DEFAULT mode.
2023-10-02 11:12:18|[main]|INFO |org.springframework.data.repository.config.RepositoryConfigurationDelegate-Finished Spring Data repository scanning in 113 ms. Found 5 JPA repository interfaces.
2023-10-02 11:12:19|[main]|INFO |org.springframework.boot.web.embedded.tomcat.TomcatWebServer-Tomcat initialized with port(s): 8087 (http)
2023-10-02 11:12:19|[main]|INFO |org.apache.coyote.http11.Http11NioProtocol-Initializing ProtocolHandler ["http-nio-8087"]
2023-10-02 11:12:19|[main]|INFO |org.apache.catalina.core.StandardService-Starting service [Tomcat]
2023-10-02 11:12:19|[main]|INFO |org.apache.catalina.core.StandardEngine-Starting Servlet engine: [Apache Tomcat/10.1.12]
2023-10-02 11:12:19|[main]|INFO |org.apache.catalina.core.ContainerBase.[Tomcat].[localhost].[/inventorybilling]-Initializing Spring embedded WebApplicationContext
2023-10-02 11:12:19|[main]|INFO |org.springframework.boot.web.servlet.context.ServletWebServerApplicationContext-Root WebApplicationContext: initialization completed in 2559 ms
2023-10-02 11:12:20|[main]|INFO |org.hibernate.jpa.internal.util.LogHelper-HHH000204: Processing PersistenceUnitInfo [name: default]
2023-10-02 11:12:20|[main]|INFO |org.hibernate.Version-HHH000412: Hibernate ORM core version 6.2.7.Final
2023-10-02 11:12:20|[main]|INFO |org.hibernate.cfg.Environment-HHH000406: Using bytecode reflection optimizer
2023-10-02 11:12:20|[main]|INFO |org.hibernate.bytecode.internal.BytecodeProviderInitiator-HHH000021: Bytecode provider name : bytebuddy
2023-10-02 11:12:20|[main]|INFO |org.springframework.orm.jpa.persistenceunit.SpringPersistenceUnitInfo-No LoadTimeWeaver setup: ignoring JPA class transformer
2023-10-02 11:12:20|[main]|INFO |com.zaxxer.hikari.HikariDataSource-HikariPool-1 - Starting...
2023-10-02 11:12:21|[main]|INFO |com.zaxxer.hikari.pool.HikariPool-HikariPool-1 - Added connection com.mysql.cj.jdbc.ConnectionImpl@121cf6f4
2023-10-02 11:12:21|[main]|INFO |com.zaxxer.hikari.HikariDataSource-HikariPool-1 - Start completed.
2023-10-02 11:12:22|[main]|INFO |org.hibernate.bytecode.internal.BytecodeProviderInitiator-HHH000021: Bytecode provider name : bytebuddy
2023-10-02 11:12:23|[main]|INFO |org.hibernate.engine.transaction.jta.platform.internal.JtaPlatformInitiator-HHH000490: Using JtaPlatform implementation: [org.hibernate.engine.transaction.jta.platform.internal.NoJtaPlatform]
2023-10-02 11:12:24|[main]|INFO |org.springframework.orm.jpa.LocalContainerEntityManagerFactoryBean-Initialized JPA EntityManagerFactory for persistence unit 'default'
2023-10-02 11:12:24|[main]|INFO |org.springframework.data.jpa.repository.query.QueryEnhancerFactory-Hibernate is in classpath; If applicable, HQL parser will be used.
2023-10-02 11:12:25|[main]|WARN |org.springframework.boot.autoconfigure.orm.jpa.JpaBaseConfiguration$JpaWebConfiguration-spring.jpa.open-in-view is enabled by default. Therefore, database queries may be performed during view rendering. Explicitly configure spring.jpa.open-in-view to disable this warning
2023-10-02 11:12:25|[main]|INFO |org.springframework.boot.autoconfigure.web.servlet.WelcomePageHandlerMapping-Adding welcome page template: index
2023-10-02 11:12:26|[main]|INFO |org.apache.coyote.http11.Http11NioProtocol-Starting ProtocolHandler ["http-nio-8087"]
2023-10-02 11:12:26|[main]|INFO |org.springframework.boot.web.embedded.tomcat.TomcatWebServer-Tomcat started on port(s): 8087 (http) with context path '/inventorybilling'
2023-10-02 11:12:26|[main]|INFO |com.harshi.InventoryAndBilling.InventoryAndBillingApplication-Started InventoryAndBillingApplication in 9.6 seconds (process running for 11.424)
2023-10-02 11:12:37|[http-nio-8087-exec-1]|INFO |org.apache.catalina.core.ContainerBase.[Tomcat].[localhost].[/inventorybilling]-Initializing Spring DispatcherServlet 'dispatcherServlet'
2023-10-02 11:12:37|[http-nio-8087-exec-1]|INFO |org.springframework.web.servlet.DispatcherServlet-Initializing Servlet 'dispatcherServlet'
2023-10-02 11:12:37|[http-nio-8087-exec-1]|INFO |org.springframework.web.servlet.DispatcherServlet-Completed initialization in 2 ms
2023-10-02 11:12:58|[http-nio-8087-exec-4]|INFO |com.harshi.InventoryAndBilling.controllers.UserController-Inside to showLoginPage() on UserController
2023-10-02 11:12:59|[http-nio-8087-exec-5]|INFO |com.harshi.InventoryAndBilling.controllers.UserController-Inside showLoginPage() with email - harshibabu604@gmail.comon UserController
2023-10-02 11:12:59|[http-nio-8087-exec-5]|INFO |com.harshi.InventoryAndBilling.controllers.UserController-Redirecting landing.html
2023-10-02 11:13:00|[http-nio-8087-exec-6]|INFO |com.harshi.InventoryAndBilling.controllers.DashboardController-Inside showAvailableProducts() on DashboardController
2023-10-02 11:14:07|[RMI TCP Connection(10)-127.0.0.1]|INFO |org.springframework.boot.admin.SpringApplicationAdminMXBeanRegistrar$SpringApplicationAdmin-Application shutdown requested.
2023-10-02 11:14:07|[RMI TCP Connection(10)-127.0.0.1]|INFO |org.apache.coyote.http11.Http11NioProtocol-Pausing ProtocolHandler ["http-nio-8087"]
2023-10-02 11:14:07|[RMI TCP Connection(10)-127.0.0.1]|INFO |org.apache.catalina.core.StandardService-Stopping service [Tomcat]
2023-10-02 11:14:07|[RMI TCP Connection(10)-127.0.0.1]|INFO |org.apache.catalina.core.ContainerBase.[Tomcat].[localhost].[/inventorybilling]-Destroying Spring FrameworkServlet 'dispatcherServlet'
2023-10-02 11:14:07|[RMI TCP Connection(10)-127.0.0.1]|INFO |org.apache.coyote.http11.Http11NioProtocol-Stopping ProtocolHandler ["http-nio-8087"]
2023-10-02 11:14:07|[RMI TCP Connection(10)-127.0.0.1]|INFO |org.springframework.orm.jpa.LocalContainerEntityManagerFactoryBean-Closing JPA EntityManagerFactory for persistence unit 'default'
2023-10-02 11:14:07|[RMI TCP Connection(10)-127.0.0.1]|INFO |com.zaxxer.hikari.HikariDataSource-HikariPool-1 - Shutdown initiated...
2023-10-02 11:14:07|[RMI TCP Connection(10)-127.0.0.1]|INFO |com.zaxxer.hikari.HikariDataSource-HikariPool-1 - Shutdown completed.
2023-10-02 11:14:11|[main]|INFO |com.harshi.InventoryAndBilling.InventoryAndBillingApplication-Starting InventoryAndBillingApplication using Java 17.0.7 with PID 4664 (C:\Users\Admin\Downloads\codebase\InventoryAndBillingWithoutSecurity\target\classes started by Admin in C:\Users\Admin\Downloads\codebase\InventoryAndBillingWithoutSecurity)
2023-10-02 11:14:11|[main]|INFO |com.harshi.InventoryAndBilling.InventoryAndBillingApplication-No active profile set, falling back to 1 default profile: "default"
2023-10-02 11:14:12|[main]|INFO |org.springframework.data.repository.config.RepositoryConfigurationDelegate-Bootstrapping Spring Data JPA repositories in DEFAULT mode.
2023-10-02 11:14:12|[main]|INFO |org.springframework.data.repository.config.RepositoryConfigurationDelegate-Finished Spring Data repository scanning in 127 ms. Found 5 JPA repository interfaces.
2023-10-02 11:14:13|[main]|INFO |org.springframework.boot.web.embedded.tomcat.TomcatWebServer-Tomcat initialized with port(s): 8087 (http)
2023-10-02 11:14:13|[main]|INFO |org.apache.coyote.http11.Http11NioProtocol-Initializing ProtocolHandler ["http-nio-8087"]
2023-10-02 11:14:13|[main]|INFO |org.apache.catalina.core.StandardService-Starting service [Tomcat]
2023-10-02 11:14:13|[main]|INFO |org.apache.catalina.core.StandardEngine-Starting Servlet engine: [Apache Tomcat/10.1.12]
2023-10-02 11:14:13|[main]|INFO |org.apache.catalina.core.ContainerBase.[Tomcat].[localhost].[/inventorybilling]-Initializing Spring embedded WebApplicationContext
2023-10-02 11:14:13|[main]|INFO |org.springframework.boot.web.servlet.context.ServletWebServerApplicationContext-Root WebApplicationContext: initialization completed in 2389 ms
2023-10-02 11:14:14|[main]|INFO |org.hibernate.jpa.internal.util.LogHelper-HHH000204: Processing PersistenceUnitInfo [name: default]
2023-10-02 11:14:14|[main]|INFO |org.hibernate.Version-HHH000412: Hibernate ORM core version 6.2.7.Final
2023-10-02 11:14:14|[main]|INFO |org.hibernate.cfg.Environment-HHH000406: Using bytecode reflection optimizer
2023-10-02 11:14:14|[main]|INFO |org.hibernate.bytecode.internal.BytecodeProviderInitiator-HHH000021: Bytecode provider name : bytebuddy
2023-10-02 11:14:14|[main]|INFO |org.springframework.orm.jpa.persistenceunit.SpringPersistenceUnitInfo-No LoadTimeWeaver setup: ignoring JPA class transformer
2023-10-02 11:14:14|[main]|INFO |com.zaxxer.hikari.HikariDataSource-HikariPool-1 - Starting...
2023-10-02 11:14:15|[main]|INFO |com.zaxxer.hikari.pool.HikariPool-HikariPool-1 - Added connection com.mysql.cj.jdbc.ConnectionImpl@553fbe94
2023-10-02 11:14:15|[main]|INFO |com.zaxxer.hikari.HikariDataSource-HikariPool-1 - Start completed.
2023-10-02 11:14:16|[main]|INFO |org.hibernate.bytecode.internal.BytecodeProviderInitiator-HHH000021: Bytecode provider name : bytebuddy
2023-10-02 11:14:17|[main]|INFO |org.hibernate.engine.transaction.jta.platform.internal.JtaPlatformInitiator-HHH000490: Using JtaPlatform implementation: [org.hibernate.engine.transaction.jta.platform.internal.NoJtaPlatform]
2023-10-02 11:14:17|[main]|INFO |org.springframework.orm.jpa.LocalContainerEntityManagerFactoryBean-Initialized JPA EntityManagerFactory for persistence unit 'default'
2023-10-02 11:14:18|[main]|INFO |org.springframework.data.jpa.repository.query.QueryEnhancerFactory-Hibernate is in classpath; If applicable, HQL parser will be used.
2023-10-02 11:14:19|[main]|WARN |org.springframework.boot.autoconfigure.orm.jpa.JpaBaseConfiguration$JpaWebConfiguration-spring.jpa.open-in-view is enabled by default. Therefore, database queries may be performed during view rendering. Explicitly configure spring.jpa.open-in-view to disable this warning
2023-10-02 11:14:19|[main]|INFO |org.springframework.boot.autoconfigure.web.servlet.WelcomePageHandlerMapping-Adding welcome page template: index
2023-10-02 11:14:20|[main]|INFO |org.apache.coyote.http11.Http11NioProtocol-Starting ProtocolHandler ["http-nio-8087"]
2023-10-02 11:14:20|[main]|INFO |org.springframework.boot.web.embedded.tomcat.TomcatWebServer-Tomcat started on port(s): 8087 (http) with context path '/inventorybilling'
2023-10-02 11:14:20|[main]|INFO |com.harshi.InventoryAndBilling.InventoryAndBillingApplication-Started InventoryAndBillingApplication in 9.388 seconds (process running for 10.968)
2023-10-02 11:15:24|[http-nio-8087-exec-1]|INFO |org.apache.catalina.core.ContainerBase.[Tomcat].[localhost].[/inventorybilling]-Initializing Spring DispatcherServlet 'dispatcherServlet'
2023-10-02 11:15:24|[http-nio-8087-exec-1]|INFO |org.springframework.web.servlet.DispatcherServlet-Initializing Servlet 'dispatcherServlet'
2023-10-02 11:15:24|[http-nio-8087-exec-1]|INFO |org.springframework.web.servlet.DispatcherServlet-Completed initialization in 2 ms
2023-10-02 11:15:33|[http-nio-8087-exec-4]|INFO |com.harshi.InventoryAndBilling.controllers.UserController-Inside to showLoginPage() on UserController
2023-10-02 11:15:35|[http-nio-8087-exec-5]|INFO |com.harshi.InventoryAndBilling.controllers.UserController-Inside showLoginPage() with email - harshibabu604@gmail.comon UserController
2023-10-02 11:15:35|[http-nio-8087-exec-5]|INFO |com.harshi.InventoryAndBilling.controllers.UserController-Redirecting landing.html
2023-10-02 11:15:37|[http-nio-8087-exec-7]|INFO |com.harshi.InventoryAndBilling.controllers.DashboardController-Inside showAvailableProducts() on DashboardController
2023-10-02 11:17:40|[RMI TCP Connection(12)-127.0.0.1]|INFO |org.springframework.boot.admin.SpringApplicationAdminMXBeanRegistrar$SpringApplicationAdmin-Application shutdown requested.
2023-10-02 11:17:40|[RMI TCP Connection(12)-127.0.0.1]|INFO |org.apache.coyote.http11.Http11NioProtocol-Pausing ProtocolHandler ["http-nio-8087"]
2023-10-02 11:17:40|[RMI TCP Connection(12)-127.0.0.1]|INFO |org.apache.catalina.core.StandardService-Stopping service [Tomcat]
2023-10-02 11:17:40|[RMI TCP Connection(12)-127.0.0.1]|INFO |org.apache.catalina.core.ContainerBase.[Tomcat].[localhost].[/inventorybilling]-Destroying Spring FrameworkServlet 'dispatcherServlet'
2023-10-02 11:17:40|[RMI TCP Connection(12)-127.0.0.1]|INFO |org.apache.coyote.http11.Http11NioProtocol-Stopping ProtocolHandler ["http-nio-8087"]
2023-10-02 11:17:40|[RMI TCP Connection(12)-127.0.0.1]|INFO |org.springframework.orm.jpa.LocalContainerEntityManagerFactoryBean-Closing JPA EntityManagerFactory for persistence unit 'default'
2023-10-02 11:17:40|[RMI TCP Connection(12)-127.0.0.1]|INFO |com.zaxxer.hikari.HikariDataSource-HikariPool-1 - Shutdown initiated...
2023-10-02 11:17:40|[RMI TCP Connection(12)-127.0.0.1]|INFO |com.zaxxer.hikari.HikariDataSource-HikariPool-1 - Shutdown completed.
2023-10-02 11:17:43|[main]|INFO |com.harshi.InventoryAndBilling.InventoryAndBillingApplication-Starting InventoryAndBillingApplication using Java 17.0.7 with PID 8 (C:\Users\Admin\Downloads\codebase\InventoryAndBillingWithoutSecurity\target\classes started by Admin in C:\Users\Admin\Downloads\codebase\InventoryAndBillingWithoutSecurity)
2023-10-02 11:17:44|[main]|INFO |com.harshi.InventoryAndBilling.InventoryAndBillingApplication-No active profile set, falling back to 1 default profile: "default"
2023-10-02 11:17:45|[main]|INFO |org.springframework.data.repository.config.RepositoryConfigurationDelegate-Bootstrapping Spring Data JPA repositories in DEFAULT mode.
2023-10-02 11:17:45|[main]|INFO |org.springframework.data.repository.config.RepositoryConfigurationDelegate-Finished Spring Data repository scanning in 114 ms. Found 5 JPA repository interfaces.
2023-10-02 11:17:46|[main]|INFO |org.springframework.boot.web.embedded.tomcat.TomcatWebServer-Tomcat initialized with port(s): 8087 (http)
2023-10-02 11:17:46|[main]|INFO |org.apache.coyote.http11.Http11NioProtocol-Initializing ProtocolHandler ["http-nio-8087"]
2023-10-02 11:17:46|[main]|INFO |org.apache.catalina.core.StandardService-Starting service [Tomcat]
2023-10-02 11:17:46|[main]|INFO |org.apache.catalina.core.StandardEngine-Starting Servlet engine: [Apache Tomcat/10.1.12]
2023-10-02 11:17:46|[main]|INFO |org.apache.catalina.core.ContainerBase.[Tomcat].[localhost].[/inventorybilling]-Initializing Spring embedded WebApplicationContext
2023-10-02 11:17:46|[main]|INFO |org.springframework.boot.web.servlet.context.ServletWebServerApplicationContext-Root WebApplicationContext: initialization completed in 2273 ms
2023-10-02 11:17:46|[main]|INFO |org.hibernate.jpa.internal.util.LogHelper-HHH000204: Processing PersistenceUnitInfo [name: default]
2023-10-02 11:17:46|[main]|INFO |org.hibernate.Version-HHH000412: Hibernate ORM core version 6.2.7.Final
2023-10-02 11:17:46|[main]|INFO |org.hibernate.cfg.Environment-HHH000406: Using bytecode reflection optimizer
2023-10-02 11:17:47|[main]|INFO |org.hibernate.bytecode.internal.BytecodeProviderInitiator-HHH000021: Bytecode provider name : bytebuddy
2023-10-02 11:17:47|[main]|INFO |org.springframework.orm.jpa.persistenceunit.SpringPersistenceUnitInfo-No LoadTimeWeaver setup: ignoring JPA class transformer
2023-10-02 11:17:47|[main]|INFO |com.zaxxer.hikari.HikariDataSource-HikariPool-1 - Starting...
2023-10-02 11:17:47|[main]|INFO |com.zaxxer.hikari.pool.HikariPool-HikariPool-1 - Added connection com.mysql.cj.jdbc.ConnectionImpl@5158a9f7
2023-10-02 11:17:47|[main]|INFO |com.zaxxer.hikari.HikariDataSource-HikariPool-1 - Start completed.
2023-10-02 11:17:48|[main]|INFO |org.hibernate.bytecode.internal.BytecodeProviderInitiator-HHH000021: Bytecode provider name : bytebuddy
2023-10-02 11:17:50|[main]|INFO |org.hibernate.engine.transaction.jta.platform.internal.JtaPlatformInitiator-HHH000490: Using JtaPlatform implementation: [org.hibernate.engine.transaction.jta.platform.internal.NoJtaPlatform]
2023-10-02 11:17:50|[main]|INFO |org.springframework.orm.jpa.LocalContainerEntityManagerFactoryBean-Initialized JPA EntityManagerFactory for persistence unit 'default'
2023-10-02 11:17:50|[main]|INFO |org.springframework.data.jpa.repository.query.QueryEnhancerFactory-Hibernate is in classpath; If applicable, HQL parser will be used.
2023-10-02 11:17:51|[main]|WARN |org.springframework.boot.autoconfigure.orm.jpa.JpaBaseConfiguration$JpaWebConfiguration-spring.jpa.open-in-view is enabled by default. Therefore, database queries may be performed during view rendering. Explicitly configure spring.jpa.open-in-view to disable this warning
2023-10-02 11:17:52|[main]|INFO |org.springframework.boot.autoconfigure.web.servlet.WelcomePageHandlerMapping-Adding welcome page template: index
2023-10-02 11:17:52|[main]|INFO |org.apache.coyote.http11.Http11NioProtocol-Starting ProtocolHandler ["http-nio-8087"]
2023-10-02 11:17:52|[main]|INFO |org.springframework.boot.web.embedded.tomcat.TomcatWebServer-Tomcat started on port(s): 8087 (http) with context path '/inventorybilling'
2023-10-02 11:17:52|[main]|INFO |com.harshi.InventoryAndBilling.InventoryAndBillingApplication-Started InventoryAndBillingApplication in 9.21 seconds (process running for 10.816)
2023-10-02 11:18:02|[http-nio-8087-exec-2]|INFO |org.apache.catalina.core.ContainerBase.[Tomcat].[localhost].[/inventorybilling]-Initializing Spring DispatcherServlet 'dispatcherServlet'
2023-10-02 11:18:02|[http-nio-8087-exec-2]|INFO |org.springframework.web.servlet.DispatcherServlet-Initializing Servlet 'dispatcherServlet'
2023-10-02 11:18:02|[http-nio-8087-exec-2]|INFO |org.springframework.web.servlet.DispatcherServlet-Completed initialization in 2 ms
2023-10-02 11:18:12|[http-nio-8087-exec-5]|INFO |com.harshi.InventoryAndBilling.controllers.UserController-Inside to showLoginPage() on UserController
2023-10-02 11:18:13|[http-nio-8087-exec-6]|INFO |com.harshi.InventoryAndBilling.controllers.UserController-Inside showLoginPage() with email - harshibabu604@gmail.comon UserController
2023-10-02 11:18:14|[http-nio-8087-exec-6]|INFO |com.harshi.InventoryAndBilling.controllers.UserController-Redirecting landing.html
2023-10-02 11:18:16|[http-nio-8087-exec-7]|INFO |com.harshi.InventoryAndBilling.controllers.DashboardController-Inside showAvailableProducts() on DashboardController
2023-10-02 11:18:43|[http-nio-8087-exec-1]|WARN |org.springframework.web.servlet.mvc.support.DefaultHandlerExceptionResolver-Resolved [org.springframework.web.method.annotation.MethodArgumentTypeMismatchException: Failed to convert value of type 'java.lang.String' to required type 'java.lang.Long'; For input string: "${product.productId}"]
2023-10-02 11:22:24|[RMI TCP Connection(13)-127.0.0.1]|INFO |org.springframework.boot.admin.SpringApplicationAdminMXBeanRegistrar$SpringApplicationAdmin-Application shutdown requested.
2023-10-02 11:22:24|[RMI TCP Connection(13)-127.0.0.1]|INFO |org.apache.coyote.http11.Http11NioProtocol-Pausing ProtocolHandler ["http-nio-8087"]
2023-10-02 11:22:24|[RMI TCP Connection(13)-127.0.0.1]|INFO |org.apache.catalina.core.StandardService-Stopping service [Tomcat]
2023-10-02 11:22:24|[RMI TCP Connection(13)-127.0.0.1]|INFO |org.apache.catalina.core.ContainerBase.[Tomcat].[localhost].[/inventorybilling]-Destroying Spring FrameworkServlet 'dispatcherServlet'
2023-10-02 11:22:24|[RMI TCP Connection(13)-127.0.0.1]|INFO |org.apache.coyote.http11.Http11NioProtocol-Stopping ProtocolHandler ["http-nio-8087"]
2023-10-02 11:22:24|[RMI TCP Connection(13)-127.0.0.1]|INFO |org.apache.coyote.http11.Http11NioProtocol-Destroying ProtocolHandler ["http-nio-8087"]
2023-10-02 11:22:24|[RMI TCP Connection(13)-127.0.0.1]|INFO |org.springframework.orm.jpa.LocalContainerEntityManagerFactoryBean-Closing JPA EntityManagerFactory for persistence unit 'default'
2023-10-02 11:22:24|[RMI TCP Connection(13)-127.0.0.1]|INFO |com.zaxxer.hikari.HikariDataSource-HikariPool-1 - Shutdown initiated...
2023-10-02 11:22:24|[RMI TCP Connection(13)-127.0.0.1]|INFO |com.zaxxer.hikari.HikariDataSource-HikariPool-1 - Shutdown completed.
2023-10-02 11:38:10|[main]|INFO |com.harshi.InventoryAndBilling.InventoryAndBillingApplication-Starting InventoryAndBillingApplication using Java 17.0.7 with PID 9068 (C:\Users\Admin\Downloads\codebase\InventoryAndBillingWithoutSecurity\target\classes started by Admin in C:\Users\Admin\Downloads\codebase\InventoryAndBillingWithoutSecurity)
2023-10-02 11:38:10|[main]|INFO |com.harshi.InventoryAndBilling.InventoryAndBillingApplication-No active profile set, falling back to 1 default profile: "default"
2023-10-02 11:38:11|[main]|INFO |org.springframework.data.repository.config.RepositoryConfigurationDelegate-Bootstrapping Spring Data JPA repositories in DEFAULT mode.
2023-10-02 11:38:11|[main]|INFO |org.springframework.data.repository.config.RepositoryConfigurationDelegate-Finished Spring Data repository scanning in 116 ms. Found 5 JPA repository interfaces.
2023-10-02 11:38:12|[main]|INFO |org.springframework.boot.web.embedded.tomcat.TomcatWebServer-Tomcat initialized with port(s): 8087 (http)
2023-10-02 11:38:12|[main]|INFO |org.apache.coyote.http11.Http11NioProtocol-Initializing ProtocolHandler ["http-nio-8087"]
2023-10-02 11:38:12|[main]|INFO |org.apache.catalina.core.StandardService-Starting service [Tomcat]
2023-10-02 11:38:12|[main]|INFO |org.apache.catalina.core.StandardEngine-Starting Servlet engine: [Apache Tomcat/10.1.12]
2023-10-02 11:38:13|[main]|INFO |org.apache.catalina.core.ContainerBase.[Tomcat].[localhost].[/inventorybilling]-Initializing Spring embedded WebApplicationContext
2023-10-02 11:38:13|[main]|INFO |org.springframework.boot.web.servlet.context.ServletWebServerApplicationContext-Root WebApplicationContext: initialization completed in 2495 ms
2023-10-02 11:38:13|[main]|INFO |org.hibernate.jpa.internal.util.LogHelper-HHH000204: Processing PersistenceUnitInfo [name: default]
2023-10-02 11:38:13|[main]|INFO |org.hibernate.Version-HHH000412: Hibernate ORM core version 6.2.7.Final
2023-10-02 11:38:13|[main]|INFO |org.hibernate.cfg.Environment-HHH000406: Using bytecode reflection optimizer
2023-10-02 11:38:13|[main]|INFO |org.hibernate.bytecode.internal.BytecodeProviderInitiator-HHH000021: Bytecode provider name : bytebuddy
2023-10-02 11:38:14|[main]|INFO |org.springframework.orm.jpa.persistenceunit.SpringPersistenceUnitInfo-No LoadTimeWeaver setup: ignoring JPA class transformer
2023-10-02 11:38:14|[main]|INFO |com.zaxxer.hikari.HikariDataSource-HikariPool-1 - Starting...
2023-10-02 11:38:14|[main]|INFO |com.zaxxer.hikari.pool.HikariPool-HikariPool-1 - Added connection com.mysql.cj.jdbc.ConnectionImpl@1dbff71c
2023-10-02 11:38:14|[main]|INFO |com.zaxxer.hikari.HikariDataSource-HikariPool-1 - Start completed.
2023-10-02 11:38:15|[main]|INFO |org.hibernate.bytecode.internal.BytecodeProviderInitiator-HHH000021: Bytecode provider name : bytebuddy
2023-10-02 11:38:17|[main]|INFO |org.hibernate.engine.transaction.jta.platform.internal.JtaPlatformInitiator-HHH000490: Using JtaPlatform implementation: [org.hibernate.engine.transaction.jta.platform.internal.NoJtaPlatform]
2023-10-02 11:38:17|[main]|INFO |org.springframework.orm.jpa.LocalContainerEntityManagerFactoryBean-Initialized JPA EntityManagerFactory for persistence unit 'default'
2023-10-02 11:38:17|[main]|INFO |org.springframework.data.jpa.repository.query.QueryEnhancerFactory-Hibernate is in classpath; If applicable, HQL parser will be used.
2023-10-02 11:38:18|[main]|WARN |org.springframework.boot.autoconfigure.orm.jpa.JpaBaseConfiguration$JpaWebConfiguration-spring.jpa.open-in-view is enabled by default. Therefore, database queries may be performed during view rendering. Explicitly configure spring.jpa.open-in-view to disable this warning
2023-10-02 11:38:19|[main]|INFO |org.springframework.boot.autoconfigure.web.servlet.WelcomePageHandlerMapping-Adding welcome page template: index
2023-10-02 11:38:19|[main]|INFO |org.apache.coyote.http11.Http11NioProtocol-Starting ProtocolHandler ["http-nio-8087"]
2023-10-02 11:38:19|[main]|INFO |org.springframework.boot.web.embedded.tomcat.TomcatWebServer-Tomcat started on port(s): 8087 (http) with context path '/inventorybilling'
2023-10-02 11:38:19|[main]|INFO |com.harshi.InventoryAndBilling.InventoryAndBillingApplication-Started InventoryAndBillingApplication in 9.812 seconds (process running for 11.489)
2023-10-02 11:40:45|[http-nio-8087-exec-1]|INFO |org.apache.catalina.core.ContainerBase.[Tomcat].[localhost].[/inventorybilling]-Initializing Spring DispatcherServlet 'dispatcherServlet'
2023-10-02 11:40:45|[http-nio-8087-exec-1]|INFO |org.springframework.web.servlet.DispatcherServlet-Initializing Servlet 'dispatcherServlet'
2023-10-02 11:40:45|[http-nio-8087-exec-1]|INFO |org.springframework.web.servlet.DispatcherServlet-Completed initialization in 3 ms
2023-10-02 11:40:47|[http-nio-8087-exec-2]|INFO |com.harshi.InventoryAndBilling.controllers.UserController-Inside to showLoginPage() on UserController
2023-10-02 11:40:51|[http-nio-8087-exec-4]|INFO |com.harshi.InventoryAndBilling.controllers.UserController-Inside showLoginPage() with email - harshibabu604@gmail.comon UserController
2023-10-02 11:40:51|[http-nio-8087-exec-4]|INFO |com.harshi.InventoryAndBilling.controllers.UserController-Redirecting landing.html
2023-10-02 11:41:01|[http-nio-8087-exec-9]|INFO |com.harshi.InventoryAndBilling.controllers.UserController-Inside to showLoginPage() on UserController
2023-10-02 11:41:02|[http-nio-8087-exec-8]|INFO |com.harshi.InventoryAndBilling.controllers.UserController-Inside showLoginPage() with email - harshibabu604@gmail.comon UserController
2023-10-02 11:41:02|[http-nio-8087-exec-8]|INFO |com.harshi.InventoryAndBilling.controllers.UserController-Redirecting landing.html
2023-10-02 11:41:03|[http-nio-8087-exec-1]|INFO |com.harshi.InventoryAndBilling.controllers.ProductController-Inside showAvailableProducts() on DashboardController
2023-10-02 11:41:05|[http-nio-8087-exec-2]|INFO |com.harshi.InventoryAndBilling.controllers.DashboardController-Redirecting landing.html
2023-10-02 11:41:07|[http-nio-8087-exec-3]|INFO |com.harshi.InventoryAndBilling.controllers.ProductController-Inside showAvailableProducts() on DashboardController
2023-10-02 11:41:10|[http-nio-8087-exec-5]|INFO |com.harshi.InventoryAndBilling.controllers.DashboardController-Redirecting landing.html
2023-10-02 11:41:11|[http-nio-8087-exec-6]|INFO |com.harshi.InventoryAndBilling.controllers.ProductController-Inside showAvailableProducts() on DashboardController
2023-10-02 11:41:14|[http-nio-8087-exec-8]|INFO |com.harshi.InventoryAndBilling.controllers.ProductController-Inside showAvailableProducts() on DashboardController
2023-10-02 11:41:16|[http-nio-8087-exec-10]|INFO |com.harshi.InventoryAndBilling.controllers.DashboardController-Redirecting landing.html
2023-10-02 11:41:18|[http-nio-8087-exec-1]|INFO |com.harshi.InventoryAndBilling.controllers.ProductController-Inside showAvailableProducts() on DashboardController
2023-10-02 11:41:20|[http-nio-8087-exec-3]|INFO |com.harshi.InventoryAndBilling.controllers.ProductController-Inside showAddProducts() on DashboardController
2023-10-02 11:41:20|[http-nio-8087-exec-3]|ERROR|org.thymeleaf.TemplateEngine-[THYMELEAF][http-nio-8087-exec-3] Exception processing template "dashboard/addProducts": An error happened during template parsing (template: "class path resource [templates/dashboard/addProducts.html]")
org.thymeleaf.exceptions.TemplateInputException: An error happened during template parsing (template: "class path resource [templates/dashboard/addProducts.html]")
	at org.thymeleaf.templateparser.markup.AbstractMarkupTemplateParser.parse(AbstractMarkupTemplateParser.java:241)
	at org.thymeleaf.templateparser.markup.AbstractMarkupTemplateParser.parseStandalone(AbstractMarkupTemplateParser.java:100)
	at org.thymeleaf.engine.TemplateManager.parseAndProcess(TemplateManager.java:666)
	at org.thymeleaf.TemplateEngine.process(TemplateEngine.java:1103)
	at org.thymeleaf.TemplateEngine.process(TemplateEngine.java:1077)
	at org.thymeleaf.spring6.view.ThymeleafView.renderFragment(ThymeleafView.java:372)
	at org.thymeleaf.spring6.view.ThymeleafView.render(ThymeleafView.java:192)
	at org.springframework.web.servlet.DispatcherServlet.render(DispatcherServlet.java:1415)
	at org.springframework.web.servlet.DispatcherServlet.processDispatchResult(DispatcherServlet.java:1159)
	at org.springframework.web.servlet.DispatcherServlet.doDispatch(DispatcherServlet.java:1098)
	at org.springframework.web.servlet.DispatcherServlet.doService(DispatcherServlet.java:974)
	at org.springframework.web.servlet.FrameworkServlet.processRequest(FrameworkServlet.java:1011)
	at org.springframework.web.servlet.FrameworkServlet.doGet(FrameworkServlet.java:903)
	at jakarta.servlet.http.HttpServlet.service(HttpServlet.java:564)
	at org.springframework.web.servlet.FrameworkServlet.service(FrameworkServlet.java:885)
	at jakarta.servlet.http.HttpServlet.service(HttpServlet.java:658)
	at org.apache.catalina.core.ApplicationFilterChain.internalDoFilter(ApplicationFilterChain.java:205)
	at org.apache.catalina.core.ApplicationFilterChain.doFilter(ApplicationFilterChain.java:149)
	at org.apache.tomcat.websocket.server.WsFilter.doFilter(WsFilter.java:51)
	at org.apache.catalina.core.ApplicationFilterChain.internalDoFilter(ApplicationFilterChain.java:174)
	at org.apache.catalina.core.ApplicationFilterChain.doFilter(ApplicationFilterChain.java:149)
	at org.springframework.web.filter.RequestContextFilter.doFilterInternal(RequestContextFilter.java:100)
	at org.springframework.web.filter.OncePerRequestFilter.doFilter(OncePerRequestFilter.java:116)
	at org.apache.catalina.core.ApplicationFilterChain.internalDoFilter(ApplicationFilterChain.java:174)
	at org.apache.catalina.core.ApplicationFilterChain.doFilter(ApplicationFilterChain.java:149)
	at org.springframework.web.filter.FormContentFilter.doFilterInternal(FormContentFilter.java:93)
	at org.springframework.web.filter.OncePerRequestFilter.doFilter(OncePerRequestFilter.java:116)
	at org.apache.catalina.core.ApplicationFilterChain.internalDoFilter(ApplicationFilterChain.java:174)
	at org.apache.catalina.core.ApplicationFilterChain.doFilter(ApplicationFilterChain.java:149)
	at org.springframework.web.filter.CharacterEncodingFilter.doFilterInternal(CharacterEncodingFilter.java:201)
	at org.springframework.web.filter.OncePerRequestFilter.doFilter(OncePerRequestFilter.java:116)
	at org.apache.catalina.core.ApplicationFilterChain.internalDoFilter(ApplicationFilterChain.java:174)
	at org.apache.catalina.core.ApplicationFilterChain.doFilter(ApplicationFilterChain.java:149)
	at org.apache.catalina.core.StandardWrapperValve.invoke(StandardWrapperValve.java:166)
	at org.apache.catalina.core.StandardContextValve.invoke(StandardContextValve.java:90)
	at org.apache.catalina.authenticator.AuthenticatorBase.invoke(AuthenticatorBase.java:482)
	at org.apache.catalina.core.StandardHostValve.invoke(StandardHostValve.java:115)
	at org.apache.catalina.valves.ErrorReportValve.invoke(ErrorReportValve.java:93)
	at org.apache.catalina.core.StandardEngineValve.invoke(StandardEngineValve.java:74)
	at org.apache.catalina.connector.CoyoteAdapter.service(CoyoteAdapter.java:341)
	at org.apache.coyote.http11.Http11Processor.service(Http11Processor.java:391)
	at org.apache.coyote.AbstractProcessorLight.process(AbstractProcessorLight.java:63)
	at org.apache.coyote.AbstractProtocol$ConnectionHandler.process(AbstractProtocol.java:894)
	at org.apache.tomcat.util.net.NioEndpoint$SocketProcessor.doRun(NioEndpoint.java:1740)
	at org.apache.tomcat.util.net.SocketProcessorBase.run(SocketProcessorBase.java:52)
	at org.apache.tomcat.util.threads.ThreadPoolExecutor.runWorker(ThreadPoolExecutor.java:1191)
	at org.apache.tomcat.util.threads.ThreadPoolExecutor$Worker.run(ThreadPoolExecutor.java:659)
	at org.apache.tomcat.util.threads.TaskThread$WrappingRunnable.run(TaskThread.java:61)
	at java.base/java.lang.Thread.run(Thread.java:833)
Caused by: org.attoparser.ParseException: Error during execution of processor 'org.thymeleaf.spring6.processor.SpringInputGeneralFieldTagProcessor' (template: "dashboard/addProducts" - line 19, col 55)
	at org.attoparser.MarkupParser.parseDocument(MarkupParser.java:393)
	at org.attoparser.MarkupParser.parse(MarkupParser.java:257)
	at org.thymeleaf.templateparser.markup.AbstractMarkupTemplateParser.parse(AbstractMarkupTemplateParser.java:230)
	... 48 common frames omitted
Caused by: org.thymeleaf.exceptions.TemplateProcessingException: Error during execution of processor 'org.thymeleaf.spring6.processor.SpringInputGeneralFieldTagProcessor' (template: "dashboard/addProducts" - line 19, col 55)
	at org.thymeleaf.processor.element.AbstractAttributeTagProcessor.doProcess(AbstractAttributeTagProcessor.java:117)
	at org.thymeleaf.processor.element.AbstractElementTagProcessor.process(AbstractElementTagProcessor.java:95)
	at org.thymeleaf.util.ProcessorConfigurationUtils$ElementTagProcessorWrapper.process(ProcessorConfigurationUtils.java:633)
	at org.thymeleaf.engine.ProcessorTemplateHandler.handleStandaloneElement(ProcessorTemplateHandler.java:918)
	at org.thymeleaf.engine.TemplateHandlerAdapterMarkupHandler.handleStandaloneElementEnd(TemplateHandlerAdapterMarkupHandler.java:260)
	at org.thymeleaf.templateparser.markup.InlinedOutputExpressionMarkupHandler$InlineMarkupAdapterPreProcessorHandler.handleStandaloneElementEnd(InlinedOutputExpressionMarkupHandler.java:256)
	at org.thymeleaf.standard.inline.OutputExpressionInlinePreProcessorHandler.handleStandaloneElementEnd(OutputExpressionInlinePreProcessorHandler.java:169)
	at org.thymeleaf.templateparser.markup.InlinedOutputExpressionMarkupHandler.handleStandaloneElementEnd(InlinedOutputExpressionMarkupHandler.java:104)
	at org.attoparser.HtmlVoidElement.handleOpenElementEnd(HtmlVoidElement.java:92)
	at org.attoparser.HtmlMarkupHandler.handleOpenElementEnd(HtmlMarkupHandler.java:297)
	at org.attoparser.MarkupEventProcessorHandler.handleOpenElementEnd(MarkupEventProcessorHandler.java:402)
	at org.attoparser.ParsingElementMarkupUtil.parseOpenElement(ParsingElementMarkupUtil.java:159)
	at org.attoparser.MarkupParser.parseBuffer(MarkupParser.java:710)
	at org.attoparser.MarkupParser.parseDocument(MarkupParser.java:301)
	... 50 common frames omitted
Caused by: java.lang.IllegalStateException: Neither BindingResult nor plain target object for bean name 'product' available as request attribute
	at org.springframework.web.servlet.support.BindStatus.<init>(BindStatus.java:153)
	at org.springframework.web.servlet.support.RequestContext.getBindStatus(RequestContext.java:926)
	at org.thymeleaf.spring6.context.webmvc.SpringWebMvcThymeleafRequestContext.getBindStatus(SpringWebMvcThymeleafRequestContext.java:232)
	at org.thymeleaf.spring6.util.FieldUtils.getBindStatusFromParsedExpression(FieldUtils.java:306)
	at org.thymeleaf.spring6.util.FieldUtils.getBindStatus(FieldUtils.java:253)
	at org.thymeleaf.spring6.util.FieldUtils.getBindStatus(FieldUtils.java:227)
	at org.thymeleaf.spring6.processor.AbstractSpringFieldTagProcessor.doProcess(AbstractSpringFieldTagProcessor.java:174)
	at org.thymeleaf.processor.element.AbstractAttributeTagProcessor.doProcess(AbstractAttributeTagProcessor.java:74)
	... 63 common frames omitted
2023-10-02 11:41:20|[http-nio-8087-exec-3]|ERROR|org.apache.catalina.core.ContainerBase.[Tomcat].[localhost].[/inventorybilling].[dispatcherServlet]-Servlet.service() for servlet [dispatcherServlet] in context with path [/inventorybilling] threw exception [Request processing failed: org.thymeleaf.exceptions.TemplateInputException: An error happened during template parsing (template: "class path resource [templates/dashboard/addProducts.html]")] with root cause
java.lang.IllegalStateException: Neither BindingResult nor plain target object for bean name 'product' available as request attribute
	at org.springframework.web.servlet.support.BindStatus.<init>(BindStatus.java:153)
	at org.springframework.web.servlet.support.RequestContext.getBindStatus(RequestContext.java:926)
	at org.thymeleaf.spring6.context.webmvc.SpringWebMvcThymeleafRequestContext.getBindStatus(SpringWebMvcThymeleafRequestContext.java:232)
	at org.thymeleaf.spring6.util.FieldUtils.getBindStatusFromParsedExpression(FieldUtils.java:306)
	at org.thymeleaf.spring6.util.FieldUtils.getBindStatus(FieldUtils.java:253)
	at org.thymeleaf.spring6.util.FieldUtils.getBindStatus(FieldUtils.java:227)
	at org.thymeleaf.spring6.processor.AbstractSpringFieldTagProcessor.doProcess(AbstractSpringFieldTagProcessor.java:174)
	at org.thymeleaf.processor.element.AbstractAttributeTagProcessor.doProcess(AbstractAttributeTagProcessor.java:74)
	at org.thymeleaf.processor.element.AbstractElementTagProcessor.process(AbstractElementTagProcessor.java:95)
	at org.thymeleaf.util.ProcessorConfigurationUtils$ElementTagProcessorWrapper.process(ProcessorConfigurationUtils.java:633)
	at org.thymeleaf.engine.ProcessorTemplateHandler.handleStandaloneElement(ProcessorTemplateHandler.java:918)
	at org.thymeleaf.engine.TemplateHandlerAdapterMarkupHandler.handleStandaloneElementEnd(TemplateHandlerAdapterMarkupHandler.java:260)
	at org.thymeleaf.templateparser.markup.InlinedOutputExpressionMarkupHandler$InlineMarkupAdapterPreProcessorHandler.handleStandaloneElementEnd(InlinedOutputExpressionMarkupHandler.java:256)
	at org.thymeleaf.standard.inline.OutputExpressionInlinePreProcessorHandler.handleStandaloneElementEnd(OutputExpressionInlinePreProcessorHandler.java:169)
	at org.thymeleaf.templateparser.markup.InlinedOutputExpressionMarkupHandler.handleStandaloneElementEnd(InlinedOutputExpressionMarkupHandler.java:104)
	at org.attoparser.HtmlVoidElement.handleOpenElementEnd(HtmlVoidElement.java:92)
	at org.attoparser.HtmlMarkupHandler.handleOpenElementEnd(HtmlMarkupHandler.java:297)
	at org.attoparser.MarkupEventProcessorHandler.handleOpenElementEnd(MarkupEventProcessorHandler.java:402)
	at org.attoparser.ParsingElementMarkupUtil.parseOpenElement(ParsingElementMarkupUtil.java:159)
	at org.attoparser.MarkupParser.parseBuffer(MarkupParser.java:710)
	at org.attoparser.MarkupParser.parseDocument(MarkupParser.java:301)
	at org.attoparser.MarkupParser.parse(MarkupParser.java:257)
	at org.thymeleaf.templateparser.markup.AbstractMarkupTemplateParser.parse(AbstractMarkupTemplateParser.java:230)
	at org.thymeleaf.templateparser.markup.AbstractMarkupTemplateParser.parseStandalone(AbstractMarkupTemplateParser.java:100)
	at org.thymeleaf.engine.TemplateManager.parseAndProcess(TemplateManager.java:666)
	at org.thymeleaf.TemplateEngine.process(TemplateEngine.java:1103)
	at org.thymeleaf.TemplateEngine.process(TemplateEngine.java:1077)
	at org.thymeleaf.spring6.view.ThymeleafView.renderFragment(ThymeleafView.java:372)
	at org.thymeleaf.spring6.view.ThymeleafView.render(ThymeleafView.java:192)
	at org.springframework.web.servlet.DispatcherServlet.render(DispatcherServlet.java:1415)
	at org.springframework.web.servlet.DispatcherServlet.processDispatchResult(DispatcherServlet.java:1159)
	at org.springframework.web.servlet.DispatcherServlet.doDispatch(DispatcherServlet.java:1098)
	at org.springframework.web.servlet.DispatcherServlet.doService(DispatcherServlet.java:974)
	at org.springframework.web.servlet.FrameworkServlet.processRequest(FrameworkServlet.java:1011)
	at org.springframework.web.servlet.FrameworkServlet.doGet(FrameworkServlet.java:903)
	at jakarta.servlet.http.HttpServlet.service(HttpServlet.java:564)
	at org.springframework.web.servlet.FrameworkServlet.service(FrameworkServlet.java:885)
	at jakarta.servlet.http.HttpServlet.service(HttpServlet.java:658)
	at org.apache.catalina.core.ApplicationFilterChain.internalDoFilter(ApplicationFilterChain.java:205)
	at org.apache.catalina.core.ApplicationFilterChain.doFilter(ApplicationFilterChain.java:149)
	at org.apache.tomcat.websocket.server.WsFilter.doFilter(WsFilter.java:51)
	at org.apache.catalina.core.ApplicationFilterChain.internalDoFilter(ApplicationFilterChain.java:174)
	at org.apache.catalina.core.ApplicationFilterChain.doFilter(ApplicationFilterChain.java:149)
	at org.springframework.web.filter.RequestContextFilter.doFilterInternal(RequestContextFilter.java:100)
	at org.springframework.web.filter.OncePerRequestFilter.doFilter(OncePerRequestFilter.java:116)
	at org.apache.catalina.core.ApplicationFilterChain.internalDoFilter(ApplicationFilterChain.java:174)
	at org.apache.catalina.core.ApplicationFilterChain.doFilter(ApplicationFilterChain.java:149)
	at org.springframework.web.filter.FormContentFilter.doFilterInternal(FormContentFilter.java:93)
	at org.springframework.web.filter.OncePerRequestFilter.doFilter(OncePerRequestFilter.java:116)
	at org.apache.catalina.core.ApplicationFilterChain.internalDoFilter(ApplicationFilterChain.java:174)
	at org.apache.catalina.core.ApplicationFilterChain.doFilter(ApplicationFilterChain.java:149)
	at org.springframework.web.filter.CharacterEncodingFilter.doFilterInternal(CharacterEncodingFilter.java:201)
	at org.springframework.web.filter.OncePerRequestFilter.doFilter(OncePerRequestFilter.java:116)
	at org.apache.catalina.core.ApplicationFilterChain.internalDoFilter(ApplicationFilterChain.java:174)
	at org.apache.catalina.core.ApplicationFilterChain.doFilter(ApplicationFilterChain.java:149)
	at org.apache.catalina.core.StandardWrapperValve.invoke(StandardWrapperValve.java:166)
	at org.apache.catalina.core.StandardContextValve.invoke(StandardContextValve.java:90)
	at org.apache.catalina.authenticator.AuthenticatorBase.invoke(AuthenticatorBase.java:482)
	at org.apache.catalina.core.StandardHostValve.invoke(StandardHostValve.java:115)
	at org.apache.catalina.valves.ErrorReportValve.invoke(ErrorReportValve.java:93)
	at org.apache.catalina.core.StandardEngineValve.invoke(StandardEngineValve.java:74)
	at org.apache.catalina.connector.CoyoteAdapter.service(CoyoteAdapter.java:341)
	at org.apache.coyote.http11.Http11Processor.service(Http11Processor.java:391)
	at org.apache.coyote.AbstractProcessorLight.process(AbstractProcessorLight.java:63)
	at org.apache.coyote.AbstractProtocol$ConnectionHandler.process(AbstractProtocol.java:894)
	at org.apache.tomcat.util.net.NioEndpoint$SocketProcessor.doRun(NioEndpoint.java:1740)
	at org.apache.tomcat.util.net.SocketProcessorBase.run(SocketProcessorBase.java:52)
	at org.apache.tomcat.util.threads.ThreadPoolExecutor.runWorker(ThreadPoolExecutor.java:1191)
	at org.apache.tomcat.util.threads.ThreadPoolExecutor$Worker.run(ThreadPoolExecutor.java:659)
	at org.apache.tomcat.util.threads.TaskThread$WrappingRunnable.run(TaskThread.java:61)
	at java.base/java.lang.Thread.run(Thread.java:833)
2023-10-02 11:42:50|[RMI TCP Connection(14)-127.0.0.1]|INFO |org.springframework.boot.admin.SpringApplicationAdminMXBeanRegistrar$SpringApplicationAdmin-Application shutdown requested.
2023-10-02 11:42:50|[RMI TCP Connection(14)-127.0.0.1]|INFO |org.apache.coyote.http11.Http11NioProtocol-Pausing ProtocolHandler ["http-nio-8087"]
2023-10-02 11:42:50|[RMI TCP Connection(14)-127.0.0.1]|INFO |org.apache.catalina.core.StandardService-Stopping service [Tomcat]
2023-10-02 11:42:50|[RMI TCP Connection(14)-127.0.0.1]|INFO |org.apache.catalina.core.ContainerBase.[Tomcat].[localhost].[/inventorybilling]-Destroying Spring FrameworkServlet 'dispatcherServlet'
2023-10-02 11:42:50|[RMI TCP Connection(14)-127.0.0.1]|INFO |org.apache.coyote.http11.Http11NioProtocol-Stopping ProtocolHandler ["http-nio-8087"]
2023-10-02 11:42:50|[RMI TCP Connection(14)-127.0.0.1]|INFO |org.springframework.orm.jpa.LocalContainerEntityManagerFactoryBean-Closing JPA EntityManagerFactory for persistence unit 'default'
2023-10-02 11:42:50|[RMI TCP Connection(14)-127.0.0.1]|INFO |com.zaxxer.hikari.HikariDataSource-HikariPool-1 - Shutdown initiated...
2023-10-02 11:42:50|[RMI TCP Connection(14)-127.0.0.1]|INFO |com.zaxxer.hikari.HikariDataSource-HikariPool-1 - Shutdown completed.
2023-10-02 11:42:55|[main]|INFO |com.harshi.InventoryAndBilling.InventoryAndBillingApplication-Starting InventoryAndBillingApplication using Java 17.0.7 with PID 7868 (C:\Users\Admin\Downloads\codebase\InventoryAndBillingWithoutSecurity\target\classes started by Admin in C:\Users\Admin\Downloads\codebase\InventoryAndBillingWithoutSecurity)
2023-10-02 11:42:55|[main]|INFO |com.harshi.InventoryAndBilling.InventoryAndBillingApplication-No active profile set, falling back to 1 default profile: "default"
2023-10-02 11:42:56|[main]|INFO |org.springframework.data.repository.config.RepositoryConfigurationDelegate-Bootstrapping Spring Data JPA repositories in DEFAULT mode.
2023-10-02 11:42:56|[main]|INFO |org.springframework.data.repository.config.RepositoryConfigurationDelegate-Finished Spring Data repository scanning in 113 ms. Found 5 JPA repository interfaces.
2023-10-02 11:42:57|[main]|INFO |org.springframework.boot.web.embedded.tomcat.TomcatWebServer-Tomcat initialized with port(s): 8087 (http)
2023-10-02 11:42:57|[main]|INFO |org.apache.coyote.http11.Http11NioProtocol-Initializing ProtocolHandler ["http-nio-8087"]
2023-10-02 11:42:57|[main]|INFO |org.apache.catalina.core.StandardService-Starting service [Tomcat]
2023-10-02 11:42:57|[main]|INFO |org.apache.catalina.core.StandardEngine-Starting Servlet engine: [Apache Tomcat/10.1.12]
2023-10-02 11:42:57|[main]|INFO |org.apache.catalina.core.ContainerBase.[Tomcat].[localhost].[/inventorybilling]-Initializing Spring embedded WebApplicationContext
2023-10-02 11:42:57|[main]|INFO |org.springframework.boot.web.servlet.context.ServletWebServerApplicationContext-Root WebApplicationContext: initialization completed in 2325 ms
2023-10-02 11:42:57|[main]|INFO |org.hibernate.jpa.internal.util.LogHelper-HHH000204: Processing PersistenceUnitInfo [name: default]
2023-10-02 11:42:58|[main]|INFO |org.hibernate.Version-HHH000412: Hibernate ORM core version 6.2.7.Final
2023-10-02 11:42:58|[main]|INFO |org.hibernate.cfg.Environment-HHH000406: Using bytecode reflection optimizer
2023-10-02 11:42:58|[main]|INFO |org.hibernate.bytecode.internal.BytecodeProviderInitiator-HHH000021: Bytecode provider name : bytebuddy
2023-10-02 11:42:58|[main]|INFO |org.springframework.orm.jpa.persistenceunit.SpringPersistenceUnitInfo-No LoadTimeWeaver setup: ignoring JPA class transformer
2023-10-02 11:42:58|[main]|INFO |com.zaxxer.hikari.HikariDataSource-HikariPool-1 - Starting...
2023-10-02 11:42:59|[main]|INFO |com.zaxxer.hikari.pool.HikariPool-HikariPool-1 - Added connection com.mysql.cj.jdbc.ConnectionImpl@93ce24d
2023-10-02 11:42:59|[main]|INFO |com.zaxxer.hikari.HikariDataSource-HikariPool-1 - Start completed.
2023-10-02 11:42:59|[main]|INFO |org.hibernate.bytecode.internal.BytecodeProviderInitiator-HHH000021: Bytecode provider name : bytebuddy
2023-10-02 11:43:01|[main]|INFO |org.hibernate.engine.transaction.jta.platform.internal.JtaPlatformInitiator-HHH000490: Using JtaPlatform implementation: [org.hibernate.engine.transaction.jta.platform.internal.NoJtaPlatform]
2023-10-02 11:43:01|[main]|INFO |org.springframework.orm.jpa.LocalContainerEntityManagerFactoryBean-Initialized JPA EntityManagerFactory for persistence unit 'default'
2023-10-02 11:43:02|[main]|INFO |org.springframework.data.jpa.repository.query.QueryEnhancerFactory-Hibernate is in classpath; If applicable, HQL parser will be used.
2023-10-02 11:43:03|[main]|WARN |org.springframework.boot.autoconfigure.orm.jpa.JpaBaseConfiguration$JpaWebConfiguration-spring.jpa.open-in-view is enabled by default. Therefore, database queries may be performed during view rendering. Explicitly configure spring.jpa.open-in-view to disable this warning
2023-10-02 11:43:03|[main]|INFO |org.springframework.boot.autoconfigure.web.servlet.WelcomePageHandlerMapping-Adding welcome page template: index
2023-10-02 11:43:03|[main]|INFO |org.apache.coyote.http11.Http11NioProtocol-Starting ProtocolHandler ["http-nio-8087"]
2023-10-02 11:43:03|[main]|INFO |org.springframework.boot.web.embedded.tomcat.TomcatWebServer-Tomcat started on port(s): 8087 (http) with context path '/inventorybilling'
2023-10-02 11:43:03|[main]|INFO |com.harshi.InventoryAndBilling.InventoryAndBillingApplication-Started InventoryAndBillingApplication in 9.364 seconds (process running for 10.979)
2023-10-02 11:43:26|[http-nio-8087-exec-1]|INFO |org.apache.catalina.core.ContainerBase.[Tomcat].[localhost].[/inventorybilling]-Initializing Spring DispatcherServlet 'dispatcherServlet'
2023-10-02 11:43:26|[http-nio-8087-exec-1]|INFO |org.springframework.web.servlet.DispatcherServlet-Initializing Servlet 'dispatcherServlet'
2023-10-02 11:43:26|[http-nio-8087-exec-1]|INFO |org.springframework.web.servlet.DispatcherServlet-Completed initialization in 3 ms
2023-10-02 11:43:28|[http-nio-8087-exec-2]|INFO |com.harshi.InventoryAndBilling.controllers.UserController-Inside to showLoginPage() on UserController
2023-10-02 11:43:32|[http-nio-8087-exec-4]|INFO |com.harshi.InventoryAndBilling.controllers.UserController-Inside showLoginPage() with email - harshibabu604@gmail.comon UserController
2023-10-02 11:43:32|[http-nio-8087-exec-4]|INFO |com.harshi.InventoryAndBilling.controllers.UserController-Redirecting landing.html
2023-10-02 11:43:40|[http-nio-8087-exec-6]|INFO |com.harshi.InventoryAndBilling.controllers.DashboardController-Inside getTotalOutstanding() on DashboardController
2023-10-02 11:43:41|[http-nio-8087-exec-7]|INFO |com.harshi.InventoryAndBilling.controllers.DashboardController-Redirecting landing.html
2023-10-02 11:43:42|[http-nio-8087-exec-8]|INFO |com.harshi.InventoryAndBilling.controllers.ProductController-Inside showAvailableProducts() on DashboardController
2023-10-02 11:43:46|[http-nio-8087-exec-10]|INFO |com.harshi.InventoryAndBilling.controllers.DashboardController-Redirecting landing.html
2023-10-02 11:43:47|[http-nio-8087-exec-1]|INFO |com.harshi.InventoryAndBilling.controllers.ProductController-Inside showAvailableProducts() on DashboardController
2023-10-02 11:43:49|[http-nio-8087-exec-3]|INFO |com.harshi.InventoryAndBilling.controllers.ProductController-Inside showAddProducts() on DashboardController
2023-10-02 11:44:47|[http-nio-8087-exec-7]|INFO |com.harshi.InventoryAndBilling.controllers.DashboardController-Redirecting landing.html
2023-10-02 11:44:48|[http-nio-8087-exec-8]|INFO |com.harshi.InventoryAndBilling.controllers.ProductController-Inside showAvailableProducts() on DashboardController
2023-10-02 11:45:00|[http-nio-8087-exec-3]|WARN |org.springframework.web.servlet.mvc.support.DefaultHandlerExceptionResolver-Resolved [org.springframework.web.method.annotation.MethodArgumentTypeMismatchException: Failed to convert value of type 'java.lang.String' to required type 'java.lang.Long'; For input string: "${product.productId}"]
2023-10-02 11:48:24|[http-nio-8087-exec-4]|INFO |com.harshi.InventoryAndBilling.controllers.DashboardController-Redirecting landing.html
2023-10-02 11:48:26|[http-nio-8087-exec-5]|INFO |com.harshi.InventoryAndBilling.controllers.ProductController-Inside showAvailableProducts() on DashboardController
2023-10-02 11:48:28|[http-nio-8087-exec-6]|INFO |com.harshi.InventoryAndBilling.controllers.ProductController-Inside showAddProducts() on DashboardController
2023-10-02 11:48:31|[http-nio-8087-exec-8]|INFO |com.harshi.InventoryAndBilling.controllers.ProductController-Inside showAvailableProducts() on DashboardController
2023-10-02 11:48:35|[http-nio-8087-exec-10]|INFO |com.harshi.InventoryAndBilling.controllers.ProductController-Inside showAvailableProducts() on DashboardController
2023-10-02 11:48:36|[http-nio-8087-exec-1]|INFO |com.harshi.InventoryAndBilling.controllers.DashboardController-Redirecting landing.html
2023-10-02 11:48:38|[http-nio-8087-exec-2]|INFO |com.harshi.InventoryAndBilling.controllers.WarehouseController-Inside showWarehouseList() on WarehouseController
2023-10-02 11:48:40|[http-nio-8087-exec-4]|INFO |com.harshi.InventoryAndBilling.controllers.WarehouseController-Inside showAddWarehouse() on WarehouseController
2023-10-02 11:48:41|[http-nio-8087-exec-5]|INFO |com.harshi.InventoryAndBilling.controllers.DashboardController-Redirecting landing.html
2023-10-02 11:48:43|[http-nio-8087-exec-6]|INFO |com.harshi.InventoryAndBilling.controllers.WarehouseController-Inside showWarehouseList() on WarehouseController
2023-10-02 11:48:44|[http-nio-8087-exec-7]|INFO |com.harshi.InventoryAndBilling.controllers.DashboardController-Redirecting landing.html
2023-10-02 11:48:45|[http-nio-8087-exec-8]|INFO |com.harshi.InventoryAndBilling.controllers.WarehouseController-Inside showWarehouseList() on WarehouseController
2023-10-02 11:48:47|[http-nio-8087-exec-9]|INFO |com.harshi.InventoryAndBilling.controllers.WarehouseController-Inside showAddWarehouse() on WarehouseController
2023-10-02 11:48:48|[http-nio-8087-exec-10]|INFO |com.harshi.InventoryAndBilling.controllers.WarehouseController-Inside showWarehouseList() on WarehouseController
2023-10-02 11:48:50|[http-nio-8087-exec-2]|INFO |com.harshi.InventoryAndBilling.controllers.DashboardController-Redirecting landing.html
2023-10-02 11:48:59|[RMI TCP Connection(14)-127.0.0.1]|INFO |org.springframework.boot.admin.SpringApplicationAdminMXBeanRegistrar$SpringApplicationAdmin-Application shutdown requested.
2023-10-02 11:48:59|[RMI TCP Connection(14)-127.0.0.1]|INFO |org.apache.coyote.http11.Http11NioProtocol-Pausing ProtocolHandler ["http-nio-8087"]
2023-10-02 11:48:59|[RMI TCP Connection(14)-127.0.0.1]|INFO |org.apache.catalina.core.StandardService-Stopping service [Tomcat]
2023-10-02 11:48:59|[RMI TCP Connection(14)-127.0.0.1]|INFO |org.apache.catalina.core.ContainerBase.[Tomcat].[localhost].[/inventorybilling]-Destroying Spring FrameworkServlet 'dispatcherServlet'
2023-10-02 11:48:59|[RMI TCP Connection(14)-127.0.0.1]|INFO |org.apache.coyote.http11.Http11NioProtocol-Stopping ProtocolHandler ["http-nio-8087"]
2023-10-02 11:48:59|[RMI TCP Connection(14)-127.0.0.1]|INFO |org.springframework.orm.jpa.LocalContainerEntityManagerFactoryBean-Closing JPA EntityManagerFactory for persistence unit 'default'
2023-10-02 11:48:59|[RMI TCP Connection(14)-127.0.0.1]|INFO |com.zaxxer.hikari.HikariDataSource-HikariPool-1 - Shutdown initiated...
2023-10-02 11:48:59|[RMI TCP Connection(14)-127.0.0.1]|INFO |com.zaxxer.hikari.HikariDataSource-HikariPool-1 - Shutdown completed.
