2023-10-16 22:54:06|[main]|INFO |com.harshi.InventoryAndBilling.InventoryAndBillingApplication-Starting InventoryAndBillingApplication using Java 17.0.8.1 with PID 14108 (C:\Users\Asus\Downloads\InventoryAndBilling\InventoryAndBilling\target\classes started by Asus in C:\Users\Asus\Downloads\InventoryAndBilling\InventoryAndBilling)
2023-10-16 22:54:06|[main]|INFO |com.harshi.InventoryAndBilling.InventoryAndBillingApplication-No active profile set, falling back to 1 default profile: "default"
2023-10-16 22:54:07|[main]|INFO |org.springframework.data.repository.config.RepositoryConfigurationDelegate-Bootstrapping Spring Data JPA repositories in DEFAULT mode.
2023-10-16 22:54:07|[main]|INFO |org.springframework.data.repository.config.RepositoryConfigurationDelegate-Finished Spring Data repository scanning in 82 ms. Found 6 JPA repository interfaces.
2023-10-16 22:54:08|[main]|INFO |org.springframework.boot.web.embedded.tomcat.TomcatWebServer-Tomcat initialized with port(s): 8087 (http)
2023-10-16 22:54:08|[main]|INFO |org.apache.coyote.http11.Http11NioProtocol-Initializing ProtocolHandler ["http-nio-8087"]
2023-10-16 22:54:08|[main]|INFO |org.apache.catalina.core.StandardService-Starting service [Tomcat]
2023-10-16 22:54:08|[main]|INFO |org.apache.catalina.core.StandardEngine-Starting Servlet engine: [Apache Tomcat/10.1.12]
2023-10-16 22:54:08|[main]|INFO |org.apache.catalina.core.ContainerBase.[Tomcat].[localhost].[/inventorybilling]-Initializing Spring embedded WebApplicationContext
2023-10-16 22:54:08|[main]|INFO |org.springframework.boot.web.servlet.context.ServletWebServerApplicationContext-Root WebApplicationContext: initialization completed in 1720 ms
2023-10-16 22:54:08|[main]|INFO |org.hibernate.jpa.internal.util.LogHelper-HHH000204: Processing PersistenceUnitInfo [name: default]
2023-10-16 22:54:08|[main]|INFO |org.hibernate.Version-HHH000412: Hibernate ORM core version 6.2.7.Final
2023-10-16 22:54:08|[main]|INFO |org.hibernate.cfg.Environment-HHH000406: Using bytecode reflection optimizer
2023-10-16 22:54:08|[main]|INFO |org.hibernate.bytecode.internal.BytecodeProviderInitiator-HHH000021: Bytecode provider name : bytebuddy
2023-10-16 22:54:08|[main]|INFO |org.springframework.orm.jpa.persistenceunit.SpringPersistenceUnitInfo-No LoadTimeWeaver setup: ignoring JPA class transformer
2023-10-16 22:54:08|[main]|INFO |com.zaxxer.hikari.HikariDataSource-HikariPool-1 - Starting...
2023-10-16 22:54:09|[main]|INFO |com.zaxxer.hikari.pool.HikariPool-HikariPool-1 - Added connection com.mysql.cj.jdbc.ConnectionImpl@21abda60
2023-10-16 22:54:09|[main]|INFO |com.zaxxer.hikari.HikariDataSource-HikariPool-1 - Start completed.
2023-10-16 22:54:09|[main]|INFO |org.hibernate.bytecode.internal.BytecodeProviderInitiator-HHH000021: Bytecode provider name : bytebuddy
2023-10-16 22:54:10|[main]|INFO |org.hibernate.engine.transaction.jta.platform.internal.JtaPlatformInitiator-HHH000490: Using JtaPlatform implementation: [org.hibernate.engine.transaction.jta.platform.internal.NoJtaPlatform]
2023-10-16 22:54:10|[main]|INFO |org.springframework.orm.jpa.LocalContainerEntityManagerFactoryBean-Initialized JPA EntityManagerFactory for persistence unit 'default'
2023-10-16 22:54:10|[main]|INFO |org.springframework.data.jpa.repository.query.QueryEnhancerFactory-Hibernate is in classpath; If applicable, HQL parser will be used.
2023-10-16 22:54:11|[main]|WARN |org.springframework.boot.autoconfigure.orm.jpa.JpaBaseConfiguration$JpaWebConfiguration-spring.jpa.open-in-view is enabled by default. Therefore, database queries may be performed during view rendering. Explicitly configure spring.jpa.open-in-view to disable this warning
2023-10-16 22:54:11|[main]|INFO |org.springframework.boot.autoconfigure.web.servlet.WelcomePageHandlerMapping-Adding welcome page template: index
2023-10-16 22:54:11|[main]|INFO |org.apache.coyote.http11.Http11NioProtocol-Starting ProtocolHandler ["http-nio-8087"]
2023-10-16 22:54:11|[main]|INFO |org.springframework.boot.web.embedded.tomcat.TomcatWebServer-Tomcat started on port(s): 8087 (http) with context path '/inventorybilling'
2023-10-16 22:54:11|[main]|INFO |com.harshi.InventoryAndBilling.InventoryAndBillingApplication-Started InventoryAndBillingApplication in 5.599 seconds (process running for 6.46)
2023-10-16 22:54:28|[http-nio-8087-exec-1]|INFO |org.apache.catalina.core.ContainerBase.[Tomcat].[localhost].[/inventorybilling]-Initializing Spring DispatcherServlet 'dispatcherServlet'
2023-10-16 22:54:28|[http-nio-8087-exec-1]|INFO |org.springframework.web.servlet.DispatcherServlet-Initializing Servlet 'dispatcherServlet'
2023-10-16 22:54:28|[http-nio-8087-exec-1]|INFO |org.springframework.web.servlet.DispatcherServlet-Completed initialization in 4 ms
2023-10-16 22:54:31|[http-nio-8087-exec-3]|INFO |com.harshi.InventoryAndBilling.controllers.UserController-Inside to showLoginPage() on UserController
2023-10-16 22:54:37|[http-nio-8087-exec-4]|INFO |com.harshi.InventoryAndBilling.controllers.UserController-Inside showLoginPage() with email - ayush11006on UserController
2023-10-16 22:54:37|[http-nio-8087-exec-4]|INFO |com.harshi.InventoryAndBilling.controllers.UserController-Redirecting landing.html
2023-10-16 22:54:39|[http-nio-8087-exec-5]|INFO |com.harshi.InventoryAndBilling.controllers.WarehouseController-Inside showWarehouseList() on WarehouseController
2023-10-16 22:58:43|[main]|INFO |com.harshi.InventoryAndBilling.InventoryAndBillingApplication-Starting InventoryAndBillingApplication using Java 17.0.8.1 with PID 6476 (C:\Users\Asus\Downloads\InventoryAndBilling\InventoryAndBilling\target\classes started by Asus in C:\Users\Asus\Downloads\InventoryAndBilling\InventoryAndBilling)
2023-10-16 22:58:43|[main]|INFO |com.harshi.InventoryAndBilling.InventoryAndBillingApplication-No active profile set, falling back to 1 default profile: "default"
2023-10-16 22:58:45|[main]|INFO |org.springframework.data.repository.config.RepositoryConfigurationDelegate-Bootstrapping Spring Data JPA repositories in DEFAULT mode.
2023-10-16 22:58:45|[main]|INFO |org.springframework.data.repository.config.RepositoryConfigurationDelegate-Finished Spring Data repository scanning in 114 ms. Found 6 JPA repository interfaces.
2023-10-16 22:58:46|[main]|INFO |org.springframework.boot.web.embedded.tomcat.TomcatWebServer-Tomcat initialized with port(s): 8087 (http)
2023-10-16 22:58:46|[main]|INFO |org.apache.coyote.http11.Http11NioProtocol-Initializing ProtocolHandler ["http-nio-8087"]
2023-10-16 22:58:46|[main]|INFO |org.apache.catalina.core.StandardService-Starting service [Tomcat]
2023-10-16 22:58:46|[main]|INFO |org.apache.catalina.core.StandardEngine-Starting Servlet engine: [Apache Tomcat/10.1.12]
2023-10-16 22:58:46|[main]|INFO |org.apache.catalina.core.ContainerBase.[Tomcat].[localhost].[/inventorybilling]-Initializing Spring embedded WebApplicationContext
2023-10-16 22:58:46|[main]|INFO |org.springframework.boot.web.servlet.context.ServletWebServerApplicationContext-Root WebApplicationContext: initialization completed in 2821 ms
2023-10-16 22:58:47|[main]|INFO |org.hibernate.jpa.internal.util.LogHelper-HHH000204: Processing PersistenceUnitInfo [name: default]
2023-10-16 22:58:47|[main]|INFO |org.hibernate.Version-HHH000412: Hibernate ORM core version 6.2.7.Final
2023-10-16 22:58:47|[main]|INFO |org.hibernate.cfg.Environment-HHH000406: Using bytecode reflection optimizer
2023-10-16 22:58:47|[main]|INFO |org.hibernate.bytecode.internal.BytecodeProviderInitiator-HHH000021: Bytecode provider name : bytebuddy
2023-10-16 22:58:47|[main]|INFO |org.springframework.orm.jpa.persistenceunit.SpringPersistenceUnitInfo-No LoadTimeWeaver setup: ignoring JPA class transformer
2023-10-16 22:58:47|[main]|INFO |com.zaxxer.hikari.HikariDataSource-HikariPool-1 - Starting...
2023-10-16 22:58:48|[main]|INFO |com.zaxxer.hikari.pool.HikariPool-HikariPool-1 - Added connection com.mysql.cj.jdbc.ConnectionImpl@749d7c01
2023-10-16 22:58:48|[main]|INFO |com.zaxxer.hikari.HikariDataSource-HikariPool-1 - Start completed.
2023-10-16 22:58:48|[main]|INFO |org.hibernate.bytecode.internal.BytecodeProviderInitiator-HHH000021: Bytecode provider name : bytebuddy
2023-10-16 22:58:49|[main]|INFO |org.hibernate.engine.transaction.jta.platform.internal.JtaPlatformInitiator-HHH000490: Using JtaPlatform implementation: [org.hibernate.engine.transaction.jta.platform.internal.NoJtaPlatform]
2023-10-16 22:58:49|[main]|INFO |org.springframework.orm.jpa.LocalContainerEntityManagerFactoryBean-Initialized JPA EntityManagerFactory for persistence unit 'default'
2023-10-16 22:58:49|[main]|INFO |org.springframework.data.jpa.repository.query.QueryEnhancerFactory-Hibernate is in classpath; If applicable, HQL parser will be used.
2023-10-16 22:58:50|[main]|WARN |org.springframework.boot.autoconfigure.orm.jpa.JpaBaseConfiguration$JpaWebConfiguration-spring.jpa.open-in-view is enabled by default. Therefore, database queries may be performed during view rendering. Explicitly configure spring.jpa.open-in-view to disable this warning
2023-10-16 22:58:50|[main]|INFO |org.springframework.boot.autoconfigure.web.servlet.WelcomePageHandlerMapping-Adding welcome page template: index
2023-10-16 22:58:51|[main]|INFO |org.apache.coyote.http11.Http11NioProtocol-Starting ProtocolHandler ["http-nio-8087"]
2023-10-16 22:58:51|[main]|WARN |org.springframework.boot.web.servlet.context.AnnotationConfigServletWebServerApplicationContext-Exception encountered during context initialization - cancelling refresh attempt: org.springframework.context.ApplicationContextException: Failed to start bean 'webServerStartStop'
2023-10-16 22:58:51|[main]|INFO |org.springframework.orm.jpa.LocalContainerEntityManagerFactoryBean-Closing JPA EntityManagerFactory for persistence unit 'default'
2023-10-16 22:58:51|[main]|INFO |com.zaxxer.hikari.HikariDataSource-HikariPool-1 - Shutdown initiated...
2023-10-16 22:58:51|[main]|INFO |com.zaxxer.hikari.HikariDataSource-HikariPool-1 - Shutdown completed.
2023-10-16 22:58:51|[main]|INFO |org.apache.coyote.http11.Http11NioProtocol-Pausing ProtocolHandler ["http-nio-8087"]
2023-10-16 22:58:51|[main]|INFO |org.apache.catalina.core.StandardService-Stopping service [Tomcat]
2023-10-16 22:58:51|[main]|INFO |org.apache.coyote.http11.Http11NioProtocol-Stopping ProtocolHandler ["http-nio-8087"]
2023-10-16 22:58:51|[main]|INFO |org.apache.coyote.http11.Http11NioProtocol-Destroying ProtocolHandler ["http-nio-8087"]
2023-10-16 22:58:51|[main]|INFO |org.springframework.boot.autoconfigure.logging.ConditionEvaluationReportLogger-

Error starting ApplicationContext. To display the condition evaluation report re-run your application with 'debug' enabled.
2023-10-16 22:58:51|[main]|ERROR|org.springframework.boot.diagnostics.LoggingFailureAnalysisReporter-

***************************
APPLICATION FAILED TO START
***************************

Description:

Web server failed to start. Port 8087 was already in use.

Action:

Identify and stop the process that's listening on port 8087 or configure this application to listen on another port.

2023-10-16 22:59:43|[main]|INFO |com.harshi.InventoryAndBilling.InventoryAndBillingApplication-Starting InventoryAndBillingApplication using Java 17.0.8.1 with PID 4400 (C:\Users\Asus\Downloads\InventoryAndBilling\InventoryAndBilling\target\classes started by Asus in C:\Users\Asus\Downloads\InventoryAndBilling\InventoryAndBilling)
2023-10-16 22:59:43|[main]|INFO |com.harshi.InventoryAndBilling.InventoryAndBillingApplication-No active profile set, falling back to 1 default profile: "default"
2023-10-16 22:59:43|[main]|INFO |org.springframework.data.repository.config.RepositoryConfigurationDelegate-Bootstrapping Spring Data JPA repositories in DEFAULT mode.
2023-10-16 22:59:43|[main]|INFO |org.springframework.data.repository.config.RepositoryConfigurationDelegate-Finished Spring Data repository scanning in 62 ms. Found 6 JPA repository interfaces.
2023-10-16 22:59:44|[main]|INFO |org.springframework.boot.web.embedded.tomcat.TomcatWebServer-Tomcat initialized with port(s): 8087 (http)
2023-10-16 22:59:44|[main]|INFO |org.apache.coyote.http11.Http11NioProtocol-Initializing ProtocolHandler ["http-nio-8087"]
2023-10-16 22:59:44|[main]|INFO |org.apache.catalina.core.StandardService-Starting service [Tomcat]
2023-10-16 22:59:44|[main]|INFO |org.apache.catalina.core.StandardEngine-Starting Servlet engine: [Apache Tomcat/10.1.12]
2023-10-16 22:59:44|[main]|INFO |org.apache.catalina.core.ContainerBase.[Tomcat].[localhost].[/inventorybilling]-Initializing Spring embedded WebApplicationContext
2023-10-16 22:59:44|[main]|INFO |org.springframework.boot.web.servlet.context.ServletWebServerApplicationContext-Root WebApplicationContext: initialization completed in 1488 ms
2023-10-16 22:59:44|[main]|INFO |org.hibernate.jpa.internal.util.LogHelper-HHH000204: Processing PersistenceUnitInfo [name: default]
2023-10-16 22:59:44|[main]|INFO |org.hibernate.Version-HHH000412: Hibernate ORM core version 6.2.7.Final
2023-10-16 22:59:44|[main]|INFO |org.hibernate.cfg.Environment-HHH000406: Using bytecode reflection optimizer
2023-10-16 22:59:45|[main]|INFO |org.hibernate.bytecode.internal.BytecodeProviderInitiator-HHH000021: Bytecode provider name : bytebuddy
2023-10-16 22:59:45|[main]|INFO |org.springframework.orm.jpa.persistenceunit.SpringPersistenceUnitInfo-No LoadTimeWeaver setup: ignoring JPA class transformer
2023-10-16 22:59:45|[main]|INFO |com.zaxxer.hikari.HikariDataSource-HikariPool-1 - Starting...
2023-10-16 22:59:45|[main]|INFO |com.zaxxer.hikari.pool.HikariPool-HikariPool-1 - Added connection com.mysql.cj.jdbc.ConnectionImpl@5f7cd50e
2023-10-16 22:59:45|[main]|INFO |com.zaxxer.hikari.HikariDataSource-HikariPool-1 - Start completed.
2023-10-16 22:59:45|[main]|INFO |org.hibernate.bytecode.internal.BytecodeProviderInitiator-HHH000021: Bytecode provider name : bytebuddy
2023-10-16 22:59:46|[main]|INFO |org.hibernate.engine.transaction.jta.platform.internal.JtaPlatformInitiator-HHH000490: Using JtaPlatform implementation: [org.hibernate.engine.transaction.jta.platform.internal.NoJtaPlatform]
2023-10-16 22:59:46|[main]|INFO |org.springframework.orm.jpa.LocalContainerEntityManagerFactoryBean-Initialized JPA EntityManagerFactory for persistence unit 'default'
2023-10-16 22:59:46|[main]|INFO |org.springframework.data.jpa.repository.query.QueryEnhancerFactory-Hibernate is in classpath; If applicable, HQL parser will be used.
2023-10-16 22:59:47|[main]|WARN |org.springframework.boot.autoconfigure.orm.jpa.JpaBaseConfiguration$JpaWebConfiguration-spring.jpa.open-in-view is enabled by default. Therefore, database queries may be performed during view rendering. Explicitly configure spring.jpa.open-in-view to disable this warning
2023-10-16 22:59:47|[main]|INFO |org.springframework.boot.autoconfigure.web.servlet.WelcomePageHandlerMapping-Adding welcome page template: index
2023-10-16 22:59:47|[main]|INFO |org.apache.coyote.http11.Http11NioProtocol-Starting ProtocolHandler ["http-nio-8087"]
2023-10-16 22:59:47|[main]|INFO |org.springframework.boot.web.embedded.tomcat.TomcatWebServer-Tomcat started on port(s): 8087 (http) with context path '/inventorybilling'
2023-10-16 22:59:47|[main]|INFO |com.harshi.InventoryAndBilling.InventoryAndBillingApplication-Started InventoryAndBillingApplication in 5.097 seconds (process running for 5.705)
2023-10-16 23:00:08|[http-nio-8087-exec-1]|INFO |org.apache.catalina.core.ContainerBase.[Tomcat].[localhost].[/inventorybilling]-Initializing Spring DispatcherServlet 'dispatcherServlet'
2023-10-16 23:00:08|[http-nio-8087-exec-1]|INFO |org.springframework.web.servlet.DispatcherServlet-Initializing Servlet 'dispatcherServlet'
2023-10-16 23:00:08|[http-nio-8087-exec-1]|INFO |org.springframework.web.servlet.DispatcherServlet-Completed initialization in 3 ms
2023-10-16 23:00:10|[http-nio-8087-exec-4]|INFO |com.harshi.InventoryAndBilling.controllers.UserController-Inside to showLoginPage() on UserController
2023-10-16 23:00:16|[http-nio-8087-exec-3]|INFO |com.harshi.InventoryAndBilling.controllers.UserController-Inside showLoginPage() with email - ayush11006on UserController
2023-10-16 23:00:16|[http-nio-8087-exec-3]|INFO |com.harshi.InventoryAndBilling.controllers.UserController-Redirecting landing.html
2023-10-16 23:00:24|[http-nio-8087-exec-2]|INFO |com.harshi.InventoryAndBilling.controllers.WarehouseController-Inside showWarehouseList() on WarehouseController
2023-10-16 23:00:26|[http-nio-8087-exec-5]|INFO |com.harshi.InventoryAndBilling.controllers.WarehouseController-Inside showAddWarehouse() on WarehouseController
2023-10-16 23:00:58|[http-nio-8087-exec-6]|INFO |com.harshi.InventoryAndBilling.controllers.DashboardController-Redirecting landing.html
2023-10-16 23:03:03|[main]|INFO |com.harshi.InventoryAndBilling.InventoryAndBillingApplication-Starting InventoryAndBillingApplication using Java 17.0.8.1 with PID 14580 (C:\Users\Asus\Downloads\InventoryAndBilling\InventoryAndBilling\target\classes started by Asus in C:\Users\Asus\Downloads\InventoryAndBilling\InventoryAndBilling)
2023-10-16 23:03:03|[main]|INFO |com.harshi.InventoryAndBilling.InventoryAndBillingApplication-No active profile set, falling back to 1 default profile: "default"
2023-10-16 23:03:04|[main]|INFO |org.springframework.data.repository.config.RepositoryConfigurationDelegate-Bootstrapping Spring Data JPA repositories in DEFAULT mode.
2023-10-16 23:03:04|[main]|INFO |org.springframework.data.repository.config.RepositoryConfigurationDelegate-Finished Spring Data repository scanning in 102 ms. Found 6 JPA repository interfaces.
2023-10-16 23:03:05|[main]|INFO |org.springframework.boot.web.embedded.tomcat.TomcatWebServer-Tomcat initialized with port(s): 8087 (http)
2023-10-16 23:03:05|[main]|INFO |org.apache.coyote.http11.Http11NioProtocol-Initializing ProtocolHandler ["http-nio-8087"]
2023-10-16 23:03:05|[main]|INFO |org.apache.catalina.core.StandardService-Starting service [Tomcat]
2023-10-16 23:03:05|[main]|INFO |org.apache.catalina.core.StandardEngine-Starting Servlet engine: [Apache Tomcat/10.1.12]
2023-10-16 23:03:05|[main]|INFO |org.apache.catalina.core.ContainerBase.[Tomcat].[localhost].[/inventorybilling]-Initializing Spring embedded WebApplicationContext
2023-10-16 23:03:05|[main]|INFO |org.springframework.boot.web.servlet.context.ServletWebServerApplicationContext-Root WebApplicationContext: initialization completed in 1743 ms
2023-10-16 23:03:05|[main]|INFO |org.hibernate.jpa.internal.util.LogHelper-HHH000204: Processing PersistenceUnitInfo [name: default]
2023-10-16 23:03:05|[main]|INFO |org.hibernate.Version-HHH000412: Hibernate ORM core version 6.2.7.Final
2023-10-16 23:03:05|[main]|INFO |org.hibernate.cfg.Environment-HHH000406: Using bytecode reflection optimizer
2023-10-16 23:03:05|[main]|INFO |org.hibernate.bytecode.internal.BytecodeProviderInitiator-HHH000021: Bytecode provider name : bytebuddy
2023-10-16 23:03:06|[main]|INFO |org.springframework.orm.jpa.persistenceunit.SpringPersistenceUnitInfo-No LoadTimeWeaver setup: ignoring JPA class transformer
2023-10-16 23:03:06|[main]|INFO |com.zaxxer.hikari.HikariDataSource-HikariPool-1 - Starting...
2023-10-16 23:03:06|[main]|INFO |com.zaxxer.hikari.pool.HikariPool-HikariPool-1 - Added connection com.mysql.cj.jdbc.ConnectionImpl@401ec794
2023-10-16 23:03:06|[main]|INFO |com.zaxxer.hikari.HikariDataSource-HikariPool-1 - Start completed.
2023-10-16 23:03:06|[main]|INFO |org.hibernate.bytecode.internal.BytecodeProviderInitiator-HHH000021: Bytecode provider name : bytebuddy
2023-10-16 23:03:07|[main]|INFO |org.hibernate.engine.transaction.jta.platform.internal.JtaPlatformInitiator-HHH000490: Using JtaPlatform implementation: [org.hibernate.engine.transaction.jta.platform.internal.NoJtaPlatform]
2023-10-16 23:03:07|[main]|INFO |org.springframework.orm.jpa.LocalContainerEntityManagerFactoryBean-Initialized JPA EntityManagerFactory for persistence unit 'default'
2023-10-16 23:03:07|[main]|INFO |org.springframework.data.jpa.repository.query.QueryEnhancerFactory-Hibernate is in classpath; If applicable, HQL parser will be used.
2023-10-16 23:03:08|[main]|WARN |org.springframework.boot.autoconfigure.orm.jpa.JpaBaseConfiguration$JpaWebConfiguration-spring.jpa.open-in-view is enabled by default. Therefore, database queries may be performed during view rendering. Explicitly configure spring.jpa.open-in-view to disable this warning
2023-10-16 23:03:08|[main]|INFO |org.springframework.boot.autoconfigure.web.servlet.WelcomePageHandlerMapping-Adding welcome page template: index
2023-10-16 23:03:08|[main]|INFO |org.apache.coyote.http11.Http11NioProtocol-Starting ProtocolHandler ["http-nio-8087"]
2023-10-16 23:03:08|[main]|INFO |org.springframework.boot.web.embedded.tomcat.TomcatWebServer-Tomcat started on port(s): 8087 (http) with context path '/inventorybilling'
2023-10-16 23:03:08|[main]|INFO |com.harshi.InventoryAndBilling.InventoryAndBillingApplication-Started InventoryAndBillingApplication in 5.4 seconds (process running for 6.012)
2023-10-16 23:03:23|[http-nio-8087-exec-1]|INFO |org.apache.catalina.core.ContainerBase.[Tomcat].[localhost].[/inventorybilling]-Initializing Spring DispatcherServlet 'dispatcherServlet'
2023-10-16 23:03:23|[http-nio-8087-exec-1]|INFO |org.springframework.web.servlet.DispatcherServlet-Initializing Servlet 'dispatcherServlet'
2023-10-16 23:03:23|[http-nio-8087-exec-1]|INFO |org.springframework.web.servlet.DispatcherServlet-Completed initialization in 0 ms
2023-10-16 23:03:27|[http-nio-8087-exec-2]|INFO |com.harshi.InventoryAndBilling.controllers.UserController-Inside to showLoginPage() on UserController
2023-10-16 23:03:32|[http-nio-8087-exec-3]|INFO |com.harshi.InventoryAndBilling.controllers.UserController-Inside showLoginPage() with email - ayush11006on UserController
2023-10-16 23:03:32|[http-nio-8087-exec-3]|INFO |com.harshi.InventoryAndBilling.controllers.UserController-Redirecting landing.html
2023-10-16 23:03:37|[http-nio-8087-exec-4]|INFO |com.harshi.InventoryAndBilling.controllers.WarehouseController-Inside showWarehouseList() on WarehouseController
2023-10-16 23:04:01|[http-nio-8087-exec-6]|INFO |com.harshi.InventoryAndBilling.controllers.WarehouseController-Inside showAddWarehouse() on WarehouseController
2023-10-16 23:04:09|[http-nio-8087-exec-7]|INFO |com.harshi.InventoryAndBilling.controllers.WarehouseController-Inside showWarehouseList() on WarehouseController
2023-10-16 23:06:14|[main]|INFO |com.harshi.InventoryAndBilling.InventoryAndBillingApplication-Starting InventoryAndBillingApplication using Java 17.0.8.1 with PID 21140 (C:\Users\Asus\Downloads\InventoryAndBilling\InventoryAndBilling\target\classes started by Asus in C:\Users\Asus\Downloads\InventoryAndBilling\InventoryAndBilling)
2023-10-16 23:06:14|[main]|INFO |com.harshi.InventoryAndBilling.InventoryAndBillingApplication-No active profile set, falling back to 1 default profile: "default"
2023-10-16 23:06:15|[main]|INFO |org.springframework.data.repository.config.RepositoryConfigurationDelegate-Bootstrapping Spring Data JPA repositories in DEFAULT mode.
2023-10-16 23:06:15|[main]|INFO |org.springframework.data.repository.config.RepositoryConfigurationDelegate-Finished Spring Data repository scanning in 75 ms. Found 6 JPA repository interfaces.
2023-10-16 23:06:15|[main]|INFO |org.springframework.boot.web.embedded.tomcat.TomcatWebServer-Tomcat initialized with port(s): 8087 (http)
2023-10-16 23:06:15|[main]|INFO |org.apache.coyote.http11.Http11NioProtocol-Initializing ProtocolHandler ["http-nio-8087"]
2023-10-16 23:06:15|[main]|INFO |org.apache.catalina.core.StandardService-Starting service [Tomcat]
2023-10-16 23:06:15|[main]|INFO |org.apache.catalina.core.StandardEngine-Starting Servlet engine: [Apache Tomcat/10.1.12]
2023-10-16 23:06:15|[main]|INFO |org.apache.catalina.core.ContainerBase.[Tomcat].[localhost].[/inventorybilling]-Initializing Spring embedded WebApplicationContext
2023-10-16 23:06:15|[main]|INFO |org.springframework.boot.web.servlet.context.ServletWebServerApplicationContext-Root WebApplicationContext: initialization completed in 1586 ms
2023-10-16 23:06:16|[main]|INFO |org.hibernate.jpa.internal.util.LogHelper-HHH000204: Processing PersistenceUnitInfo [name: default]
2023-10-16 23:06:16|[main]|INFO |org.hibernate.Version-HHH000412: Hibernate ORM core version 6.2.7.Final
2023-10-16 23:06:16|[main]|INFO |org.hibernate.cfg.Environment-HHH000406: Using bytecode reflection optimizer
2023-10-16 23:06:16|[main]|INFO |org.hibernate.bytecode.internal.BytecodeProviderInitiator-HHH000021: Bytecode provider name : bytebuddy
2023-10-16 23:06:16|[main]|INFO |org.springframework.orm.jpa.persistenceunit.SpringPersistenceUnitInfo-No LoadTimeWeaver setup: ignoring JPA class transformer
2023-10-16 23:06:16|[main]|INFO |com.zaxxer.hikari.HikariDataSource-HikariPool-1 - Starting...
2023-10-16 23:06:16|[main]|INFO |com.zaxxer.hikari.pool.HikariPool-HikariPool-1 - Added connection com.mysql.cj.jdbc.ConnectionImpl@311a0b3e
2023-10-16 23:06:16|[main]|INFO |com.zaxxer.hikari.HikariDataSource-HikariPool-1 - Start completed.
2023-10-16 23:06:17|[main]|INFO |org.hibernate.bytecode.internal.BytecodeProviderInitiator-HHH000021: Bytecode provider name : bytebuddy
2023-10-16 23:06:17|[main]|INFO |org.hibernate.engine.transaction.jta.platform.internal.JtaPlatformInitiator-HHH000490: Using JtaPlatform implementation: [org.hibernate.engine.transaction.jta.platform.internal.NoJtaPlatform]
2023-10-16 23:06:17|[main]|INFO |org.springframework.orm.jpa.LocalContainerEntityManagerFactoryBean-Initialized JPA EntityManagerFactory for persistence unit 'default'
2023-10-16 23:06:18|[main]|INFO |org.springframework.data.jpa.repository.query.QueryEnhancerFactory-Hibernate is in classpath; If applicable, HQL parser will be used.
2023-10-16 23:06:18|[main]|WARN |org.springframework.boot.autoconfigure.orm.jpa.JpaBaseConfiguration$JpaWebConfiguration-spring.jpa.open-in-view is enabled by default. Therefore, database queries may be performed during view rendering. Explicitly configure spring.jpa.open-in-view to disable this warning
2023-10-16 23:06:18|[main]|INFO |org.springframework.boot.autoconfigure.web.servlet.WelcomePageHandlerMapping-Adding welcome page template: index
2023-10-16 23:06:19|[main]|INFO |org.apache.coyote.http11.Http11NioProtocol-Starting ProtocolHandler ["http-nio-8087"]
2023-10-16 23:06:19|[main]|INFO |org.springframework.boot.web.embedded.tomcat.TomcatWebServer-Tomcat started on port(s): 8087 (http) with context path '/inventorybilling'
2023-10-16 23:06:19|[main]|INFO |com.harshi.InventoryAndBilling.InventoryAndBillingApplication-Started InventoryAndBillingApplication in 5.058 seconds (process running for 5.71)
2023-10-16 23:06:29|[http-nio-8087-exec-1]|INFO |org.apache.catalina.core.ContainerBase.[Tomcat].[localhost].[/inventorybilling]-Initializing Spring DispatcherServlet 'dispatcherServlet'
2023-10-16 23:06:29|[http-nio-8087-exec-1]|INFO |org.springframework.web.servlet.DispatcherServlet-Initializing Servlet 'dispatcherServlet'
2023-10-16 23:06:29|[http-nio-8087-exec-1]|INFO |org.springframework.web.servlet.DispatcherServlet-Completed initialization in 14 ms
2023-10-16 23:06:31|[http-nio-8087-exec-2]|INFO |com.harshi.InventoryAndBilling.controllers.UserController-Inside to showLoginPage() on UserController
2023-10-16 23:06:35|[http-nio-8087-exec-3]|INFO |com.harshi.InventoryAndBilling.controllers.UserController-Inside showLoginPage() with email - ayush11006on UserController
2023-10-16 23:06:35|[http-nio-8087-exec-3]|INFO |com.harshi.InventoryAndBilling.controllers.UserController-Redirecting landing.html
2023-10-16 23:06:40|[http-nio-8087-exec-4]|INFO |com.harshi.InventoryAndBilling.controllers.WarehouseController-Inside showWarehouseList() on WarehouseController
2023-10-16 23:08:23|[main]|INFO |com.harshi.InventoryAndBilling.InventoryAndBillingApplication-Starting InventoryAndBillingApplication using Java 17.0.8.1 with PID 1752 (C:\Users\Asus\Downloads\InventoryAndBilling\InventoryAndBilling\target\classes started by Asus in C:\Users\Asus\Downloads\InventoryAndBilling\InventoryAndBilling)
2023-10-16 23:08:23|[main]|INFO |com.harshi.InventoryAndBilling.InventoryAndBillingApplication-No active profile set, falling back to 1 default profile: "default"
2023-10-16 23:08:24|[main]|INFO |org.springframework.data.repository.config.RepositoryConfigurationDelegate-Bootstrapping Spring Data JPA repositories in DEFAULT mode.
2023-10-16 23:08:24|[main]|INFO |org.springframework.data.repository.config.RepositoryConfigurationDelegate-Finished Spring Data repository scanning in 82 ms. Found 6 JPA repository interfaces.
2023-10-16 23:08:24|[main]|INFO |org.springframework.boot.web.embedded.tomcat.TomcatWebServer-Tomcat initialized with port(s): 8087 (http)
2023-10-16 23:08:24|[main]|INFO |org.apache.coyote.http11.Http11NioProtocol-Initializing ProtocolHandler ["http-nio-8087"]
2023-10-16 23:08:24|[main]|INFO |org.apache.catalina.core.StandardService-Starting service [Tomcat]
2023-10-16 23:08:24|[main]|INFO |org.apache.catalina.core.StandardEngine-Starting Servlet engine: [Apache Tomcat/10.1.12]
2023-10-16 23:08:25|[main]|INFO |org.apache.catalina.core.ContainerBase.[Tomcat].[localhost].[/inventorybilling]-Initializing Spring embedded WebApplicationContext
2023-10-16 23:08:25|[main]|INFO |org.springframework.boot.web.servlet.context.ServletWebServerApplicationContext-Root WebApplicationContext: initialization completed in 1831 ms
2023-10-16 23:08:25|[main]|INFO |org.hibernate.jpa.internal.util.LogHelper-HHH000204: Processing PersistenceUnitInfo [name: default]
2023-10-16 23:08:25|[main]|INFO |org.hibernate.Version-HHH000412: Hibernate ORM core version 6.2.7.Final
2023-10-16 23:08:25|[main]|INFO |org.hibernate.cfg.Environment-HHH000406: Using bytecode reflection optimizer
2023-10-16 23:08:25|[main]|INFO |org.hibernate.bytecode.internal.BytecodeProviderInitiator-HHH000021: Bytecode provider name : bytebuddy
2023-10-16 23:08:25|[main]|INFO |org.springframework.orm.jpa.persistenceunit.SpringPersistenceUnitInfo-No LoadTimeWeaver setup: ignoring JPA class transformer
2023-10-16 23:08:25|[main]|INFO |com.zaxxer.hikari.HikariDataSource-HikariPool-1 - Starting...
2023-10-16 23:08:26|[main]|INFO |com.zaxxer.hikari.pool.HikariPool-HikariPool-1 - Added connection com.mysql.cj.jdbc.ConnectionImpl@5f7cd50e
2023-10-16 23:08:26|[main]|INFO |com.zaxxer.hikari.HikariDataSource-HikariPool-1 - Start completed.
2023-10-16 23:08:26|[main]|INFO |org.hibernate.bytecode.internal.BytecodeProviderInitiator-HHH000021: Bytecode provider name : bytebuddy
2023-10-16 23:08:27|[main]|INFO |org.hibernate.engine.transaction.jta.platform.internal.JtaPlatformInitiator-HHH000490: Using JtaPlatform implementation: [org.hibernate.engine.transaction.jta.platform.internal.NoJtaPlatform]
2023-10-16 23:08:27|[main]|INFO |org.springframework.orm.jpa.LocalContainerEntityManagerFactoryBean-Initialized JPA EntityManagerFactory for persistence unit 'default'
2023-10-16 23:08:28|[main]|INFO |org.springframework.data.jpa.repository.query.QueryEnhancerFactory-Hibernate is in classpath; If applicable, HQL parser will be used.
2023-10-16 23:08:29|[main]|WARN |org.springframework.boot.autoconfigure.orm.jpa.JpaBaseConfiguration$JpaWebConfiguration-spring.jpa.open-in-view is enabled by default. Therefore, database queries may be performed during view rendering. Explicitly configure spring.jpa.open-in-view to disable this warning
2023-10-16 23:08:29|[main]|INFO |org.springframework.boot.autoconfigure.web.servlet.WelcomePageHandlerMapping-Adding welcome page template: index
2023-10-16 23:08:29|[main]|INFO |org.apache.coyote.http11.Http11NioProtocol-Starting ProtocolHandler ["http-nio-8087"]
2023-10-16 23:08:29|[main]|INFO |org.springframework.boot.web.embedded.tomcat.TomcatWebServer-Tomcat started on port(s): 8087 (http) with context path '/inventorybilling'
2023-10-16 23:08:29|[main]|INFO |com.harshi.InventoryAndBilling.InventoryAndBillingApplication-Started InventoryAndBillingApplication in 6.902 seconds (process running for 7.52)
2023-10-16 23:08:33|[http-nio-8087-exec-1]|INFO |org.apache.catalina.core.ContainerBase.[Tomcat].[localhost].[/inventorybilling]-Initializing Spring DispatcherServlet 'dispatcherServlet'
2023-10-16 23:08:33|[http-nio-8087-exec-1]|INFO |org.springframework.web.servlet.DispatcherServlet-Initializing Servlet 'dispatcherServlet'
2023-10-16 23:08:33|[http-nio-8087-exec-1]|INFO |org.springframework.web.servlet.DispatcherServlet-Completed initialization in 3 ms
2023-10-16 23:08:35|[http-nio-8087-exec-2]|INFO |com.harshi.InventoryAndBilling.controllers.UserController-Inside to showLoginPage() on UserController
2023-10-16 23:08:39|[http-nio-8087-exec-3]|INFO |com.harshi.InventoryAndBilling.controllers.UserController-Inside showLoginPage() with email - ayush11006on UserController
2023-10-16 23:08:40|[http-nio-8087-exec-3]|INFO |com.harshi.InventoryAndBilling.controllers.UserController-Redirecting landing.html
2023-10-16 23:08:43|[http-nio-8087-exec-4]|INFO |com.harshi.InventoryAndBilling.controllers.WarehouseController-Inside showWarehouseList() on WarehouseController
2023-10-16 23:08:47|[http-nio-8087-exec-5]|INFO |com.harshi.InventoryAndBilling.controllers.WarehouseController-Inside showAddWarehouse() on WarehouseController
2023-10-16 23:08:53|[http-nio-8087-exec-6]|INFO |com.harshi.InventoryAndBilling.controllers.WarehouseController-Inside showWarehouseList() on WarehouseController
2023-10-16 23:10:19|[http-nio-8087-exec-1]|INFO |com.harshi.InventoryAndBilling.controllers.UserController-Inside to showLoginPage() on UserController
2023-10-16 23:10:23|[http-nio-8087-exec-2]|INFO |com.harshi.InventoryAndBilling.controllers.UserController-Inside showLoginPage() with email - ayush11006on UserController
2023-10-16 23:10:23|[http-nio-8087-exec-2]|INFO |com.harshi.InventoryAndBilling.controllers.UserController-Redirecting landing.html
2023-10-16 23:10:25|[http-nio-8087-exec-3]|INFO |com.harshi.InventoryAndBilling.controllers.ProductController-Inside showAvailableProducts() on DashboardController
2023-10-16 23:10:31|[http-nio-8087-exec-4]|INFO |com.harshi.InventoryAndBilling.controllers.ProductController-Inside showAddProducts() on DashboardController
2023-10-16 23:10:46|[http-nio-8087-exec-5]|INFO |com.harshi.InventoryAndBilling.controllers.ProductController-Inside showAvailableProducts() on DashboardController
2023-10-16 23:11:10|[http-nio-8087-exec-7]|INFO |com.harshi.InventoryAndBilling.controllers.WarehouseController-Inside showWarehouseList() on WarehouseController
2023-10-16 23:11:12|[http-nio-8087-exec-8]|INFO |com.harshi.InventoryAndBilling.controllers.WarehouseController-Inside showAddWarehouse() on WarehouseController
2023-10-16 23:11:16|[http-nio-8087-exec-9]|INFO |com.harshi.InventoryAndBilling.controllers.WarehouseController-Inside showWarehouseList() on WarehouseController
2023-10-16 23:11:28|[http-nio-8087-exec-4]|INFO |com.harshi.InventoryAndBilling.controllers.WarehouseController-Inside showWarehouseList() on WarehouseController
2023-10-16 23:11:31|[http-nio-8087-exec-5]|INFO |com.harshi.InventoryAndBilling.controllers.DashboardController-Redirecting landing.html
2023-10-16 23:23:27|[main]|INFO |com.harshi.InventoryAndBilling.InventoryAndBillingApplication-Starting InventoryAndBillingApplication using Java 17.0.8.1 with PID 13096 (C:\Users\Asus\Downloads\InventoryAndBilling\InventoryAndBilling\target\classes started by Asus in C:\Users\Asus\Downloads\InventoryAndBilling\InventoryAndBilling)
2023-10-16 23:23:27|[main]|INFO |com.harshi.InventoryAndBilling.InventoryAndBillingApplication-No active profile set, falling back to 1 default profile: "default"
2023-10-16 23:23:28|[main]|INFO |org.springframework.data.repository.config.RepositoryConfigurationDelegate-Bootstrapping Spring Data JPA repositories in DEFAULT mode.
2023-10-16 23:23:28|[main]|INFO |org.springframework.data.repository.config.RepositoryConfigurationDelegate-Finished Spring Data repository scanning in 73 ms. Found 6 JPA repository interfaces.
2023-10-16 23:23:28|[main]|INFO |org.springframework.boot.web.embedded.tomcat.TomcatWebServer-Tomcat initialized with port(s): 8087 (http)
2023-10-16 23:23:28|[main]|INFO |org.apache.coyote.http11.Http11NioProtocol-Initializing ProtocolHandler ["http-nio-8087"]
2023-10-16 23:23:28|[main]|INFO |org.apache.catalina.core.StandardService-Starting service [Tomcat]
2023-10-16 23:23:28|[main]|INFO |org.apache.catalina.core.StandardEngine-Starting Servlet engine: [Apache Tomcat/10.1.12]
2023-10-16 23:23:29|[main]|INFO |org.apache.catalina.core.ContainerBase.[Tomcat].[localhost].[/inventorybilling]-Initializing Spring embedded WebApplicationContext
2023-10-16 23:23:29|[main]|INFO |org.springframework.boot.web.servlet.context.ServletWebServerApplicationContext-Root WebApplicationContext: initialization completed in 1551 ms
2023-10-16 23:23:29|[main]|INFO |org.hibernate.jpa.internal.util.LogHelper-HHH000204: Processing PersistenceUnitInfo [name: default]
2023-10-16 23:23:29|[main]|INFO |org.hibernate.Version-HHH000412: Hibernate ORM core version 6.2.7.Final
2023-10-16 23:23:29|[main]|INFO |org.hibernate.cfg.Environment-HHH000406: Using bytecode reflection optimizer
2023-10-16 23:23:29|[main]|INFO |org.hibernate.bytecode.internal.BytecodeProviderInitiator-HHH000021: Bytecode provider name : bytebuddy
2023-10-16 23:23:29|[main]|INFO |org.springframework.orm.jpa.persistenceunit.SpringPersistenceUnitInfo-No LoadTimeWeaver setup: ignoring JPA class transformer
2023-10-16 23:23:29|[main]|INFO |com.zaxxer.hikari.HikariDataSource-HikariPool-1 - Starting...
2023-10-16 23:23:29|[main]|INFO |com.zaxxer.hikari.pool.HikariPool-HikariPool-1 - Added connection com.mysql.cj.jdbc.ConnectionImpl@401ec794
2023-10-16 23:23:29|[main]|INFO |com.zaxxer.hikari.HikariDataSource-HikariPool-1 - Start completed.
2023-10-16 23:23:30|[main]|INFO |org.hibernate.bytecode.internal.BytecodeProviderInitiator-HHH000021: Bytecode provider name : bytebuddy
2023-10-16 23:23:30|[main]|INFO |org.hibernate.engine.transaction.jta.platform.internal.JtaPlatformInitiator-HHH000490: Using JtaPlatform implementation: [org.hibernate.engine.transaction.jta.platform.internal.NoJtaPlatform]
2023-10-16 23:23:31|[main]|INFO |org.springframework.orm.jpa.LocalContainerEntityManagerFactoryBean-Initialized JPA EntityManagerFactory for persistence unit 'default'
2023-10-16 23:23:31|[main]|INFO |org.springframework.data.jpa.repository.query.QueryEnhancerFactory-Hibernate is in classpath; If applicable, HQL parser will be used.
2023-10-16 23:23:31|[main]|WARN |org.springframework.boot.autoconfigure.orm.jpa.JpaBaseConfiguration$JpaWebConfiguration-spring.jpa.open-in-view is enabled by default. Therefore, database queries may be performed during view rendering. Explicitly configure spring.jpa.open-in-view to disable this warning
2023-10-16 23:23:32|[main]|INFO |org.springframework.boot.autoconfigure.web.servlet.WelcomePageHandlerMapping-Adding welcome page template: index
2023-10-16 23:23:32|[main]|INFO |org.apache.coyote.http11.Http11NioProtocol-Starting ProtocolHandler ["http-nio-8087"]
2023-10-16 23:23:32|[main]|INFO |org.springframework.boot.web.embedded.tomcat.TomcatWebServer-Tomcat started on port(s): 8087 (http) with context path '/inventorybilling'
2023-10-16 23:23:32|[main]|INFO |com.harshi.InventoryAndBilling.InventoryAndBillingApplication-Started InventoryAndBillingApplication in 5.255 seconds (process running for 5.833)
2023-10-16 23:24:22|[http-nio-8087-exec-1]|INFO |org.apache.catalina.core.ContainerBase.[Tomcat].[localhost].[/inventorybilling]-Initializing Spring DispatcherServlet 'dispatcherServlet'
2023-10-16 23:24:22|[http-nio-8087-exec-1]|INFO |org.springframework.web.servlet.DispatcherServlet-Initializing Servlet 'dispatcherServlet'
2023-10-16 23:24:22|[http-nio-8087-exec-1]|INFO |org.springframework.web.servlet.DispatcherServlet-Completed initialization in 2 ms
2023-10-16 23:24:24|[http-nio-8087-exec-2]|INFO |com.harshi.InventoryAndBilling.controllers.UserController-Inside to showLoginPage() on UserController
2023-10-16 23:24:29|[http-nio-8087-exec-3]|INFO |com.harshi.InventoryAndBilling.controllers.UserController-Inside showLoginPage() with email - ayush11006on UserController
2023-10-16 23:24:29|[http-nio-8087-exec-3]|INFO |com.harshi.InventoryAndBilling.controllers.UserController-Redirecting landing.html
2023-10-16 23:24:47|[http-nio-8087-exec-7]|INFO |com.harshi.InventoryAndBilling.controllers.DashboardController-Redirecting landing.html
2023-10-16 23:25:13|[main]|INFO |com.harshi.InventoryAndBilling.InventoryAndBillingApplication-Starting InventoryAndBillingApplication using Java 17.0.8.1 with PID 13112 (C:\Users\Asus\Downloads\InventoryAndBilling\InventoryAndBilling\target\classes started by Asus in C:\Users\Asus\Downloads\InventoryAndBilling\InventoryAndBilling)
2023-10-16 23:25:13|[main]|INFO |com.harshi.InventoryAndBilling.InventoryAndBillingApplication-No active profile set, falling back to 1 default profile: "default"
2023-10-16 23:25:13|[main]|INFO |org.springframework.data.repository.config.RepositoryConfigurationDelegate-Bootstrapping Spring Data JPA repositories in DEFAULT mode.
2023-10-16 23:25:13|[main]|INFO |org.springframework.data.repository.config.RepositoryConfigurationDelegate-Finished Spring Data repository scanning in 82 ms. Found 6 JPA repository interfaces.
2023-10-16 23:25:14|[main]|INFO |org.springframework.boot.web.embedded.tomcat.TomcatWebServer-Tomcat initialized with port(s): 8087 (http)
2023-10-16 23:25:15|[main]|INFO |org.apache.coyote.http11.Http11NioProtocol-Initializing ProtocolHandler ["http-nio-8087"]
2023-10-16 23:25:15|[main]|INFO |org.apache.catalina.core.StandardService-Starting service [Tomcat]
2023-10-16 23:25:15|[main]|INFO |org.apache.catalina.core.StandardEngine-Starting Servlet engine: [Apache Tomcat/10.1.12]
2023-10-16 23:25:15|[main]|INFO |org.apache.catalina.core.ContainerBase.[Tomcat].[localhost].[/inventorybilling]-Initializing Spring embedded WebApplicationContext
2023-10-16 23:25:15|[main]|INFO |org.springframework.boot.web.servlet.context.ServletWebServerApplicationContext-Root WebApplicationContext: initialization completed in 1964 ms
2023-10-16 23:25:15|[main]|INFO |org.hibernate.jpa.internal.util.LogHelper-HHH000204: Processing PersistenceUnitInfo [name: default]
2023-10-16 23:25:15|[main]|INFO |org.hibernate.Version-HHH000412: Hibernate ORM core version 6.2.7.Final
2023-10-16 23:25:15|[main]|INFO |org.hibernate.cfg.Environment-HHH000406: Using bytecode reflection optimizer
2023-10-16 23:25:15|[main]|INFO |org.hibernate.bytecode.internal.BytecodeProviderInitiator-HHH000021: Bytecode provider name : bytebuddy
2023-10-16 23:25:15|[main]|INFO |org.springframework.orm.jpa.persistenceunit.SpringPersistenceUnitInfo-No LoadTimeWeaver setup: ignoring JPA class transformer
2023-10-16 23:25:15|[main]|INFO |com.zaxxer.hikari.HikariDataSource-HikariPool-1 - Starting...
2023-10-16 23:25:16|[main]|INFO |com.zaxxer.hikari.pool.HikariPool-HikariPool-1 - Added connection com.mysql.cj.jdbc.ConnectionImpl@5f7cd50e
2023-10-16 23:25:16|[main]|INFO |com.zaxxer.hikari.HikariDataSource-HikariPool-1 - Start completed.
2023-10-16 23:25:17|[main]|INFO |org.hibernate.bytecode.internal.BytecodeProviderInitiator-HHH000021: Bytecode provider name : bytebuddy
2023-10-16 23:25:18|[main]|INFO |org.hibernate.engine.transaction.jta.platform.internal.JtaPlatformInitiator-HHH000490: Using JtaPlatform implementation: [org.hibernate.engine.transaction.jta.platform.internal.NoJtaPlatform]
2023-10-16 23:25:18|[main]|INFO |org.springframework.orm.jpa.LocalContainerEntityManagerFactoryBean-Initialized JPA EntityManagerFactory for persistence unit 'default'
2023-10-16 23:25:18|[main]|INFO |org.springframework.data.jpa.repository.query.QueryEnhancerFactory-Hibernate is in classpath; If applicable, HQL parser will be used.
2023-10-16 23:25:19|[main]|WARN |org.springframework.boot.autoconfigure.orm.jpa.JpaBaseConfiguration$JpaWebConfiguration-spring.jpa.open-in-view is enabled by default. Therefore, database queries may be performed during view rendering. Explicitly configure spring.jpa.open-in-view to disable this warning
2023-10-16 23:25:19|[main]|INFO |org.springframework.boot.autoconfigure.web.servlet.WelcomePageHandlerMapping-Adding welcome page template: index
2023-10-16 23:25:19|[main]|INFO |org.apache.coyote.http11.Http11NioProtocol-Starting ProtocolHandler ["http-nio-8087"]
2023-10-16 23:25:19|[main]|INFO |org.springframework.boot.web.embedded.tomcat.TomcatWebServer-Tomcat started on port(s): 8087 (http) with context path '/inventorybilling'
2023-10-16 23:25:19|[main]|INFO |com.harshi.InventoryAndBilling.InventoryAndBillingApplication-Started InventoryAndBillingApplication in 6.74 seconds (process running for 7.336)
2023-10-16 23:25:58|[http-nio-8087-exec-1]|INFO |org.apache.catalina.core.ContainerBase.[Tomcat].[localhost].[/inventorybilling]-Initializing Spring DispatcherServlet 'dispatcherServlet'
2023-10-16 23:25:58|[http-nio-8087-exec-1]|INFO |org.springframework.web.servlet.DispatcherServlet-Initializing Servlet 'dispatcherServlet'
2023-10-16 23:25:58|[http-nio-8087-exec-1]|INFO |org.springframework.web.servlet.DispatcherServlet-Completed initialization in 5 ms
2023-10-16 23:26:00|[http-nio-8087-exec-2]|INFO |com.harshi.InventoryAndBilling.controllers.UserController-Inside to showLoginPage() on UserController
2023-10-16 23:26:04|[http-nio-8087-exec-3]|INFO |com.harshi.InventoryAndBilling.controllers.UserController-Inside showLoginPage() with email - ayush11006on UserController
2023-10-16 23:26:04|[http-nio-8087-exec-3]|INFO |com.harshi.InventoryAndBilling.controllers.UserController-Redirecting landing.html
2023-10-16 23:26:13|[http-nio-8087-exec-6]|INFO |com.harshi.InventoryAndBilling.controllers.DashboardController-Redirecting landing.html
2023-10-16 23:26:31|[main]|INFO |com.harshi.InventoryAndBilling.InventoryAndBillingApplication-Starting InventoryAndBillingApplication using Java 17.0.8.1 with PID 5108 (C:\Users\Asus\Downloads\InventoryAndBilling\InventoryAndBilling\target\classes started by Asus in C:\Users\Asus\Downloads\InventoryAndBilling\InventoryAndBilling)
2023-10-16 23:26:31|[main]|INFO |com.harshi.InventoryAndBilling.InventoryAndBillingApplication-No active profile set, falling back to 1 default profile: "default"
2023-10-16 23:26:32|[main]|INFO |org.springframework.data.repository.config.RepositoryConfigurationDelegate-Bootstrapping Spring Data JPA repositories in DEFAULT mode.
2023-10-16 23:26:32|[main]|INFO |org.springframework.data.repository.config.RepositoryConfigurationDelegate-Finished Spring Data repository scanning in 67 ms. Found 6 JPA repository interfaces.
2023-10-16 23:26:33|[main]|INFO |org.springframework.boot.web.embedded.tomcat.TomcatWebServer-Tomcat initialized with port(s): 8087 (http)
2023-10-16 23:26:33|[main]|INFO |org.apache.coyote.http11.Http11NioProtocol-Initializing ProtocolHandler ["http-nio-8087"]
2023-10-16 23:26:33|[main]|INFO |org.apache.catalina.core.StandardService-Starting service [Tomcat]
2023-10-16 23:26:33|[main]|INFO |org.apache.catalina.core.StandardEngine-Starting Servlet engine: [Apache Tomcat/10.1.12]
2023-10-16 23:26:33|[main]|INFO |org.apache.catalina.core.ContainerBase.[Tomcat].[localhost].[/inventorybilling]-Initializing Spring embedded WebApplicationContext
2023-10-16 23:26:33|[main]|INFO |org.springframework.boot.web.servlet.context.ServletWebServerApplicationContext-Root WebApplicationContext: initialization completed in 1888 ms
2023-10-16 23:26:33|[main]|INFO |org.hibernate.jpa.internal.util.LogHelper-HHH000204: Processing PersistenceUnitInfo [name: default]
2023-10-16 23:26:33|[main]|INFO |org.hibernate.Version-HHH000412: Hibernate ORM core version 6.2.7.Final
2023-10-16 23:26:33|[main]|INFO |org.hibernate.cfg.Environment-HHH000406: Using bytecode reflection optimizer
2023-10-16 23:26:34|[main]|INFO |org.hibernate.bytecode.internal.BytecodeProviderInitiator-HHH000021: Bytecode provider name : bytebuddy
2023-10-16 23:26:34|[main]|INFO |org.springframework.orm.jpa.persistenceunit.SpringPersistenceUnitInfo-No LoadTimeWeaver setup: ignoring JPA class transformer
2023-10-16 23:26:34|[main]|INFO |com.zaxxer.hikari.HikariDataSource-HikariPool-1 - Starting...
2023-10-16 23:26:34|[main]|INFO |com.zaxxer.hikari.pool.HikariPool-HikariPool-1 - Added connection com.mysql.cj.jdbc.ConnectionImpl@5f7cd50e
2023-10-16 23:26:34|[main]|INFO |com.zaxxer.hikari.HikariDataSource-HikariPool-1 - Start completed.
2023-10-16 23:26:35|[main]|INFO |org.hibernate.bytecode.internal.BytecodeProviderInitiator-HHH000021: Bytecode provider name : bytebuddy
2023-10-16 23:26:36|[main]|INFO |org.hibernate.engine.transaction.jta.platform.internal.JtaPlatformInitiator-HHH000490: Using JtaPlatform implementation: [org.hibernate.engine.transaction.jta.platform.internal.NoJtaPlatform]
2023-10-16 23:26:37|[main]|INFO |org.springframework.orm.jpa.LocalContainerEntityManagerFactoryBean-Initialized JPA EntityManagerFactory for persistence unit 'default'
2023-10-16 23:26:37|[main]|INFO |org.springframework.data.jpa.repository.query.QueryEnhancerFactory-Hibernate is in classpath; If applicable, HQL parser will be used.
2023-10-16 23:26:38|[main]|WARN |org.springframework.boot.autoconfigure.orm.jpa.JpaBaseConfiguration$JpaWebConfiguration-spring.jpa.open-in-view is enabled by default. Therefore, database queries may be performed during view rendering. Explicitly configure spring.jpa.open-in-view to disable this warning
2023-10-16 23:26:38|[main]|INFO |org.springframework.boot.autoconfigure.web.servlet.WelcomePageHandlerMapping-Adding welcome page template: index
2023-10-16 23:26:39|[main]|INFO |org.apache.coyote.http11.Http11NioProtocol-Starting ProtocolHandler ["http-nio-8087"]
2023-10-16 23:26:39|[main]|INFO |org.springframework.boot.web.embedded.tomcat.TomcatWebServer-Tomcat started on port(s): 8087 (http) with context path '/inventorybilling'
2023-10-16 23:26:39|[main]|INFO |com.harshi.InventoryAndBilling.InventoryAndBillingApplication-Started InventoryAndBillingApplication in 8.0 seconds (process running for 8.598)
2023-10-16 23:26:39|[http-nio-8087-exec-2]|INFO |org.apache.catalina.core.ContainerBase.[Tomcat].[localhost].[/inventorybilling]-Initializing Spring DispatcherServlet 'dispatcherServlet'
2023-10-16 23:26:39|[http-nio-8087-exec-2]|INFO |org.springframework.web.servlet.DispatcherServlet-Initializing Servlet 'dispatcherServlet'
2023-10-16 23:26:39|[http-nio-8087-exec-2]|INFO |org.springframework.web.servlet.DispatcherServlet-Completed initialization in 3 ms
2023-10-16 23:26:41|[http-nio-8087-exec-1]|INFO |com.harshi.InventoryAndBilling.controllers.UserController-Inside to showLoginPage() on UserController
2023-10-16 23:26:47|[http-nio-8087-exec-4]|INFO |com.harshi.InventoryAndBilling.controllers.UserController-Inside showLoginPage() with email - ayush11006on UserController
2023-10-16 23:26:47|[http-nio-8087-exec-4]|INFO |com.harshi.InventoryAndBilling.controllers.UserController-Redirecting landing.html
2023-10-16 23:27:00|[http-nio-8087-exec-7]|INFO |com.harshi.InventoryAndBilling.controllers.DashboardController-Redirecting landing.html
2023-10-16 23:27:03|[http-nio-8087-exec-8]|INFO |com.harshi.InventoryAndBilling.controllers.DashboardController-Inside getTotalOutstanding() on DashboardController
2023-10-16 23:27:04|[http-nio-8087-exec-9]|INFO |com.harshi.InventoryAndBilling.controllers.DashboardController-Redirecting landing.html
2023-10-16 23:27:11|[http-nio-8087-exec-2]|INFO |com.harshi.InventoryAndBilling.controllers.ProductController-Inside showAvailableProducts() on DashboardController
2023-10-16 23:27:44|[http-nio-8087-exec-5]|INFO |com.harshi.InventoryAndBilling.controllers.DashboardController-Redirecting landing.html
2023-10-16 23:28:09|[http-nio-8087-exec-2]|INFO |com.harshi.InventoryAndBilling.controllers.DashboardController-Redirecting landing.html
