2023-10-27 00:59:20|[background-preinit]|INFO |org.hibernate.validator.internal.util.Version-HV000001: Hibernate Validator 8.0.1.Final
2023-10-27 00:59:20|[main]|INFO |com.harshi.InventoryAndBilling.InventoryAndBillingApplication-Starting InventoryAndBillingApplication using Java 17.0.8.1 with PID 17760 (D:\InventoryAndBilling\InventoryAndBilling\target\classes started by Harshikesh in D:\InventoryAndBilling\InventoryAndBilling)
2023-10-27 00:59:20|[main]|INFO |com.harshi.InventoryAndBilling.InventoryAndBillingApplication-No active profile set, falling back to 1 default profile: "default"
2023-10-27 00:59:22|[main]|INFO |org.springframework.data.repository.config.RepositoryConfigurationDelegate-Bootstrapping Spring Data JPA repositories in DEFAULT mode.
2023-10-27 00:59:22|[main]|INFO |org.springframework.data.repository.config.RepositoryConfigurationDelegate-Finished Spring Data repository scanning in 154 ms. Found 11 JPA repository interfaces.
2023-10-27 00:59:23|[main]|INFO |org.springframework.boot.web.embedded.tomcat.TomcatWebServer-Tomcat initialized with port(s): 8087 (http)
2023-10-27 00:59:23|[main]|INFO |org.apache.coyote.http11.Http11NioProtocol-Initializing ProtocolHandler ["http-nio-8087"]
2023-10-27 00:59:23|[main]|INFO |org.apache.catalina.core.StandardService-Starting service [Tomcat]
2023-10-27 00:59:23|[main]|INFO |org.apache.catalina.core.StandardEngine-Starting Servlet engine: [Apache Tomcat/10.1.12]
2023-10-27 00:59:24|[main]|INFO |org.apache.catalina.core.ContainerBase.[Tomcat].[localhost].[/inventorybilling]-Initializing Spring embedded WebApplicationContext
2023-10-27 00:59:24|[main]|INFO |org.springframework.boot.web.servlet.context.ServletWebServerApplicationContext-Root WebApplicationContext: initialization completed in 2965 ms
2023-10-27 00:59:24|[main]|INFO |org.hibernate.jpa.internal.util.LogHelper-HHH000204: Processing PersistenceUnitInfo [name: default]
2023-10-27 00:59:24|[main]|INFO |org.hibernate.Version-HHH000412: Hibernate ORM core version 6.2.7.Final
2023-10-27 00:59:24|[main]|INFO |org.hibernate.cfg.Environment-HHH000406: Using bytecode reflection optimizer
2023-10-27 00:59:24|[main]|INFO |org.hibernate.bytecode.internal.BytecodeProviderInitiator-HHH000021: Bytecode provider name : bytebuddy
2023-10-27 00:59:24|[main]|INFO |org.springframework.orm.jpa.persistenceunit.SpringPersistenceUnitInfo-No LoadTimeWeaver setup: ignoring JPA class transformer
2023-10-27 00:59:25|[main]|INFO |com.zaxxer.hikari.HikariDataSource-HikariPool-1 - Starting...
2023-10-27 00:59:25|[main]|INFO |com.zaxxer.hikari.pool.HikariPool-HikariPool-1 - Added connection com.mysql.cj.jdbc.ConnectionImpl@44492c06
2023-10-27 00:59:25|[main]|INFO |com.zaxxer.hikari.HikariDataSource-HikariPool-1 - Start completed.
2023-10-27 00:59:26|[main]|INFO |org.hibernate.bytecode.internal.BytecodeProviderInitiator-HHH000021: Bytecode provider name : bytebuddy
2023-10-27 00:59:27|[main]|INFO |org.hibernate.engine.transaction.jta.platform.internal.JtaPlatformInitiator-HHH000490: Using JtaPlatform implementation: [org.hibernate.engine.transaction.jta.platform.internal.NoJtaPlatform]
2023-10-27 00:59:28|[main]|INFO |org.springframework.orm.jpa.LocalContainerEntityManagerFactoryBean-Initialized JPA EntityManagerFactory for persistence unit 'default'
2023-10-27 00:59:28|[main]|INFO |org.springframework.data.jpa.repository.query.QueryEnhancerFactory-Hibernate is in classpath; If applicable, HQL parser will be used.
2023-10-27 00:59:29|[main]|WARN |org.springframework.boot.autoconfigure.orm.jpa.JpaBaseConfiguration$JpaWebConfiguration-spring.jpa.open-in-view is enabled by default. Therefore, database queries may be performed during view rendering. Explicitly configure spring.jpa.open-in-view to disable this warning
2023-10-27 00:59:29|[main]|INFO |org.springframework.boot.autoconfigure.web.servlet.WelcomePageHandlerMapping-Adding welcome page template: index
2023-10-27 00:59:30|[main]|INFO |org.apache.coyote.http11.Http11NioProtocol-Starting ProtocolHandler ["http-nio-8087"]
2023-10-27 00:59:30|[main]|INFO |org.springframework.boot.web.embedded.tomcat.TomcatWebServer-Tomcat started on port(s): 8087 (http) with context path '/inventorybilling'
2023-10-27 00:59:30|[main]|INFO |com.harshi.InventoryAndBilling.InventoryAndBillingApplication-Started InventoryAndBillingApplication in 10.075 seconds (process running for 11.043)
2023-10-27 00:59:59|[http-nio-8087-exec-1]|INFO |org.apache.catalina.core.ContainerBase.[Tomcat].[localhost].[/inventorybilling]-Initializing Spring DispatcherServlet 'dispatcherServlet'
2023-10-27 00:59:59|[http-nio-8087-exec-1]|INFO |org.springframework.web.servlet.DispatcherServlet-Initializing Servlet 'dispatcherServlet'
2023-10-27 00:59:59|[http-nio-8087-exec-1]|INFO |org.springframework.web.servlet.DispatcherServlet-Completed initialization in 3 ms
2023-10-27 01:00:01|[http-nio-8087-exec-9]|INFO |com.harshi.InventoryAndBilling.controllers.UserController-Displaying the login page
2023-10-27 01:00:03|[http-nio-8087-exec-4]|INFO |com.harshi.InventoryAndBilling.controllers.UserController-Attempting login for email: mitucool@gmail.com
2023-10-27 01:00:04|[http-nio-8087-exec-4]|INFO |com.harshi.InventoryAndBilling.controllers.UserController-Login successful for email: mitucool@gmail.com
2023-10-27 01:00:07|[http-nio-8087-exec-5]|INFO |com.harshi.InventoryAndBilling.controllers.DashboardController-Inside getTotalOutstanding() on DashboardController
2023-10-27 01:00:27|[http-nio-8087-exec-7]|INFO |com.harshi.InventoryAndBilling.controllers.DashboardController-Redirecting to landing.html
2023-10-27 01:00:30|[http-nio-8087-exec-8]|INFO |com.harshi.InventoryAndBilling.controllers.OrderController-Displaying order list
2023-10-27 01:00:34|[http-nio-8087-exec-2]|INFO |com.harshi.InventoryAndBilling.controllers.DashboardController-Redirecting to landing.html
2023-10-27 01:00:36|[http-nio-8087-exec-3]|INFO |com.harshi.InventoryAndBilling.controllers.OrderController-Entering showBookOrder
2023-10-27 01:00:40|[http-nio-8087-exec-10]|INFO |com.harshi.InventoryAndBilling.controllers.DashboardController-Redirecting to landing.html
2023-10-27 01:01:09|[http-nio-8087-exec-5]|INFO |com.harshi.InventoryAndBilling.controllers.DashboardController-Inside getTotalOutstanding() on DashboardController
2023-10-27 01:01:20|[http-nio-8087-exec-7]|INFO |com.harshi.InventoryAndBilling.controllers.DashboardController-Redirecting to landing.html
2023-10-27 01:01:24|[http-nio-8087-exec-1]|INFO |com.harshi.InventoryAndBilling.controllers.OrderController-Displaying order list
2023-10-27 01:01:28|[http-nio-8087-exec-2]|INFO |com.harshi.InventoryAndBilling.controllers.DashboardController-Redirecting to landing.html
2023-10-27 01:01:30|[http-nio-8087-exec-9]|INFO |com.harshi.InventoryAndBilling.controllers.ProductController-Displaying the list of available products
2023-10-27 01:01:34|[http-nio-8087-exec-10]|INFO |com.harshi.InventoryAndBilling.controllers.DashboardController-Redirecting to landing.html
2023-10-27 01:01:38|[http-nio-8087-exec-4]|INFO |com.harshi.InventoryAndBilling.controllers.PartyController-Displaying the party list
2023-10-27 01:01:42|[http-nio-8087-exec-6]|INFO |com.harshi.InventoryAndBilling.controllers.PartyController-Displaying party details for party with ID: 1
2023-10-27 01:01:50|[http-nio-8087-exec-8]|INFO |com.harshi.InventoryAndBilling.controllers.DashboardController-Redirecting to landing.html
2023-10-27 01:02:01|[http-nio-8087-exec-2]|INFO |com.harshi.InventoryAndBilling.controllers.OrderController-Displaying order list
2023-10-27 01:02:07|[http-nio-8087-exec-3]|INFO |com.harshi.InventoryAndBilling.controllers.OrderController-Displaying order details for order with ID: 1
2023-10-27 01:02:19|[http-nio-8087-exec-10]|INFO |com.harshi.InventoryAndBilling.controllers.DashboardController-Redirecting to landing.html
2023-10-27 01:04:10|[http-nio-8087-exec-5]|INFO |com.harshi.InventoryAndBilling.controllers.PartyController-Displaying the party list
2023-10-27 01:04:12|[http-nio-8087-exec-7]|INFO |com.harshi.InventoryAndBilling.controllers.PartyController-Displaying party details for party with ID: 1
2023-10-27 01:04:31|[http-nio-8087-exec-1]|INFO |com.harshi.InventoryAndBilling.controllers.DashboardController-Redirecting to landing.html
2023-10-27 01:04:34|[http-nio-8087-exec-2]|INFO |com.harshi.InventoryAndBilling.controllers.WarehouseController-Inside showWarehouseList() on WarehouseController
2023-10-27 01:04:37|[http-nio-8087-exec-3]|INFO |com.harshi.InventoryAndBilling.controllers.WarehouseController-Viewing warehouse details for Warehouse ID: 15
2023-10-27 01:29:54|[http-nio-8087-exec-10]|INFO |com.harshi.InventoryAndBilling.controllers.DashboardController-Redirecting to landing.html
2023-10-27 01:29:56|[HikariPool-1 housekeeper]|WARN |com.zaxxer.hikari.pool.HikariPool-HikariPool-1 - Thread starvation or clock leap detected (housekeeper delta=22m1s99ms562µs999ns).
2023-10-27 13:13:33|[background-preinit]|INFO |org.hibernate.validator.internal.util.Version-HV000001: Hibernate Validator 8.0.1.Final
2023-10-27 13:13:33|[main]|INFO |com.harshi.InventoryAndBilling.InventoryAndBillingApplication-Starting InventoryAndBillingApplication using Java 17.0.8.1 with PID 17824 (D:\InventoryAndBilling\InventoryAndBilling\target\classes started by Harshikesh in D:\InventoryAndBilling\InventoryAndBilling)
2023-10-27 13:13:33|[main]|INFO |com.harshi.InventoryAndBilling.InventoryAndBillingApplication-No active profile set, falling back to 1 default profile: "default"
2023-10-27 13:13:34|[main]|INFO |org.springframework.data.repository.config.RepositoryConfigurationDelegate-Bootstrapping Spring Data JPA repositories in DEFAULT mode.
2023-10-27 13:13:34|[main]|INFO |org.springframework.data.repository.config.RepositoryConfigurationDelegate-Finished Spring Data repository scanning in 125 ms. Found 11 JPA repository interfaces.
2023-10-27 13:13:35|[main]|INFO |org.springframework.boot.web.embedded.tomcat.TomcatWebServer-Tomcat initialized with port(s): 8087 (http)
2023-10-27 13:13:35|[main]|INFO |org.apache.coyote.http11.Http11NioProtocol-Initializing ProtocolHandler ["http-nio-8087"]
2023-10-27 13:13:35|[main]|INFO |org.apache.catalina.core.StandardService-Starting service [Tomcat]
2023-10-27 13:13:35|[main]|INFO |org.apache.catalina.core.StandardEngine-Starting Servlet engine: [Apache Tomcat/10.1.12]
2023-10-27 13:13:35|[main]|INFO |org.apache.catalina.core.ContainerBase.[Tomcat].[localhost].[/inventorybilling]-Initializing Spring embedded WebApplicationContext
2023-10-27 13:13:35|[main]|INFO |org.springframework.boot.web.servlet.context.ServletWebServerApplicationContext-Root WebApplicationContext: initialization completed in 2414 ms
2023-10-27 13:13:35|[main]|INFO |org.hibernate.jpa.internal.util.LogHelper-HHH000204: Processing PersistenceUnitInfo [name: default]
2023-10-27 13:13:35|[main]|INFO |org.hibernate.Version-HHH000412: Hibernate ORM core version 6.2.7.Final
2023-10-27 13:13:35|[main]|INFO |org.hibernate.cfg.Environment-HHH000406: Using bytecode reflection optimizer
2023-10-27 13:13:36|[main]|INFO |org.hibernate.bytecode.internal.BytecodeProviderInitiator-HHH000021: Bytecode provider name : bytebuddy
2023-10-27 13:13:36|[main]|INFO |org.springframework.orm.jpa.persistenceunit.SpringPersistenceUnitInfo-No LoadTimeWeaver setup: ignoring JPA class transformer
2023-10-27 13:13:36|[main]|INFO |com.zaxxer.hikari.HikariDataSource-HikariPool-1 - Starting...
2023-10-27 13:13:37|[main]|INFO |com.zaxxer.hikari.pool.HikariPool-HikariPool-1 - Added connection com.mysql.cj.jdbc.ConnectionImpl@445058e8
2023-10-27 13:13:37|[main]|INFO |com.zaxxer.hikari.HikariDataSource-HikariPool-1 - Start completed.
2023-10-27 13:13:37|[main]|INFO |org.hibernate.bytecode.internal.BytecodeProviderInitiator-HHH000021: Bytecode provider name : bytebuddy
2023-10-27 13:13:39|[main]|INFO |org.hibernate.engine.transaction.jta.platform.internal.JtaPlatformInitiator-HHH000490: Using JtaPlatform implementation: [org.hibernate.engine.transaction.jta.platform.internal.NoJtaPlatform]
2023-10-27 13:13:39|[main]|INFO |org.springframework.orm.jpa.LocalContainerEntityManagerFactoryBean-Initialized JPA EntityManagerFactory for persistence unit 'default'
2023-10-27 13:13:40|[main]|INFO |org.springframework.data.jpa.repository.query.QueryEnhancerFactory-Hibernate is in classpath; If applicable, HQL parser will be used.
2023-10-27 13:13:41|[main]|WARN |org.springframework.boot.autoconfigure.orm.jpa.JpaBaseConfiguration$JpaWebConfiguration-spring.jpa.open-in-view is enabled by default. Therefore, database queries may be performed during view rendering. Explicitly configure spring.jpa.open-in-view to disable this warning
2023-10-27 13:13:41|[main]|INFO |org.springframework.boot.autoconfigure.web.servlet.WelcomePageHandlerMapping-Adding welcome page template: index
2023-10-27 13:13:41|[main]|INFO |org.apache.coyote.http11.Http11NioProtocol-Starting ProtocolHandler ["http-nio-8087"]
2023-10-27 13:13:41|[main]|INFO |org.springframework.boot.web.embedded.tomcat.TomcatWebServer-Tomcat started on port(s): 8087 (http) with context path '/inventorybilling'
2023-10-27 13:13:41|[main]|INFO |com.harshi.InventoryAndBilling.InventoryAndBillingApplication-Started InventoryAndBillingApplication in 9.481 seconds (process running for 11.509)
2023-10-27 13:13:53|[http-nio-8087-exec-1]|INFO |org.apache.catalina.core.ContainerBase.[Tomcat].[localhost].[/inventorybilling]-Initializing Spring DispatcherServlet 'dispatcherServlet'
2023-10-27 13:13:53|[http-nio-8087-exec-1]|INFO |org.springframework.web.servlet.DispatcherServlet-Initializing Servlet 'dispatcherServlet'
2023-10-27 13:13:53|[http-nio-8087-exec-1]|INFO |org.springframework.web.servlet.DispatcherServlet-Completed initialization in 2 ms
2023-10-27 13:13:56|[http-nio-8087-exec-4]|INFO |com.harshi.InventoryAndBilling.controllers.UserController-Displaying the login page
2023-10-27 13:14:00|[http-nio-8087-exec-5]|INFO |com.harshi.InventoryAndBilling.controllers.UserController-Attempting login for email: mitucool@gmail.com
2023-10-27 13:14:00|[http-nio-8087-exec-5]|INFO |com.harshi.InventoryAndBilling.controllers.UserController-Login successful for email: mitucool@gmail.com
2023-10-27 13:14:08|[http-nio-8087-exec-7]|INFO |com.harshi.InventoryAndBilling.controllers.ProductController-Displaying the list of available products
2023-10-27 13:14:17|[http-nio-8087-exec-9]|INFO |com.harshi.InventoryAndBilling.controllers.ProductController-Displaying product details for product with ID: 1
2023-10-27 13:14:31|[http-nio-8087-exec-1]|INFO |com.harshi.InventoryAndBilling.controllers.DashboardController-Redirecting to landing.html
2023-10-27 13:16:35|[http-nio-8087-exec-4]|INFO |com.harshi.InventoryAndBilling.controllers.PartyController-Displaying the party list
2023-10-27 13:16:38|[http-nio-8087-exec-3]|INFO |com.harshi.InventoryAndBilling.controllers.PartyController-Displaying party details for party with ID: 1
2023-10-27 13:17:31|[http-nio-8087-exec-6]|INFO |com.harshi.InventoryAndBilling.controllers.DashboardController-Redirecting to landing.html
2023-10-27 13:17:34|[http-nio-8087-exec-7]|INFO |com.harshi.InventoryAndBilling.controllers.RepsController-Displaying the list of representatives
2023-10-27 13:17:38|[http-nio-8087-exec-8]|INFO |com.harshi.InventoryAndBilling.controllers.RepsController-Displaying representative details for representative with ID: 1
2023-10-27 13:17:56|[http-nio-8087-exec-9]|INFO |com.harshi.InventoryAndBilling.controllers.DashboardController-Redirecting to landing.html
2023-10-27 13:18:09|[RMI TCP Connection(14)-127.0.0.1]|INFO |org.springframework.boot.admin.SpringApplicationAdminMXBeanRegistrar$SpringApplicationAdmin-Application shutdown requested.
2023-10-27 13:18:09|[RMI TCP Connection(14)-127.0.0.1]|INFO |org.apache.coyote.http11.Http11NioProtocol-Pausing ProtocolHandler ["http-nio-8087"]
2023-10-27 13:18:09|[RMI TCP Connection(14)-127.0.0.1]|INFO |org.apache.catalina.core.StandardService-Stopping service [Tomcat]
2023-10-27 13:18:09|[RMI TCP Connection(14)-127.0.0.1]|INFO |org.apache.catalina.core.ContainerBase.[Tomcat].[localhost].[/inventorybilling]-Destroying Spring FrameworkServlet 'dispatcherServlet'
2023-10-27 13:18:09|[RMI TCP Connection(14)-127.0.0.1]|INFO |org.apache.coyote.http11.Http11NioProtocol-Stopping ProtocolHandler ["http-nio-8087"]
2023-10-27 13:18:09|[RMI TCP Connection(14)-127.0.0.1]|INFO |org.springframework.orm.jpa.LocalContainerEntityManagerFactoryBean-Closing JPA EntityManagerFactory for persistence unit 'default'
2023-10-27 13:18:09|[RMI TCP Connection(14)-127.0.0.1]|INFO |com.zaxxer.hikari.HikariDataSource-HikariPool-1 - Shutdown initiated...
2023-10-27 13:18:09|[RMI TCP Connection(14)-127.0.0.1]|INFO |com.zaxxer.hikari.HikariDataSource-HikariPool-1 - Shutdown completed.
2023-10-27 15:33:20|[background-preinit]|INFO |org.hibernate.validator.internal.util.Version-HV000001: Hibernate Validator 8.0.1.Final
2023-10-27 15:33:20|[main]|INFO |com.harshi.InventoryAndBilling.InventoryAndBillingApplication-Starting InventoryAndBillingApplication using Java 17.0.8.1 with PID 6376 (D:\InventoryAndBilling\InventoryAndBilling\target\classes started by Harshikesh in D:\InventoryAndBilling\InventoryAndBilling)
2023-10-27 15:33:20|[main]|INFO |com.harshi.InventoryAndBilling.InventoryAndBillingApplication-No active profile set, falling back to 1 default profile: "default"
2023-10-27 15:33:21|[main]|INFO |org.springframework.data.repository.config.RepositoryConfigurationDelegate-Bootstrapping Spring Data JPA repositories in DEFAULT mode.
2023-10-27 15:33:21|[main]|INFO |org.springframework.data.repository.config.RepositoryConfigurationDelegate-Finished Spring Data repository scanning in 115 ms. Found 11 JPA repository interfaces.
2023-10-27 15:33:22|[main]|INFO |org.springframework.boot.web.embedded.tomcat.TomcatWebServer-Tomcat initialized with port(s): 8087 (http)
2023-10-27 15:33:22|[main]|INFO |org.apache.coyote.http11.Http11NioProtocol-Initializing ProtocolHandler ["http-nio-8087"]
2023-10-27 15:33:22|[main]|INFO |org.apache.catalina.core.StandardService-Starting service [Tomcat]
2023-10-27 15:33:22|[main]|INFO |org.apache.catalina.core.StandardEngine-Starting Servlet engine: [Apache Tomcat/10.1.12]
2023-10-27 15:33:22|[main]|INFO |org.apache.catalina.core.ContainerBase.[Tomcat].[localhost].[/inventorybilling]-Initializing Spring embedded WebApplicationContext
2023-10-27 15:33:22|[main]|INFO |org.springframework.boot.web.servlet.context.ServletWebServerApplicationContext-Root WebApplicationContext: initialization completed in 1878 ms
2023-10-27 15:33:23|[main]|INFO |org.hibernate.jpa.internal.util.LogHelper-HHH000204: Processing PersistenceUnitInfo [name: default]
2023-10-27 15:33:23|[main]|INFO |org.hibernate.Version-HHH000412: Hibernate ORM core version 6.2.7.Final
2023-10-27 15:33:23|[main]|INFO |org.hibernate.cfg.Environment-HHH000406: Using bytecode reflection optimizer
2023-10-27 15:33:23|[main]|INFO |org.hibernate.bytecode.internal.BytecodeProviderInitiator-HHH000021: Bytecode provider name : bytebuddy
2023-10-27 15:33:23|[main]|INFO |org.springframework.orm.jpa.persistenceunit.SpringPersistenceUnitInfo-No LoadTimeWeaver setup: ignoring JPA class transformer
2023-10-27 15:33:23|[main]|INFO |com.zaxxer.hikari.HikariDataSource-HikariPool-1 - Starting...
2023-10-27 15:33:24|[main]|INFO |com.zaxxer.hikari.pool.HikariPool-HikariPool-1 - Added connection com.mysql.cj.jdbc.ConnectionImpl@23df7fad
2023-10-27 15:33:24|[main]|INFO |com.zaxxer.hikari.HikariDataSource-HikariPool-1 - Start completed.
2023-10-27 15:33:24|[main]|INFO |org.hibernate.bytecode.internal.BytecodeProviderInitiator-HHH000021: Bytecode provider name : bytebuddy
2023-10-27 15:33:25|[main]|INFO |org.hibernate.engine.transaction.jta.platform.internal.JtaPlatformInitiator-HHH000490: Using JtaPlatform implementation: [org.hibernate.engine.transaction.jta.platform.internal.NoJtaPlatform]
2023-10-27 15:33:26|[main]|INFO |org.springframework.orm.jpa.LocalContainerEntityManagerFactoryBean-Initialized JPA EntityManagerFactory for persistence unit 'default'
2023-10-27 15:33:26|[main]|INFO |org.springframework.data.jpa.repository.query.QueryEnhancerFactory-Hibernate is in classpath; If applicable, HQL parser will be used.
2023-10-27 15:33:27|[main]|WARN |org.springframework.boot.autoconfigure.orm.jpa.JpaBaseConfiguration$JpaWebConfiguration-spring.jpa.open-in-view is enabled by default. Therefore, database queries may be performed during view rendering. Explicitly configure spring.jpa.open-in-view to disable this warning
2023-10-27 15:33:27|[main]|INFO |org.springframework.boot.autoconfigure.web.servlet.WelcomePageHandlerMapping-Adding welcome page template: index
2023-10-27 15:33:28|[main]|INFO |org.apache.coyote.http11.Http11NioProtocol-Starting ProtocolHandler ["http-nio-8087"]
2023-10-27 15:33:28|[main]|INFO |org.springframework.boot.web.embedded.tomcat.TomcatWebServer-Tomcat started on port(s): 8087 (http) with context path '/inventorybilling'
2023-10-27 15:33:28|[main]|INFO |com.harshi.InventoryAndBilling.InventoryAndBillingApplication-Started InventoryAndBillingApplication in 7.71 seconds (process running for 8.921)
2023-10-27 15:33:40|[http-nio-8087-exec-1]|INFO |org.apache.catalina.core.ContainerBase.[Tomcat].[localhost].[/inventorybilling]-Initializing Spring DispatcherServlet 'dispatcherServlet'
2023-10-27 15:33:40|[http-nio-8087-exec-1]|INFO |org.springframework.web.servlet.DispatcherServlet-Initializing Servlet 'dispatcherServlet'
2023-10-27 15:33:40|[http-nio-8087-exec-1]|INFO |org.springframework.web.servlet.DispatcherServlet-Completed initialization in 0 ms
2023-10-27 15:33:44|[http-nio-8087-exec-2]|INFO |com.harshi.InventoryAndBilling.controllers.UserController-Displaying the login page
2023-10-27 15:33:57|[http-nio-8087-exec-4]|INFO |com.harshi.InventoryAndBilling.controllers.UserController-Attempting login for email: mitucool@gmail.com
2023-10-27 15:33:58|[http-nio-8087-exec-4]|INFO |com.harshi.InventoryAndBilling.controllers.UserController-Login successful for email: mitucool@gmail.com
2023-10-27 15:34:15|[http-nio-8087-exec-6]|INFO |com.harshi.InventoryAndBilling.controllers.OrderController-Displaying order list
2023-10-27 15:34:19|[http-nio-8087-exec-8]|INFO |com.harshi.InventoryAndBilling.controllers.OrderController-Displaying order details for order with ID: 43
2023-10-27 15:34:35|[http-nio-8087-exec-10]|INFO |com.harshi.InventoryAndBilling.controllers.OrderController-Displaying order list
2023-10-27 15:34:38|[http-nio-8087-exec-1]|INFO |com.harshi.InventoryAndBilling.controllers.OrderController-Displaying order details for order with ID: 42
2023-10-27 15:34:56|[http-nio-8087-exec-3]|INFO |com.harshi.InventoryAndBilling.controllers.DashboardController-Redirecting to landing.html
2023-10-27 15:34:59|[http-nio-8087-exec-5]|INFO |com.harshi.InventoryAndBilling.controllers.DashboardController-Inside getTotalOutstanding() on DashboardController
2023-10-27 15:35:03|[http-nio-8087-exec-6]|INFO |com.harshi.InventoryAndBilling.controllers.DashboardController-Redirecting to landing.html
2023-10-27 15:35:06|[http-nio-8087-exec-7]|INFO |com.harshi.InventoryAndBilling.controllers.ProductController-Displaying the list of available products
2023-10-27 15:35:10|[http-nio-8087-exec-9]|INFO |com.harshi.InventoryAndBilling.controllers.DashboardController-Redirecting to landing.html
2023-10-27 15:35:14|[http-nio-8087-exec-10]|INFO |com.harshi.InventoryAndBilling.controllers.PartyController-Displaying the party list
2023-10-27 15:35:24|[http-nio-8087-exec-2]|INFO |com.harshi.InventoryAndBilling.controllers.PartyController-Displaying party details for party with ID: 1
2023-10-27 15:35:37|[http-nio-8087-exec-4]|INFO |com.harshi.InventoryAndBilling.controllers.DashboardController-Redirecting to landing.html
2023-10-27 15:35:41|[http-nio-8087-exec-6]|INFO |com.harshi.InventoryAndBilling.controllers.ProductController-Displaying the list of available products
2023-10-27 15:35:44|[http-nio-8087-exec-7]|INFO |com.harshi.InventoryAndBilling.controllers.ProductController-Displaying product details for product with ID: 15
2023-10-27 15:35:46|[http-nio-8087-exec-8]|INFO |com.harshi.InventoryAndBilling.controllers.DashboardController-Redirecting to landing.html
2023-10-27 15:35:49|[http-nio-8087-exec-10]|INFO |com.harshi.InventoryAndBilling.controllers.WarehouseController-Inside showWarehouseList() on WarehouseController
2023-10-27 15:35:52|[http-nio-8087-exec-1]|INFO |com.harshi.InventoryAndBilling.controllers.WarehouseController-Viewing warehouse details for Warehouse ID: 15
2023-10-27 15:35:56|[http-nio-8087-exec-2]|INFO |com.harshi.InventoryAndBilling.controllers.DashboardController-Redirecting to landing.html
2023-10-27 15:36:02|[http-nio-8087-exec-4]|INFO |com.harshi.InventoryAndBilling.controllers.RepsController-Displaying the list of representatives
2023-10-27 15:36:05|[http-nio-8087-exec-5]|INFO |com.harshi.InventoryAndBilling.controllers.RepsController-Displaying representative details for representative with ID: 10
2023-10-27 15:36:08|[http-nio-8087-exec-6]|INFO |com.harshi.InventoryAndBilling.controllers.DashboardController-Redirecting to landing.html
2023-10-27 15:36:10|[http-nio-8087-exec-8]|INFO |com.harshi.InventoryAndBilling.controllers.PartyController-Displaying the party list
2023-10-27 15:36:45|[http-nio-8087-exec-10]|INFO |com.harshi.InventoryAndBilling.controllers.PartyController-Displaying party details for party with ID: 6
2023-10-27 15:37:02|[RMI TCP Connection(12)-127.0.0.1]|INFO |org.springframework.boot.admin.SpringApplicationAdminMXBeanRegistrar$SpringApplicationAdmin-Application shutdown requested.
2023-10-27 15:37:02|[RMI TCP Connection(12)-127.0.0.1]|INFO |org.apache.coyote.http11.Http11NioProtocol-Pausing ProtocolHandler ["http-nio-8087"]
2023-10-27 15:37:02|[RMI TCP Connection(12)-127.0.0.1]|INFO |org.apache.catalina.core.StandardService-Stopping service [Tomcat]
2023-10-27 15:37:02|[RMI TCP Connection(12)-127.0.0.1]|INFO |org.apache.catalina.core.ContainerBase.[Tomcat].[localhost].[/inventorybilling]-Destroying Spring FrameworkServlet 'dispatcherServlet'
2023-10-27 15:37:02|[RMI TCP Connection(12)-127.0.0.1]|INFO |org.apache.coyote.http11.Http11NioProtocol-Stopping ProtocolHandler ["http-nio-8087"]
2023-10-27 15:37:02|[RMI TCP Connection(12)-127.0.0.1]|INFO |org.apache.coyote.http11.Http11NioProtocol-Destroying ProtocolHandler ["http-nio-8087"]
2023-10-27 15:37:02|[RMI TCP Connection(12)-127.0.0.1]|INFO |org.springframework.orm.jpa.LocalContainerEntityManagerFactoryBean-Closing JPA EntityManagerFactory for persistence unit 'default'
2023-10-27 15:37:02|[RMI TCP Connection(12)-127.0.0.1]|INFO |com.zaxxer.hikari.HikariDataSource-HikariPool-1 - Shutdown initiated...
2023-10-27 15:37:02|[RMI TCP Connection(12)-127.0.0.1]|INFO |com.zaxxer.hikari.HikariDataSource-HikariPool-1 - Shutdown completed.
