2023-10-30 10:50:15|[background-preinit]|INFO |org.hibernate.validator.internal.util.Version-HV000001: Hibernate Validator 8.0.1.Final
2023-10-30 10:50:15|[main]|INFO |com.harshi.inventory_and_billing.InventoryAndBillingApplication-Starting InventoryAndBillingApplication using Java 17.0.8.1 with PID 10420 (C:\Users\Asus\Downloads\InventoryAndBilling\InventoryAndBilling\target\classes started by Asus in C:\Users\Asus\Downloads\InventoryAndBilling\InventoryAndBilling)
2023-10-30 10:50:15|[main]|INFO |com.harshi.inventory_and_billing.InventoryAndBillingApplication-No active profile set, falling back to 1 default profile: "default"
2023-10-30 10:50:16|[main]|INFO |org.springframework.data.repository.config.RepositoryConfigurationDelegate-Bootstrapping Spring Data JPA repositories in DEFAULT mode.
2023-10-30 10:50:17|[main]|INFO |org.springframework.data.repository.config.RepositoryConfigurationDelegate-Finished Spring Data repository scanning in 239 ms. Found 11 JPA repository interfaces.
2023-10-30 10:50:17|[main]|INFO |org.springframework.boot.web.embedded.tomcat.TomcatWebServer-Tomcat initialized with port(s): 8087 (http)
2023-10-30 10:50:17|[main]|INFO |org.apache.coyote.http11.Http11NioProtocol-Initializing ProtocolHandler ["http-nio-8087"]
2023-10-30 10:50:17|[main]|INFO |org.apache.catalina.core.StandardService-Starting service [Tomcat]
2023-10-30 10:50:17|[main]|INFO |org.apache.catalina.core.StandardEngine-Starting Servlet engine: [Apache Tomcat/10.1.12]
2023-10-30 10:50:18|[main]|INFO |org.apache.catalina.core.ContainerBase.[Tomcat].[localhost].[/inventorybilling]-Initializing Spring embedded WebApplicationContext
2023-10-30 10:50:18|[main]|INFO |org.springframework.boot.web.servlet.context.ServletWebServerApplicationContext-Root WebApplicationContext: initialization completed in 2124 ms
2023-10-30 10:50:18|[main]|INFO |org.hibernate.jpa.internal.util.LogHelper-HHH000204: Processing PersistenceUnitInfo [name: default]
2023-10-30 10:50:18|[main]|INFO |org.hibernate.Version-HHH000412: Hibernate ORM core version 6.2.7.Final
2023-10-30 10:50:18|[main]|INFO |org.hibernate.cfg.Environment-HHH000406: Using bytecode reflection optimizer
2023-10-30 10:50:18|[main]|INFO |org.hibernate.bytecode.internal.BytecodeProviderInitiator-HHH000021: Bytecode provider name : bytebuddy
2023-10-30 10:50:18|[main]|INFO |org.springframework.orm.jpa.persistenceunit.SpringPersistenceUnitInfo-No LoadTimeWeaver setup: ignoring JPA class transformer
2023-10-30 10:50:18|[main]|INFO |com.zaxxer.hikari.HikariDataSource-HikariPool-1 - Starting...
2023-10-30 10:50:19|[main]|INFO |com.zaxxer.hikari.pool.HikariPool-HikariPool-1 - Added connection com.mysql.cj.jdbc.ConnectionImpl@47f0f414
2023-10-30 10:50:19|[main]|INFO |com.zaxxer.hikari.HikariDataSource-HikariPool-1 - Start completed.
2023-10-30 10:50:19|[main]|INFO |org.hibernate.bytecode.internal.BytecodeProviderInitiator-HHH000021: Bytecode provider name : bytebuddy
2023-10-30 10:50:20|[main]|INFO |org.hibernate.engine.transaction.jta.platform.internal.JtaPlatformInitiator-HHH000490: Using JtaPlatform implementation: [org.hibernate.engine.transaction.jta.platform.internal.NoJtaPlatform]
2023-10-30 10:50:20|[main]|INFO |org.springframework.orm.jpa.LocalContainerEntityManagerFactoryBean-Initialized JPA EntityManagerFactory for persistence unit 'default'
2023-10-30 10:50:20|[main]|INFO |org.springframework.data.jpa.repository.query.QueryEnhancerFactory-Hibernate is in classpath; If applicable, HQL parser will be used.
2023-10-30 10:50:21|[main]|WARN |org.springframework.boot.autoconfigure.orm.jpa.JpaBaseConfiguration$JpaWebConfiguration-spring.jpa.open-in-view is enabled by default. Therefore, database queries may be performed during view rendering. Explicitly configure spring.jpa.open-in-view to disable this warning
2023-10-30 10:50:21|[main]|INFO |org.springframework.boot.autoconfigure.web.servlet.WelcomePageHandlerMapping-Adding welcome page template: index
2023-10-30 10:50:22|[main]|INFO |org.apache.coyote.http11.Http11NioProtocol-Starting ProtocolHandler ["http-nio-8087"]
2023-10-30 10:50:22|[main]|INFO |org.springframework.boot.web.embedded.tomcat.TomcatWebServer-Tomcat started on port(s): 8087 (http) with context path '/inventorybilling'
2023-10-30 10:50:22|[main]|INFO |com.harshi.inventory_and_billing.InventoryAndBillingApplication-Started InventoryAndBillingApplication in 6.752 seconds (process running for 7.578)
2023-10-30 10:51:00|[http-nio-8087-exec-1]|INFO |org.apache.catalina.core.ContainerBase.[Tomcat].[localhost].[/inventorybilling]-Initializing Spring DispatcherServlet 'dispatcherServlet'
2023-10-30 10:51:00|[http-nio-8087-exec-1]|INFO |org.springframework.web.servlet.DispatcherServlet-Initializing Servlet 'dispatcherServlet'
2023-10-30 10:51:00|[http-nio-8087-exec-1]|INFO |org.springframework.web.servlet.DispatcherServlet-Completed initialization in 5 ms
2023-10-30 10:51:03|[http-nio-8087-exec-3]|INFO |com.harshi.inventory_and_billing.controllers.UserController-Displaying the login page
2023-10-30 10:51:09|[http-nio-8087-exec-4]|INFO |com.harshi.inventory_and_billing.controllers.UserController-Attempting login for email: ayush11006@gmail.com
2023-10-30 10:51:09|[http-nio-8087-exec-4]|INFO |com.harshi.inventory_and_billing.controllers.UserController-Login successful for email: AYUSH11006@GMAIL.COM
2023-10-30 10:51:14|[http-nio-8087-exec-5]|INFO |com.harshi.inventory_and_billing.controllers.OrderController-Displaying order list
2023-10-30 10:51:18|[http-nio-8087-exec-7]|INFO |com.harshi.inventory_and_billing.controllers.OrderController-Entering showBookOrder
2023-10-30 10:53:25|[http-nio-8087-exec-9]|INFO |com.harshi.inventory_and_billing.controllers.RepsController-Displaying the add representatives form
2023-10-30 11:07:35|[http-nio-8087-exec-2]|INFO |com.harshi.inventory_and_billing.controllers.RepsController-Displaying the add representatives form
2023-10-30 11:09:18|[http-nio-8087-exec-5]|INFO |com.harshi.inventory_and_billing.controllers.RepsController-Displaying the add representatives form
2023-10-30 11:10:40|[http-nio-8087-exec-6]|INFO |com.harshi.inventory_and_billing.controllers.RepsController-Displaying the add representatives form
2023-10-30 11:12:34|[http-nio-8087-exec-1]|INFO |com.harshi.inventory_and_billing.controllers.RepsController-Displaying the add representatives form
2023-10-30 11:12:59|[http-nio-8087-exec-2]|INFO |com.harshi.inventory_and_billing.controllers.RepsController-Displaying the add representatives form
2023-10-30 11:13:33|[http-nio-8087-exec-3]|INFO |com.harshi.inventory_and_billing.controllers.RepsController-Displaying the add representatives form
2023-10-30 11:13:35|[http-nio-8087-exec-5]|INFO |com.harshi.inventory_and_billing.controllers.RepsController-Displaying the add representatives form
2023-10-30 11:13:36|[http-nio-8087-exec-7]|INFO |com.harshi.inventory_and_billing.controllers.RepsController-Displaying the add representatives form
2023-10-30 11:14:20|[http-nio-8087-exec-8]|INFO |com.harshi.inventory_and_billing.controllers.RepsController-Displaying the add representatives form
2023-10-30 11:14:31|[http-nio-8087-exec-6]|INFO |com.harshi.inventory_and_billing.controllers.RepsController-Displaying the list of representatives
2023-10-30 11:14:37|[http-nio-8087-exec-9]|INFO |com.harshi.inventory_and_billing.controllers.OrderController-Entering showBookOrder
2023-10-30 11:14:42|[http-nio-8087-exec-1]|INFO |com.harshi.inventory_and_billing.controllers.OrderController-Saving selected representative with ID: 1
2023-10-30 11:14:44|[http-nio-8087-exec-2]|INFO |com.harshi.inventory_and_billing.controllers.PartyController-Displaying the add party form
2023-10-30 11:17:51|[http-nio-8087-exec-5]|INFO |com.harshi.inventory_and_billing.controllers.PartyController-Displaying the add party form
2023-10-30 11:19:00|[http-nio-8087-exec-6]|INFO |com.harshi.inventory_and_billing.controllers.PartyController-Displaying the add party form
2023-10-30 11:19:02|[http-nio-8087-exec-10]|INFO |com.harshi.inventory_and_billing.controllers.PartyController-Displaying the add party form
2023-10-30 11:19:52|[http-nio-8087-exec-9]|INFO |com.harshi.inventory_and_billing.controllers.PartyController-Displaying the add party form
2023-10-30 11:19:53|[http-nio-8087-exec-1]|INFO |com.harshi.inventory_and_billing.controllers.PartyController-Displaying the add party form
2023-10-30 11:19:57|[http-nio-8087-exec-2]|INFO |com.harshi.inventory_and_billing.controllers.DashboardController-Redirecting to landing.html
2023-10-30 11:20:01|[http-nio-8087-exec-4]|INFO |com.harshi.inventory_and_billing.controllers.PartyController-Displaying the party list
2023-10-30 11:21:41|[http-nio-8087-exec-8]|INFO |com.harshi.inventory_and_billing.controllers.PartyController-Displaying the add party form
2023-10-30 11:21:59|[http-nio-8087-exec-6]|INFO |com.harshi.inventory_and_billing.controllers.RepsController-Displaying the list of representatives
2023-10-30 11:22:02|[http-nio-8087-exec-10]|INFO |com.harshi.inventory_and_billing.controllers.RepsController-Displaying the add representatives form
2023-10-30 11:24:42|[http-nio-8087-exec-2]|INFO |com.harshi.inventory_and_billing.controllers.DashboardController-Redirecting to landing.html
